{
  "uid" : "147d85c3232acce3",
  "name" : "InventoryLockedAddLeaseAccessDenied",
  "fullName" : "BOEM_Tests.Tests.AccessRightSecurity.InventoryLockedAddLeaseAccessDenied",
  "historyId" : "BOEM_Tests.Tests.AccessRightSecurity.InventoryLockedAddLeaseAccessDenied",
  "time" : {
    "start" : 1618875643894,
    "stop" : 1618875686298,
    "duration" : 42404
  },
  "description" : "Inventory Locked, Add Lease should give 'access denied' message\n",
  "descriptionHtml" : "<p>Inventory Locked, Add Lease should give 'access denied' message</p>\n",
  "status" : "failed",
  "statusMessage" : "System.Exception : (TEST FAILED) The 'Add Lease' button could NOT be found in current page. Please check the test's screenshot",
  "statusTrace" : "   at BOEM_Tests.Tests.AccessRightSecurity.InventoryLockedAddLeaseAccessDenied() in C:\\Users\\QAOperator\\Documents\\GitHub\\BOEM_Tests\\BOEM\\BOEM_Tests\\Tests\\AccessRightSecurity.cs:line 1076",
  "flaky" : false,
  "newFailed" : false,
  "beforeStages" : [ {
    "name" : "PrepareResultsDir",
    "time" : {
      "start" : 1618875686296,
      "stop" : 1618875686296,
      "duration" : 0
    },
    "status" : "passed",
    "steps" : [ ],
    "attachments" : [ ],
    "parameters" : [ ],
    "attachmentsCount" : 0,
    "shouldDisplayMessage" : false,
    "stepsCount" : 0,
    "hasContent" : false
  }, {
    "name" : "Setup_Test",
    "time" : {
      "start" : 1618875686296,
      "stop" : 1618875686296,
      "duration" : 0
    },
    "status" : "passed",
    "steps" : [ ],
    "attachments" : [ ],
    "parameters" : [ ],
    "attachmentsCount" : 0,
    "shouldDisplayMessage" : false,
    "stepsCount" : 0,
    "hasContent" : false
  } ],
  "testStage" : {
    "description" : "Inventory Locked, Add Lease should give 'access denied' message\n",
    "status" : "failed",
    "statusMessage" : "System.Exception : (TEST FAILED) The 'Add Lease' button could NOT be found in current page. Please check the test's screenshot",
    "statusTrace" : "   at BOEM_Tests.Tests.AccessRightSecurity.InventoryLockedAddLeaseAccessDenied() in C:\\Users\\QAOperator\\Documents\\GitHub\\BOEM_Tests\\BOEM\\BOEM_Tests\\Tests\\AccessRightSecurity.cs:line 1076",
    "steps" : [ {
      "name" : "InventoryLockedAddLeaseAccessDenied",
      "time" : {
        "start" : 1618875643894,
        "stop" : 1618875686297,
        "duration" : 42403
      },
      "status" : "failed",
      "statusMessage" : "System.Exception : (TEST FAILED) The 'Add Lease' button could NOT be found in current page. Please check the test's screenshot",
      "statusTrace" : "   at BOEM_Tests.Tests.AccessRightSecurity.InventoryLockedAddLeaseAccessDenied() in C:\\Users\\QAOperator\\Documents\\GitHub\\BOEM_Tests\\BOEM\\BOEM_Tests\\Tests\\AccessRightSecurity.cs:line 1076",
      "steps" : [ {
        "name" : "Log in using QA Not Edit user",
        "time" : {
          "start" : 1618875648243,
          "stop" : 1618875666939,
          "duration" : 18696
        },
        "status" : "passed",
        "steps" : [ ],
        "attachments" : [ ],
        "parameters" : [ ],
        "attachmentsCount" : 0,
        "shouldDisplayMessage" : false,
        "stepsCount" : 0,
        "hasContent" : false
      }, {
        "name" : "Check and select correct project FAT_BOEM_GOM",
        "time" : {
          "start" : 1618875666941,
          "stop" : 1618875668971,
          "duration" : 2030
        },
        "status" : "passed",
        "steps" : [ ],
        "attachments" : [ ],
        "parameters" : [ ],
        "attachmentsCount" : 0,
        "shouldDisplayMessage" : false,
        "stepsCount" : 0,
        "hasContent" : false
      }, {
        "name" : "Select inventory icon",
        "time" : {
          "start" : 1618875671987,
          "stop" : 1618875675018,
          "duration" : 3031
        },
        "status" : "passed",
        "steps" : [ ],
        "attachments" : [ ],
        "parameters" : [ ],
        "attachmentsCount" : 0,
        "shouldDisplayMessage" : false,
        "stepsCount" : 0,
        "hasContent" : false
      }, {
        "name" : "Access relative URL /Input/NavNPLOEmissionsManager/NploLease",
        "time" : {
          "start" : 1618875675018,
          "stop" : 1618875680339,
          "duration" : 5321
        },
        "status" : "passed",
        "steps" : [ ],
        "attachments" : [ ],
        "parameters" : [ ],
        "attachmentsCount" : 0,
        "shouldDisplayMessage" : false,
        "stepsCount" : 0,
        "hasContent" : false
      }, {
        "name" : "Click on add lease button",
        "time" : {
          "start" : 1618875680339,
          "stop" : 1618875685375,
          "duration" : 5036
        },
        "status" : "failed",
        "statusMessage" : "(TEST FAILED) The 'Add Lease' button could NOT be found in current page. Please check the test's screenshot",
        "statusTrace" : "   at BOEM_Tests.PageObjects.AdminSecurityPage.__a$_around_ClickAddLease_100666006_o() in C:\\Users\\QAOperator\\Documents\\GitHub\\BOEM_Tests\\BOEM\\BOEM_Tests\\PageObjects\\AdminSecurity\\AdminSecurityPage.cs:line 512\r\n   at BOEM_Tests.PageObjects.AdminSecurityPage.__a$_around_ClickAddLease_100666006_u(Object[] )\r\n   at NUnit.Allure.Steps.AllureStepAspect.WrapStep(String name, MethodBase methodBase, Object[] arguments, Func`2 method)",
        "steps" : [ ],
        "attachments" : [ ],
        "parameters" : [ ],
        "attachmentsCount" : 0,
        "shouldDisplayMessage" : true,
        "stepsCount" : 0,
        "hasContent" : true
      }, {
        "name" : "Taking Screenshot",
        "time" : {
          "start" : 1618875685376,
          "stop" : 1618875685437,
          "duration" : 61
        },
        "status" : "passed",
        "steps" : [ ],
        "attachments" : [ {
          "uid" : "85425000e87cf7f2",
          "name" : "Attachment Title",
          "source" : "85425000e87cf7f2.png",
          "type" : "image/png",
          "size" : 62047
        } ],
        "parameters" : [ ],
        "attachmentsCount" : 1,
        "shouldDisplayMessage" : false,
        "stepsCount" : 0,
        "hasContent" : true
      } ],
      "attachments" : [ {
        "uid" : "b1a6630dc51e8585",
        "name" : "Console Output",
        "source" : "b1a6630dc51e8585.txt",
        "type" : "text/plain",
        "size" : 0
      } ],
      "parameters" : [ ],
      "attachmentsCount" : 2,
      "shouldDisplayMessage" : true,
      "stepsCount" : 6,
      "hasContent" : true
    } ],
    "attachments" : [ ],
    "parameters" : [ ],
    "attachmentsCount" : 2,
    "shouldDisplayMessage" : false,
    "stepsCount" : 7,
    "hasContent" : true
  },
  "afterStages" : [ {
    "name" : "TearDown_Test",
    "time" : {
      "start" : 1618875686296,
      "stop" : 1618875686296,
      "duration" : 0
    },
    "status" : "passed",
    "steps" : [ ],
    "attachments" : [ ],
    "parameters" : [ ],
    "attachmentsCount" : 0,
    "shouldDisplayMessage" : false,
    "stepsCount" : 0,
    "hasContent" : false
  } ],
  "labels" : [ {
    "name" : "thread",
    "value" : "NonParallelWorker"
  }, {
    "name" : "host",
    "value" : "QAB01"
  }, {
    "name" : "testClass",
    "value" : "BOEM_Tests.Tests.AccessRightSecurity"
  }, {
    "name" : "testMethod",
    "value" : "InventoryLockedAddLeaseAccessDenied"
  }, {
    "name" : "package",
    "value" : "BOEM_Tests.Tests.AccessRightSecurity"
  }, {
    "name" : "tag",
    "value" : "ACCESSRIGHTSECURITY.31"
  }, {
    "name" : "suite",
    "value" : "AccessRightSecurity"
  }, {
    "name" : "severity",
    "value" : "normal"
  }, {
    "name" : "resultFormat",
    "value" : "allure2"
  } ],
  "parameters" : [ ],
  "links" : [ ],
  "hidden" : false,
  "retry" : false,
  "extra" : {
    "severity" : "normal",
    "retries" : [ ],
    "categories" : [ {
      "name" : "Product defects",
      "matchedStatuses" : [ ],
      "flaky" : false
    } ],
    "history" : {
      "statistic" : {
        "failed" : 28,
        "broken" : 0,
        "skipped" : 0,
        "passed" : 0,
        "unknown" : 0,
        "total" : 28
      },
      "items" : [ {
        "uid" : "7df7c114fbc018d7",
        "status" : "failed",
        "statusDetails" : "System.Exception : (TEST FAILED) The 'Add Lease' button could NOT be found in current page. Please check the test's screenshot",
        "time" : {
          "start" : 1618617293881,
          "stop" : 1618617335915,
          "duration" : 42034
        }
      }, {
        "uid" : "64bd726b16b38b19",
        "status" : "failed",
        "statusDetails" : "System.Exception : (TEST FAILED) The 'Add Lease' button could NOT be found in current page. Please check the test's screenshot",
        "time" : {
          "start" : 1618534152920,
          "stop" : 1618534195067,
          "duration" : 42147
        }
      }, {
        "uid" : "f682f28d16c2d4a5",
        "status" : "failed",
        "statusDetails" : "System.Exception : (TEST FAILED) The 'Add Lease' button could NOT be found in current page. Please check the test's screenshot",
        "time" : {
          "start" : 1618453790062,
          "stop" : 1618453835666,
          "duration" : 45604
        }
      }, {
        "uid" : "112d361dacf3de5b",
        "status" : "failed",
        "statusDetails" : "System.Exception : (TEST FAILED) The 'Add Lease' button could NOT be found in current page. Please check the test's screenshot",
        "time" : {
          "start" : 1618362017388,
          "stop" : 1618362059606,
          "duration" : 42218
        }
      }, {
        "uid" : "1acd686c0b56488d",
        "status" : "failed",
        "statusDetails" : "System.Exception : (TEST FAILED) The 'Add Lease' button could NOT be found in current page. Please check the test's screenshot",
        "time" : {
          "start" : 1618268352327,
          "stop" : 1618268391510,
          "duration" : 39183
        }
      }, {
        "uid" : "bd1585f565e0b759",
        "status" : "failed",
        "statusDetails" : "System.Exception : (TEST FAILED) The 'Add Lease' button could NOT be found in current page. Please check the test's screenshot",
        "time" : {
          "start" : 1618022176757,
          "stop" : 1618022215629,
          "duration" : 38872
        }
      }, {
        "uid" : "9949dd479e844d6c",
        "status" : "failed",
        "statusDetails" : "System.Exception : (TEST FAILED) The 'Add Lease' button could NOT be found in current page. Please check the test's screenshot",
        "time" : {
          "start" : 1617921376902,
          "stop" : 1617921418117,
          "duration" : 41215
        }
      }, {
        "uid" : "893613d738135a89",
        "status" : "failed",
        "statusDetails" : "System.Exception : (TEST FAILED) The 'Add Lease' button could NOT be found in current page. Please check the test's screenshot",
        "time" : {
          "start" : 1617838093882,
          "stop" : 1617838135194,
          "duration" : 41312
        }
      }, {
        "uid" : "24a91285505003b7",
        "status" : "failed",
        "statusDetails" : "System.Exception : (TEST FAILED) The 'Add Lease' button could NOT be found in current page. Please check the test's screenshot",
        "time" : {
          "start" : 1617745856669,
          "stop" : 1617745898166,
          "duration" : 41497
        }
      }, {
        "uid" : "d77f631e88bb5489",
        "status" : "failed",
        "statusDetails" : "System.Exception : (TEST FAILED) The 'Add Lease' button could NOT be found in current page. Please check the test's screenshot",
        "time" : {
          "start" : 1617668515222,
          "stop" : 1617668584112,
          "duration" : 68890
        }
      }, {
        "uid" : "657abd35452c7545",
        "status" : "failed",
        "statusDetails" : "System.Exception : (TEST FAILED) The 'Add Lease' button could NOT be found in current page. Please check the test's screenshot",
        "time" : {
          "start" : 1617322735179,
          "stop" : 1617322789018,
          "duration" : 53839
        }
      }, {
        "uid" : "7040fea569273158",
        "status" : "failed",
        "statusDetails" : "System.Exception : (TEST FAILED) The 'Add Lease' button could NOT be found in current page. Please check the test's screenshot",
        "time" : {
          "start" : 1617146099985,
          "stop" : 1617146151365,
          "duration" : 51380
        }
      }, {
        "uid" : "964e20c9e04e63bb",
        "status" : "failed",
        "statusDetails" : "System.Exception : (TEST FAILED) The 'Add Lease' button could NOT be found in current page. Please check the test's screenshot",
        "time" : {
          "start" : 1617061808596,
          "stop" : 1617061863200,
          "duration" : 54604
        }
      }, {
        "uid" : "5327fc63ec3c5346",
        "status" : "failed",
        "statusDetails" : "System.Exception : (TEST FAILED) The 'Add Lease' button could NOT be found in current page. Please check the test's screenshot",
        "time" : {
          "start" : 1616814549067,
          "stop" : 1616814602642,
          "duration" : 53575
        }
      }, {
        "uid" : "f7f7d601511e80b3",
        "status" : "failed",
        "statusDetails" : "System.Exception : (TEST FAILED) The 'Add Lease' button could NOT be found in current page. Please check the test's screenshot",
        "time" : {
          "start" : 1616715654167,
          "stop" : 1616715723339,
          "duration" : 69172
        }
      }, {
        "uid" : "fb0bc063f907e38a",
        "status" : "failed",
        "statusDetails" : "OpenQA.Selenium.NoSuchElementException : Could not find element by: By.Id: btnAddEntry",
        "time" : {
          "start" : 1616451643720,
          "stop" : 1616451697536,
          "duration" : 53816
        }
      }, {
        "uid" : "97df4142dd562403",
        "status" : "failed",
        "statusDetails" : "OpenQA.Selenium.NoSuchElementException : Could not find element by: By.Id: btnAddEntry",
        "time" : {
          "start" : 1616206253699,
          "stop" : 1616206309363,
          "duration" : 55664
        }
      }, {
        "uid" : "de6c9e2c00ede027",
        "status" : "failed",
        "statusDetails" : "OpenQA.Selenium.NoSuchElementException : Could not find element by: By.Id: btnAddEntry",
        "time" : {
          "start" : 1616113614556,
          "stop" : 1616113684703,
          "duration" : 70147
        }
      }, {
        "uid" : "e73ab80279c86e3f",
        "status" : "failed",
        "statusDetails" : "OpenQA.Selenium.NoSuchElementException : Could not find element by: By.Id: btnAddEntry",
        "time" : {
          "start" : 1616022258281,
          "stop" : 1616022311860,
          "duration" : 53579
        }
      }, {
        "uid" : "aa9805cf9633fe9d",
        "status" : "failed",
        "statusDetails" : "OpenQA.Selenium.NoSuchElementException : Could not find element by: By.Id: btnAddEntry",
        "time" : {
          "start" : 1615942575531,
          "stop" : 1615942629514,
          "duration" : 53983
        }
      } ]
    },
    "tags" : [ "ACCESSRIGHTSECURITY.31" ]
  },
  "source" : "147d85c3232acce3.json",
  "parameterValues" : [ ]
}