{
  "uid" : "2a71cbcde3dcc735",
  "name" : "InviteUser_NoUserGroup_Rejected",
  "fullName" : "BOEM_Tests.Tests.AdminUserInvite.InviteUser_NoUserGroup_Rejected",
  "historyId" : "BOEM_Tests.Tests.AdminUserInvite.InviteUser_NoUserGroup_Rejected",
  "time" : {
    "start" : 1617675531761,
    "stop" : 1617675581074,
    "duration" : 49313
  },
  "description" : "User Invite, [Invites Users], Invitation to joe.inventory@weblakes.com does not proceed without User Group\n",
  "descriptionHtml" : "<p>User Invite, [Invites Users], Invitation to joe.inventory@weblakes.com does not proceed without User Group</p>\n",
  "status" : "failed",
  "statusMessage" : "System.Exception : (TEST FAILED) The 'Pop-Up Error' element was NOT displayed! Please, check this test's screenshot.",
  "statusTrace" : "   at BOEM_Tests.Tests.AdminUserInvite.InviteUser_NoUserGroup_Rejected() in C:\\Users\\QAOperator\\Documents\\GitHub\\BOEM_Tests\\BOEM\\BOEM_Tests\\Tests\\AdminUserInvite.cs:line 294",
  "flaky" : false,
  "newFailed" : false,
  "beforeStages" : [ {
    "name" : "PrepareResultsDir",
    "time" : {
      "start" : 1617675581074,
      "stop" : 1617675581074,
      "duration" : 0
    },
    "status" : "passed",
    "steps" : [ ],
    "attachments" : [ ],
    "parameters" : [ ],
    "stepsCount" : 0,
    "hasContent" : false,
    "attachmentsCount" : 0,
    "shouldDisplayMessage" : false
  }, {
    "name" : "Setup",
    "time" : {
      "start" : 1617675581074,
      "stop" : 1617675581074,
      "duration" : 0
    },
    "status" : "passed",
    "steps" : [ ],
    "attachments" : [ ],
    "parameters" : [ ],
    "stepsCount" : 0,
    "hasContent" : false,
    "attachmentsCount" : 0,
    "shouldDisplayMessage" : false
  } ],
  "testStage" : {
    "description" : "User Invite, [Invites Users], Invitation to joe.inventory@weblakes.com does not proceed without User Group\n",
    "status" : "failed",
    "statusMessage" : "System.Exception : (TEST FAILED) The 'Pop-Up Error' element was NOT displayed! Please, check this test's screenshot.",
    "statusTrace" : "   at BOEM_Tests.Tests.AdminUserInvite.InviteUser_NoUserGroup_Rejected() in C:\\Users\\QAOperator\\Documents\\GitHub\\BOEM_Tests\\BOEM\\BOEM_Tests\\Tests\\AdminUserInvite.cs:line 294",
    "steps" : [ {
      "name" : "InviteUser_NoUserGroup_Rejected",
      "time" : {
        "start" : 1617675531761,
        "stop" : 1617675581074,
        "duration" : 49313
      },
      "status" : "failed",
      "statusMessage" : "System.Exception : (TEST FAILED) The 'Pop-Up Error' element was NOT displayed! Please, check this test's screenshot.",
      "statusTrace" : "   at BOEM_Tests.Tests.AdminUserInvite.InviteUser_NoUserGroup_Rejected() in C:\\Users\\QAOperator\\Documents\\GitHub\\BOEM_Tests\\BOEM\\BOEM_Tests\\Tests\\AdminUserInvite.cs:line 294",
      "steps" : [ {
        "name" : "Log in using QA user",
        "time" : {
          "start" : 1617675535448,
          "stop" : 1617675554558,
          "duration" : 19110
        },
        "status" : "passed",
        "steps" : [ {
          "name" : "Open login page",
          "time" : {
            "start" : 1617675535448,
            "stop" : 1617675539605,
            "duration" : 4157
          },
          "status" : "passed",
          "steps" : [ ],
          "attachments" : [ ],
          "parameters" : [ ],
          "stepsCount" : 0,
          "hasContent" : false,
          "attachmentsCount" : 0,
          "shouldDisplayMessage" : false
        }, {
          "name" : "Set username to qa_boem@weblakes.com",
          "time" : {
            "start" : 1617675539605,
            "stop" : 1617675539641,
            "duration" : 36
          },
          "status" : "passed",
          "steps" : [ ],
          "attachments" : [ ],
          "parameters" : [ ],
          "stepsCount" : 0,
          "hasContent" : false,
          "attachmentsCount" : 0,
          "shouldDisplayMessage" : false
        }, {
          "name" : "Set password to e45eT%0n^SpXdsb2",
          "time" : {
            "start" : 1617675539641,
            "stop" : 1617675539670,
            "duration" : 29
          },
          "status" : "passed",
          "steps" : [ ],
          "attachments" : [ ],
          "parameters" : [ ],
          "stepsCount" : 0,
          "hasContent" : false,
          "attachmentsCount" : 0,
          "shouldDisplayMessage" : false
        }, {
          "name" : "Click on login button",
          "time" : {
            "start" : 1617675539670,
            "stop" : 1617675544541,
            "duration" : 4871
          },
          "status" : "passed",
          "steps" : [ ],
          "attachments" : [ ],
          "parameters" : [ ],
          "stepsCount" : 0,
          "hasContent" : false,
          "attachmentsCount" : 0,
          "shouldDisplayMessage" : false
        } ],
        "attachments" : [ ],
        "parameters" : [ ],
        "stepsCount" : 4,
        "hasContent" : true,
        "attachmentsCount" : 0,
        "shouldDisplayMessage" : false
      }, {
        "name" : "Open admin user invitations page",
        "time" : {
          "start" : 1617675554558,
          "stop" : 1617675555077,
          "duration" : 519
        },
        "status" : "passed",
        "steps" : [ ],
        "attachments" : [ ],
        "parameters" : [ ],
        "stepsCount" : 0,
        "hasContent" : false,
        "attachmentsCount" : 0,
        "shouldDisplayMessage" : false
      }, {
        "name" : "Click on invite users button",
        "time" : {
          "start" : 1617675555077,
          "stop" : 1617675560089,
          "duration" : 5012
        },
        "status" : "passed",
        "steps" : [ ],
        "attachments" : [ ],
        "parameters" : [ ],
        "stepsCount" : 0,
        "hasContent" : false,
        "attachmentsCount" : 0,
        "shouldDisplayMessage" : false
      }, {
        "name" : "Set user email text area to joe.inventory@weblakes.com",
        "time" : {
          "start" : 1617675560089,
          "stop" : 1617675565150,
          "duration" : 5061
        },
        "status" : "passed",
        "steps" : [ ],
        "attachments" : [ ],
        "parameters" : [ ],
        "stepsCount" : 0,
        "hasContent" : false,
        "attachmentsCount" : 0,
        "shouldDisplayMessage" : false
      }, {
        "name" : "Click on next button",
        "time" : {
          "start" : 1617675565150,
          "stop" : 1617675570169,
          "duration" : 5019
        },
        "status" : "passed",
        "steps" : [ ],
        "attachments" : [ ],
        "parameters" : [ ],
        "stepsCount" : 0,
        "hasContent" : false,
        "attachmentsCount" : 0,
        "shouldDisplayMessage" : false
      }, {
        "name" : "Click on next button",
        "time" : {
          "start" : 1617675570169,
          "stop" : 1617675575182,
          "duration" : 5013
        },
        "status" : "passed",
        "steps" : [ ],
        "attachments" : [ ],
        "parameters" : [ ],
        "stepsCount" : 0,
        "hasContent" : false,
        "attachmentsCount" : 0,
        "shouldDisplayMessage" : false
      }, {
        "name" : "Get error pop up group",
        "time" : {
          "start" : 1617675575182,
          "stop" : 1617675580213,
          "duration" : 5031
        },
        "status" : "failed",
        "statusMessage" : "(TEST FAILED) The 'Pop-Up Error' element was NOT displayed! Please, check this test's screenshot.",
        "statusTrace" : "   at BOEM_Tests.PageObjects.AdminUserInvitationsPage.__a$_around_GetErrorPopUpGroup_100664175_o(Boolean expectedValue) in C:\\Users\\QAOperator\\Documents\\GitHub\\BOEM_Tests\\BOEM\\BOEM_Tests\\PageObjects\\AdminUserInvite\\AdminUserInvitationsPage.cs:line 123\r\n   at BOEM_Tests.PageObjects.AdminUserInvitationsPage.__a$_around_GetErrorPopUpGroup_100664175_u(Object[] )\r\n   at NUnit.Allure.Steps.AllureStepAspect.WrapStep(String name, MethodBase methodBase, Object[] arguments, Func`2 method)",
        "steps" : [ ],
        "attachments" : [ ],
        "parameters" : [ ],
        "stepsCount" : 0,
        "hasContent" : true,
        "attachmentsCount" : 0,
        "shouldDisplayMessage" : true
      }, {
        "name" : "Taking Screenshot",
        "time" : {
          "start" : 1617675580213,
          "stop" : 1617675580280,
          "duration" : 67
        },
        "status" : "passed",
        "steps" : [ ],
        "attachments" : [ {
          "uid" : "ace0996a62e3a3c6",
          "name" : "Attachment Title",
          "source" : "ace0996a62e3a3c6.png",
          "type" : "image/png",
          "size" : 61141
        } ],
        "parameters" : [ ],
        "stepsCount" : 0,
        "hasContent" : true,
        "attachmentsCount" : 1,
        "shouldDisplayMessage" : false
      } ],
      "attachments" : [ {
        "uid" : "c4426320ac16ca2d",
        "name" : "Console Output",
        "source" : "c4426320ac16ca2d.txt",
        "type" : "text/plain",
        "size" : 0
      } ],
      "parameters" : [ ],
      "stepsCount" : 12,
      "hasContent" : true,
      "attachmentsCount" : 2,
      "shouldDisplayMessage" : true
    } ],
    "attachments" : [ ],
    "parameters" : [ ],
    "stepsCount" : 13,
    "hasContent" : true,
    "attachmentsCount" : 2,
    "shouldDisplayMessage" : false
  },
  "afterStages" : [ {
    "name" : "TearDown_Test",
    "time" : {
      "start" : 1617675581074,
      "stop" : 1617675581074,
      "duration" : 0
    },
    "status" : "passed",
    "steps" : [ ],
    "attachments" : [ ],
    "parameters" : [ ],
    "stepsCount" : 0,
    "hasContent" : false,
    "attachmentsCount" : 0,
    "shouldDisplayMessage" : false
  } ],
  "labels" : [ {
    "name" : "thread",
    "value" : "NonParallelWorker"
  }, {
    "name" : "host",
    "value" : "QAB01"
  }, {
    "name" : "testClass",
    "value" : "BOEM_Tests.Tests.AdminUserInvite"
  }, {
    "name" : "testMethod",
    "value" : "InviteUser_NoUserGroup_Rejected"
  }, {
    "name" : "package",
    "value" : "BOEM_Tests.Tests.AdminUserInvite"
  }, {
    "name" : "tag",
    "value" : "ADMINUSERINVITE.10"
  }, {
    "name" : "suite",
    "value" : "AdminUserInvite"
  }, {
    "name" : "severity",
    "value" : "normal"
  }, {
    "name" : "resultFormat",
    "value" : "allure2"
  } ],
  "parameters" : [ ],
  "links" : [ ],
  "hidden" : false,
  "retry" : false,
  "extra" : {
    "severity" : "normal",
    "retries" : [ ],
    "categories" : [ {
      "name" : "Product defects",
      "matchedStatuses" : [ ],
      "flaky" : false
    } ],
    "history" : {
      "statistic" : {
        "failed" : 24,
        "broken" : 0,
        "skipped" : 0,
        "passed" : 0,
        "unknown" : 0,
        "total" : 24
      },
      "items" : [ {
        "uid" : "43f44e561127d7d2",
        "status" : "failed",
        "statusDetails" : "System.Exception : (TEST FAILED) The 'Pop-Up Error' element was NOT displayed! Please, check this test's screenshot.",
        "time" : {
          "start" : 1617329750295,
          "stop" : 1617329811453,
          "duration" : 61158
        }
      }, {
        "uid" : "b2e9a25775127745",
        "status" : "failed",
        "statusDetails" : "System.Exception : (TEST FAILED) The 'Pop-Up Error' element was NOT displayed! Please, check this test's screenshot.",
        "time" : {
          "start" : 1617153069926,
          "stop" : 1617153145707,
          "duration" : 75781
        }
      }, {
        "uid" : "e64fe80250f736e0",
        "status" : "failed",
        "statusDetails" : "System.Exception : (TEST FAILED) The 'Pop-Up Error' element was NOT displayed! Please, check this test's screenshot.",
        "time" : {
          "start" : 1617068087557,
          "stop" : 1617068163581,
          "duration" : 76024
        }
      }, {
        "uid" : "aaf824066ec579ee",
        "status" : "failed",
        "statusDetails" : "System.Exception : (TEST FAILED) The 'Pop-Up Error' element was NOT displayed! Please, check this test's screenshot.",
        "time" : {
          "start" : 1616821181225,
          "stop" : 1616821237095,
          "duration" : 55870
        }
      }, {
        "uid" : "c5254ed3a07afa53",
        "status" : "failed",
        "statusDetails" : "System.Exception : (TEST FAILED) The 'Pop-Up Error' element was NOT displayed! Please, check this test's screenshot.",
        "time" : {
          "start" : 1616722376453,
          "stop" : 1616722452401,
          "duration" : 75948
        }
      }, {
        "uid" : "450eb07d4e8e9275",
        "status" : "failed",
        "statusDetails" : "  Expected: True\r\n  But was:  False\r\n",
        "time" : {
          "start" : 1616458459881,
          "stop" : 1616458535818,
          "duration" : 75937
        }
      }, {
        "uid" : "5cd2c25c8917d36e",
        "status" : "failed",
        "statusDetails" : "  Expected: True\r\n  But was:  False\r\n",
        "time" : {
          "start" : 1616212895173,
          "stop" : 1616212955857,
          "duration" : 60684
        }
      }, {
        "uid" : "b75bff3b8e63aa27",
        "status" : "failed",
        "statusDetails" : "  Expected: True\r\n  But was:  False\r\n",
        "time" : {
          "start" : 1616120335638,
          "stop" : 1616120385413,
          "duration" : 49775
        }
      }, {
        "uid" : "162e2feb1b36816c",
        "status" : "failed",
        "statusDetails" : "  Expected: True\r\n  But was:  False\r\n",
        "time" : {
          "start" : 1616029196897,
          "stop" : 1616029272935,
          "duration" : 76038
        }
      }, {
        "uid" : "43fd1e9e255cd1d9",
        "status" : "failed",
        "statusDetails" : "  Expected: True\r\n  But was:  False\r\n",
        "time" : {
          "start" : 1615949362391,
          "stop" : 1615949438249,
          "duration" : 75858
        }
      }, {
        "uid" : "dd014cfac9715b67",
        "status" : "failed",
        "statusDetails" : "  Expected: True\r\n  But was:  False\r\n",
        "time" : {
          "start" : 1615858079605,
          "stop" : 1615858154027,
          "duration" : 74422
        }
      }, {
        "uid" : "fedd58d4cf6b9421",
        "status" : "failed",
        "statusDetails" : "  Expected: True\r\n  But was:  False\r\n",
        "time" : {
          "start" : 1615655576961,
          "stop" : 1615655630362,
          "duration" : 53401
        }
      }, {
        "uid" : "86f093579e45f23a",
        "status" : "failed",
        "statusDetails" : "  Expected: True\r\n  But was:  False\r\n",
        "time" : {
          "start" : 1615428720190,
          "stop" : 1615428815446,
          "duration" : 95256
        }
      }, {
        "uid" : "2bcbd56d9ccb52df",
        "status" : "failed",
        "statusDetails" : "  Expected: True\r\n  But was:  False\r\n",
        "time" : {
          "start" : 1615439515905,
          "stop" : 1615439575269,
          "duration" : 59364
        }
      }, {
        "uid" : "58aac69fcbafc9fc",
        "status" : "failed",
        "statusDetails" : "  Expected: True\r\n  But was:  False\r\n",
        "time" : {
          "start" : 1615356509751,
          "stop" : 1615356593482,
          "duration" : 83731
        }
      }, {
        "uid" : "290fe1c8db8946a1",
        "status" : "failed",
        "statusDetails" : "OpenQA.Selenium.NoSuchElementException : Could not find element by: By.Id: btnInvite",
        "time" : {
          "start" : 1615218108516,
          "stop" : 1615218148967,
          "duration" : 40451
        }
      }, {
        "uid" : "471bd2d60696c61d",
        "status" : "failed",
        "statusDetails" : "  Expected: True\r\n  But was:  False\r\n",
        "time" : {
          "start" : 1614800571549,
          "stop" : 1614800606558,
          "duration" : 35009
        }
      }, {
        "uid" : "7365ccb29be7329f",
        "status" : "failed",
        "statusDetails" : "  Expected: True\r\n  But was:  False\r\n",
        "time" : {
          "start" : 1613577594622,
          "stop" : 1613577718358,
          "duration" : 123736
        }
      }, {
        "uid" : "83f27fb7be1c01d3",
        "status" : "failed",
        "statusDetails" : "  Expected: True\r\n  But was:  False\r\n",
        "time" : {
          "start" : 1611935131491,
          "stop" : 1611935195487,
          "duration" : 63996
        }
      }, {
        "uid" : "f8332d829fb43ac8",
        "status" : "failed",
        "statusDetails" : "  Expected: True\r\n  But was:  False\r\n",
        "time" : {
          "start" : 1609785282938,
          "stop" : 1609785348292,
          "duration" : 65354
        }
      } ]
    },
    "tags" : [ "ADMINUSERINVITE.10" ]
  },
  "source" : "2a71cbcde3dcc735.json",
  "parameterValues" : [ ]
}