{
  "uid" : "33ebfb568c26dc5",
  "name" : "AccessFeatureThemeDefaultsEditSubmitFormLogsActivity",
  "fullName" : "BOEM_Tests.Tests.AccountActivity.AccessFeatureThemeDefaultsEditSubmitFormLogsActivity",
  "historyId" : "BOEM_Tests.Tests.AccountActivity.AccessFeatureThemeDefaultsEditSubmitFormLogsActivity",
  "time" : {
    "start" : 1617149025300,
    "stop" : 1617149104212,
    "duration" : 78912
  },
  "description" : "Access feature : theme defaults / edit / submit form - logs activity\n",
  "descriptionHtml" : "<p>Access feature : theme defaults / edit / submit form - logs activity</p>\n",
  "status" : "failed",
  "statusMessage" : "System.Exception : (TEST FAILED) Expected: Activity -> 'ACTION-ADMIN', Detail -> 'Theme Defaults - Index'\nBut was: Activity -> 'ACTION-ADMIN', Detail -> 'Admin Theme Defaults - Index'",
  "statusTrace" : "   at BOEM_Tests.Tests.AccountActivity.AccessFeatureThemeDefaultsEditSubmitFormLogsActivity() in C:\\Users\\QAOperator\\Documents\\GitHub\\BOEM_Tests\\BOEM\\BOEM_Tests\\Tests\\AccountActivity.cs:line 1153",
  "flaky" : true,
  "newFailed" : false,
  "beforeStages" : [ {
    "name" : "PrepareResultsDir",
    "time" : {
      "start" : 1617149104212,
      "stop" : 1617149104212,
      "duration" : 0
    },
    "status" : "passed",
    "steps" : [ ],
    "attachments" : [ ],
    "parameters" : [ ],
    "stepsCount" : 0,
    "hasContent" : false,
    "shouldDisplayMessage" : false,
    "attachmentsCount" : 0
  }, {
    "name" : "Setup_Test",
    "time" : {
      "start" : 1617149104212,
      "stop" : 1617149104212,
      "duration" : 0
    },
    "status" : "passed",
    "steps" : [ ],
    "attachments" : [ ],
    "parameters" : [ ],
    "stepsCount" : 0,
    "hasContent" : false,
    "shouldDisplayMessage" : false,
    "attachmentsCount" : 0
  } ],
  "testStage" : {
    "description" : "Access feature : theme defaults / edit / submit form - logs activity\n",
    "status" : "failed",
    "statusMessage" : "System.Exception : (TEST FAILED) Expected: Activity -> 'ACTION-ADMIN', Detail -> 'Theme Defaults - Index'\nBut was: Activity -> 'ACTION-ADMIN', Detail -> 'Admin Theme Defaults - Index'",
    "statusTrace" : "   at BOEM_Tests.Tests.AccountActivity.AccessFeatureThemeDefaultsEditSubmitFormLogsActivity() in C:\\Users\\QAOperator\\Documents\\GitHub\\BOEM_Tests\\BOEM\\BOEM_Tests\\Tests\\AccountActivity.cs:line 1153",
    "steps" : [ {
      "name" : "AccessFeatureThemeDefaultsEditSubmitFormLogsActivity",
      "time" : {
        "start" : 1617149025300,
        "stop" : 1617149104212,
        "duration" : 78912
      },
      "status" : "failed",
      "statusMessage" : "System.Exception : (TEST FAILED) Expected: Activity -> 'ACTION-ADMIN', Detail -> 'Theme Defaults - Index'\nBut was: Activity -> 'ACTION-ADMIN', Detail -> 'Admin Theme Defaults - Index'",
      "statusTrace" : "   at BOEM_Tests.Tests.AccountActivity.AccessFeatureThemeDefaultsEditSubmitFormLogsActivity() in C:\\Users\\QAOperator\\Documents\\GitHub\\BOEM_Tests\\BOEM\\BOEM_Tests\\Tests\\AccountActivity.cs:line 1153",
      "steps" : [ {
        "name" : "Log in using QA user",
        "time" : {
          "start" : 1617149028952,
          "stop" : 1617149073999,
          "duration" : 45047
        },
        "status" : "passed",
        "steps" : [ {
          "name" : "Open login page",
          "time" : {
            "start" : 1617149028952,
            "stop" : 1617149059020,
            "duration" : 30068
          },
          "status" : "passed",
          "steps" : [ ],
          "attachments" : [ ],
          "parameters" : [ ],
          "stepsCount" : 0,
          "hasContent" : false,
          "shouldDisplayMessage" : false,
          "attachmentsCount" : 0
        }, {
          "name" : "Set username to qa_boem@weblakes.com",
          "time" : {
            "start" : 1617149059020,
            "stop" : 1617149059065,
            "duration" : 45
          },
          "status" : "passed",
          "steps" : [ ],
          "attachments" : [ ],
          "parameters" : [ ],
          "stepsCount" : 0,
          "hasContent" : false,
          "shouldDisplayMessage" : false,
          "attachmentsCount" : 0
        }, {
          "name" : "Set password to e45eT%0n^SpXdsb2",
          "time" : {
            "start" : 1617149059065,
            "stop" : 1617149059094,
            "duration" : 29
          },
          "status" : "passed",
          "steps" : [ ],
          "attachments" : [ ],
          "parameters" : [ ],
          "stepsCount" : 0,
          "hasContent" : false,
          "shouldDisplayMessage" : false,
          "attachmentsCount" : 0
        }, {
          "name" : "Click on login button",
          "time" : {
            "start" : 1617149059094,
            "stop" : 1617149063988,
            "duration" : 4894
          },
          "status" : "passed",
          "steps" : [ ],
          "attachments" : [ ],
          "parameters" : [ ],
          "stepsCount" : 0,
          "hasContent" : false,
          "shouldDisplayMessage" : false,
          "attachmentsCount" : 0
        } ],
        "attachments" : [ ],
        "parameters" : [ ],
        "stepsCount" : 4,
        "hasContent" : true,
        "shouldDisplayMessage" : false,
        "attachmentsCount" : 0
      }, {
        "name" : "Check inventory 2017 - 2017 Complete Inventory",
        "time" : {
          "start" : 1617149073999,
          "stop" : 1617149077023,
          "duration" : 3024
        },
        "status" : "passed",
        "steps" : [ ],
        "attachments" : [ ],
        "parameters" : [ ],
        "stepsCount" : 0,
        "hasContent" : false,
        "shouldDisplayMessage" : false,
        "attachmentsCount" : 0
      }, {
        "name" : "Access relative URL OpenQA.Selenium.Firefox.FirefoxDriver",
        "time" : {
          "start" : 1617149077023,
          "stop" : 1617149077471,
          "duration" : 448
        },
        "status" : "passed",
        "steps" : [ ],
        "attachments" : [ ],
        "parameters" : [ ],
        "stepsCount" : 0,
        "hasContent" : false,
        "shouldDisplayMessage" : false,
        "attachmentsCount" : 0
      }, {
        "name" : "Wait 3000 ms",
        "time" : {
          "start" : 1617149077471,
          "stop" : 1617149080478,
          "duration" : 3007
        },
        "status" : "passed",
        "steps" : [ ],
        "attachments" : [ ],
        "parameters" : [ ],
        "stepsCount" : 0,
        "hasContent" : false,
        "shouldDisplayMessage" : false,
        "attachmentsCount" : 0
      }, {
        "name" : "Wait 3000 ms",
        "time" : {
          "start" : 1617149083493,
          "stop" : 1617149086517,
          "duration" : 3024
        },
        "status" : "passed",
        "steps" : [ ],
        "attachments" : [ ],
        "parameters" : [ ],
        "stepsCount" : 0,
        "hasContent" : false,
        "shouldDisplayMessage" : false,
        "attachmentsCount" : 0
      }, {
        "name" : "Wait 3000 ms",
        "time" : {
          "start" : 1617149089541,
          "stop" : 1617149092549,
          "duration" : 3008
        },
        "status" : "passed",
        "steps" : [ ],
        "attachments" : [ ],
        "parameters" : [ ],
        "stepsCount" : 0,
        "hasContent" : false,
        "shouldDisplayMessage" : false,
        "attachmentsCount" : 0
      }, {
        "name" : "Access relative URL OpenQA.Selenium.Firefox.FirefoxDriver",
        "time" : {
          "start" : 1617149092549,
          "stop" : 1617149093282,
          "duration" : 733
        },
        "status" : "passed",
        "steps" : [ ],
        "attachments" : [ ],
        "parameters" : [ ],
        "stepsCount" : 0,
        "hasContent" : false,
        "shouldDisplayMessage" : false,
        "attachmentsCount" : 0
      }, {
        "name" : "Check row 2 - ACTION-ADMIN - Theme Defaults - Index on account activity grid",
        "time" : {
          "start" : 1617149093282,
          "stop" : 1617149103293,
          "duration" : 10011
        },
        "status" : "failed",
        "statusMessage" : "(TEST FAILED) Expected: Activity -> 'ACTION-ADMIN', Detail -> 'Theme Defaults - Index'\nBut was: Activity -> 'ACTION-ADMIN', Detail -> 'Admin Theme Defaults - Index'",
        "statusTrace" : "   at BOEM_Tests.PageObjects.SettingsPage.__a$_around_CheckRowAccountActivity_100665995_o(Int32 row, String activity, String detail) in C:\\Users\\QAOperator\\Documents\\GitHub\\BOEM_Tests\\BOEM\\BOEM_Tests\\PageObjects\\Settings\\SettingsPage.cs:line 432\r\n   at BOEM_Tests.PageObjects.SettingsPage.__a$_around_CheckRowAccountActivity_100665995_u(Object[] )\r\n   at NUnit.Allure.Steps.AllureStepAspect.WrapStep(String name, MethodBase methodBase, Object[] arguments, Func`2 method)",
        "steps" : [ ],
        "attachments" : [ ],
        "parameters" : [ ],
        "stepsCount" : 0,
        "hasContent" : true,
        "shouldDisplayMessage" : true,
        "attachmentsCount" : 0
      }, {
        "name" : "Taking Screenshot",
        "time" : {
          "start" : 1617149103309,
          "stop" : 1617149103378,
          "duration" : 69
        },
        "status" : "passed",
        "steps" : [ ],
        "attachments" : [ {
          "uid" : "8510816b7ad01f46",
          "name" : "Attachment Title",
          "source" : "8510816b7ad01f46.png",
          "type" : "image/png",
          "size" : 72543
        } ],
        "parameters" : [ ],
        "stepsCount" : 0,
        "hasContent" : true,
        "shouldDisplayMessage" : false,
        "attachmentsCount" : 1
      } ],
      "attachments" : [ {
        "uid" : "6c5d1af394558721",
        "name" : "Console Output",
        "source" : "6c5d1af394558721.txt",
        "type" : "text/plain",
        "size" : 0
      } ],
      "parameters" : [ ],
      "stepsCount" : 13,
      "hasContent" : true,
      "shouldDisplayMessage" : true,
      "attachmentsCount" : 2
    } ],
    "attachments" : [ ],
    "parameters" : [ ],
    "stepsCount" : 14,
    "hasContent" : true,
    "shouldDisplayMessage" : false,
    "attachmentsCount" : 2
  },
  "afterStages" : [ {
    "name" : "TearDown_Test",
    "time" : {
      "start" : 1617149104212,
      "stop" : 1617149104212,
      "duration" : 0
    },
    "status" : "passed",
    "steps" : [ ],
    "attachments" : [ ],
    "parameters" : [ ],
    "stepsCount" : 0,
    "hasContent" : false,
    "shouldDisplayMessage" : false,
    "attachmentsCount" : 0
  } ],
  "labels" : [ {
    "name" : "thread",
    "value" : "NonParallelWorker"
  }, {
    "name" : "host",
    "value" : "QAB01"
  }, {
    "name" : "testClass",
    "value" : "BOEM_Tests.Tests.AccountActivity"
  }, {
    "name" : "testMethod",
    "value" : "AccessFeatureThemeDefaultsEditSubmitFormLogsActivity"
  }, {
    "name" : "package",
    "value" : "BOEM_Tests.Tests.AccountActivity"
  }, {
    "name" : "tag",
    "value" : "ACCOUNTACTIVITY.32"
  }, {
    "name" : "suite",
    "value" : "AccountActivity"
  }, {
    "name" : "severity",
    "value" : "normal"
  }, {
    "name" : "resultFormat",
    "value" : "allure2"
  } ],
  "parameters" : [ ],
  "links" : [ ],
  "hidden" : false,
  "retry" : false,
  "extra" : {
    "severity" : "normal",
    "retries" : [ ],
    "categories" : [ {
      "name" : "Product defects",
      "matchedStatuses" : [ ],
      "flaky" : false
    } ],
    "history" : {
      "statistic" : {
        "failed" : 11,
        "broken" : 0,
        "skipped" : 0,
        "passed" : 4,
        "unknown" : 0,
        "total" : 15
      },
      "items" : [ {
        "uid" : "9965c8b85e52e5b8",
        "status" : "failed",
        "statusDetails" : "System.Exception : Expected: Activity -> 'ACTION-ADMIN', Detail -> 'Theme Defaults - Index'\nBut was: Activity -> 'ACTION-ADMIN', Detail -> 'Admin Theme Defaults - Index'",
        "time" : {
          "start" : 1617064344881,
          "stop" : 1617064424087,
          "duration" : 79206
        }
      }, {
        "uid" : "4a3f791d42eefe27",
        "status" : "failed",
        "statusDetails" : "System.Exception : Expected: Activity -> 'ACTION-ADMIN', Detail -> 'Theme Defaults - Grid'\nBut was: Activity -> 'ACTION', Detail -> 'User Account Activity - Index'",
        "time" : {
          "start" : 1616817157732,
          "stop" : 1616817213503,
          "duration" : 55771
        }
      }, {
        "uid" : "ecc45177094508ce",
        "status" : "failed",
        "statusDetails" : "System.Exception : Expected: Activity -> 'ACTION-ADMIN', Detail -> 'Theme Defaults - Grid'\nBut was: Activity -> 'ACTION', Detail -> 'User Account Activity - Index'",
        "time" : {
          "start" : 1616718421069,
          "stop" : 1616718465054,
          "duration" : 43985
        }
      }, {
        "uid" : "2ed8ef378cf11f98",
        "status" : "failed",
        "statusDetails" : "  Expected: True\r\n  But was:  False\r\n",
        "time" : {
          "start" : 1616454360140,
          "stop" : 1616454432122,
          "duration" : 71982
        }
      }, {
        "uid" : "adc424724ada77b6",
        "status" : "passed",
        "time" : {
          "start" : 1616208948851,
          "stop" : 1616209014790,
          "duration" : 65939
        }
      }, {
        "uid" : "604013f7feeec241",
        "status" : "failed",
        "statusDetails" : "  Expected: True\r\n  But was:  False\r\n",
        "time" : {
          "start" : 1616116384359,
          "stop" : 1616116427725,
          "duration" : 43366
        }
      }, {
        "uid" : "c34341a7d207d9c2",
        "status" : "failed",
        "statusDetails" : "  Expected: True\r\n  But was:  False\r\n",
        "time" : {
          "start" : 1616025022572,
          "stop" : 1616025078800,
          "duration" : 56228
        }
      }, {
        "uid" : "91051f86f271dbc9",
        "status" : "failed",
        "statusDetails" : "  Expected: True\r\n  But was:  False\r\n",
        "time" : {
          "start" : 1615945380506,
          "stop" : 1615945451817,
          "duration" : 71311
        }
      }, {
        "uid" : "c35928a679ac660e",
        "status" : "failed",
        "statusDetails" : "  Expected: True\r\n  But was:  False\r\n",
        "time" : {
          "start" : 1615854081059,
          "stop" : 1615854150777,
          "duration" : 69718
        }
      }, {
        "uid" : "896892d6cc8a8080",
        "status" : "passed",
        "time" : {
          "start" : 1615651612195,
          "stop" : 1615651676053,
          "duration" : 63858
        }
      }, {
        "uid" : "ed8ea4d1895378fb",
        "status" : "passed",
        "time" : {
          "start" : 1615426869558,
          "stop" : 1615427110662,
          "duration" : 241104
        }
      }, {
        "uid" : "135b2591b8925c36",
        "status" : "failed",
        "statusDetails" : "  Expected: True\r\n  But was:  False\r\n",
        "time" : {
          "start" : 1615435632960,
          "stop" : 1615435701834,
          "duration" : 68874
        }
      }, {
        "uid" : "55c29e3a6a854d01",
        "status" : "passed",
        "time" : {
          "start" : 1615426869558,
          "stop" : 1615427110662,
          "duration" : 241104
        }
      }, {
        "uid" : "57b71fe0a7244209",
        "status" : "failed",
        "statusDetails" : "OpenQA.Selenium.NoSuchElementException : Unable to locate element: //*[@id='grid_ActivityGrid']/tbody/tr[2]/td[9]",
        "time" : {
          "start" : 1615215374127,
          "stop" : 1615215402951,
          "duration" : 28824
        }
      } ]
    },
    "tags" : [ "ACCOUNTACTIVITY.32" ]
  },
  "source" : "33ebfb568c26dc5.json",
  "parameterValues" : [ ]
}