{
  "uid" : "35e3f023110b82d3",
  "name" : "AccessFeatureThemeDefaultsEditSubmitFormLogsActivity",
  "fullName" : "BOEM_Tests.Tests.AccountActivity.AccessFeatureThemeDefaultsEditSubmitFormLogsActivity",
  "historyId" : "BOEM_Tests.Tests.AccountActivity.AccessFeatureThemeDefaultsEditSubmitFormLogsActivity",
  "time" : {
    "start" : 1617811798806,
    "stop" : 1617811860520,
    "duration" : 61714
  },
  "description" : "Access feature : theme defaults / edit / submit form - logs activity\n",
  "descriptionHtml" : "<p>Access feature : theme defaults / edit / submit form - logs activity</p>\n",
  "status" : "failed",
  "statusMessage" : "System.Exception : (TEST FAILED) Expected: Activity -> 'ACTION-ADMIN', Detail -> 'Theme Defaults - Edit:24 - Submit'\nBut was: Activity -> 'ACTION-ADMIN', Detail -> 'Theme Defaults - Edit - Submit'",
  "statusTrace" : "   at BOEM_Tests.Tests.AccountActivity.AccessFeatureThemeDefaultsEditSubmitFormLogsActivity() in C:\\Users\\QAOperator\\Documents\\GitHub\\BOEM_Tests\\BOEM\\BOEM_Tests\\Tests\\AccountActivity.cs:line 1149",
  "flaky" : true,
  "newFailed" : false,
  "beforeStages" : [ {
    "name" : "PrepareResultsDir",
    "time" : {
      "start" : 1617811860511,
      "stop" : 1617811860511,
      "duration" : 0
    },
    "status" : "passed",
    "steps" : [ ],
    "attachments" : [ ],
    "parameters" : [ ],
    "shouldDisplayMessage" : false,
    "attachmentsCount" : 0,
    "stepsCount" : 0,
    "hasContent" : false
  }, {
    "name" : "Setup_Test",
    "time" : {
      "start" : 1617811860511,
      "stop" : 1617811860511,
      "duration" : 0
    },
    "status" : "passed",
    "steps" : [ ],
    "attachments" : [ ],
    "parameters" : [ ],
    "shouldDisplayMessage" : false,
    "attachmentsCount" : 0,
    "stepsCount" : 0,
    "hasContent" : false
  } ],
  "testStage" : {
    "description" : "Access feature : theme defaults / edit / submit form - logs activity\n",
    "status" : "failed",
    "statusMessage" : "System.Exception : (TEST FAILED) Expected: Activity -> 'ACTION-ADMIN', Detail -> 'Theme Defaults - Edit:24 - Submit'\nBut was: Activity -> 'ACTION-ADMIN', Detail -> 'Theme Defaults - Edit - Submit'",
    "statusTrace" : "   at BOEM_Tests.Tests.AccountActivity.AccessFeatureThemeDefaultsEditSubmitFormLogsActivity() in C:\\Users\\QAOperator\\Documents\\GitHub\\BOEM_Tests\\BOEM\\BOEM_Tests\\Tests\\AccountActivity.cs:line 1149",
    "steps" : [ {
      "name" : "AccessFeatureThemeDefaultsEditSubmitFormLogsActivity",
      "time" : {
        "start" : 1617811798808,
        "stop" : 1617811860516,
        "duration" : 61708
      },
      "status" : "failed",
      "statusMessage" : "System.Exception : (TEST FAILED) Expected: Activity -> 'ACTION-ADMIN', Detail -> 'Theme Defaults - Edit:24 - Submit'\nBut was: Activity -> 'ACTION-ADMIN', Detail -> 'Theme Defaults - Edit - Submit'",
      "statusTrace" : "   at BOEM_Tests.Tests.AccountActivity.AccessFeatureThemeDefaultsEditSubmitFormLogsActivity() in C:\\Users\\QAOperator\\Documents\\GitHub\\BOEM_Tests\\BOEM\\BOEM_Tests\\Tests\\AccountActivity.cs:line 1149",
      "steps" : [ {
        "name" : "Log in using QA user",
        "time" : {
          "start" : 1617811803332,
          "stop" : 1617811819915,
          "duration" : 16583
        },
        "status" : "passed",
        "steps" : [ {
          "name" : "Open login page",
          "time" : {
            "start" : 1617811803333,
            "stop" : 1617811804777,
            "duration" : 1444
          },
          "status" : "passed",
          "steps" : [ ],
          "attachments" : [ ],
          "parameters" : [ ],
          "shouldDisplayMessage" : false,
          "attachmentsCount" : 0,
          "stepsCount" : 0,
          "hasContent" : false
        }, {
          "name" : "Set username to qa_boem@weblakes.com",
          "time" : {
            "start" : 1617811804778,
            "stop" : 1617811804875,
            "duration" : 97
          },
          "status" : "passed",
          "steps" : [ ],
          "attachments" : [ ],
          "parameters" : [ ],
          "shouldDisplayMessage" : false,
          "attachmentsCount" : 0,
          "stepsCount" : 0,
          "hasContent" : false
        }, {
          "name" : "Set password to e45eT%0n^SpXdsb2",
          "time" : {
            "start" : 1617811804875,
            "stop" : 1617811804906,
            "duration" : 31
          },
          "status" : "passed",
          "steps" : [ ],
          "attachments" : [ ],
          "parameters" : [ ],
          "shouldDisplayMessage" : false,
          "attachmentsCount" : 0,
          "stepsCount" : 0,
          "hasContent" : false
        }, {
          "name" : "Click on login button",
          "time" : {
            "start" : 1617811804906,
            "stop" : 1617811809912,
            "duration" : 5006
          },
          "status" : "passed",
          "steps" : [ ],
          "attachments" : [ ],
          "parameters" : [ ],
          "shouldDisplayMessage" : false,
          "attachmentsCount" : 0,
          "stepsCount" : 0,
          "hasContent" : false
        } ],
        "attachments" : [ ],
        "parameters" : [ ],
        "shouldDisplayMessage" : false,
        "attachmentsCount" : 0,
        "stepsCount" : 4,
        "hasContent" : true
      }, {
        "name" : "Check inventory 2017 - 2017 Complete Inventory",
        "time" : {
          "start" : 1617811819915,
          "stop" : 1617811822944,
          "duration" : 3029
        },
        "status" : "passed",
        "steps" : [ ],
        "attachments" : [ ],
        "parameters" : [ ],
        "shouldDisplayMessage" : false,
        "attachmentsCount" : 0,
        "stepsCount" : 0,
        "hasContent" : false
      }, {
        "name" : "Access relative URL OpenQA.Selenium.Firefox.FirefoxDriver",
        "time" : {
          "start" : 1617811822945,
          "stop" : 1617811823449,
          "duration" : 504
        },
        "status" : "passed",
        "steps" : [ ],
        "attachments" : [ ],
        "parameters" : [ ],
        "shouldDisplayMessage" : false,
        "attachmentsCount" : 0,
        "stepsCount" : 0,
        "hasContent" : false
      }, {
        "name" : "Wait 3000 ms",
        "time" : {
          "start" : 1617811823449,
          "stop" : 1617811826455,
          "duration" : 3006
        },
        "status" : "passed",
        "steps" : [ ],
        "attachments" : [ ],
        "parameters" : [ ],
        "shouldDisplayMessage" : false,
        "attachmentsCount" : 0,
        "stepsCount" : 0,
        "hasContent" : false
      }, {
        "name" : "Wait 3000 ms",
        "time" : {
          "start" : 1617811829476,
          "stop" : 1617811832482,
          "duration" : 3006
        },
        "status" : "passed",
        "steps" : [ ],
        "attachments" : [ ],
        "parameters" : [ ],
        "shouldDisplayMessage" : false,
        "attachmentsCount" : 0,
        "stepsCount" : 0,
        "hasContent" : false
      }, {
        "name" : "Wait 3000 ms",
        "time" : {
          "start" : 1617811835509,
          "stop" : 1617811838523,
          "duration" : 3014
        },
        "status" : "passed",
        "steps" : [ ],
        "attachments" : [ ],
        "parameters" : [ ],
        "shouldDisplayMessage" : false,
        "attachmentsCount" : 0,
        "stepsCount" : 0,
        "hasContent" : false
      }, {
        "name" : "Access relative URL OpenQA.Selenium.Firefox.FirefoxDriver",
        "time" : {
          "start" : 1617811838523,
          "stop" : 1617811839392,
          "duration" : 869
        },
        "status" : "passed",
        "steps" : [ ],
        "attachments" : [ ],
        "parameters" : [ ],
        "shouldDisplayMessage" : false,
        "attachmentsCount" : 0,
        "stepsCount" : 0,
        "hasContent" : false
      }, {
        "name" : "Check row 2 - ACTION-ADMIN - Theme Defaults - Index on account activity grid",
        "time" : {
          "start" : 1617811839392,
          "stop" : 1617811849418,
          "duration" : 10026
        },
        "status" : "passed",
        "steps" : [ ],
        "attachments" : [ ],
        "parameters" : [ ],
        "shouldDisplayMessage" : false,
        "attachmentsCount" : 0,
        "stepsCount" : 0,
        "hasContent" : false
      }, {
        "name" : "Check row 3 - ACTION-ADMIN - Theme Defaults - Edit:24 - Submit on account activity grid",
        "time" : {
          "start" : 1617811849437,
          "stop" : 1617811859490,
          "duration" : 10053
        },
        "status" : "failed",
        "statusMessage" : "(TEST FAILED) Expected: Activity -> 'ACTION-ADMIN', Detail -> 'Theme Defaults - Edit:24 - Submit'\nBut was: Activity -> 'ACTION-ADMIN', Detail -> 'Theme Defaults - Edit - Submit'",
        "statusTrace" : "   at BOEM_Tests.PageObjects.SettingsPage.__a$_around_CheckRowAccountActivity_100665996_o(Int32 row, String activity, String detail) in C:\\Users\\QAOperator\\Documents\\GitHub\\BOEM_Tests\\BOEM\\BOEM_Tests\\PageObjects\\Settings\\SettingsPage.cs:line 432\r\n   at BOEM_Tests.PageObjects.SettingsPage.__a$_around_CheckRowAccountActivity_100665996_u(Object[] )\r\n   at NUnit.Allure.Steps.AllureStepAspect.WrapStep(String name, MethodBase methodBase, Object[] arguments, Func`2 method)",
        "steps" : [ ],
        "attachments" : [ ],
        "parameters" : [ ],
        "shouldDisplayMessage" : true,
        "attachmentsCount" : 0,
        "stepsCount" : 0,
        "hasContent" : true
      }, {
        "name" : "Taking Screenshot",
        "time" : {
          "start" : 1617811859491,
          "stop" : 1617811859595,
          "duration" : 104
        },
        "status" : "passed",
        "steps" : [ ],
        "attachments" : [ {
          "uid" : "954caa7801d94a98",
          "name" : "Attachment Title",
          "source" : "954caa7801d94a98.png",
          "type" : "image/png",
          "size" : 71967
        } ],
        "parameters" : [ ],
        "shouldDisplayMessage" : false,
        "attachmentsCount" : 1,
        "stepsCount" : 0,
        "hasContent" : true
      } ],
      "attachments" : [ {
        "uid" : "19c3cff336fbbd21",
        "name" : "Console Output",
        "source" : "19c3cff336fbbd21.txt",
        "type" : "text/plain",
        "size" : 0
      } ],
      "parameters" : [ ],
      "shouldDisplayMessage" : true,
      "attachmentsCount" : 2,
      "stepsCount" : 14,
      "hasContent" : true
    } ],
    "attachments" : [ ],
    "parameters" : [ ],
    "shouldDisplayMessage" : false,
    "attachmentsCount" : 2,
    "stepsCount" : 15,
    "hasContent" : true
  },
  "afterStages" : [ {
    "name" : "TearDown_Test",
    "time" : {
      "start" : 1617811860511,
      "stop" : 1617811860511,
      "duration" : 0
    },
    "status" : "passed",
    "steps" : [ ],
    "attachments" : [ ],
    "parameters" : [ ],
    "shouldDisplayMessage" : false,
    "attachmentsCount" : 0,
    "stepsCount" : 0,
    "hasContent" : false
  } ],
  "labels" : [ {
    "name" : "thread",
    "value" : "NonParallelWorker"
  }, {
    "name" : "host",
    "value" : "QAB01"
  }, {
    "name" : "testClass",
    "value" : "BOEM_Tests.Tests.AccountActivity"
  }, {
    "name" : "testMethod",
    "value" : "AccessFeatureThemeDefaultsEditSubmitFormLogsActivity"
  }, {
    "name" : "package",
    "value" : "BOEM_Tests.Tests.AccountActivity"
  }, {
    "name" : "tag",
    "value" : "ACCOUNTACTIVITY.32"
  }, {
    "name" : "suite",
    "value" : "AccountActivity"
  }, {
    "name" : "severity",
    "value" : "normal"
  }, {
    "name" : "resultFormat",
    "value" : "allure2"
  } ],
  "parameters" : [ ],
  "links" : [ ],
  "hidden" : false,
  "retry" : false,
  "extra" : {
    "severity" : "normal",
    "retries" : [ {
      "uid" : "ada34a456d474643",
      "status" : "failed",
      "statusDetails" : "System.Exception : (TEST FAILED) Expected: Activity -> 'ACTION-ADMIN', Detail -> 'Theme Defaults Edit - Submit'\nBut was: Activity -> 'ACTION-ADMIN', Detail -> 'Theme Defaults - Edit - Submit'",
      "time" : {
        "start" : 1617811634490,
        "stop" : 1617811696460,
        "duration" : 61970
      }
    }, {
      "uid" : "a2e08c0d007d9f88",
      "status" : "failed",
      "statusDetails" : "System.Exception : (TEST FAILED) Expected: Activity -> 'ACTION-ADMIN', Detail -> 'Theme Default Edit - Submit'\nBut was: Activity -> 'ACTION-ADMIN', Detail -> 'Theme Defaults - Edit - Submit'",
      "time" : {
        "start" : 1617811035089,
        "stop" : 1617811096320,
        "duration" : 61231
      }
    }, {
      "uid" : "752e880b087205b2",
      "status" : "failed",
      "statusDetails" : "System.Exception : (TEST FAILED) Expected: Activity -> 'ACTION-ADMIN', Detail -> 'Theme Default Edit - Edit:24 - Submit'\nBut was: Activity -> 'ACTION-ADMIN', Detail -> 'Theme Defaults - Edit - Submit'",
      "time" : {
        "start" : 1617809732645,
        "stop" : 1617809793585,
        "duration" : 60940
      }
    }, {
      "uid" : "23a75f4a2f0b872e",
      "status" : "failed",
      "statusDetails" : "System.Exception : (TEST FAILED) Expected: Activity -> 'ACTION-ADMIN', Detail -> 'Theme Default Edit - Edit:24 - Submit'\nBut was: Activity -> 'ACTION-ADMIN', Detail -> 'Theme Defaults - Edit - Submit'",
      "time" : {
        "start" : 1617808861806,
        "stop" : 1617808923017,
        "duration" : 61211
      }
    }, {
      "uid" : "ae399e9b2e73eb5e",
      "status" : "failed",
      "statusDetails" : "System.Exception : (TEST FAILED) Expected: Activity -> 'ACTION-ADMIN', Detail -> 'Admin Theme Default Edit - Edit:24 - Submit'\nBut was: Activity -> 'ACTION-ADMIN', Detail -> 'Theme Defaults - Edit - Submit'",
      "time" : {
        "start" : 1617805104665,
        "stop" : 1617805165079,
        "duration" : 60414
      }
    }, {
      "uid" : "4ddeedc66799d3e9",
      "status" : "failed",
      "statusDetails" : "System.Exception : (TEST FAILED) Expected: Activity -> 'ACTION-ADMIN', Detail -> 'Theme Defaults - Index'\nBut was: Activity -> 'ACTION', Detail -> 'User Account Activity - Index'",
      "time" : {
        "start" : 1617747986245,
        "stop" : 1617748037451,
        "duration" : 51206
      }
    } ],
    "categories" : [ {
      "name" : "Product defects",
      "matchedStatuses" : [ ],
      "flaky" : false
    } ],
    "history" : {
      "statistic" : {
        "failed" : 14,
        "broken" : 0,
        "skipped" : 0,
        "passed" : 4,
        "unknown" : 0,
        "total" : 18
      },
      "items" : [ {
        "uid" : "5648ac840f86aa8e",
        "status" : "failed",
        "statusDetails" : "System.Exception : (TEST FAILED) Expected: Activity -> 'ACTION-ADMIN', Detail -> 'Admin Theme Default Edit - Edit:24 - Submit'\nBut was: Activity -> 'ACTION-ADMIN', Detail -> 'Admin Theme Default Edit - Edit - Submit'",
        "time" : {
          "start" : 1617671408339,
          "stop" : 1617671483430,
          "duration" : 75091
        }
      }, {
        "uid" : "774080f90d683b98",
        "status" : "failed",
        "statusDetails" : "System.Exception : (TEST FAILED) Expected: Activity -> 'ACTION-ADMIN', Detail -> 'Admin Theme Default Edit - Edit:24 - Submit'\nBut was: Activity -> 'ACTION-ADMIN', Detail -> 'Admin Theme Default Edit - Edit - Submit'",
        "time" : {
          "start" : 1617325628539,
          "stop" : 1617325717893,
          "duration" : 89354
        }
      }, {
        "uid" : "33ebfb568c26dc5",
        "status" : "failed",
        "statusDetails" : "System.Exception : (TEST FAILED) Expected: Activity -> 'ACTION-ADMIN', Detail -> 'Theme Defaults - Index'\nBut was: Activity -> 'ACTION-ADMIN', Detail -> 'Admin Theme Defaults - Index'",
        "time" : {
          "start" : 1617149025300,
          "stop" : 1617149104212,
          "duration" : 78912
        }
      }, {
        "uid" : "9965c8b85e52e5b8",
        "status" : "failed",
        "statusDetails" : "System.Exception : Expected: Activity -> 'ACTION-ADMIN', Detail -> 'Theme Defaults - Index'\nBut was: Activity -> 'ACTION-ADMIN', Detail -> 'Admin Theme Defaults - Index'",
        "time" : {
          "start" : 1617064344881,
          "stop" : 1617064424087,
          "duration" : 79206
        }
      }, {
        "uid" : "4a3f791d42eefe27",
        "status" : "failed",
        "statusDetails" : "System.Exception : Expected: Activity -> 'ACTION-ADMIN', Detail -> 'Theme Defaults - Grid'\nBut was: Activity -> 'ACTION', Detail -> 'User Account Activity - Index'",
        "time" : {
          "start" : 1616817157732,
          "stop" : 1616817213503,
          "duration" : 55771
        }
      }, {
        "uid" : "ecc45177094508ce",
        "status" : "failed",
        "statusDetails" : "System.Exception : Expected: Activity -> 'ACTION-ADMIN', Detail -> 'Theme Defaults - Grid'\nBut was: Activity -> 'ACTION', Detail -> 'User Account Activity - Index'",
        "time" : {
          "start" : 1616718421069,
          "stop" : 1616718465054,
          "duration" : 43985
        }
      }, {
        "uid" : "2ed8ef378cf11f98",
        "status" : "failed",
        "statusDetails" : "  Expected: True\r\n  But was:  False\r\n",
        "time" : {
          "start" : 1616454360140,
          "stop" : 1616454432122,
          "duration" : 71982
        }
      }, {
        "uid" : "adc424724ada77b6",
        "status" : "passed",
        "time" : {
          "start" : 1616208948851,
          "stop" : 1616209014790,
          "duration" : 65939
        }
      }, {
        "uid" : "604013f7feeec241",
        "status" : "failed",
        "statusDetails" : "  Expected: True\r\n  But was:  False\r\n",
        "time" : {
          "start" : 1616116384359,
          "stop" : 1616116427725,
          "duration" : 43366
        }
      }, {
        "uid" : "c34341a7d207d9c2",
        "status" : "failed",
        "statusDetails" : "  Expected: True\r\n  But was:  False\r\n",
        "time" : {
          "start" : 1616025022572,
          "stop" : 1616025078800,
          "duration" : 56228
        }
      }, {
        "uid" : "91051f86f271dbc9",
        "status" : "failed",
        "statusDetails" : "  Expected: True\r\n  But was:  False\r\n",
        "time" : {
          "start" : 1615945380506,
          "stop" : 1615945451817,
          "duration" : 71311
        }
      }, {
        "uid" : "c35928a679ac660e",
        "status" : "failed",
        "statusDetails" : "  Expected: True\r\n  But was:  False\r\n",
        "time" : {
          "start" : 1615854081059,
          "stop" : 1615854150777,
          "duration" : 69718
        }
      }, {
        "uid" : "896892d6cc8a8080",
        "status" : "passed",
        "time" : {
          "start" : 1615651612195,
          "stop" : 1615651676053,
          "duration" : 63858
        }
      }, {
        "uid" : "ed8ea4d1895378fb",
        "status" : "passed",
        "time" : {
          "start" : 1615426869558,
          "stop" : 1615427110662,
          "duration" : 241104
        }
      }, {
        "uid" : "135b2591b8925c36",
        "status" : "failed",
        "statusDetails" : "  Expected: True\r\n  But was:  False\r\n",
        "time" : {
          "start" : 1615435632960,
          "stop" : 1615435701834,
          "duration" : 68874
        }
      }, {
        "uid" : "55c29e3a6a854d01",
        "status" : "passed",
        "time" : {
          "start" : 1615426869558,
          "stop" : 1615427110662,
          "duration" : 241104
        }
      }, {
        "uid" : "57b71fe0a7244209",
        "status" : "failed",
        "statusDetails" : "OpenQA.Selenium.NoSuchElementException : Unable to locate element: //*[@id='grid_ActivityGrid']/tbody/tr[2]/td[9]",
        "time" : {
          "start" : 1615215374127,
          "stop" : 1615215402951,
          "duration" : 28824
        }
      } ]
    },
    "tags" : [ "ACCOUNTACTIVITY.32" ]
  },
  "source" : "35e3f023110b82d3.json",
  "parameterValues" : [ ]
}