{
  "uid" : "793a2b2a915af6e3",
  "name" : "AmineEmissionsImport",
  "fullName" : "BOEM_Tests.Tests.AccessRightSecurity.AmineEmissionsImport",
  "historyId" : "BOEM_Tests.Tests.AccessRightSecurity.AmineEmissionsImport",
  "time" : {
    "start" : 1617666611486,
    "stop" : 1617666652479,
    "duration" : 40993
  },
  "description" : "Ensure Inventory is 2014 Complete Inventory and it is locked. Verify if Amine Emissions Import page can not be accessed.\n",
  "descriptionHtml" : "<p>Ensure Inventory is 2014 Complete Inventory and it is locked. Verify if Amine Emissions Import page can not be accessed.</p>\n",
  "status" : "failed",
  "statusMessage" : "OpenQA.Selenium.NoSuchElementException : Could not find element by: By.XPath: /html/body/div[2]/div[3]/div[2]/div[2]/div[2]/div/div/div/span[1]/a",
  "statusTrace" : "   at BOEM_Tests.Tests.AccessRightSecurity.AmineEmissionsImport() in C:\\Users\\QAOperator\\Documents\\GitHub\\BOEM_Tests\\BOEM\\BOEM_Tests\\Tests\\AccessRightSecurity.cs:line 123",
  "flaky" : false,
  "newFailed" : false,
  "beforeStages" : [ {
    "name" : "PrepareResultsDir",
    "time" : {
      "start" : 1617666652479,
      "stop" : 1617666652479,
      "duration" : 0
    },
    "status" : "passed",
    "steps" : [ ],
    "attachments" : [ ],
    "parameters" : [ ],
    "stepsCount" : 0,
    "hasContent" : false,
    "attachmentsCount" : 0,
    "shouldDisplayMessage" : false
  }, {
    "name" : "Setup_Test",
    "time" : {
      "start" : 1617666652479,
      "stop" : 1617666652479,
      "duration" : 0
    },
    "status" : "passed",
    "steps" : [ ],
    "attachments" : [ ],
    "parameters" : [ ],
    "stepsCount" : 0,
    "hasContent" : false,
    "attachmentsCount" : 0,
    "shouldDisplayMessage" : false
  } ],
  "testStage" : {
    "description" : "Ensure Inventory is 2014 Complete Inventory and it is locked. Verify if Amine Emissions Import page can not be accessed.\n",
    "status" : "failed",
    "statusMessage" : "OpenQA.Selenium.NoSuchElementException : Could not find element by: By.XPath: /html/body/div[2]/div[3]/div[2]/div[2]/div[2]/div/div/div/span[1]/a",
    "statusTrace" : "   at BOEM_Tests.Tests.AccessRightSecurity.AmineEmissionsImport() in C:\\Users\\QAOperator\\Documents\\GitHub\\BOEM_Tests\\BOEM\\BOEM_Tests\\Tests\\AccessRightSecurity.cs:line 123",
    "steps" : [ {
      "name" : "AmineEmissionsImport",
      "time" : {
        "start" : 1617666611486,
        "stop" : 1617666652479,
        "duration" : 40993
      },
      "status" : "failed",
      "statusMessage" : "OpenQA.Selenium.NoSuchElementException : Could not find element by: By.XPath: /html/body/div[2]/div[3]/div[2]/div[2]/div[2]/div/div/div/span[1]/a",
      "statusTrace" : "   at BOEM_Tests.Tests.AccessRightSecurity.AmineEmissionsImport() in C:\\Users\\QAOperator\\Documents\\GitHub\\BOEM_Tests\\BOEM\\BOEM_Tests\\Tests\\AccessRightSecurity.cs:line 123",
      "steps" : [ {
        "name" : "Log in using QA Not Edit user",
        "time" : {
          "start" : 1617666615706,
          "stop" : 1617666649606,
          "duration" : 33900
        },
        "status" : "passed",
        "steps" : [ {
          "name" : "Open login page",
          "time" : {
            "start" : 1617666615706,
            "stop" : 1617666631254,
            "duration" : 15548
          },
          "status" : "passed",
          "steps" : [ ],
          "attachments" : [ ],
          "parameters" : [ ],
          "stepsCount" : 0,
          "hasContent" : false,
          "attachmentsCount" : 0,
          "shouldDisplayMessage" : false
        }, {
          "name" : "Set username to QA_BOEMNotEdit@weblakes.com",
          "time" : {
            "start" : 1617666631254,
            "stop" : 1617666631306,
            "duration" : 52
          },
          "status" : "passed",
          "steps" : [ ],
          "attachments" : [ ],
          "parameters" : [ ],
          "stepsCount" : 0,
          "hasContent" : false,
          "attachmentsCount" : 0,
          "shouldDisplayMessage" : false
        }, {
          "name" : "Set password to ETQvv0Rc5QGf6#125",
          "time" : {
            "start" : 1617666631306,
            "stop" : 1617666631344,
            "duration" : 38
          },
          "status" : "passed",
          "steps" : [ ],
          "attachments" : [ ],
          "parameters" : [ ],
          "stepsCount" : 0,
          "hasContent" : false,
          "attachmentsCount" : 0,
          "shouldDisplayMessage" : false
        }, {
          "name" : "Click on login button",
          "time" : {
            "start" : 1617666631344,
            "stop" : 1617666639594,
            "duration" : 8250
          },
          "status" : "passed",
          "steps" : [ ],
          "attachments" : [ ],
          "parameters" : [ ],
          "stepsCount" : 0,
          "hasContent" : false,
          "attachmentsCount" : 0,
          "shouldDisplayMessage" : false
        } ],
        "attachments" : [ ],
        "parameters" : [ ],
        "stepsCount" : 4,
        "hasContent" : true,
        "attachmentsCount" : 0,
        "shouldDisplayMessage" : false
      }, {
        "name" : "Check and select correct project FAT_BOEM_GOM",
        "time" : {
          "start" : 1617666649606,
          "stop" : 1617666651627,
          "duration" : 2021
        },
        "status" : "failed",
        "statusMessage" : "Could not find element by: By.XPath: /html/body/div[2]/div[3]/div[2]/div[2]/div[2]/div/div/div/span[1]/a",
        "statusTrace" : "   at SeleniumExtras.PageObjects.DefaultElementLocator.LocateElement(IEnumerable`1 bys)\r\n   at SeleniumExtras.PageObjects.WebElementProxy.get_Element()\r\n   at SeleniumExtras.PageObjects.WebElementProxy.Invoke(IMessage msg)\r\n   at System.Runtime.Remoting.Proxies.RealProxy.PrivateInvoke(MessageData& msgData, Int32 type)\r\n   at OpenQA.Selenium.IWebElement.get_Text()\r\n   at BOEM_Tests.PageObjects.SelectProjectPage.__a$_around_CheckAndSelectCorrectProject_100665921_o(String url, String projectName) in C:\\Users\\QAOperator\\Documents\\GitHub\\BOEM_Tests\\BOEM\\BOEM_Tests\\PageObjects\\SelectProject\\SelectProjectPage.cs:line 44\r\n   at BOEM_Tests.PageObjects.SelectProjectPage.__a$_around_CheckAndSelectCorrectProject_100665921_u(Object[] )\r\n   at NUnit.Allure.Steps.AllureStepAspect.WrapStep(String name, MethodBase methodBase, Object[] arguments, Func`2 method)",
        "steps" : [ ],
        "attachments" : [ ],
        "parameters" : [ ],
        "stepsCount" : 0,
        "hasContent" : true,
        "attachmentsCount" : 0,
        "shouldDisplayMessage" : true
      }, {
        "name" : "Taking Screenshot",
        "time" : {
          "start" : 1617666651627,
          "stop" : 1617666651680,
          "duration" : 53
        },
        "status" : "passed",
        "steps" : [ ],
        "attachments" : [ {
          "uid" : "fe45511b17bdb24f",
          "name" : "Attachment Title",
          "source" : "fe45511b17bdb24f.png",
          "type" : "image/png",
          "size" : 80100
        } ],
        "parameters" : [ ],
        "stepsCount" : 0,
        "hasContent" : true,
        "attachmentsCount" : 1,
        "shouldDisplayMessage" : false
      } ],
      "attachments" : [ {
        "uid" : "dd5c59ab5eaee2f2",
        "name" : "Console Output",
        "source" : "dd5c59ab5eaee2f2.txt",
        "type" : "text/plain",
        "size" : 0
      } ],
      "parameters" : [ ],
      "stepsCount" : 7,
      "hasContent" : true,
      "attachmentsCount" : 2,
      "shouldDisplayMessage" : true
    } ],
    "attachments" : [ ],
    "parameters" : [ ],
    "stepsCount" : 8,
    "hasContent" : true,
    "attachmentsCount" : 2,
    "shouldDisplayMessage" : false
  },
  "afterStages" : [ {
    "name" : "TearDown_Test",
    "time" : {
      "start" : 1617666652479,
      "stop" : 1617666652479,
      "duration" : 0
    },
    "status" : "passed",
    "steps" : [ ],
    "attachments" : [ ],
    "parameters" : [ ],
    "stepsCount" : 0,
    "hasContent" : false,
    "attachmentsCount" : 0,
    "shouldDisplayMessage" : false
  } ],
  "labels" : [ {
    "name" : "thread",
    "value" : "NonParallelWorker"
  }, {
    "name" : "host",
    "value" : "QAB01"
  }, {
    "name" : "testClass",
    "value" : "BOEM_Tests.Tests.AccessRightSecurity"
  }, {
    "name" : "testMethod",
    "value" : "AmineEmissionsImport"
  }, {
    "name" : "package",
    "value" : "BOEM_Tests.Tests.AccessRightSecurity"
  }, {
    "name" : "tag",
    "value" : "ACCESSRIGHTSECURITY.2"
  }, {
    "name" : "suite",
    "value" : "AccessRightSecurity"
  }, {
    "name" : "severity",
    "value" : "normal"
  }, {
    "name" : "resultFormat",
    "value" : "allure2"
  } ],
  "parameters" : [ ],
  "links" : [ ],
  "hidden" : false,
  "retry" : false,
  "extra" : {
    "severity" : "normal",
    "retries" : [ ],
    "categories" : [ {
      "name" : "Product defects",
      "matchedStatuses" : [ ],
      "flaky" : false
    } ],
    "history" : {
      "statistic" : {
        "failed" : 20,
        "broken" : 0,
        "skipped" : 0,
        "passed" : 4,
        "unknown" : 0,
        "total" : 24
      },
      "items" : [ {
        "uid" : "c80b844df844a174",
        "status" : "failed",
        "statusDetails" : "System.Exception : (TEST FAILED) A 'Danger Alert' was NOT displayed! Please, check this test's screenshot.",
        "time" : {
          "start" : 1617320832065,
          "stop" : 1617320906283,
          "duration" : 74218
        }
      }, {
        "uid" : "9829e1406e398198",
        "status" : "failed",
        "statusDetails" : "System.Exception : (TEST FAILED) A 'Danger Alert' was NOT displayed! Please, check this test's screenshot.",
        "time" : {
          "start" : 1617144139248,
          "stop" : 1617144213138,
          "duration" : 73890
        }
      }, {
        "uid" : "157ab8e890d19556",
        "status" : "failed",
        "statusDetails" : "System.Exception : (TEST FAILED) A 'Danger Alert' was NOT displayed! Please, check this test's screenshot.",
        "time" : {
          "start" : 1617059816469,
          "stop" : 1617059886789,
          "duration" : 70320
        }
      }, {
        "uid" : "9c9fc11c936712a1",
        "status" : "failed",
        "statusDetails" : "System.Exception : (TEST FAILED) A 'Danger Alert' was NOT displayed! Please, check this test's screenshot.",
        "time" : {
          "start" : 1616812700489,
          "stop" : 1616812774552,
          "duration" : 74063
        }
      }, {
        "uid" : "932afdcab1441c8b",
        "status" : "failed",
        "statusDetails" : "System.Exception : (TEST FAILED) A 'Danger Alert' was NOT displayed! Please, check this test's screenshot.",
        "time" : {
          "start" : 1616713718718,
          "stop" : 1616713778409,
          "duration" : 59691
        }
      }, {
        "uid" : "41fdfca1cdda9cae",
        "status" : "failed",
        "statusDetails" : "  Expected: True\r\n  But was:  False\r\n",
        "time" : {
          "start" : 1616449722761,
          "stop" : 1616449783227,
          "duration" : 60466
        }
      }, {
        "uid" : "19a9a086a85430d4",
        "status" : "failed",
        "statusDetails" : "  Expected: True\r\n  But was:  False\r\n",
        "time" : {
          "start" : 1616204418783,
          "stop" : 1616204477861,
          "duration" : 59078
        }
      }, {
        "uid" : "8fd76db354d83c91",
        "status" : "failed",
        "statusDetails" : "  Expected: True\r\n  But was:  False\r\n",
        "time" : {
          "start" : 1616111625385,
          "stop" : 1616111686181,
          "duration" : 60796
        }
      }, {
        "uid" : "be8952beb8ca8ad9",
        "status" : "failed",
        "statusDetails" : "  Expected: True\r\n  But was:  False\r\n",
        "time" : {
          "start" : 1616020276142,
          "stop" : 1616020335392,
          "duration" : 59250
        }
      }, {
        "uid" : "fa7d891409863ac",
        "status" : "failed",
        "statusDetails" : "  Expected: True\r\n  But was:  False\r\n",
        "time" : {
          "start" : 1615940512139,
          "stop" : 1615940638004,
          "duration" : 125865
        }
      }, {
        "uid" : "dd0f2f000612d1a3",
        "status" : "failed",
        "statusDetails" : "  Expected: True\r\n  But was:  False\r\n",
        "time" : {
          "start" : 1615849409981,
          "stop" : 1615849455964,
          "duration" : 45983
        }
      }, {
        "uid" : "632697b2825abfe1",
        "status" : "failed",
        "statusDetails" : "  Expected: True\r\n  But was:  False\r\n",
        "time" : {
          "start" : 1615647033371,
          "stop" : 1615647076026,
          "duration" : 42655
        }
      }, {
        "uid" : "b826b5260ab986dd",
        "status" : "failed",
        "statusDetails" : "  Expected: True\r\n  But was:  False\r\n",
        "time" : {
          "start" : 1615352865447,
          "stop" : 1615352957745,
          "duration" : 92298
        }
      }, {
        "uid" : "1de7081e317fb62d",
        "status" : "failed",
        "statusDetails" : "  Expected: True\r\n  But was:  False\r\n",
        "time" : {
          "start" : 1615430677332,
          "stop" : 1615430764184,
          "duration" : 86852
        }
      }, {
        "uid" : "2fdafbbd5a3f289d",
        "status" : "failed",
        "statusDetails" : "  Expected: True\r\n  But was:  False\r\n",
        "time" : {
          "start" : 1615352865447,
          "stop" : 1615352957745,
          "duration" : 92298
        }
      }, {
        "uid" : "dd34c758e949718c",
        "status" : "failed",
        "statusDetails" : "OpenQA.Selenium.NoSuchElementException : Could not find element by: By.XPath: /html/body/div[2]/div[3]/div[2]/div[2]/div[2]/div/div/div/span[1]/a",
        "time" : {
          "start" : 1615213090977,
          "stop" : 1615213120080,
          "duration" : 29103
        }
      }, {
        "uid" : "bafb30f237c77947",
        "status" : "failed",
        "statusDetails" : "  Expected: True\r\n  But was:  False\r\n",
        "time" : {
          "start" : 1614796108099,
          "stop" : 1614796146005,
          "duration" : 37906
        }
      }, {
        "uid" : "41c2e2fdfc2ad7c5",
        "status" : "failed",
        "statusDetails" : "  Expected: True\r\n  But was:  False\r\n",
        "time" : {
          "start" : 1613563142939,
          "stop" : 1613563199878,
          "duration" : 56939
        }
      }, {
        "uid" : "182360c522dfc0e2",
        "status" : "failed",
        "statusDetails" : "OpenQA.Selenium.NoSuchElementException : Unable to locate element: //div[@id='page-wrapper']/div[1]/div/ul/li[2]/a/span",
        "time" : {
          "start" : 1611844161516,
          "stop" : 1611844192685,
          "duration" : 31169
        }
      }, {
        "uid" : "326c976aa8a6ec77",
        "status" : "passed",
        "time" : {
          "start" : 1609876162183,
          "stop" : 1609876247898,
          "duration" : 85715
        }
      } ]
    },
    "tags" : [ "ACCESSRIGHTSECURITY.2" ]
  },
  "source" : "793a2b2a915af6e3.json",
  "parameterValues" : [ ]
}