{
  "uid" : "8faf2a7cf8c1429c",
  "name" : "AccessFeatureViewGroupDetailsLogsActivity",
  "fullName" : "BOEM_Tests.Tests.AccountActivity.AccessFeatureViewGroupDetailsLogsActivity",
  "historyId" : "BOEM_Tests.Tests.AccountActivity.AccessFeatureViewGroupDetailsLogsActivity",
  "time" : {
    "start" : 1617746838805,
    "stop" : 1617746875634,
    "duration" : 36829
  },
  "description" : "Access Feature : View Group Details, logs activity\n",
  "descriptionHtml" : "<p>Access Feature : View Group Details, logs activity</p>\n",
  "status" : "failed",
  "statusMessage" : "System.Exception : (TEST FAILED) Expected: Activity -> 'ACTION-ADMIN', Detail -> 'Admin Groups - Details:3'\nBut was: Activity -> 'ACTION-ADMIN', Detail -> 'Groups - Details:3'",
  "statusTrace" : "   at BOEM_Tests.Tests.AccountActivity.AccessFeatureViewGroupDetailsLogsActivity() in C:\\Users\\QAOperator\\Documents\\GitHub\\BOEM_Tests\\BOEM\\BOEM_Tests\\Tests\\AccountActivity.cs:line 399",
  "flaky" : true,
  "newFailed" : true,
  "beforeStages" : [ {
    "name" : "PrepareResultsDir",
    "time" : {
      "start" : 1617746875634,
      "stop" : 1617746875634,
      "duration" : 0
    },
    "status" : "passed",
    "steps" : [ ],
    "attachments" : [ ],
    "parameters" : [ ],
    "attachmentsCount" : 0,
    "shouldDisplayMessage" : false,
    "hasContent" : false,
    "stepsCount" : 0
  }, {
    "name" : "Setup_Test",
    "time" : {
      "start" : 1617746875634,
      "stop" : 1617746875634,
      "duration" : 0
    },
    "status" : "passed",
    "steps" : [ ],
    "attachments" : [ ],
    "parameters" : [ ],
    "attachmentsCount" : 0,
    "shouldDisplayMessage" : false,
    "hasContent" : false,
    "stepsCount" : 0
  } ],
  "testStage" : {
    "description" : "Access Feature : View Group Details, logs activity\n",
    "status" : "failed",
    "statusMessage" : "System.Exception : (TEST FAILED) Expected: Activity -> 'ACTION-ADMIN', Detail -> 'Admin Groups - Details:3'\nBut was: Activity -> 'ACTION-ADMIN', Detail -> 'Groups - Details:3'",
    "statusTrace" : "   at BOEM_Tests.Tests.AccountActivity.AccessFeatureViewGroupDetailsLogsActivity() in C:\\Users\\QAOperator\\Documents\\GitHub\\BOEM_Tests\\BOEM\\BOEM_Tests\\Tests\\AccountActivity.cs:line 399",
    "steps" : [ {
      "name" : "AccessFeatureViewGroupDetailsLogsActivity",
      "time" : {
        "start" : 1617746838805,
        "stop" : 1617746875634,
        "duration" : 36829
      },
      "status" : "failed",
      "statusMessage" : "System.Exception : (TEST FAILED) Expected: Activity -> 'ACTION-ADMIN', Detail -> 'Admin Groups - Details:3'\nBut was: Activity -> 'ACTION-ADMIN', Detail -> 'Groups - Details:3'",
      "statusTrace" : "   at BOEM_Tests.Tests.AccountActivity.AccessFeatureViewGroupDetailsLogsActivity() in C:\\Users\\QAOperator\\Documents\\GitHub\\BOEM_Tests\\BOEM\\BOEM_Tests\\Tests\\AccountActivity.cs:line 399",
      "steps" : [ {
        "name" : "Log in using QA user",
        "time" : {
          "start" : 1617746843029,
          "stop" : 1617746858741,
          "duration" : 15712
        },
        "status" : "passed",
        "steps" : [ {
          "name" : "Open login page",
          "time" : {
            "start" : 1617746843029,
            "stop" : 1617746843718,
            "duration" : 689
          },
          "status" : "passed",
          "steps" : [ ],
          "attachments" : [ ],
          "parameters" : [ ],
          "attachmentsCount" : 0,
          "shouldDisplayMessage" : false,
          "hasContent" : false,
          "stepsCount" : 0
        }, {
          "name" : "Set username to qa_boem@weblakes.com",
          "time" : {
            "start" : 1617746843718,
            "stop" : 1617746843757,
            "duration" : 39
          },
          "status" : "passed",
          "steps" : [ ],
          "attachments" : [ ],
          "parameters" : [ ],
          "attachmentsCount" : 0,
          "shouldDisplayMessage" : false,
          "hasContent" : false,
          "stepsCount" : 0
        }, {
          "name" : "Set password to e45eT%0n^SpXdsb2",
          "time" : {
            "start" : 1617746843757,
            "stop" : 1617746843786,
            "duration" : 29
          },
          "status" : "passed",
          "steps" : [ ],
          "attachments" : [ ],
          "parameters" : [ ],
          "attachmentsCount" : 0,
          "shouldDisplayMessage" : false,
          "hasContent" : false,
          "stepsCount" : 0
        }, {
          "name" : "Click on login button",
          "time" : {
            "start" : 1617746843786,
            "stop" : 1617746848740,
            "duration" : 4954
          },
          "status" : "passed",
          "steps" : [ ],
          "attachments" : [ ],
          "parameters" : [ ],
          "attachmentsCount" : 0,
          "shouldDisplayMessage" : false,
          "hasContent" : false,
          "stepsCount" : 0
        } ],
        "attachments" : [ ],
        "parameters" : [ ],
        "attachmentsCount" : 0,
        "shouldDisplayMessage" : false,
        "hasContent" : true,
        "stepsCount" : 4
      }, {
        "name" : "Check inventory 2017 - 2017 Complete Inventory",
        "time" : {
          "start" : 1617746858741,
          "stop" : 1617746861765,
          "duration" : 3024
        },
        "status" : "passed",
        "steps" : [ ],
        "attachments" : [ ],
        "parameters" : [ ],
        "attachmentsCount" : 0,
        "shouldDisplayMessage" : false,
        "hasContent" : false,
        "stepsCount" : 0
      }, {
        "name" : "Access relative URL OpenQA.Selenium.Firefox.FirefoxDriver",
        "time" : {
          "start" : 1617746861765,
          "stop" : 1617746862464,
          "duration" : 699
        },
        "status" : "passed",
        "steps" : [ ],
        "attachments" : [ ],
        "parameters" : [ ],
        "attachmentsCount" : 0,
        "shouldDisplayMessage" : false,
        "hasContent" : false,
        "stepsCount" : 0
      }, {
        "name" : "Wait 1000 ms",
        "time" : {
          "start" : 1617746862464,
          "stop" : 1617746863473,
          "duration" : 1009
        },
        "status" : "passed",
        "steps" : [ ],
        "attachments" : [ ],
        "parameters" : [ ],
        "attachmentsCount" : 0,
        "shouldDisplayMessage" : false,
        "hasContent" : false,
        "stepsCount" : 0
      }, {
        "name" : "Access relative URL OpenQA.Selenium.Firefox.FirefoxDriver",
        "time" : {
          "start" : 1617746863473,
          "stop" : 1617746864753,
          "duration" : 1280
        },
        "status" : "passed",
        "steps" : [ ],
        "attachments" : [ ],
        "parameters" : [ ],
        "attachmentsCount" : 0,
        "shouldDisplayMessage" : false,
        "hasContent" : false,
        "stepsCount" : 0
      }, {
        "name" : "Check row 2 - ACTION-ADMIN - Admin Groups - Details:3 on account activity grid",
        "time" : {
          "start" : 1617746864753,
          "stop" : 1617746874773,
          "duration" : 10020
        },
        "status" : "failed",
        "statusMessage" : "(TEST FAILED) Expected: Activity -> 'ACTION-ADMIN', Detail -> 'Admin Groups - Details:3'\nBut was: Activity -> 'ACTION-ADMIN', Detail -> 'Groups - Details:3'",
        "statusTrace" : "   at BOEM_Tests.PageObjects.SettingsPage.__a$_around_CheckRowAccountActivity_100665996_o(Int32 row, String activity, String detail) in C:\\Users\\QAOperator\\Documents\\GitHub\\BOEM_Tests\\BOEM\\BOEM_Tests\\PageObjects\\Settings\\SettingsPage.cs:line 432\r\n   at BOEM_Tests.PageObjects.SettingsPage.__a$_around_CheckRowAccountActivity_100665996_u(Object[] )\r\n   at NUnit.Allure.Steps.AllureStepAspect.WrapStep(String name, MethodBase methodBase, Object[] arguments, Func`2 method)",
        "steps" : [ ],
        "attachments" : [ ],
        "parameters" : [ ],
        "attachmentsCount" : 0,
        "shouldDisplayMessage" : true,
        "hasContent" : true,
        "stepsCount" : 0
      }, {
        "name" : "Taking Screenshot",
        "time" : {
          "start" : 1617746874773,
          "stop" : 1617746874843,
          "duration" : 70
        },
        "status" : "passed",
        "steps" : [ ],
        "attachments" : [ {
          "uid" : "5404aaef343c042b",
          "name" : "Attachment Title",
          "source" : "5404aaef343c042b.png",
          "type" : "image/png",
          "size" : 71260
        } ],
        "parameters" : [ ],
        "attachmentsCount" : 1,
        "shouldDisplayMessage" : false,
        "hasContent" : true,
        "stepsCount" : 0
      } ],
      "attachments" : [ {
        "uid" : "8f97b811e7662dfb",
        "name" : "Console Output",
        "source" : "8f97b811e7662dfb.txt",
        "type" : "text/plain",
        "size" : 0
      } ],
      "parameters" : [ ],
      "attachmentsCount" : 2,
      "shouldDisplayMessage" : true,
      "hasContent" : true,
      "stepsCount" : 11
    } ],
    "attachments" : [ ],
    "parameters" : [ ],
    "attachmentsCount" : 2,
    "shouldDisplayMessage" : false,
    "hasContent" : true,
    "stepsCount" : 12
  },
  "afterStages" : [ {
    "name" : "TearDown_Test",
    "time" : {
      "start" : 1617746875634,
      "stop" : 1617746875634,
      "duration" : 0
    },
    "status" : "passed",
    "steps" : [ ],
    "attachments" : [ ],
    "parameters" : [ ],
    "attachmentsCount" : 0,
    "shouldDisplayMessage" : false,
    "hasContent" : false,
    "stepsCount" : 0
  } ],
  "labels" : [ {
    "name" : "thread",
    "value" : "NonParallelWorker"
  }, {
    "name" : "host",
    "value" : "QAB01"
  }, {
    "name" : "testClass",
    "value" : "BOEM_Tests.Tests.AccountActivity"
  }, {
    "name" : "testMethod",
    "value" : "AccessFeatureViewGroupDetailsLogsActivity"
  }, {
    "name" : "package",
    "value" : "BOEM_Tests.Tests.AccountActivity"
  }, {
    "name" : "tag",
    "value" : "ACCOUNTACTIVITY.10"
  }, {
    "name" : "suite",
    "value" : "AccountActivity"
  }, {
    "name" : "severity",
    "value" : "normal"
  }, {
    "name" : "resultFormat",
    "value" : "allure2"
  } ],
  "parameters" : [ ],
  "links" : [ ],
  "hidden" : false,
  "retry" : false,
  "extra" : {
    "severity" : "normal",
    "retries" : [ ],
    "categories" : [ {
      "name" : "Product defects",
      "matchedStatuses" : [ ],
      "flaky" : false
    } ],
    "history" : {
      "statistic" : {
        "failed" : 5,
        "broken" : 0,
        "skipped" : 0,
        "passed" : 15,
        "unknown" : 0,
        "total" : 20
      },
      "items" : [ {
        "uid" : "7a90125c7a7ee88b",
        "status" : "passed",
        "time" : {
          "start" : 1617669844944,
          "stop" : 1617669881942,
          "duration" : 36998
        }
      }, {
        "uid" : "67a203a79db3c143",
        "status" : "passed",
        "time" : {
          "start" : 1617324047436,
          "stop" : 1617324099055,
          "duration" : 51619
        }
      }, {
        "uid" : "d1608719ac6a2aac",
        "status" : "passed",
        "time" : {
          "start" : 1617147409071,
          "stop" : 1617147474797,
          "duration" : 65726
        }
      }, {
        "uid" : "ca0b261fb835421a",
        "status" : "passed",
        "time" : {
          "start" : 1617063062959,
          "stop" : 1617063113655,
          "duration" : 50696
        }
      }, {
        "uid" : "dd2b51dc9a233dc3",
        "status" : "passed",
        "time" : {
          "start" : 1616815737487,
          "stop" : 1616815794717,
          "duration" : 57230
        }
      }, {
        "uid" : "2e6571a21b1150ca",
        "status" : "failed",
        "statusDetails" : "System.Exception : Expected: Activity -> 'ACTION-ADMIN', Detail -> 'View Groups - Details:3'\nBut was: Activity -> 'ACTION', Detail -> 'User Account Activity - Index'",
        "time" : {
          "start" : 1616716992693,
          "stop" : 1616717043373,
          "duration" : 50680
        }
      }, {
        "uid" : "bd9149c7c00037bd",
        "status" : "passed",
        "time" : {
          "start" : 1616452975492,
          "stop" : 1616453014686,
          "duration" : 39194
        }
      }, {
        "uid" : "c01e3f6d593b707",
        "status" : "passed",
        "time" : {
          "start" : 1616207563664,
          "stop" : 1616207616282,
          "duration" : 52618
        }
      }, {
        "uid" : "5aa12308c4418a8f",
        "status" : "passed",
        "time" : {
          "start" : 1616114942644,
          "stop" : 1616114981313,
          "duration" : 38669
        }
      }, {
        "uid" : "e4f9eeb0bec3399a",
        "status" : "passed",
        "time" : {
          "start" : 1616023577972,
          "stop" : 1616023626636,
          "duration" : 48664
        }
      }, {
        "uid" : "96f6ee8d1f189071",
        "status" : "passed",
        "time" : {
          "start" : 1615943996797,
          "stop" : 1615944064311,
          "duration" : 67514
        }
      }, {
        "uid" : "bba31218fbcea61a",
        "status" : "passed",
        "time" : {
          "start" : 1615852713863,
          "stop" : 1615852753800,
          "duration" : 39937
        }
      }, {
        "uid" : "b3e32549503a55fa",
        "status" : "passed",
        "time" : {
          "start" : 1615650219956,
          "stop" : 1615650271608,
          "duration" : 51652
        }
      }, {
        "uid" : "ea3f658d505f7fb",
        "status" : "passed",
        "time" : {
          "start" : 1615423791361,
          "stop" : 1615423876473,
          "duration" : 85112
        }
      }, {
        "uid" : "74586850f05a250e",
        "status" : "passed",
        "time" : {
          "start" : 1615433986626,
          "stop" : 1615434099937,
          "duration" : 113311
        }
      }, {
        "uid" : "16cacd22d8f1e28b",
        "status" : "passed",
        "time" : {
          "start" : 1615423791361,
          "stop" : 1615423876473,
          "duration" : 85112
        }
      }, {
        "uid" : "4173604ae94309eb",
        "status" : "failed",
        "statusDetails" : "OpenQA.Selenium.NoSuchElementException : Unable to locate element: //div[@id='page-wrapper']/div[1]/div/ul/li[2]/a/span",
        "time" : {
          "start" : 1615214898229,
          "stop" : 1615214909144,
          "duration" : 10915
        }
      }, {
        "uid" : "98ef9bcc816a8d55",
        "status" : "failed",
        "statusDetails" : "  Expected: True\r\n  But was:  False\r\n",
        "time" : {
          "start" : 1614797817840,
          "stop" : 1614797844823,
          "duration" : 26983
        }
      }, {
        "uid" : "949885d183d98090",
        "status" : "failed",
        "statusDetails" : "  Expected: True\r\n  But was:  False\r\n",
        "time" : {
          "start" : 1613607460130,
          "stop" : 1613607509065,
          "duration" : 48935
        }
      } ]
    },
    "tags" : [ "ACCOUNTACTIVITY.10" ]
  },
  "source" : "8faf2a7cf8c1429c.json",
  "parameterValues" : [ ]
}