{
  "uid" : "972c8f641dc4f6f2",
  "name" : "AccessFeatureUserAccountActivityLogsActivity",
  "fullName" : "BOEM_Tests.Tests.AccountActivity.AccessFeatureUserAccountActivityLogsActivity",
  "historyId" : "BOEM_Tests.Tests.AccountActivity.AccessFeatureUserAccountActivityLogsActivity",
  "time" : {
    "start" : 1617747434393,
    "stop" : 1617747472685,
    "duration" : 38292
  },
  "description" : "Access feature : User Account Activity Logs Activity\n",
  "descriptionHtml" : "<p>Access feature : User Account Activity Logs Activity</p>\n",
  "status" : "failed",
  "statusMessage" : "System.Exception : (TEST FAILED) Expected: Activity -> 'ACTION', Detail -> 'All User Account Activity - Index'\nBut was: Activity -> 'LOG ON', Detail -> ''",
  "statusTrace" : "   at BOEM_Tests.Tests.AccountActivity.AccessFeatureUserAccountActivityLogsActivity() in C:\\Users\\QAOperator\\Documents\\GitHub\\BOEM_Tests\\BOEM\\BOEM_Tests\\Tests\\AccountActivity.cs:line 737",
  "flaky" : true,
  "newFailed" : false,
  "beforeStages" : [ {
    "name" : "PrepareResultsDir",
    "time" : {
      "start" : 1617747472685,
      "stop" : 1617747472685,
      "duration" : 0
    },
    "status" : "passed",
    "steps" : [ ],
    "attachments" : [ ],
    "parameters" : [ ],
    "attachmentsCount" : 0,
    "shouldDisplayMessage" : false,
    "hasContent" : false,
    "stepsCount" : 0
  }, {
    "name" : "Setup_Test",
    "time" : {
      "start" : 1617747472685,
      "stop" : 1617747472685,
      "duration" : 0
    },
    "status" : "passed",
    "steps" : [ ],
    "attachments" : [ ],
    "parameters" : [ ],
    "attachmentsCount" : 0,
    "shouldDisplayMessage" : false,
    "hasContent" : false,
    "stepsCount" : 0
  } ],
  "testStage" : {
    "description" : "Access feature : User Account Activity Logs Activity\n",
    "status" : "failed",
    "statusMessage" : "System.Exception : (TEST FAILED) Expected: Activity -> 'ACTION', Detail -> 'All User Account Activity - Index'\nBut was: Activity -> 'LOG ON', Detail -> ''",
    "statusTrace" : "   at BOEM_Tests.Tests.AccountActivity.AccessFeatureUserAccountActivityLogsActivity() in C:\\Users\\QAOperator\\Documents\\GitHub\\BOEM_Tests\\BOEM\\BOEM_Tests\\Tests\\AccountActivity.cs:line 737",
    "steps" : [ {
      "name" : "AccessFeatureUserAccountActivityLogsActivity",
      "time" : {
        "start" : 1617747434393,
        "stop" : 1617747472685,
        "duration" : 38292
      },
      "status" : "failed",
      "statusMessage" : "System.Exception : (TEST FAILED) Expected: Activity -> 'ACTION', Detail -> 'All User Account Activity - Index'\nBut was: Activity -> 'LOG ON', Detail -> ''",
      "statusTrace" : "   at BOEM_Tests.Tests.AccountActivity.AccessFeatureUserAccountActivityLogsActivity() in C:\\Users\\QAOperator\\Documents\\GitHub\\BOEM_Tests\\BOEM\\BOEM_Tests\\Tests\\AccountActivity.cs:line 737",
      "steps" : [ {
        "name" : "Log in using QA user",
        "time" : {
          "start" : 1617747438579,
          "stop" : 1617747454375,
          "duration" : 15796
        },
        "status" : "passed",
        "steps" : [ {
          "name" : "Open login page",
          "time" : {
            "start" : 1617747438579,
            "stop" : 1617747439291,
            "duration" : 712
          },
          "status" : "passed",
          "steps" : [ ],
          "attachments" : [ ],
          "parameters" : [ ],
          "attachmentsCount" : 0,
          "shouldDisplayMessage" : false,
          "hasContent" : false,
          "stepsCount" : 0
        }, {
          "name" : "Set username to qa_boem@weblakes.com",
          "time" : {
            "start" : 1617747439291,
            "stop" : 1617747439330,
            "duration" : 39
          },
          "status" : "passed",
          "steps" : [ ],
          "attachments" : [ ],
          "parameters" : [ ],
          "attachmentsCount" : 0,
          "shouldDisplayMessage" : false,
          "hasContent" : false,
          "stepsCount" : 0
        }, {
          "name" : "Set password to e45eT%0n^SpXdsb2",
          "time" : {
            "start" : 1617747439330,
            "stop" : 1617747439366,
            "duration" : 36
          },
          "status" : "passed",
          "steps" : [ ],
          "attachments" : [ ],
          "parameters" : [ ],
          "attachmentsCount" : 0,
          "shouldDisplayMessage" : false,
          "hasContent" : false,
          "stepsCount" : 0
        }, {
          "name" : "Click on login button",
          "time" : {
            "start" : 1617747439366,
            "stop" : 1617747444373,
            "duration" : 5007
          },
          "status" : "passed",
          "steps" : [ ],
          "attachments" : [ ],
          "parameters" : [ ],
          "attachmentsCount" : 0,
          "shouldDisplayMessage" : false,
          "hasContent" : false,
          "stepsCount" : 0
        } ],
        "attachments" : [ ],
        "parameters" : [ ],
        "attachmentsCount" : 0,
        "shouldDisplayMessage" : false,
        "hasContent" : true,
        "stepsCount" : 4
      }, {
        "name" : "Check inventory 2017 - 2017 Complete Inventory",
        "time" : {
          "start" : 1617747454375,
          "stop" : 1617747457399,
          "duration" : 3024
        },
        "status" : "passed",
        "steps" : [ ],
        "attachments" : [ ],
        "parameters" : [ ],
        "attachmentsCount" : 0,
        "shouldDisplayMessage" : false,
        "hasContent" : false,
        "stepsCount" : 0
      }, {
        "name" : "Access relative URL OpenQA.Selenium.Firefox.FirefoxDriver",
        "time" : {
          "start" : 1617747457399,
          "stop" : 1617747457816,
          "duration" : 417
        },
        "status" : "passed",
        "steps" : [ ],
        "attachments" : [ ],
        "parameters" : [ ],
        "attachmentsCount" : 0,
        "shouldDisplayMessage" : false,
        "hasContent" : false,
        "stepsCount" : 0
      }, {
        "name" : "Wait 3000 ms",
        "time" : {
          "start" : 1617747457816,
          "stop" : 1617747460823,
          "duration" : 3007
        },
        "status" : "passed",
        "steps" : [ ],
        "attachments" : [ ],
        "parameters" : [ ],
        "attachmentsCount" : 0,
        "shouldDisplayMessage" : false,
        "hasContent" : false,
        "stepsCount" : 0
      }, {
        "name" : "Access relative URL OpenQA.Selenium.Firefox.FirefoxDriver",
        "time" : {
          "start" : 1617747460823,
          "stop" : 1617747461764,
          "duration" : 941
        },
        "status" : "passed",
        "steps" : [ ],
        "attachments" : [ ],
        "parameters" : [ ],
        "attachmentsCount" : 0,
        "shouldDisplayMessage" : false,
        "hasContent" : false,
        "stepsCount" : 0
      }, {
        "name" : "Check row 1 - ACTION - All User Account Activity - Index on account activity grid",
        "time" : {
          "start" : 1617747461764,
          "stop" : 1617747471777,
          "duration" : 10013
        },
        "status" : "failed",
        "statusMessage" : "(TEST FAILED) Expected: Activity -> 'ACTION', Detail -> 'All User Account Activity - Index'\nBut was: Activity -> 'LOG ON', Detail -> ''",
        "statusTrace" : "   at BOEM_Tests.PageObjects.SettingsPage.__a$_around_CheckRowAccountActivity_100665996_o(Int32 row, String activity, String detail) in C:\\Users\\QAOperator\\Documents\\GitHub\\BOEM_Tests\\BOEM\\BOEM_Tests\\PageObjects\\Settings\\SettingsPage.cs:line 432\r\n   at BOEM_Tests.PageObjects.SettingsPage.__a$_around_CheckRowAccountActivity_100665996_u(Object[] )\r\n   at NUnit.Allure.Steps.AllureStepAspect.WrapStep(String name, MethodBase methodBase, Object[] arguments, Func`2 method)",
        "steps" : [ ],
        "attachments" : [ ],
        "parameters" : [ ],
        "attachmentsCount" : 0,
        "shouldDisplayMessage" : true,
        "hasContent" : true,
        "stepsCount" : 0
      }, {
        "name" : "Taking Screenshot",
        "time" : {
          "start" : 1617747471793,
          "stop" : 1617747471862,
          "duration" : 69
        },
        "status" : "passed",
        "steps" : [ ],
        "attachments" : [ {
          "uid" : "6bd9d23d9869a5ae",
          "name" : "Attachment Title",
          "source" : "6bd9d23d9869a5ae.png",
          "type" : "image/png",
          "size" : 69616
        } ],
        "parameters" : [ ],
        "attachmentsCount" : 1,
        "shouldDisplayMessage" : false,
        "hasContent" : true,
        "stepsCount" : 0
      } ],
      "attachments" : [ {
        "uid" : "d9ed7d2444946df8",
        "name" : "Console Output",
        "source" : "d9ed7d2444946df8.txt",
        "type" : "text/plain",
        "size" : 0
      } ],
      "parameters" : [ ],
      "attachmentsCount" : 2,
      "shouldDisplayMessage" : true,
      "hasContent" : true,
      "stepsCount" : 11
    } ],
    "attachments" : [ ],
    "parameters" : [ ],
    "attachmentsCount" : 2,
    "shouldDisplayMessage" : false,
    "hasContent" : true,
    "stepsCount" : 12
  },
  "afterStages" : [ {
    "name" : "TearDown_Test",
    "time" : {
      "start" : 1617747472685,
      "stop" : 1617747472685,
      "duration" : 0
    },
    "status" : "passed",
    "steps" : [ ],
    "attachments" : [ ],
    "parameters" : [ ],
    "attachmentsCount" : 0,
    "shouldDisplayMessage" : false,
    "hasContent" : false,
    "stepsCount" : 0
  } ],
  "labels" : [ {
    "name" : "thread",
    "value" : "NonParallelWorker"
  }, {
    "name" : "host",
    "value" : "QAB01"
  }, {
    "name" : "testClass",
    "value" : "BOEM_Tests.Tests.AccountActivity"
  }, {
    "name" : "testMethod",
    "value" : "AccessFeatureUserAccountActivityLogsActivity"
  }, {
    "name" : "package",
    "value" : "BOEM_Tests.Tests.AccountActivity"
  }, {
    "name" : "tag",
    "value" : "ACCOUNTACTIVITY.20"
  }, {
    "name" : "suite",
    "value" : "AccountActivity"
  }, {
    "name" : "severity",
    "value" : "normal"
  }, {
    "name" : "resultFormat",
    "value" : "allure2"
  } ],
  "parameters" : [ ],
  "links" : [ ],
  "hidden" : false,
  "retry" : false,
  "extra" : {
    "severity" : "normal",
    "retries" : [ ],
    "categories" : [ {
      "name" : "Product defects",
      "matchedStatuses" : [ ],
      "flaky" : false
    } ],
    "history" : {
      "statistic" : {
        "failed" : 10,
        "broken" : 0,
        "skipped" : 0,
        "passed" : 10,
        "unknown" : 0,
        "total" : 20
      },
      "items" : [ {
        "uid" : "60cbe17945237dae",
        "status" : "failed",
        "statusDetails" : "System.Exception : (TEST FAILED) Expected: Activity -> 'ACTION', Detail -> 'All User Account Activity - Index'\nBut was: Activity -> 'ACTION', Detail -> 'User Account Activity - Index'",
        "time" : {
          "start" : 1617670631349,
          "stop" : 1617670683828,
          "duration" : 52479
        }
      }, {
        "uid" : "a922f6c573c79b8",
        "status" : "failed",
        "statusDetails" : "System.Exception : (TEST FAILED) Expected: Activity -> 'ACTION', Detail -> 'All User Account Activity - Index'\nBut was: Activity -> 'ACTION', Detail -> 'User Account Activity - Index'",
        "time" : {
          "start" : 1617324856375,
          "stop" : 1617324909265,
          "duration" : 52890
        }
      }, {
        "uid" : "a7ee8d7a957fa250",
        "status" : "failed",
        "statusDetails" : "System.Exception : (TEST FAILED) Expected: Activity -> 'ACTION', Detail -> 'All User Account Activity - Index'\nBut was: Activity -> 'ACTION', Detail -> 'User Account Activity - Index'",
        "time" : {
          "start" : 1617148180386,
          "stop" : 1617148247675,
          "duration" : 67289
        }
      }, {
        "uid" : "f3e962389372f8d7",
        "status" : "failed",
        "statusDetails" : "System.Exception : Expected: Activity -> 'ACTION', Detail -> 'All User Account Activity - Index'\nBut was: Activity -> 'ACTION', Detail -> 'User Account Activity - Index'",
        "time" : {
          "start" : 1617063694945,
          "stop" : 1617063747498,
          "duration" : 52553
        }
      }, {
        "uid" : "2e215737714a5129",
        "status" : "failed",
        "statusDetails" : "System.Exception : Expected: Activity -> 'ACTION', Detail -> 'View User Account Activity - Grid'\nBut was: Activity -> 'ACTION', Detail -> 'User Account Activity - Index'",
        "time" : {
          "start" : 1616816478086,
          "stop" : 1616816543095,
          "duration" : 65009
        }
      }, {
        "uid" : "b844853b38d68c8",
        "status" : "failed",
        "statusDetails" : "System.Exception : Expected: Activity -> 'ACTION', Detail -> 'View User Account Activity - Grid'\nBut was: Activity -> 'ACTION', Detail -> 'User Account Activity - Index'",
        "time" : {
          "start" : 1616717717484,
          "stop" : 1616717769490,
          "duration" : 52006
        }
      }, {
        "uid" : "c90a8cacf9827952",
        "status" : "passed",
        "time" : {
          "start" : 1616453600769,
          "stop" : 1616453668133,
          "duration" : 67364
        }
      }, {
        "uid" : "35544456d11c6e0e",
        "status" : "passed",
        "time" : {
          "start" : 1616208288715,
          "stop" : 1616208341496,
          "duration" : 52781
        }
      }, {
        "uid" : "3d83a16678703646",
        "status" : "passed",
        "time" : {
          "start" : 1616115683425,
          "stop" : 1616115733495,
          "duration" : 50070
        }
      }, {
        "uid" : "6241075adfb2399b",
        "status" : "passed",
        "time" : {
          "start" : 1616024326161,
          "stop" : 1616024378093,
          "duration" : 51932
        }
      }, {
        "uid" : "3b6fa3157b2fe226",
        "status" : "passed",
        "time" : {
          "start" : 1615944708393,
          "stop" : 1615944761017,
          "duration" : 52624
        }
      }, {
        "uid" : "a93ff7060b01dabc",
        "status" : "passed",
        "time" : {
          "start" : 1615853389953,
          "stop" : 1615853455749,
          "duration" : 65796
        }
      }, {
        "uid" : "9e4e30d6e65fc15",
        "status" : "passed",
        "time" : {
          "start" : 1615650951037,
          "stop" : 1615651002137,
          "duration" : 51100
        }
      }, {
        "uid" : "6ee8c8362e478be9",
        "status" : "passed",
        "time" : {
          "start" : 1615425134888,
          "stop" : 1615425250311,
          "duration" : 115423
        }
      }, {
        "uid" : "4be8b3d1c2aa585",
        "status" : "passed",
        "time" : {
          "start" : 1615434836594,
          "stop" : 1615434887247,
          "duration" : 50653
        }
      }, {
        "uid" : "275df730faf07ab4",
        "status" : "passed",
        "time" : {
          "start" : 1615425134888,
          "stop" : 1615425250311,
          "duration" : 115423
        }
      }, {
        "uid" : "341617d9a8884337",
        "status" : "failed",
        "statusDetails" : "OpenQA.Selenium.NoSuchElementException : Unable to locate element: //div[@id='page-wrapper']/div[1]/div/ul/li[2]/a/span",
        "time" : {
          "start" : 1615215063512,
          "stop" : 1615215088996,
          "duration" : 25484
        }
      }, {
        "uid" : "df807f474a6d93e",
        "status" : "failed",
        "statusDetails" : "  Expected: True\r\n  But was:  False\r\n",
        "time" : {
          "start" : 1614798138112,
          "stop" : 1614798165847,
          "duration" : 27735
        }
      }, {
        "uid" : "478700747d79b4a4",
        "status" : "failed",
        "statusDetails" : "  Expected: True\r\n  But was:  False\r\n",
        "time" : {
          "start" : 1613607993150,
          "stop" : 1613608037702,
          "duration" : 44552
        }
      } ]
    },
    "tags" : [ "ACCOUNTACTIVITY.20" ]
  },
  "source" : "972c8f641dc4f6f2.json",
  "parameterValues" : [ ]
}