{
  "uid" : "9949dd479e844d6c",
  "name" : "InventoryLockedAddLeaseAccessDenied",
  "fullName" : "BOEM_Tests.Tests.AccessRightSecurity.InventoryLockedAddLeaseAccessDenied",
  "historyId" : "BOEM_Tests.Tests.AccessRightSecurity.InventoryLockedAddLeaseAccessDenied",
  "time" : {
    "start" : 1617921376902,
    "stop" : 1617921418117,
    "duration" : 41215
  },
  "description" : "Inventory Locked, Add Lease should give 'access denied' message\n",
  "descriptionHtml" : "<p>Inventory Locked, Add Lease should give 'access denied' message</p>\n",
  "status" : "failed",
  "statusMessage" : "System.Exception : (TEST FAILED) The 'Add Lease' button could NOT be found in current page. Please check the test's screenshot",
  "statusTrace" : "   at BOEM_Tests.Tests.AccessRightSecurity.InventoryLockedAddLeaseAccessDenied() in C:\\Users\\QAOperator\\Documents\\GitHub\\BOEM_Tests\\BOEM\\BOEM_Tests\\Tests\\AccessRightSecurity.cs:line 1076",
  "flaky" : false,
  "newFailed" : false,
  "beforeStages" : [ {
    "name" : "PrepareResultsDir",
    "time" : {
      "start" : 1617921418115,
      "stop" : 1617921418115,
      "duration" : 0
    },
    "status" : "passed",
    "steps" : [ ],
    "attachments" : [ ],
    "parameters" : [ ],
    "hasContent" : false,
    "stepsCount" : 0,
    "shouldDisplayMessage" : false,
    "attachmentsCount" : 0
  }, {
    "name" : "Setup_Test",
    "time" : {
      "start" : 1617921418115,
      "stop" : 1617921418115,
      "duration" : 0
    },
    "status" : "passed",
    "steps" : [ ],
    "attachments" : [ ],
    "parameters" : [ ],
    "hasContent" : false,
    "stepsCount" : 0,
    "shouldDisplayMessage" : false,
    "attachmentsCount" : 0
  } ],
  "testStage" : {
    "description" : "Inventory Locked, Add Lease should give 'access denied' message\n",
    "status" : "failed",
    "statusMessage" : "System.Exception : (TEST FAILED) The 'Add Lease' button could NOT be found in current page. Please check the test's screenshot",
    "statusTrace" : "   at BOEM_Tests.Tests.AccessRightSecurity.InventoryLockedAddLeaseAccessDenied() in C:\\Users\\QAOperator\\Documents\\GitHub\\BOEM_Tests\\BOEM\\BOEM_Tests\\Tests\\AccessRightSecurity.cs:line 1076",
    "steps" : [ {
      "name" : "InventoryLockedAddLeaseAccessDenied",
      "time" : {
        "start" : 1617921376902,
        "stop" : 1617921418116,
        "duration" : 41214
      },
      "status" : "failed",
      "statusMessage" : "System.Exception : (TEST FAILED) The 'Add Lease' button could NOT be found in current page. Please check the test's screenshot",
      "statusTrace" : "   at BOEM_Tests.Tests.AccessRightSecurity.InventoryLockedAddLeaseAccessDenied() in C:\\Users\\QAOperator\\Documents\\GitHub\\BOEM_Tests\\BOEM\\BOEM_Tests\\Tests\\AccessRightSecurity.cs:line 1076",
      "steps" : [ {
        "name" : "Log in using QA Not Edit user",
        "time" : {
          "start" : 1617921381057,
          "stop" : 1617921398879,
          "duration" : 17822
        },
        "status" : "passed",
        "steps" : [ {
          "name" : "Open login page",
          "time" : {
            "start" : 1617921381057,
            "stop" : 1617921381841,
            "duration" : 784
          },
          "status" : "passed",
          "steps" : [ ],
          "attachments" : [ ],
          "parameters" : [ ],
          "hasContent" : false,
          "stepsCount" : 0,
          "shouldDisplayMessage" : false,
          "attachmentsCount" : 0
        }, {
          "name" : "Set username to QA_BOEMNotEdit@weblakes.com",
          "time" : {
            "start" : 1617921381841,
            "stop" : 1617921381894,
            "duration" : 53
          },
          "status" : "passed",
          "steps" : [ ],
          "attachments" : [ ],
          "parameters" : [ ],
          "hasContent" : false,
          "stepsCount" : 0,
          "shouldDisplayMessage" : false,
          "attachmentsCount" : 0
        }, {
          "name" : "Set password to ETQvv0Rc5QGf6#125",
          "time" : {
            "start" : 1617921381894,
            "stop" : 1617921381925,
            "duration" : 31
          },
          "status" : "passed",
          "steps" : [ ],
          "attachments" : [ ],
          "parameters" : [ ],
          "hasContent" : false,
          "stepsCount" : 0,
          "shouldDisplayMessage" : false,
          "attachmentsCount" : 0
        }, {
          "name" : "Click on login button",
          "time" : {
            "start" : 1617921381925,
            "stop" : 1617921388876,
            "duration" : 6951
          },
          "status" : "passed",
          "steps" : [ ],
          "attachments" : [ ],
          "parameters" : [ ],
          "hasContent" : false,
          "stepsCount" : 0,
          "shouldDisplayMessage" : false,
          "attachmentsCount" : 0
        } ],
        "attachments" : [ ],
        "parameters" : [ ],
        "hasContent" : true,
        "stepsCount" : 4,
        "shouldDisplayMessage" : false,
        "attachmentsCount" : 0
      }, {
        "name" : "Check and select correct project FAT_BOEM_GOM",
        "time" : {
          "start" : 1617921398881,
          "stop" : 1617921400908,
          "duration" : 2027
        },
        "status" : "passed",
        "steps" : [ ],
        "attachments" : [ ],
        "parameters" : [ ],
        "hasContent" : false,
        "stepsCount" : 0,
        "shouldDisplayMessage" : false,
        "attachmentsCount" : 0
      }, {
        "name" : "Check inventory 2017 - 2017 Complete Inventory",
        "time" : {
          "start" : 1617921400908,
          "stop" : 1617921403924,
          "duration" : 3016
        },
        "status" : "passed",
        "steps" : [ ],
        "attachments" : [ ],
        "parameters" : [ ],
        "hasContent" : false,
        "stepsCount" : 0,
        "shouldDisplayMessage" : false,
        "attachmentsCount" : 0
      }, {
        "name" : "Select inventory icon",
        "time" : {
          "start" : 1617921403924,
          "stop" : 1617921406951,
          "duration" : 3027
        },
        "status" : "passed",
        "steps" : [ ],
        "attachments" : [ ],
        "parameters" : [ ],
        "hasContent" : false,
        "stepsCount" : 0,
        "shouldDisplayMessage" : false,
        "attachmentsCount" : 0
      }, {
        "name" : "Access relative URL /Input/NavNPLOEmissionsManager/NploLease",
        "time" : {
          "start" : 1617921406951,
          "stop" : 1617921412300,
          "duration" : 5349
        },
        "status" : "passed",
        "steps" : [ ],
        "attachments" : [ ],
        "parameters" : [ ],
        "hasContent" : false,
        "stepsCount" : 0,
        "shouldDisplayMessage" : false,
        "attachmentsCount" : 0
      }, {
        "name" : "Click on add lease button",
        "time" : {
          "start" : 1617921412300,
          "stop" : 1617921417321,
          "duration" : 5021
        },
        "status" : "failed",
        "statusMessage" : "(TEST FAILED) The 'Add Lease' button could NOT be found in current page. Please check the test's screenshot",
        "statusTrace" : "   at BOEM_Tests.PageObjects.AdminSecurityPage.__a$_around_ClickAddLease_100665900_o() in C:\\Users\\QAOperator\\Documents\\GitHub\\BOEM_Tests\\BOEM\\BOEM_Tests\\PageObjects\\AdminSecurity\\AdminSecurityPage.cs:line 492\r\n   at BOEM_Tests.PageObjects.AdminSecurityPage.__a$_around_ClickAddLease_100665900_u(Object[] )\r\n   at NUnit.Allure.Steps.AllureStepAspect.WrapStep(String name, MethodBase methodBase, Object[] arguments, Func`2 method)",
        "steps" : [ ],
        "attachments" : [ ],
        "parameters" : [ ],
        "hasContent" : true,
        "stepsCount" : 0,
        "shouldDisplayMessage" : true,
        "attachmentsCount" : 0
      }, {
        "name" : "Taking Screenshot",
        "time" : {
          "start" : 1617921417321,
          "stop" : 1617921417391,
          "duration" : 70
        },
        "status" : "passed",
        "steps" : [ ],
        "attachments" : [ {
          "uid" : "4a88dcb4c68ebed5",
          "name" : "Attachment Title",
          "source" : "4a88dcb4c68ebed5.png",
          "type" : "image/png",
          "size" : 62340
        } ],
        "parameters" : [ ],
        "hasContent" : true,
        "stepsCount" : 0,
        "shouldDisplayMessage" : false,
        "attachmentsCount" : 1
      } ],
      "attachments" : [ {
        "uid" : "8c982eaf755f3a57",
        "name" : "Console Output",
        "source" : "8c982eaf755f3a57.txt",
        "type" : "text/plain",
        "size" : 0
      } ],
      "parameters" : [ ],
      "hasContent" : true,
      "stepsCount" : 11,
      "shouldDisplayMessage" : true,
      "attachmentsCount" : 2
    } ],
    "attachments" : [ ],
    "parameters" : [ ],
    "hasContent" : true,
    "stepsCount" : 12,
    "shouldDisplayMessage" : false,
    "attachmentsCount" : 2
  },
  "afterStages" : [ {
    "name" : "TearDown_Test",
    "time" : {
      "start" : 1617921418115,
      "stop" : 1617921418115,
      "duration" : 0
    },
    "status" : "passed",
    "steps" : [ ],
    "attachments" : [ ],
    "parameters" : [ ],
    "hasContent" : false,
    "stepsCount" : 0,
    "shouldDisplayMessage" : false,
    "attachmentsCount" : 0
  } ],
  "labels" : [ {
    "name" : "thread",
    "value" : "NonParallelWorker"
  }, {
    "name" : "host",
    "value" : "QAB01"
  }, {
    "name" : "testClass",
    "value" : "BOEM_Tests.Tests.AccessRightSecurity"
  }, {
    "name" : "testMethod",
    "value" : "InventoryLockedAddLeaseAccessDenied"
  }, {
    "name" : "package",
    "value" : "BOEM_Tests.Tests.AccessRightSecurity"
  }, {
    "name" : "tag",
    "value" : "ACCESSRIGHTSECURITY.31"
  }, {
    "name" : "suite",
    "value" : "AccessRightSecurity"
  }, {
    "name" : "severity",
    "value" : "normal"
  }, {
    "name" : "resultFormat",
    "value" : "allure2"
  } ],
  "parameters" : [ ],
  "links" : [ ],
  "hidden" : false,
  "retry" : false,
  "extra" : {
    "severity" : "normal",
    "retries" : [ ],
    "categories" : [ {
      "name" : "Product defects",
      "matchedStatuses" : [ ],
      "flaky" : false
    } ],
    "history" : {
      "statistic" : {
        "failed" : 21,
        "broken" : 0,
        "skipped" : 0,
        "passed" : 0,
        "unknown" : 0,
        "total" : 21
      },
      "items" : [ {
        "uid" : "893613d738135a89",
        "status" : "failed",
        "statusDetails" : "System.Exception : (TEST FAILED) The 'Add Lease' button could NOT be found in current page. Please check the test's screenshot",
        "time" : {
          "start" : 1617838093882,
          "stop" : 1617838135194,
          "duration" : 41312
        }
      }, {
        "uid" : "24a91285505003b7",
        "status" : "failed",
        "statusDetails" : "System.Exception : (TEST FAILED) The 'Add Lease' button could NOT be found in current page. Please check the test's screenshot",
        "time" : {
          "start" : 1617745856669,
          "stop" : 1617745898166,
          "duration" : 41497
        }
      }, {
        "uid" : "d77f631e88bb5489",
        "status" : "failed",
        "statusDetails" : "System.Exception : (TEST FAILED) The 'Add Lease' button could NOT be found in current page. Please check the test's screenshot",
        "time" : {
          "start" : 1617668515222,
          "stop" : 1617668584112,
          "duration" : 68890
        }
      }, {
        "uid" : "657abd35452c7545",
        "status" : "failed",
        "statusDetails" : "System.Exception : (TEST FAILED) The 'Add Lease' button could NOT be found in current page. Please check the test's screenshot",
        "time" : {
          "start" : 1617322735179,
          "stop" : 1617322789018,
          "duration" : 53839
        }
      }, {
        "uid" : "7040fea569273158",
        "status" : "failed",
        "statusDetails" : "System.Exception : (TEST FAILED) The 'Add Lease' button could NOT be found in current page. Please check the test's screenshot",
        "time" : {
          "start" : 1617146099985,
          "stop" : 1617146151365,
          "duration" : 51380
        }
      }, {
        "uid" : "964e20c9e04e63bb",
        "status" : "failed",
        "statusDetails" : "System.Exception : (TEST FAILED) The 'Add Lease' button could NOT be found in current page. Please check the test's screenshot",
        "time" : {
          "start" : 1617061808596,
          "stop" : 1617061863200,
          "duration" : 54604
        }
      }, {
        "uid" : "5327fc63ec3c5346",
        "status" : "failed",
        "statusDetails" : "System.Exception : (TEST FAILED) The 'Add Lease' button could NOT be found in current page. Please check the test's screenshot",
        "time" : {
          "start" : 1616814549067,
          "stop" : 1616814602642,
          "duration" : 53575
        }
      }, {
        "uid" : "f7f7d601511e80b3",
        "status" : "failed",
        "statusDetails" : "System.Exception : (TEST FAILED) The 'Add Lease' button could NOT be found in current page. Please check the test's screenshot",
        "time" : {
          "start" : 1616715654167,
          "stop" : 1616715723339,
          "duration" : 69172
        }
      }, {
        "uid" : "fb0bc063f907e38a",
        "status" : "failed",
        "statusDetails" : "OpenQA.Selenium.NoSuchElementException : Could not find element by: By.Id: btnAddEntry",
        "time" : {
          "start" : 1616451643720,
          "stop" : 1616451697536,
          "duration" : 53816
        }
      }, {
        "uid" : "97df4142dd562403",
        "status" : "failed",
        "statusDetails" : "OpenQA.Selenium.NoSuchElementException : Could not find element by: By.Id: btnAddEntry",
        "time" : {
          "start" : 1616206253699,
          "stop" : 1616206309363,
          "duration" : 55664
        }
      }, {
        "uid" : "de6c9e2c00ede027",
        "status" : "failed",
        "statusDetails" : "OpenQA.Selenium.NoSuchElementException : Could not find element by: By.Id: btnAddEntry",
        "time" : {
          "start" : 1616113614556,
          "stop" : 1616113684703,
          "duration" : 70147
        }
      }, {
        "uid" : "e73ab80279c86e3f",
        "status" : "failed",
        "statusDetails" : "OpenQA.Selenium.NoSuchElementException : Could not find element by: By.Id: btnAddEntry",
        "time" : {
          "start" : 1616022258281,
          "stop" : 1616022311860,
          "duration" : 53579
        }
      }, {
        "uid" : "aa9805cf9633fe9d",
        "status" : "failed",
        "statusDetails" : "OpenQA.Selenium.NoSuchElementException : Could not find element by: By.Id: btnAddEntry",
        "time" : {
          "start" : 1615942575531,
          "stop" : 1615942629514,
          "duration" : 53983
        }
      }, {
        "uid" : "d7e9cbf252eb9855",
        "status" : "failed",
        "statusDetails" : "OpenQA.Selenium.NoSuchElementException : Could not find element by: By.Id: btnAddEntry",
        "time" : {
          "start" : 1615851369653,
          "stop" : 1615851424090,
          "duration" : 54437
        }
      }, {
        "uid" : "5f9007785b92054c",
        "status" : "failed",
        "statusDetails" : "OpenQA.Selenium.NoSuchElementException : Could not find element by: By.Id: btnAddEntry",
        "time" : {
          "start" : 1615648960658,
          "stop" : 1615649013306,
          "duration" : 52648
        }
      }, {
        "uid" : "b4450c3a23b1768f",
        "status" : "failed",
        "statusDetails" : "OpenQA.Selenium.NoSuchElementException : Could not find element by: By.Id: btnAddEntry",
        "time" : {
          "start" : 1615355086344,
          "stop" : 1615355151203,
          "duration" : 64859
        }
      }, {
        "uid" : "ae054edfe58363e2",
        "status" : "failed",
        "statusDetails" : "OpenQA.Selenium.NoSuchElementException : Could not find element by: By.Id: btnAddEntry",
        "time" : {
          "start" : 1615432578057,
          "stop" : 1615432629959,
          "duration" : 51902
        }
      }, {
        "uid" : "a97acdd843d2543c",
        "status" : "failed",
        "statusDetails" : "OpenQA.Selenium.NoSuchElementException : Could not find element by: By.Id: btnAddEntry",
        "time" : {
          "start" : 1615355086344,
          "stop" : 1615355151203,
          "duration" : 64859
        }
      }, {
        "uid" : "6ad0a3f20e6774d0",
        "status" : "failed",
        "statusDetails" : "OpenQA.Selenium.NoSuchElementException : Could not find element by: By.XPath: /html/body/div[2]/div[3]/div[2]/div[2]/div[2]/div/div/div/span[1]/a",
        "time" : {
          "start" : 1615214259249,
          "stop" : 1615214288534,
          "duration" : 29285
        }
      }, {
        "uid" : "58bed03d4f557051",
        "status" : "failed",
        "statusDetails" : "OpenQA.Selenium.NoSuchElementException : Could not find element by: By.Id: btnAddEntry",
        "time" : {
          "start" : 1614797132265,
          "stop" : 1614797160076,
          "duration" : 27811
        }
      } ]
    },
    "tags" : [ "ACCESSRIGHTSECURITY.31" ]
  },
  "source" : "9949dd479e844d6c.json",
  "parameterValues" : [ ]
}