{
  "uid" : "9c66a847b91bd210",
  "name" : "SelectShadowUser_NotAvailableStatus_Failed",
  "fullName" : "BOEM_Tests.Tests.AdminShadowUser.SelectShadowUser_NotAvailableStatus_Failed",
  "historyId" : "BOEM_Tests.Tests.AdminShadowUser.SelectShadowUser_NotAvailableStatus_Failed",
  "time" : {
    "start" : 1618835354564,
    "stop" : 1618835394903,
    "duration" : 40339
  },
  "description" : "Show User, Unable to Select Account with status <Not Available>\n",
  "descriptionHtml" : "<p>Show User, Unable to Select Account with status <Not Available></p>\n",
  "status" : "failed",
  "statusMessage" : "System.Exception : (TEST FAILED) The 'User row' element was not found in the Shadow user's table.",
  "statusTrace" : "   at BOEM_Tests.Tests.AdminShadowUser.SelectShadowUser_NotAvailableStatus_Failed() in C:\\Users\\QAOperator\\Documents\\GitHub\\BOEM_Tests\\BOEM\\BOEM_Tests\\Tests\\AdminShadowUser.cs:line 73",
  "flaky" : false,
  "newFailed" : false,
  "beforeStages" : [ {
    "name" : "PrepareResultsDir",
    "time" : {
      "start" : 1618835394893,
      "stop" : 1618835394893,
      "duration" : 0
    },
    "status" : "passed",
    "steps" : [ ],
    "attachments" : [ ],
    "parameters" : [ ],
    "stepsCount" : 0,
    "hasContent" : false,
    "shouldDisplayMessage" : false,
    "attachmentsCount" : 0
  }, {
    "name" : "Setup",
    "time" : {
      "start" : 1618835394894,
      "stop" : 1618835394894,
      "duration" : 0
    },
    "status" : "passed",
    "steps" : [ ],
    "attachments" : [ ],
    "parameters" : [ ],
    "stepsCount" : 0,
    "hasContent" : false,
    "shouldDisplayMessage" : false,
    "attachmentsCount" : 0
  } ],
  "testStage" : {
    "description" : "Show User, Unable to Select Account with status <Not Available>\n",
    "status" : "failed",
    "statusMessage" : "System.Exception : (TEST FAILED) The 'User row' element was not found in the Shadow user's table.",
    "statusTrace" : "   at BOEM_Tests.Tests.AdminShadowUser.SelectShadowUser_NotAvailableStatus_Failed() in C:\\Users\\QAOperator\\Documents\\GitHub\\BOEM_Tests\\BOEM\\BOEM_Tests\\Tests\\AdminShadowUser.cs:line 73",
    "steps" : [ {
      "name" : "SelectShadowUser_NotAvailableStatus_Failed",
      "time" : {
        "start" : 1618835354566,
        "stop" : 1618835394899,
        "duration" : 40333
      },
      "status" : "failed",
      "statusMessage" : "System.Exception : (TEST FAILED) The 'User row' element was not found in the Shadow user's table.",
      "statusTrace" : "   at BOEM_Tests.Tests.AdminShadowUser.SelectShadowUser_NotAvailableStatus_Failed() in C:\\Users\\QAOperator\\Documents\\GitHub\\BOEM_Tests\\BOEM\\BOEM_Tests\\Tests\\AdminShadowUser.cs:line 73",
      "steps" : [ {
        "name" : "Open admin shadow user page",
        "time" : {
          "start" : 1618835379086,
          "stop" : 1618835380750,
          "duration" : 1664
        },
        "status" : "passed",
        "steps" : [ ],
        "attachments" : [ ],
        "parameters" : [ ],
        "stepsCount" : 0,
        "hasContent" : false,
        "shouldDisplayMessage" : false,
        "attachmentsCount" : 0
      }, {
        "name" : "Set search to Not Available",
        "time" : {
          "start" : 1618835380751,
          "stop" : 1618835385853,
          "duration" : 5102
        },
        "status" : "passed",
        "steps" : [ ],
        "attachments" : [ ],
        "parameters" : [ ],
        "stepsCount" : 0,
        "hasContent" : false,
        "shouldDisplayMessage" : false,
        "attachmentsCount" : 0
      }, {
        "name" : "Select user in first row",
        "time" : {
          "start" : 1618835385853,
          "stop" : 1618835393888,
          "duration" : 8035
        },
        "status" : "failed",
        "statusMessage" : "(TEST FAILED) The 'User row' element was not found in the Shadow user's table.",
        "statusTrace" : "   at BOEM_Tests.PageObjects.AdminShadowUserPage.__a$_around_SelectUserRow_100664195_o() in C:\\Users\\QAOperator\\Documents\\GitHub\\BOEM_Tests\\BOEM\\BOEM_Tests\\PageObjects\\AdminShadowUser\\AdminShadowUserPage.cs:line 70\r\n   at BOEM_Tests.PageObjects.AdminShadowUserPage.__a$_around_SelectUserRow_100664195_u(Object[] )\r\n   at NUnit.Allure.Steps.AllureStepAspect.WrapStep(String name, MethodBase methodBase, Object[] arguments, Func`2 method)",
        "steps" : [ ],
        "attachments" : [ ],
        "parameters" : [ ],
        "stepsCount" : 0,
        "hasContent" : true,
        "shouldDisplayMessage" : true,
        "attachmentsCount" : 0
      }, {
        "name" : "Taking Screenshot",
        "time" : {
          "start" : 1618835393888,
          "stop" : 1618835393985,
          "duration" : 97
        },
        "status" : "passed",
        "steps" : [ ],
        "attachments" : [ {
          "uid" : "34bcdcddaea8bae1",
          "name" : "Attachment Title",
          "source" : "34bcdcddaea8bae1.png",
          "type" : "image/png",
          "size" : 60078
        } ],
        "parameters" : [ ],
        "stepsCount" : 0,
        "hasContent" : true,
        "shouldDisplayMessage" : false,
        "attachmentsCount" : 1
      } ],
      "attachments" : [ {
        "uid" : "fc9a7a5c651e2976",
        "name" : "Console Output",
        "source" : "fc9a7a5c651e2976.txt",
        "type" : "text/plain",
        "size" : 0
      } ],
      "parameters" : [ ],
      "stepsCount" : 4,
      "hasContent" : true,
      "shouldDisplayMessage" : true,
      "attachmentsCount" : 2
    } ],
    "attachments" : [ ],
    "parameters" : [ ],
    "stepsCount" : 5,
    "hasContent" : true,
    "shouldDisplayMessage" : false,
    "attachmentsCount" : 2
  },
  "afterStages" : [ {
    "name" : "TearDown_Test",
    "time" : {
      "start" : 1618835394894,
      "stop" : 1618835394894,
      "duration" : 0
    },
    "status" : "passed",
    "steps" : [ ],
    "attachments" : [ ],
    "parameters" : [ ],
    "stepsCount" : 0,
    "hasContent" : false,
    "shouldDisplayMessage" : false,
    "attachmentsCount" : 0
  } ],
  "labels" : [ {
    "name" : "thread",
    "value" : "NonParallelWorker"
  }, {
    "name" : "host",
    "value" : "QAB01"
  }, {
    "name" : "testClass",
    "value" : "BOEM_Tests.Tests.AdminShadowUser"
  }, {
    "name" : "testMethod",
    "value" : "SelectShadowUser_NotAvailableStatus_Failed"
  }, {
    "name" : "package",
    "value" : "BOEM_Tests.Tests.AdminShadowUser"
  }, {
    "name" : "tag",
    "value" : "ADMINSHADOWUSER.1"
  }, {
    "name" : "suite",
    "value" : "AdminShadowUser"
  }, {
    "name" : "severity",
    "value" : "normal"
  }, {
    "name" : "resultFormat",
    "value" : "allure2"
  } ],
  "parameters" : [ ],
  "links" : [ ],
  "hidden" : false,
  "retry" : false,
  "extra" : {
    "severity" : "normal",
    "retries" : [ {
      "uid" : "c983ee65cbf3c84b",
      "status" : "failed",
      "statusDetails" : "System.Exception : (TEST FAILED) The 'User row' element was not found in the Shadow user's table.",
      "time" : {
        "start" : 1618835301959,
        "stop" : 1618835343940,
        "duration" : 41981
      }
    }, {
      "uid" : "c3c1bf53ef06be9",
      "status" : "failed",
      "statusDetails" : "System.Exception : (TEST FAILED) The 'User row' element was not found in the Shadow user's table.",
      "time" : {
        "start" : 1618622606677,
        "stop" : 1618622644873,
        "duration" : 38196
      }
    } ],
    "categories" : [ {
      "name" : "Product defects",
      "matchedStatuses" : [ ],
      "flaky" : false
    } ],
    "history" : {
      "statistic" : {
        "failed" : 33,
        "broken" : 0,
        "skipped" : 0,
        "passed" : 0,
        "unknown" : 0,
        "total" : 33
      },
      "items" : [ {
        "uid" : "eb9e470a08bc3946",
        "status" : "failed",
        "statusDetails" : "System.Exception : (TEST FAILED) The 'User row' element was not found in the Shadow user's table.",
        "time" : {
          "start" : 1618539126400,
          "stop" : 1618539165092,
          "duration" : 38692
        }
      }, {
        "uid" : "2680e4149cd2384e",
        "status" : "failed",
        "statusDetails" : "System.Exception : (TEST FAILED) The 'User row' element was not found in the Shadow user's table.",
        "time" : {
          "start" : 1618458924342,
          "stop" : 1618458962661,
          "duration" : 38319
        }
      }, {
        "uid" : "c64cb399298d4999",
        "status" : "failed",
        "statusDetails" : "System.Exception : (TEST FAILED) The 'User row' element was not found in the Shadow user's table.",
        "time" : {
          "start" : 1618367034154,
          "stop" : 1618367073657,
          "duration" : 39503
        }
      }, {
        "uid" : "82eac1ea14123963",
        "status" : "failed",
        "statusDetails" : "System.Exception : (TEST FAILED) The 'User row' element was not found in the Shadow user's table.",
        "time" : {
          "start" : 1618273161964,
          "stop" : 1618273197491,
          "duration" : 35527
        }
      }, {
        "uid" : "eb1df9c7937b31b1",
        "status" : "failed",
        "statusDetails" : "System.Exception : (TEST FAILED) The 'User row' element was not found in the Shadow user's table.",
        "time" : {
          "start" : 1618026982252,
          "stop" : 1618027017474,
          "duration" : 35222
        }
      }, {
        "uid" : "5040b83e44d22ad7",
        "status" : "failed",
        "statusDetails" : "System.Exception : (TEST FAILED) The 'User row' element was not found in the Shadow user's table.",
        "time" : {
          "start" : 1617926149264,
          "stop" : 1617926184196,
          "duration" : 34932
        }
      }, {
        "uid" : "ab294c68b1f83fd1",
        "status" : "failed",
        "statusDetails" : "System.Exception : (TEST FAILED) The 'User row' element was not found in the Shadow user's table.",
        "time" : {
          "start" : 1617842832852,
          "stop" : 1617842867843,
          "duration" : 34991
        }
      }, {
        "uid" : "9d56ed28e8291482",
        "status" : "failed",
        "statusDetails" : "System.Exception : (TEST FAILED) The 'User row' element was not found in the Shadow user's table.",
        "time" : {
          "start" : 1617750393627,
          "stop" : 1617750428835,
          "duration" : 35208
        }
      }, {
        "uid" : "47f5357b40843c98",
        "status" : "failed",
        "statusDetails" : "System.Exception : (TEST FAILED) The 'User row' element was not found in the Shadow user's table.",
        "time" : {
          "start" : 1617674857985,
          "stop" : 1617674909172,
          "duration" : 51187
        }
      }, {
        "uid" : "9e62e7f9f8173a28",
        "status" : "failed",
        "statusDetails" : "OpenQA.Selenium.NoSuchElementException : Could not find element by: By.XPath: //*[@id='grid_SelectUSERS']/tbody/tr[2]",
        "time" : {
          "start" : 1617329082292,
          "stop" : 1617329148366,
          "duration" : 66074
        }
      }, {
        "uid" : "70e585db62289fe4",
        "status" : "failed",
        "statusDetails" : "OpenQA.Selenium.NoSuchElementException : Could not find element by: By.XPath: //*[@id='grid_SelectUSERS']/tbody/tr[2]",
        "time" : {
          "start" : 1617152394565,
          "stop" : 1617152440708,
          "duration" : 46143
        }
      }, {
        "uid" : "286b4733c95dbc7b",
        "status" : "failed",
        "statusDetails" : "OpenQA.Selenium.NoSuchElementException : Could not find element by: By.XPath: //*[@id='grid_SelectUSERS']/tbody/tr[2]",
        "time" : {
          "start" : 1617067462655,
          "stop" : 1617067502137,
          "duration" : 39482
        }
      }, {
        "uid" : "a406f2e4a2925541",
        "status" : "failed",
        "statusDetails" : "OpenQA.Selenium.NoSuchElementException : Could not find element by: By.XPath: //*[@id='grid_SelectUSERS']/tbody/tr[2]",
        "time" : {
          "start" : 1616820485557,
          "stop" : 1616820537941,
          "duration" : 52384
        }
      }, {
        "uid" : "5b8107356bec144a",
        "status" : "failed",
        "statusDetails" : "OpenQA.Selenium.NoSuchElementException : Could not find element by: By.XPath: //*[@id='grid_SelectUSERS']/tbody/tr[2]",
        "time" : {
          "start" : 1616721703772,
          "stop" : 1616721753425,
          "duration" : 49653
        }
      }, {
        "uid" : "ebe46554b0260218",
        "status" : "failed",
        "statusDetails" : "OpenQA.Selenium.NoSuchElementException : Could not find element by: By.XPath: //*[@id='grid_SelectUSERS']/tbody/tr[2]",
        "time" : {
          "start" : 1616457808949,
          "stop" : 1616457871010,
          "duration" : 62061
        }
      }, {
        "uid" : "bb7defb72656d209",
        "status" : "failed",
        "statusDetails" : "OpenQA.Selenium.NoSuchElementException : Could not find element by: By.XPath: //*[@id='grid_SelectUSERS']/tbody/tr[2]",
        "time" : {
          "start" : 1616212221022,
          "stop" : 1616212285857,
          "duration" : 64835
        }
      }, {
        "uid" : "b8ff6feb149957ee",
        "status" : "failed",
        "statusDetails" : "OpenQA.Selenium.NoSuchElementException : Could not find element by: By.XPath: //*[@id='grid_SelectUSERS']/tbody/tr[2]",
        "time" : {
          "start" : 1616119663015,
          "stop" : 1616119714105,
          "duration" : 51090
        }
      }, {
        "uid" : "126d1fc6ec027459",
        "status" : "failed",
        "statusDetails" : "OpenQA.Selenium.NoSuchElementException : Could not find element by: By.XPath: //*[@id='grid_SelectUSERS']/tbody/tr[2]",
        "time" : {
          "start" : 1616028482430,
          "stop" : 1616028546849,
          "duration" : 64419
        }
      }, {
        "uid" : "1df7ddb11471d506",
        "status" : "failed",
        "statusDetails" : "OpenQA.Selenium.NoSuchElementException : Could not find element by: By.XPath: //div[@id='gridFilter_SelectUSERS']/ul/li[2]/div",
        "time" : {
          "start" : 1615948776693,
          "stop" : 1615948803584,
          "duration" : 26891
        }
      }, {
        "uid" : "eb537eb9f5f6e517",
        "status" : "failed",
        "statusDetails" : "OpenQA.Selenium.NoSuchElementException : Could not find element by: By.XPath: //div[@id='gridFilter_SelectUSERS']/ul/li[2]/div",
        "time" : {
          "start" : 1615857501810,
          "stop" : 1615857556482,
          "duration" : 54672
        }
      } ]
    },
    "tags" : [ "ADMINSHADOWUSER.1" ]
  },
  "source" : "9c66a847b91bd210.json",
  "parameterValues" : [ ]
}