{
  "uid" : "ae399e9b2e73eb5e",
  "name" : "AccessFeatureThemeDefaultsEditSubmitFormLogsActivity",
  "fullName" : "BOEM_Tests.Tests.AccountActivity.AccessFeatureThemeDefaultsEditSubmitFormLogsActivity",
  "historyId" : "BOEM_Tests.Tests.AccountActivity.AccessFeatureThemeDefaultsEditSubmitFormLogsActivity",
  "time" : {
    "start" : 1617805104665,
    "stop" : 1617805165079,
    "duration" : 60414
  },
  "description" : "Access feature : theme defaults / edit / submit form - logs activity\n",
  "descriptionHtml" : "<p>Access feature : theme defaults / edit / submit form - logs activity</p>\n",
  "status" : "failed",
  "statusMessage" : "System.Exception : (TEST FAILED) Expected: Activity -> 'ACTION-ADMIN', Detail -> 'Admin Theme Default Edit - Edit:24 - Submit'\nBut was: Activity -> 'ACTION-ADMIN', Detail -> 'Theme Defaults - Edit - Submit'",
  "statusTrace" : "   at BOEM_Tests.Tests.AccountActivity.AccessFeatureThemeDefaultsEditSubmitFormLogsActivity() in C:\\Users\\QAOperator\\Documents\\GitHub\\BOEM_Tests\\BOEM\\BOEM_Tests\\Tests\\AccountActivity.cs:line 1149",
  "flaky" : false,
  "newFailed" : false,
  "beforeStages" : [ {
    "name" : "PrepareResultsDir",
    "time" : {
      "start" : 1617805165078,
      "stop" : 1617805165078,
      "duration" : 0
    },
    "status" : "passed",
    "steps" : [ ],
    "attachments" : [ ],
    "parameters" : [ ],
    "shouldDisplayMessage" : false,
    "attachmentsCount" : 0,
    "stepsCount" : 0,
    "hasContent" : false
  }, {
    "name" : "Setup_Test",
    "time" : {
      "start" : 1617805165078,
      "stop" : 1617805165078,
      "duration" : 0
    },
    "status" : "passed",
    "steps" : [ ],
    "attachments" : [ ],
    "parameters" : [ ],
    "shouldDisplayMessage" : false,
    "attachmentsCount" : 0,
    "stepsCount" : 0,
    "hasContent" : false
  } ],
  "testStage" : {
    "description" : "Access feature : theme defaults / edit / submit form - logs activity\n",
    "status" : "failed",
    "statusMessage" : "System.Exception : (TEST FAILED) Expected: Activity -> 'ACTION-ADMIN', Detail -> 'Admin Theme Default Edit - Edit:24 - Submit'\nBut was: Activity -> 'ACTION-ADMIN', Detail -> 'Theme Defaults - Edit - Submit'",
    "statusTrace" : "   at BOEM_Tests.Tests.AccountActivity.AccessFeatureThemeDefaultsEditSubmitFormLogsActivity() in C:\\Users\\QAOperator\\Documents\\GitHub\\BOEM_Tests\\BOEM\\BOEM_Tests\\Tests\\AccountActivity.cs:line 1149",
    "steps" : [ {
      "name" : "AccessFeatureThemeDefaultsEditSubmitFormLogsActivity",
      "time" : {
        "start" : 1617805104665,
        "stop" : 1617805165079,
        "duration" : 60414
      },
      "status" : "failed",
      "statusMessage" : "System.Exception : (TEST FAILED) Expected: Activity -> 'ACTION-ADMIN', Detail -> 'Admin Theme Default Edit - Edit:24 - Submit'\nBut was: Activity -> 'ACTION-ADMIN', Detail -> 'Theme Defaults - Edit - Submit'",
      "statusTrace" : "   at BOEM_Tests.Tests.AccountActivity.AccessFeatureThemeDefaultsEditSubmitFormLogsActivity() in C:\\Users\\QAOperator\\Documents\\GitHub\\BOEM_Tests\\BOEM\\BOEM_Tests\\Tests\\AccountActivity.cs:line 1149",
      "steps" : [ {
        "name" : "Log in using QA user",
        "time" : {
          "start" : 1617805108874,
          "stop" : 1617805124606,
          "duration" : 15732
        },
        "status" : "passed",
        "steps" : [ {
          "name" : "Open login page",
          "time" : {
            "start" : 1617805108874,
            "stop" : 1617805109510,
            "duration" : 636
          },
          "status" : "passed",
          "steps" : [ ],
          "attachments" : [ ],
          "parameters" : [ ],
          "shouldDisplayMessage" : false,
          "attachmentsCount" : 0,
          "stepsCount" : 0,
          "hasContent" : false
        }, {
          "name" : "Set username to qa_boem@weblakes.com",
          "time" : {
            "start" : 1617805109510,
            "stop" : 1617805109573,
            "duration" : 63
          },
          "status" : "passed",
          "steps" : [ ],
          "attachments" : [ ],
          "parameters" : [ ],
          "shouldDisplayMessage" : false,
          "attachmentsCount" : 0,
          "stepsCount" : 0,
          "hasContent" : false
        }, {
          "name" : "Set password to e45eT%0n^SpXdsb2",
          "time" : {
            "start" : 1617805109573,
            "stop" : 1617805109614,
            "duration" : 41
          },
          "status" : "passed",
          "steps" : [ ],
          "attachments" : [ ],
          "parameters" : [ ],
          "shouldDisplayMessage" : false,
          "attachmentsCount" : 0,
          "stepsCount" : 0,
          "hasContent" : false
        }, {
          "name" : "Click on login button",
          "time" : {
            "start" : 1617805109614,
            "stop" : 1617805114591,
            "duration" : 4977
          },
          "status" : "passed",
          "steps" : [ ],
          "attachments" : [ ],
          "parameters" : [ ],
          "shouldDisplayMessage" : false,
          "attachmentsCount" : 0,
          "stepsCount" : 0,
          "hasContent" : false
        } ],
        "attachments" : [ ],
        "parameters" : [ ],
        "shouldDisplayMessage" : false,
        "attachmentsCount" : 0,
        "stepsCount" : 4,
        "hasContent" : true
      }, {
        "name" : "Check inventory 2017 - 2017 Complete Inventory",
        "time" : {
          "start" : 1617805124606,
          "stop" : 1617805127652,
          "duration" : 3046
        },
        "status" : "passed",
        "steps" : [ ],
        "attachments" : [ ],
        "parameters" : [ ],
        "shouldDisplayMessage" : false,
        "attachmentsCount" : 0,
        "stepsCount" : 0,
        "hasContent" : false
      }, {
        "name" : "Access relative URL OpenQA.Selenium.Firefox.FirefoxDriver",
        "time" : {
          "start" : 1617805127653,
          "stop" : 1617805128148,
          "duration" : 495
        },
        "status" : "passed",
        "steps" : [ ],
        "attachments" : [ ],
        "parameters" : [ ],
        "shouldDisplayMessage" : false,
        "attachmentsCount" : 0,
        "stepsCount" : 0,
        "hasContent" : false
      }, {
        "name" : "Wait 3000 ms",
        "time" : {
          "start" : 1617805128148,
          "stop" : 1617805131152,
          "duration" : 3004
        },
        "status" : "passed",
        "steps" : [ ],
        "attachments" : [ ],
        "parameters" : [ ],
        "shouldDisplayMessage" : false,
        "attachmentsCount" : 0,
        "stepsCount" : 0,
        "hasContent" : false
      }, {
        "name" : "Wait 3000 ms",
        "time" : {
          "start" : 1617805134176,
          "stop" : 1617805137189,
          "duration" : 3013
        },
        "status" : "passed",
        "steps" : [ ],
        "attachments" : [ ],
        "parameters" : [ ],
        "shouldDisplayMessage" : false,
        "attachmentsCount" : 0,
        "stepsCount" : 0,
        "hasContent" : false
      }, {
        "name" : "Wait 3000 ms",
        "time" : {
          "start" : 1617805140214,
          "stop" : 1617805143222,
          "duration" : 3008
        },
        "status" : "passed",
        "steps" : [ ],
        "attachments" : [ ],
        "parameters" : [ ],
        "shouldDisplayMessage" : false,
        "attachmentsCount" : 0,
        "stepsCount" : 0,
        "hasContent" : false
      }, {
        "name" : "Access relative URL OpenQA.Selenium.Firefox.FirefoxDriver",
        "time" : {
          "start" : 1617805143222,
          "stop" : 1617805143967,
          "duration" : 745
        },
        "status" : "passed",
        "steps" : [ ],
        "attachments" : [ ],
        "parameters" : [ ],
        "shouldDisplayMessage" : false,
        "attachmentsCount" : 0,
        "stepsCount" : 0,
        "hasContent" : false
      }, {
        "name" : "Check row 2 - ACTION-ADMIN - Theme Defaults - Index on account activity grid",
        "time" : {
          "start" : 1617805143967,
          "stop" : 1617805154013,
          "duration" : 10046
        },
        "status" : "passed",
        "steps" : [ ],
        "attachments" : [ ],
        "parameters" : [ ],
        "shouldDisplayMessage" : false,
        "attachmentsCount" : 0,
        "stepsCount" : 0,
        "hasContent" : false
      }, {
        "name" : "Check row 3 - ACTION-ADMIN - Admin Theme Default Edit - Edit:24 - Submit on account activity grid",
        "time" : {
          "start" : 1617805154013,
          "stop" : 1617805164034,
          "duration" : 10021
        },
        "status" : "failed",
        "statusMessage" : "(TEST FAILED) Expected: Activity -> 'ACTION-ADMIN', Detail -> 'Admin Theme Default Edit - Edit:24 - Submit'\nBut was: Activity -> 'ACTION-ADMIN', Detail -> 'Theme Defaults - Edit - Submit'",
        "statusTrace" : "   at BOEM_Tests.PageObjects.SettingsPage.__a$_around_CheckRowAccountActivity_100665996_o(Int32 row, String activity, String detail) in C:\\Users\\QAOperator\\Documents\\GitHub\\BOEM_Tests\\BOEM\\BOEM_Tests\\PageObjects\\Settings\\SettingsPage.cs:line 432\r\n   at BOEM_Tests.PageObjects.SettingsPage.__a$_around_CheckRowAccountActivity_100665996_u(Object[] )\r\n   at NUnit.Allure.Steps.AllureStepAspect.WrapStep(String name, MethodBase methodBase, Object[] arguments, Func`2 method)",
        "steps" : [ ],
        "attachments" : [ ],
        "parameters" : [ ],
        "shouldDisplayMessage" : true,
        "attachmentsCount" : 0,
        "stepsCount" : 0,
        "hasContent" : true
      }, {
        "name" : "Taking Screenshot",
        "time" : {
          "start" : 1617805164034,
          "stop" : 1617805164120,
          "duration" : 86
        },
        "status" : "passed",
        "steps" : [ ],
        "attachments" : [ {
          "uid" : "112ac25a7c7a238",
          "name" : "Attachment Title",
          "source" : "112ac25a7c7a238.png",
          "type" : "image/png",
          "size" : 71997
        } ],
        "parameters" : [ ],
        "shouldDisplayMessage" : false,
        "attachmentsCount" : 1,
        "stepsCount" : 0,
        "hasContent" : true
      } ],
      "attachments" : [ {
        "uid" : "15baa32d546e7521",
        "name" : "Console Output",
        "source" : "15baa32d546e7521.txt",
        "type" : "text/plain",
        "size" : 0
      } ],
      "parameters" : [ ],
      "shouldDisplayMessage" : true,
      "attachmentsCount" : 2,
      "stepsCount" : 14,
      "hasContent" : true
    } ],
    "attachments" : [ ],
    "parameters" : [ ],
    "shouldDisplayMessage" : false,
    "attachmentsCount" : 2,
    "stepsCount" : 15,
    "hasContent" : true
  },
  "afterStages" : [ {
    "name" : "TearDown_Test",
    "time" : {
      "start" : 1617805165078,
      "stop" : 1617805165078,
      "duration" : 0
    },
    "status" : "passed",
    "steps" : [ ],
    "attachments" : [ ],
    "parameters" : [ ],
    "shouldDisplayMessage" : false,
    "attachmentsCount" : 0,
    "stepsCount" : 0,
    "hasContent" : false
  } ],
  "labels" : [ {
    "name" : "thread",
    "value" : "NonParallelWorker"
  }, {
    "name" : "host",
    "value" : "QAB01"
  }, {
    "name" : "testClass",
    "value" : "BOEM_Tests.Tests.AccountActivity"
  }, {
    "name" : "testMethod",
    "value" : "AccessFeatureThemeDefaultsEditSubmitFormLogsActivity"
  }, {
    "name" : "package",
    "value" : "BOEM_Tests.Tests.AccountActivity"
  }, {
    "name" : "tag",
    "value" : "ACCOUNTACTIVITY.32"
  }, {
    "name" : "suite",
    "value" : "AccountActivity"
  }, {
    "name" : "severity",
    "value" : "normal"
  }, {
    "name" : "resultFormat",
    "value" : "allure2"
  } ],
  "parameters" : [ ],
  "links" : [ ],
  "hidden" : true,
  "retry" : true,
  "extra" : {
    "categories" : [ ],
    "tags" : [ "ACCOUNTACTIVITY.32" ]
  },
  "source" : "ae399e9b2e73eb5e.json",
  "parameterValues" : [ ]
}