{
  "uid" : "c5254ed3a07afa53",
  "name" : "InviteUser_NoUserGroup_Rejected",
  "fullName" : "BOEM_Tests.Tests.AdminUserInvite.InviteUser_NoUserGroup_Rejected",
  "historyId" : "BOEM_Tests.Tests.AdminUserInvite.InviteUser_NoUserGroup_Rejected",
  "time" : {
    "start" : 1616722376453,
    "stop" : 1616722452401,
    "duration" : 75948
  },
  "description" : "User Invite, [Invites Users], Invitation to joe.inventory@weblakes.com does not proceed without User Group\n",
  "descriptionHtml" : "<p>User Invite, [Invites Users], Invitation to joe.inventory@weblakes.com does not proceed without User Group</p>\n",
  "status" : "failed",
  "statusMessage" : "System.Exception : (TEST FAILED) The 'Pop-Up Error' element was NOT displayed! Please, check this test's screenshot.",
  "statusTrace" : "   at BOEM_Tests.Tests.AdminUserInvite.InviteUser_NoUserGroup_Rejected() in C:\\Users\\QAOperator\\Documents\\GitHub\\BOEM_Tests\\BOEM\\BOEM_Tests\\Tests\\AdminUserInvite.cs:line 294",
  "flaky" : false,
  "newFailed" : false,
  "beforeStages" : [ {
    "name" : "PrepareResultsDir",
    "time" : {
      "start" : 1616722452400,
      "stop" : 1616722452400,
      "duration" : 0
    },
    "status" : "passed",
    "steps" : [ ],
    "attachments" : [ ],
    "parameters" : [ ],
    "shouldDisplayMessage" : false,
    "attachmentsCount" : 0,
    "stepsCount" : 0,
    "hasContent" : false
  }, {
    "name" : "Setup",
    "time" : {
      "start" : 1616722452400,
      "stop" : 1616722452400,
      "duration" : 0
    },
    "status" : "passed",
    "steps" : [ ],
    "attachments" : [ ],
    "parameters" : [ ],
    "shouldDisplayMessage" : false,
    "attachmentsCount" : 0,
    "stepsCount" : 0,
    "hasContent" : false
  } ],
  "testStage" : {
    "description" : "User Invite, [Invites Users], Invitation to joe.inventory@weblakes.com does not proceed without User Group\n",
    "status" : "failed",
    "statusMessage" : "System.Exception : (TEST FAILED) The 'Pop-Up Error' element was NOT displayed! Please, check this test's screenshot.",
    "statusTrace" : "   at BOEM_Tests.Tests.AdminUserInvite.InviteUser_NoUserGroup_Rejected() in C:\\Users\\QAOperator\\Documents\\GitHub\\BOEM_Tests\\BOEM\\BOEM_Tests\\Tests\\AdminUserInvite.cs:line 294",
    "steps" : [ {
      "name" : "InviteUser_NoUserGroup_Rejected",
      "time" : {
        "start" : 1616722376453,
        "stop" : 1616722452401,
        "duration" : 75948
      },
      "status" : "failed",
      "statusMessage" : "System.Exception : (TEST FAILED) The 'Pop-Up Error' element was NOT displayed! Please, check this test's screenshot.",
      "statusTrace" : "   at BOEM_Tests.Tests.AdminUserInvite.InviteUser_NoUserGroup_Rejected() in C:\\Users\\QAOperator\\Documents\\GitHub\\BOEM_Tests\\BOEM\\BOEM_Tests\\Tests\\AdminUserInvite.cs:line 294",
      "steps" : [ {
        "name" : "Log in using QA user",
        "time" : {
          "start" : 1616722380630,
          "stop" : 1616722425774,
          "duration" : 45144
        },
        "status" : "passed",
        "steps" : [ {
          "name" : "Open login page",
          "time" : {
            "start" : 1616722380630,
            "stop" : 1616722410682,
            "duration" : 30052
          },
          "status" : "passed",
          "steps" : [ ],
          "attachments" : [ ],
          "parameters" : [ ],
          "shouldDisplayMessage" : false,
          "attachmentsCount" : 0,
          "stepsCount" : 0,
          "hasContent" : false
        }, {
          "name" : "Set username to qa_boem@weblakes.com",
          "time" : {
            "start" : 1616722410682,
            "stop" : 1616722410752,
            "duration" : 70
          },
          "status" : "passed",
          "steps" : [ ],
          "attachments" : [ ],
          "parameters" : [ ],
          "shouldDisplayMessage" : false,
          "attachmentsCount" : 0,
          "stepsCount" : 0,
          "hasContent" : false
        }, {
          "name" : "Set password to e45eT%0n^SpXdsb2",
          "time" : {
            "start" : 1616722410752,
            "stop" : 1616722410792,
            "duration" : 40
          },
          "status" : "passed",
          "steps" : [ ],
          "attachments" : [ ],
          "parameters" : [ ],
          "shouldDisplayMessage" : false,
          "attachmentsCount" : 0,
          "stepsCount" : 0,
          "hasContent" : false
        }, {
          "name" : "Click on login button",
          "time" : {
            "start" : 1616722410792,
            "stop" : 1616722415768,
            "duration" : 4976
          },
          "status" : "passed",
          "steps" : [ ],
          "attachments" : [ ],
          "parameters" : [ ],
          "shouldDisplayMessage" : false,
          "attachmentsCount" : 0,
          "stepsCount" : 0,
          "hasContent" : false
        } ],
        "attachments" : [ ],
        "parameters" : [ ],
        "shouldDisplayMessage" : false,
        "attachmentsCount" : 0,
        "stepsCount" : 4,
        "hasContent" : true
      }, {
        "name" : "Open admin user invitations page",
        "time" : {
          "start" : 1616722425774,
          "stop" : 1616722426273,
          "duration" : 499
        },
        "status" : "passed",
        "steps" : [ ],
        "attachments" : [ ],
        "parameters" : [ ],
        "shouldDisplayMessage" : false,
        "attachmentsCount" : 0,
        "stepsCount" : 0,
        "hasContent" : false
      }, {
        "name" : "Click on invite users button",
        "time" : {
          "start" : 1616722426273,
          "stop" : 1616722431306,
          "duration" : 5033
        },
        "status" : "passed",
        "steps" : [ ],
        "attachments" : [ ],
        "parameters" : [ ],
        "shouldDisplayMessage" : false,
        "attachmentsCount" : 0,
        "stepsCount" : 0,
        "hasContent" : false
      }, {
        "name" : "Set user email text area to joe.inventory@weblakes.com",
        "time" : {
          "start" : 1616722431306,
          "stop" : 1616722436359,
          "duration" : 5053
        },
        "status" : "passed",
        "steps" : [ ],
        "attachments" : [ ],
        "parameters" : [ ],
        "shouldDisplayMessage" : false,
        "attachmentsCount" : 0,
        "stepsCount" : 0,
        "hasContent" : false
      }, {
        "name" : "Click on next button",
        "time" : {
          "start" : 1616722436360,
          "stop" : 1616722441371,
          "duration" : 5011
        },
        "status" : "passed",
        "steps" : [ ],
        "attachments" : [ ],
        "parameters" : [ ],
        "shouldDisplayMessage" : false,
        "attachmentsCount" : 0,
        "stepsCount" : 0,
        "hasContent" : false
      }, {
        "name" : "Click on next button",
        "time" : {
          "start" : 1616722441371,
          "stop" : 1616722446412,
          "duration" : 5041
        },
        "status" : "passed",
        "steps" : [ ],
        "attachments" : [ ],
        "parameters" : [ ],
        "shouldDisplayMessage" : false,
        "attachmentsCount" : 0,
        "stepsCount" : 0,
        "hasContent" : false
      }, {
        "name" : "Get error pop up group",
        "time" : {
          "start" : 1616722446413,
          "stop" : 1616722451432,
          "duration" : 5019
        },
        "status" : "failed",
        "statusMessage" : "(TEST FAILED) The 'Pop-Up Error' element was NOT displayed! Please, check this test's screenshot.",
        "statusTrace" : "   at BOEM_Tests.PageObjects.AdminUserInvitationsPage.__a$_around_GetErrorPopUpGroup_100664174_o(Boolean expectedValue) in C:\\Users\\QAOperator\\Documents\\GitHub\\BOEM_Tests\\BOEM\\BOEM_Tests\\PageObjects\\AdminUserInvite\\AdminUserInvitationsPage.cs:line 123\r\n   at BOEM_Tests.PageObjects.AdminUserInvitationsPage.__a$_around_GetErrorPopUpGroup_100664174_u(Object[] )\r\n   at NUnit.Allure.Steps.AllureStepAspect.WrapStep(String name, MethodBase methodBase, Object[] arguments, Func`2 method)",
        "steps" : [ ],
        "attachments" : [ ],
        "parameters" : [ ],
        "shouldDisplayMessage" : true,
        "attachmentsCount" : 0,
        "stepsCount" : 0,
        "hasContent" : true
      }, {
        "name" : "Taking Screenshot",
        "time" : {
          "start" : 1616722451432,
          "stop" : 1616722451503,
          "duration" : 71
        },
        "status" : "passed",
        "steps" : [ ],
        "attachments" : [ {
          "uid" : "c385f83310b45fda",
          "name" : "Attachment Title",
          "source" : "c385f83310b45fda.png",
          "type" : "image/png",
          "size" : 61169
        } ],
        "parameters" : [ ],
        "shouldDisplayMessage" : false,
        "attachmentsCount" : 1,
        "stepsCount" : 0,
        "hasContent" : true
      } ],
      "attachments" : [ {
        "uid" : "20d84269d98dcd50",
        "name" : "Console Output",
        "source" : "20d84269d98dcd50.txt",
        "type" : "text/plain",
        "size" : 0
      } ],
      "parameters" : [ ],
      "shouldDisplayMessage" : true,
      "attachmentsCount" : 2,
      "stepsCount" : 12,
      "hasContent" : true
    } ],
    "attachments" : [ ],
    "parameters" : [ ],
    "shouldDisplayMessage" : false,
    "attachmentsCount" : 2,
    "stepsCount" : 13,
    "hasContent" : true
  },
  "afterStages" : [ {
    "name" : "TearDown_Test",
    "time" : {
      "start" : 1616722452400,
      "stop" : 1616722452400,
      "duration" : 0
    },
    "status" : "passed",
    "steps" : [ ],
    "attachments" : [ ],
    "parameters" : [ ],
    "shouldDisplayMessage" : false,
    "attachmentsCount" : 0,
    "stepsCount" : 0,
    "hasContent" : false
  } ],
  "labels" : [ {
    "name" : "thread",
    "value" : "NonParallelWorker"
  }, {
    "name" : "host",
    "value" : "QAB01"
  }, {
    "name" : "testClass",
    "value" : "BOEM_Tests.Tests.AdminUserInvite"
  }, {
    "name" : "testMethod",
    "value" : "InviteUser_NoUserGroup_Rejected"
  }, {
    "name" : "package",
    "value" : "BOEM_Tests.Tests.AdminUserInvite"
  }, {
    "name" : "tag",
    "value" : "ADMINUSERINVITE.10"
  }, {
    "name" : "suite",
    "value" : "AdminUserInvite"
  }, {
    "name" : "severity",
    "value" : "normal"
  }, {
    "name" : "resultFormat",
    "value" : "allure2"
  } ],
  "parameters" : [ ],
  "links" : [ ],
  "hidden" : false,
  "retry" : false,
  "extra" : {
    "severity" : "normal",
    "retries" : [ ],
    "categories" : [ {
      "name" : "Product defects",
      "matchedStatuses" : [ ],
      "flaky" : false
    } ],
    "history" : {
      "statistic" : {
        "failed" : 19,
        "broken" : 0,
        "skipped" : 0,
        "passed" : 0,
        "unknown" : 0,
        "total" : 19
      },
      "items" : [ {
        "uid" : "450eb07d4e8e9275",
        "status" : "failed",
        "statusDetails" : "  Expected: True\r\n  But was:  False\r\n",
        "time" : {
          "start" : 1616458459881,
          "stop" : 1616458535818,
          "duration" : 75937
        }
      }, {
        "uid" : "5cd2c25c8917d36e",
        "status" : "failed",
        "statusDetails" : "  Expected: True\r\n  But was:  False\r\n",
        "time" : {
          "start" : 1616212895173,
          "stop" : 1616212955857,
          "duration" : 60684
        }
      }, {
        "uid" : "b75bff3b8e63aa27",
        "status" : "failed",
        "statusDetails" : "  Expected: True\r\n  But was:  False\r\n",
        "time" : {
          "start" : 1616120335638,
          "stop" : 1616120385413,
          "duration" : 49775
        }
      }, {
        "uid" : "162e2feb1b36816c",
        "status" : "failed",
        "statusDetails" : "  Expected: True\r\n  But was:  False\r\n",
        "time" : {
          "start" : 1616029196897,
          "stop" : 1616029272935,
          "duration" : 76038
        }
      }, {
        "uid" : "43fd1e9e255cd1d9",
        "status" : "failed",
        "statusDetails" : "  Expected: True\r\n  But was:  False\r\n",
        "time" : {
          "start" : 1615949362391,
          "stop" : 1615949438249,
          "duration" : 75858
        }
      }, {
        "uid" : "dd014cfac9715b67",
        "status" : "failed",
        "statusDetails" : "  Expected: True\r\n  But was:  False\r\n",
        "time" : {
          "start" : 1615858079605,
          "stop" : 1615858154027,
          "duration" : 74422
        }
      }, {
        "uid" : "fedd58d4cf6b9421",
        "status" : "failed",
        "statusDetails" : "  Expected: True\r\n  But was:  False\r\n",
        "time" : {
          "start" : 1615655576961,
          "stop" : 1615655630362,
          "duration" : 53401
        }
      }, {
        "uid" : "86f093579e45f23a",
        "status" : "failed",
        "statusDetails" : "  Expected: True\r\n  But was:  False\r\n",
        "time" : {
          "start" : 1615428720190,
          "stop" : 1615428815446,
          "duration" : 95256
        }
      }, {
        "uid" : "2bcbd56d9ccb52df",
        "status" : "failed",
        "statusDetails" : "  Expected: True\r\n  But was:  False\r\n",
        "time" : {
          "start" : 1615439515905,
          "stop" : 1615439575269,
          "duration" : 59364
        }
      }, {
        "uid" : "58aac69fcbafc9fc",
        "status" : "failed",
        "statusDetails" : "  Expected: True\r\n  But was:  False\r\n",
        "time" : {
          "start" : 1615356509751,
          "stop" : 1615356593482,
          "duration" : 83731
        }
      }, {
        "uid" : "290fe1c8db8946a1",
        "status" : "failed",
        "statusDetails" : "OpenQA.Selenium.NoSuchElementException : Could not find element by: By.Id: btnInvite",
        "time" : {
          "start" : 1615218108516,
          "stop" : 1615218148967,
          "duration" : 40451
        }
      }, {
        "uid" : "471bd2d60696c61d",
        "status" : "failed",
        "statusDetails" : "  Expected: True\r\n  But was:  False\r\n",
        "time" : {
          "start" : 1614800571549,
          "stop" : 1614800606558,
          "duration" : 35009
        }
      }, {
        "uid" : "7365ccb29be7329f",
        "status" : "failed",
        "statusDetails" : "  Expected: True\r\n  But was:  False\r\n",
        "time" : {
          "start" : 1613577594622,
          "stop" : 1613577718358,
          "duration" : 123736
        }
      }, {
        "uid" : "83f27fb7be1c01d3",
        "status" : "failed",
        "statusDetails" : "  Expected: True\r\n  But was:  False\r\n",
        "time" : {
          "start" : 1611935131491,
          "stop" : 1611935195487,
          "duration" : 63996
        }
      }, {
        "uid" : "f8332d829fb43ac8",
        "status" : "failed",
        "statusDetails" : "  Expected: True\r\n  But was:  False\r\n",
        "time" : {
          "start" : 1609785282938,
          "stop" : 1609785348292,
          "duration" : 65354
        }
      }, {
        "uid" : "fd99fb0d64853f84",
        "status" : "failed",
        "statusDetails" : "  Expected: True\r\n  But was:  False\r\n",
        "time" : {
          "start" : 1605812083786,
          "stop" : 1605812157347,
          "duration" : 73561
        }
      }, {
        "uid" : "bf360c2166f83d4d",
        "status" : "failed",
        "statusDetails" : "  Expected: True\r\n  But was:  False\r\n",
        "time" : {
          "start" : 1604352998017,
          "stop" : 1604353049653,
          "duration" : 51636
        }
      }, {
        "uid" : "e240a94a3773a7e5",
        "status" : "failed",
        "statusDetails" : "  Expected: True\r\n  But was:  False\r\n",
        "time" : {
          "start" : 1601491814391,
          "stop" : 1601491931488,
          "duration" : 117097
        }
      } ]
    },
    "tags" : [ "ADMINUSERINVITE.10" ]
  },
  "source" : "c5254ed3a07afa53.json",
  "parameterValues" : [ ]
}