{
  "uid" : "c63d0cab10b1c7d8",
  "name" : "AccessFeatureAccessRightsManagerSelectGroupLogsActivity",
  "fullName" : "BOEM_Tests.Tests.AccountActivity.AccessFeatureAccessRightsManagerSelectGroupLogsActivity",
  "historyId" : "BOEM_Tests.Tests.AccountActivity.AccessFeatureAccessRightsManagerSelectGroupLogsActivity",
  "time" : {
    "start" : 1617747000096,
    "stop" : 1617747036062,
    "duration" : 35966
  },
  "description" : "Access Feature : Access Rights Manager, Select Group, logs activity\n",
  "descriptionHtml" : "<p>Access Feature : Access Rights Manager, Select Group, logs activity</p>\n",
  "status" : "failed",
  "statusMessage" : "System.Exception : (TEST FAILED) Expected: Activity -> 'ACTION-ADMIN', Detail -> 'Admin Access Rights - Index:1'\nBut was: Activity -> 'ACTION-ADMIN', Detail -> 'Access Rights - Index:1'",
  "statusTrace" : "   at BOEM_Tests.Tests.AccountActivity.AccessFeatureAccessRightsManagerSelectGroupLogsActivity() in C:\\Users\\QAOperator\\Documents\\GitHub\\BOEM_Tests\\BOEM\\BOEM_Tests\\Tests\\AccountActivity.cs:line 530",
  "flaky" : true,
  "newFailed" : true,
  "beforeStages" : [ {
    "name" : "PrepareResultsDir",
    "time" : {
      "start" : 1617747036062,
      "stop" : 1617747036062,
      "duration" : 0
    },
    "status" : "passed",
    "steps" : [ ],
    "attachments" : [ ],
    "parameters" : [ ],
    "attachmentsCount" : 0,
    "shouldDisplayMessage" : false,
    "hasContent" : false,
    "stepsCount" : 0
  }, {
    "name" : "Setup_Test",
    "time" : {
      "start" : 1617747036062,
      "stop" : 1617747036062,
      "duration" : 0
    },
    "status" : "passed",
    "steps" : [ ],
    "attachments" : [ ],
    "parameters" : [ ],
    "attachmentsCount" : 0,
    "shouldDisplayMessage" : false,
    "hasContent" : false,
    "stepsCount" : 0
  } ],
  "testStage" : {
    "description" : "Access Feature : Access Rights Manager, Select Group, logs activity\n",
    "status" : "failed",
    "statusMessage" : "System.Exception : (TEST FAILED) Expected: Activity -> 'ACTION-ADMIN', Detail -> 'Admin Access Rights - Index:1'\nBut was: Activity -> 'ACTION-ADMIN', Detail -> 'Access Rights - Index:1'",
    "statusTrace" : "   at BOEM_Tests.Tests.AccountActivity.AccessFeatureAccessRightsManagerSelectGroupLogsActivity() in C:\\Users\\QAOperator\\Documents\\GitHub\\BOEM_Tests\\BOEM\\BOEM_Tests\\Tests\\AccountActivity.cs:line 530",
    "steps" : [ {
      "name" : "AccessFeatureAccessRightsManagerSelectGroupLogsActivity",
      "time" : {
        "start" : 1617747000096,
        "stop" : 1617747036062,
        "duration" : 35966
      },
      "status" : "failed",
      "statusMessage" : "System.Exception : (TEST FAILED) Expected: Activity -> 'ACTION-ADMIN', Detail -> 'Admin Access Rights - Index:1'\nBut was: Activity -> 'ACTION-ADMIN', Detail -> 'Access Rights - Index:1'",
      "statusTrace" : "   at BOEM_Tests.Tests.AccountActivity.AccessFeatureAccessRightsManagerSelectGroupLogsActivity() in C:\\Users\\QAOperator\\Documents\\GitHub\\BOEM_Tests\\BOEM\\BOEM_Tests\\Tests\\AccountActivity.cs:line 530",
      "steps" : [ {
        "name" : "Log in using QA user",
        "time" : {
          "start" : 1617747004260,
          "stop" : 1617747019934,
          "duration" : 15674
        },
        "status" : "passed",
        "steps" : [ {
          "name" : "Open login page",
          "time" : {
            "start" : 1617747004260,
            "stop" : 1617747004919,
            "duration" : 659
          },
          "status" : "passed",
          "steps" : [ ],
          "attachments" : [ ],
          "parameters" : [ ],
          "attachmentsCount" : 0,
          "shouldDisplayMessage" : false,
          "hasContent" : false,
          "stepsCount" : 0
        }, {
          "name" : "Set username to qa_boem@weblakes.com",
          "time" : {
            "start" : 1617747004919,
            "stop" : 1617747004955,
            "duration" : 36
          },
          "status" : "passed",
          "steps" : [ ],
          "attachments" : [ ],
          "parameters" : [ ],
          "attachmentsCount" : 0,
          "shouldDisplayMessage" : false,
          "hasContent" : false,
          "stepsCount" : 0
        }, {
          "name" : "Set password to e45eT%0n^SpXdsb2",
          "time" : {
            "start" : 1617747004955,
            "stop" : 1617747004992,
            "duration" : 37
          },
          "status" : "passed",
          "steps" : [ ],
          "attachments" : [ ],
          "parameters" : [ ],
          "attachmentsCount" : 0,
          "shouldDisplayMessage" : false,
          "hasContent" : false,
          "stepsCount" : 0
        }, {
          "name" : "Click on login button",
          "time" : {
            "start" : 1617747004992,
            "stop" : 1617747009920,
            "duration" : 4928
          },
          "status" : "passed",
          "steps" : [ ],
          "attachments" : [ ],
          "parameters" : [ ],
          "attachmentsCount" : 0,
          "shouldDisplayMessage" : false,
          "hasContent" : false,
          "stepsCount" : 0
        } ],
        "attachments" : [ ],
        "parameters" : [ ],
        "attachmentsCount" : 0,
        "shouldDisplayMessage" : false,
        "hasContent" : true,
        "stepsCount" : 4
      }, {
        "name" : "Check inventory 2017 - 2017 Complete Inventory",
        "time" : {
          "start" : 1617747019934,
          "stop" : 1617747022958,
          "duration" : 3024
        },
        "status" : "passed",
        "steps" : [ ],
        "attachments" : [ ],
        "parameters" : [ ],
        "attachmentsCount" : 0,
        "shouldDisplayMessage" : false,
        "hasContent" : false,
        "stepsCount" : 0
      }, {
        "name" : "Access relative URL OpenQA.Selenium.Firefox.FirefoxDriver",
        "time" : {
          "start" : 1617747022958,
          "stop" : 1617747023521,
          "duration" : 563
        },
        "status" : "passed",
        "steps" : [ ],
        "attachments" : [ ],
        "parameters" : [ ],
        "attachmentsCount" : 0,
        "shouldDisplayMessage" : false,
        "hasContent" : false,
        "stepsCount" : 0
      }, {
        "name" : "Wait 1000 ms",
        "time" : {
          "start" : 1617747023521,
          "stop" : 1617747024532,
          "duration" : 1011
        },
        "status" : "passed",
        "steps" : [ ],
        "attachments" : [ ],
        "parameters" : [ ],
        "attachmentsCount" : 0,
        "shouldDisplayMessage" : false,
        "hasContent" : false,
        "stepsCount" : 0
      }, {
        "name" : "Access relative URL OpenQA.Selenium.Firefox.FirefoxDriver",
        "time" : {
          "start" : 1617747024532,
          "stop" : 1617747025259,
          "duration" : 727
        },
        "status" : "passed",
        "steps" : [ ],
        "attachments" : [ ],
        "parameters" : [ ],
        "attachmentsCount" : 0,
        "shouldDisplayMessage" : false,
        "hasContent" : false,
        "stepsCount" : 0
      }, {
        "name" : "Check row 2 - ACTION-ADMIN - Admin Access Rights - Index:1 on account activity grid",
        "time" : {
          "start" : 1617747025259,
          "stop" : 1617747035264,
          "duration" : 10005
        },
        "status" : "failed",
        "statusMessage" : "(TEST FAILED) Expected: Activity -> 'ACTION-ADMIN', Detail -> 'Admin Access Rights - Index:1'\nBut was: Activity -> 'ACTION-ADMIN', Detail -> 'Access Rights - Index:1'",
        "statusTrace" : "   at BOEM_Tests.PageObjects.SettingsPage.__a$_around_CheckRowAccountActivity_100665996_o(Int32 row, String activity, String detail) in C:\\Users\\QAOperator\\Documents\\GitHub\\BOEM_Tests\\BOEM\\BOEM_Tests\\PageObjects\\Settings\\SettingsPage.cs:line 432\r\n   at BOEM_Tests.PageObjects.SettingsPage.__a$_around_CheckRowAccountActivity_100665996_u(Object[] )\r\n   at NUnit.Allure.Steps.AllureStepAspect.WrapStep(String name, MethodBase methodBase, Object[] arguments, Func`2 method)",
        "steps" : [ ],
        "attachments" : [ ],
        "parameters" : [ ],
        "attachmentsCount" : 0,
        "shouldDisplayMessage" : true,
        "hasContent" : true,
        "stepsCount" : 0
      }, {
        "name" : "Taking Screenshot",
        "time" : {
          "start" : 1617747035264,
          "stop" : 1617747035333,
          "duration" : 69
        },
        "status" : "passed",
        "steps" : [ ],
        "attachments" : [ {
          "uid" : "74cea6e21c494548",
          "name" : "Attachment Title",
          "source" : "74cea6e21c494548.png",
          "type" : "image/png",
          "size" : 71368
        } ],
        "parameters" : [ ],
        "attachmentsCount" : 1,
        "shouldDisplayMessage" : false,
        "hasContent" : true,
        "stepsCount" : 0
      } ],
      "attachments" : [ {
        "uid" : "9102541213aa4693",
        "name" : "Console Output",
        "source" : "9102541213aa4693.txt",
        "type" : "text/plain",
        "size" : 0
      } ],
      "parameters" : [ ],
      "attachmentsCount" : 2,
      "shouldDisplayMessage" : true,
      "hasContent" : true,
      "stepsCount" : 11
    } ],
    "attachments" : [ ],
    "parameters" : [ ],
    "attachmentsCount" : 2,
    "shouldDisplayMessage" : false,
    "hasContent" : true,
    "stepsCount" : 12
  },
  "afterStages" : [ {
    "name" : "TearDown_Test",
    "time" : {
      "start" : 1617747036062,
      "stop" : 1617747036062,
      "duration" : 0
    },
    "status" : "passed",
    "steps" : [ ],
    "attachments" : [ ],
    "parameters" : [ ],
    "attachmentsCount" : 0,
    "shouldDisplayMessage" : false,
    "hasContent" : false,
    "stepsCount" : 0
  } ],
  "labels" : [ {
    "name" : "thread",
    "value" : "NonParallelWorker"
  }, {
    "name" : "host",
    "value" : "QAB01"
  }, {
    "name" : "testClass",
    "value" : "BOEM_Tests.Tests.AccountActivity"
  }, {
    "name" : "testMethod",
    "value" : "AccessFeatureAccessRightsManagerSelectGroupLogsActivity"
  }, {
    "name" : "package",
    "value" : "BOEM_Tests.Tests.AccountActivity"
  }, {
    "name" : "tag",
    "value" : "ACCOUNTACTIVITY.14"
  }, {
    "name" : "suite",
    "value" : "AccountActivity"
  }, {
    "name" : "severity",
    "value" : "normal"
  }, {
    "name" : "resultFormat",
    "value" : "allure2"
  } ],
  "parameters" : [ ],
  "links" : [ ],
  "hidden" : false,
  "retry" : false,
  "extra" : {
    "severity" : "normal",
    "retries" : [ ],
    "categories" : [ {
      "name" : "Product defects",
      "matchedStatuses" : [ ],
      "flaky" : false
    } ],
    "history" : {
      "statistic" : {
        "failed" : 5,
        "broken" : 0,
        "skipped" : 0,
        "passed" : 15,
        "unknown" : 0,
        "total" : 20
      },
      "items" : [ {
        "uid" : "58ce1bdd9d8c5651",
        "status" : "passed",
        "time" : {
          "start" : 1617670064325,
          "stop" : 1617670114698,
          "duration" : 50373
        }
      }, {
        "uid" : "745d04447212cf89",
        "status" : "passed",
        "time" : {
          "start" : 1617324288768,
          "stop" : 1617324340063,
          "duration" : 51295
        }
      }, {
        "uid" : "7cd90a82d2d7255d",
        "status" : "passed",
        "time" : {
          "start" : 1617147659499,
          "stop" : 1617147710439,
          "duration" : 50940
        }
      }, {
        "uid" : "d7f107f1ab903e60",
        "status" : "passed",
        "time" : {
          "start" : 1617063282909,
          "stop" : 1617063334563,
          "duration" : 51654
        }
      }, {
        "uid" : "be285639ef65d39e",
        "status" : "passed",
        "time" : {
          "start" : 1616815963051,
          "stop" : 1616816013748,
          "duration" : 50697
        }
      }, {
        "uid" : "7c8fe528114ebd3c",
        "status" : "failed",
        "statusDetails" : "System.Exception : Expected: Activity -> 'ACTION-ADMIN', Detail -> 'View Access Rights - Details:1'\nBut was: Activity -> 'ACTION', Detail -> 'User Account Activity - Index'",
        "time" : {
          "start" : 1616717222430,
          "stop" : 1616717287246,
          "duration" : 64816
        }
      }, {
        "uid" : "fbff5af6652ac2fc",
        "status" : "passed",
        "time" : {
          "start" : 1616453191550,
          "stop" : 1616453226884,
          "duration" : 35334
        }
      }, {
        "uid" : "19358c35d86673a1",
        "status" : "passed",
        "time" : {
          "start" : 1616207793578,
          "stop" : 1616207858091,
          "duration" : 64513
        }
      }, {
        "uid" : "e7e556d625b8e176",
        "status" : "passed",
        "time" : {
          "start" : 1616115152101,
          "stop" : 1616115216610,
          "duration" : 64509
        }
      }, {
        "uid" : "8fab0f54deaac676",
        "status" : "passed",
        "time" : {
          "start" : 1616023833969,
          "stop" : 1616023898398,
          "duration" : 64429
        }
      }, {
        "uid" : "7da4e5f7c94bd7e9",
        "status" : "passed",
        "time" : {
          "start" : 1615944242652,
          "stop" : 1615944307260,
          "duration" : 64608
        }
      }, {
        "uid" : "db069e181234efc8",
        "status" : "passed",
        "time" : {
          "start" : 1615852910815,
          "stop" : 1615852973377,
          "duration" : 62562
        }
      }, {
        "uid" : "b99e0507abfe20f9",
        "status" : "passed",
        "time" : {
          "start" : 1615650448392,
          "stop" : 1615650509533,
          "duration" : 61141
        }
      }, {
        "uid" : "7e26bdbcc0252481",
        "status" : "passed",
        "time" : {
          "start" : 1615424201148,
          "stop" : 1615424279027,
          "duration" : 77879
        }
      }, {
        "uid" : "2e0b760e425e85da",
        "status" : "passed",
        "time" : {
          "start" : 1615434320361,
          "stop" : 1615434368390,
          "duration" : 48029
        }
      }, {
        "uid" : "28ca27b2f040bb74",
        "status" : "passed",
        "time" : {
          "start" : 1615424201148,
          "stop" : 1615424279027,
          "duration" : 77879
        }
      }, {
        "uid" : "23d630c2c386836b",
        "status" : "failed",
        "statusDetails" : "OpenQA.Selenium.NoSuchElementException : Unable to locate element: //div[@id='page-wrapper']/div[1]/div/ul/li[2]/a/span",
        "time" : {
          "start" : 1615214957081,
          "stop" : 1615214967906,
          "duration" : 10825
        }
      }, {
        "uid" : "400082df86798f38",
        "status" : "failed",
        "statusDetails" : "  Expected: True\r\n  But was:  False\r\n",
        "time" : {
          "start" : 1614797925556,
          "stop" : 1614797950985,
          "duration" : 25429
        }
      }, {
        "uid" : "97b391df5fc199f3",
        "status" : "failed",
        "statusDetails" : "  Expected: True\r\n  But was:  False\r\n",
        "time" : {
          "start" : 1613607673989,
          "stop" : 1613607716267,
          "duration" : 42278
        }
      } ]
    },
    "tags" : [ "ACCOUNTACTIVITY.14" ]
  },
  "source" : "c63d0cab10b1c7d8.json",
  "parameterValues" : [ ]
}