{
  "uid" : "c7e39f044261374b",
  "name" : "AccessFeatureEditGroupSubmitLogsActivity",
  "fullName" : "BOEM_Tests.Tests.AccountActivity.AccessFeatureEditGroupSubmitLogsActivity",
  "historyId" : "BOEM_Tests.Tests.AccountActivity.AccessFeatureEditGroupSubmitLogsActivity",
  "time" : {
    "start" : 1617324099055,
    "stop" : 1617324148414,
    "duration" : 49359
  },
  "description" : "Access Feature : Edit Group - Submit, logs activity\n",
  "descriptionHtml" : "<p>Access Feature : Edit Group - Submit, logs activity</p>\n",
  "status" : "failed",
  "statusMessage" : "System.Exception : (TEST FAILED) Expected: Activity -> 'ACTION-ADMIN', Detail -> 'Edit Groups - Form Submit:3'\nBut was: Activity -> 'ACTION-ADMIN', Detail -> 'Admin Groups - Edit:3 - Submit'",
  "statusTrace" : "   at BOEM_Tests.Tests.AccountActivity.AccessFeatureEditGroupSubmitLogsActivity() in C:\\Users\\QAOperator\\Documents\\GitHub\\BOEM_Tests\\BOEM\\BOEM_Tests\\Tests\\AccountActivity.cs:line 432",
  "flaky" : true,
  "newFailed" : false,
  "beforeStages" : [ {
    "name" : "PrepareResultsDir",
    "time" : {
      "start" : 1617324148414,
      "stop" : 1617324148414,
      "duration" : 0
    },
    "status" : "passed",
    "steps" : [ ],
    "attachments" : [ ],
    "parameters" : [ ],
    "hasContent" : false,
    "stepsCount" : 0,
    "attachmentsCount" : 0,
    "shouldDisplayMessage" : false
  }, {
    "name" : "Setup_Test",
    "time" : {
      "start" : 1617324148414,
      "stop" : 1617324148414,
      "duration" : 0
    },
    "status" : "passed",
    "steps" : [ ],
    "attachments" : [ ],
    "parameters" : [ ],
    "hasContent" : false,
    "stepsCount" : 0,
    "attachmentsCount" : 0,
    "shouldDisplayMessage" : false
  } ],
  "testStage" : {
    "description" : "Access Feature : Edit Group - Submit, logs activity\n",
    "status" : "failed",
    "statusMessage" : "System.Exception : (TEST FAILED) Expected: Activity -> 'ACTION-ADMIN', Detail -> 'Edit Groups - Form Submit:3'\nBut was: Activity -> 'ACTION-ADMIN', Detail -> 'Admin Groups - Edit:3 - Submit'",
    "statusTrace" : "   at BOEM_Tests.Tests.AccountActivity.AccessFeatureEditGroupSubmitLogsActivity() in C:\\Users\\QAOperator\\Documents\\GitHub\\BOEM_Tests\\BOEM\\BOEM_Tests\\Tests\\AccountActivity.cs:line 432",
    "steps" : [ {
      "name" : "AccessFeatureEditGroupSubmitLogsActivity",
      "time" : {
        "start" : 1617324099055,
        "stop" : 1617324148414,
        "duration" : 49359
      },
      "status" : "failed",
      "statusMessage" : "System.Exception : (TEST FAILED) Expected: Activity -> 'ACTION-ADMIN', Detail -> 'Edit Groups - Form Submit:3'\nBut was: Activity -> 'ACTION-ADMIN', Detail -> 'Admin Groups - Edit:3 - Submit'",
      "statusTrace" : "   at BOEM_Tests.Tests.AccountActivity.AccessFeatureEditGroupSubmitLogsActivity() in C:\\Users\\QAOperator\\Documents\\GitHub\\BOEM_Tests\\BOEM\\BOEM_Tests\\Tests\\AccountActivity.cs:line 432",
      "steps" : [ {
        "name" : "Log in using QA user",
        "time" : {
          "start" : 1617324103186,
          "stop" : 1617324119121,
          "duration" : 15935
        },
        "status" : "passed",
        "steps" : [ {
          "name" : "Open login page",
          "time" : {
            "start" : 1617324103186,
            "stop" : 1617324103988,
            "duration" : 802
          },
          "status" : "passed",
          "steps" : [ ],
          "attachments" : [ ],
          "parameters" : [ ],
          "hasContent" : false,
          "stepsCount" : 0,
          "attachmentsCount" : 0,
          "shouldDisplayMessage" : false
        }, {
          "name" : "Set username to qa_boem@weblakes.com",
          "time" : {
            "start" : 1617324103989,
            "stop" : 1617324104067,
            "duration" : 78
          },
          "status" : "passed",
          "steps" : [ ],
          "attachments" : [ ],
          "parameters" : [ ],
          "hasContent" : false,
          "stepsCount" : 0,
          "attachmentsCount" : 0,
          "shouldDisplayMessage" : false
        }, {
          "name" : "Set password to e45eT%0n^SpXdsb2",
          "time" : {
            "start" : 1617324104067,
            "stop" : 1617324104100,
            "duration" : 33
          },
          "status" : "passed",
          "steps" : [ ],
          "attachments" : [ ],
          "parameters" : [ ],
          "hasContent" : false,
          "stepsCount" : 0,
          "attachmentsCount" : 0,
          "shouldDisplayMessage" : false
        }, {
          "name" : "Click on login button",
          "time" : {
            "start" : 1617324104100,
            "stop" : 1617324109117,
            "duration" : 5017
          },
          "status" : "passed",
          "steps" : [ ],
          "attachments" : [ ],
          "parameters" : [ ],
          "hasContent" : false,
          "stepsCount" : 0,
          "attachmentsCount" : 0,
          "shouldDisplayMessage" : false
        } ],
        "attachments" : [ ],
        "parameters" : [ ],
        "hasContent" : true,
        "stepsCount" : 4,
        "attachmentsCount" : 0,
        "shouldDisplayMessage" : false
      }, {
        "name" : "Check inventory 2017 - 2017 Complete Inventory",
        "time" : {
          "start" : 1617324119121,
          "stop" : 1617324122144,
          "duration" : 3023
        },
        "status" : "passed",
        "steps" : [ ],
        "attachments" : [ ],
        "parameters" : [ ],
        "hasContent" : false,
        "stepsCount" : 0,
        "attachmentsCount" : 0,
        "shouldDisplayMessage" : false
      }, {
        "name" : "Access URL OpenQA.Selenium.Firefox.FirefoxDriver",
        "time" : {
          "start" : 1617324122144,
          "stop" : 1617324122690,
          "duration" : 546
        },
        "status" : "passed",
        "steps" : [ ],
        "attachments" : [ ],
        "parameters" : [ ],
        "hasContent" : false,
        "stepsCount" : 0,
        "attachmentsCount" : 0,
        "shouldDisplayMessage" : false
      }, {
        "name" : "Click on save changes button",
        "time" : {
          "start" : 1617324122690,
          "stop" : 1617324126727,
          "duration" : 4037
        },
        "status" : "passed",
        "steps" : [ ],
        "attachments" : [ ],
        "parameters" : [ ],
        "hasContent" : false,
        "stepsCount" : 0,
        "attachmentsCount" : 0,
        "shouldDisplayMessage" : false
      }, {
        "name" : "Access URL OpenQA.Selenium.Firefox.FirefoxDriver",
        "time" : {
          "start" : 1617324126727,
          "stop" : 1617324127388,
          "duration" : 661
        },
        "status" : "passed",
        "steps" : [ ],
        "attachments" : [ ],
        "parameters" : [ ],
        "hasContent" : false,
        "stepsCount" : 0,
        "attachmentsCount" : 0,
        "shouldDisplayMessage" : false
      }, {
        "name" : "Check row 2 - ACTION-ADMIN - Admin Groups - Details:3 on account activity grid",
        "time" : {
          "start" : 1617324127388,
          "stop" : 1617324137401,
          "duration" : 10013
        },
        "status" : "passed",
        "steps" : [ ],
        "attachments" : [ ],
        "parameters" : [ ],
        "hasContent" : false,
        "stepsCount" : 0,
        "attachmentsCount" : 0,
        "shouldDisplayMessage" : false
      }, {
        "name" : "Check row 3 - ACTION-ADMIN - Edit Groups - Form Submit:3 on account activity grid",
        "time" : {
          "start" : 1617324137401,
          "stop" : 1617324147428,
          "duration" : 10027
        },
        "status" : "failed",
        "statusMessage" : "(TEST FAILED) Expected: Activity -> 'ACTION-ADMIN', Detail -> 'Edit Groups - Form Submit:3'\nBut was: Activity -> 'ACTION-ADMIN', Detail -> 'Admin Groups - Edit:3 - Submit'",
        "statusTrace" : "   at BOEM_Tests.PageObjects.SettingsPage.__a$_around_CheckRowAccountActivity_100665995_o(Int32 row, String activity, String detail) in C:\\Users\\QAOperator\\Documents\\GitHub\\BOEM_Tests\\BOEM\\BOEM_Tests\\PageObjects\\Settings\\SettingsPage.cs:line 432\r\n   at BOEM_Tests.PageObjects.SettingsPage.__a$_around_CheckRowAccountActivity_100665995_u(Object[] )\r\n   at NUnit.Allure.Steps.AllureStepAspect.WrapStep(String name, MethodBase methodBase, Object[] arguments, Func`2 method)",
        "steps" : [ ],
        "attachments" : [ ],
        "parameters" : [ ],
        "hasContent" : true,
        "stepsCount" : 0,
        "attachmentsCount" : 0,
        "shouldDisplayMessage" : true
      }, {
        "name" : "Taking Screenshot",
        "time" : {
          "start" : 1617324147428,
          "stop" : 1617324147506,
          "duration" : 78
        },
        "status" : "passed",
        "steps" : [ ],
        "attachments" : [ {
          "uid" : "c1b7a3307927e07",
          "name" : "Attachment Title",
          "source" : "c1b7a3307927e07.png",
          "type" : "image/png",
          "size" : 71750
        } ],
        "parameters" : [ ],
        "hasContent" : true,
        "stepsCount" : 0,
        "attachmentsCount" : 1,
        "shouldDisplayMessage" : false
      } ],
      "attachments" : [ {
        "uid" : "a836123e6cd422d0",
        "name" : "Console Output",
        "source" : "a836123e6cd422d0.txt",
        "type" : "text/plain",
        "size" : 0
      } ],
      "parameters" : [ ],
      "hasContent" : true,
      "stepsCount" : 12,
      "attachmentsCount" : 2,
      "shouldDisplayMessage" : true
    } ],
    "attachments" : [ ],
    "parameters" : [ ],
    "hasContent" : true,
    "stepsCount" : 13,
    "attachmentsCount" : 2,
    "shouldDisplayMessage" : false
  },
  "afterStages" : [ {
    "name" : "TearDown_Test",
    "time" : {
      "start" : 1617324148414,
      "stop" : 1617324148414,
      "duration" : 0
    },
    "status" : "passed",
    "steps" : [ ],
    "attachments" : [ ],
    "parameters" : [ ],
    "hasContent" : false,
    "stepsCount" : 0,
    "attachmentsCount" : 0,
    "shouldDisplayMessage" : false
  } ],
  "labels" : [ {
    "name" : "thread",
    "value" : "NonParallelWorker"
  }, {
    "name" : "host",
    "value" : "QAB01"
  }, {
    "name" : "testClass",
    "value" : "BOEM_Tests.Tests.AccountActivity"
  }, {
    "name" : "testMethod",
    "value" : "AccessFeatureEditGroupSubmitLogsActivity"
  }, {
    "name" : "package",
    "value" : "BOEM_Tests.Tests.AccountActivity"
  }, {
    "name" : "tag",
    "value" : "ACCOUNTACTIVITY.11"
  }, {
    "name" : "suite",
    "value" : "AccountActivity"
  }, {
    "name" : "severity",
    "value" : "normal"
  }, {
    "name" : "resultFormat",
    "value" : "allure2"
  } ],
  "parameters" : [ ],
  "links" : [ ],
  "hidden" : false,
  "retry" : false,
  "extra" : {
    "severity" : "normal",
    "retries" : [ ],
    "categories" : [ {
      "name" : "Product defects",
      "matchedStatuses" : [ ],
      "flaky" : false
    } ],
    "history" : {
      "statistic" : {
        "failed" : 8,
        "broken" : 0,
        "skipped" : 0,
        "passed" : 10,
        "unknown" : 0,
        "total" : 18
      },
      "items" : [ {
        "uid" : "c803eae6b6b04ed1",
        "status" : "failed",
        "statusDetails" : "System.Exception : (TEST FAILED) Expected: Activity -> 'ACTION-ADMIN', Detail -> 'View Groups - Details:3'\nBut was: Activity -> 'ACTION', Detail -> 'User Account Activity - Index'",
        "time" : {
          "start" : 1617147474812,
          "stop" : 1617147529018,
          "duration" : 54206
        }
      }, {
        "uid" : "5d746106e9ffd7ae",
        "status" : "failed",
        "statusDetails" : "System.Exception : Expected: Activity -> 'ACTION-ADMIN', Detail -> 'View Groups - Details:3'\nBut was: Activity -> 'PROJECT SELECTION', Detail -> ''",
        "time" : {
          "start" : 1617063113671,
          "stop" : 1617063181909,
          "duration" : 68238
        }
      }, {
        "uid" : "c78120f56d004212",
        "status" : "failed",
        "statusDetails" : "System.Exception : Expected: Activity -> 'ACTION-ADMIN', Detail -> 'View Groups - Details:3'\nBut was: Activity -> 'ACTION', Detail -> 'User Account Activity - Index'",
        "time" : {
          "start" : 1616815794729,
          "stop" : 1616815863018,
          "duration" : 68289
        }
      }, {
        "uid" : "4342d5d5158a62b1",
        "status" : "failed",
        "statusDetails" : "System.Exception : Expected: Activity -> 'ACTION-ADMIN', Detail -> 'View Groups - Details:3'\nBut was: Activity -> 'ACTION', Detail -> 'User Account Activity - Index'",
        "time" : {
          "start" : 1616717043390,
          "stop" : 1616717104201,
          "duration" : 60811
        }
      }, {
        "uid" : "af8809ae3a6571d0",
        "status" : "passed",
        "time" : {
          "start" : 1616453014686,
          "stop" : 1616453078393,
          "duration" : 63707
        }
      }, {
        "uid" : "a764bff9496b28e3",
        "status" : "passed",
        "time" : {
          "start" : 1616207616282,
          "stop" : 1616207694583,
          "duration" : 78301
        }
      }, {
        "uid" : "43ab62614361a00c",
        "status" : "passed",
        "time" : {
          "start" : 1616114981339,
          "stop" : 1616115045215,
          "duration" : 63876
        }
      }, {
        "uid" : "c0911a3a0d0b3662",
        "status" : "passed",
        "time" : {
          "start" : 1616023626636,
          "stop" : 1616023706499,
          "duration" : 79863
        }
      }, {
        "uid" : "472c33b41bda8b57",
        "status" : "passed",
        "time" : {
          "start" : 1615944064327,
          "stop" : 1615944128638,
          "duration" : 64311
        }
      }, {
        "uid" : "7b2e4c522a90f3db",
        "status" : "passed",
        "time" : {
          "start" : 1615852753816,
          "stop" : 1615852815628,
          "duration" : 61812
        }
      }, {
        "uid" : "616b3aab839c88d7",
        "status" : "passed",
        "time" : {
          "start" : 1615650271621,
          "stop" : 1615650320536,
          "duration" : 48915
        }
      }, {
        "uid" : "d1ad9d6482c51241",
        "status" : "passed",
        "time" : {
          "start" : 1615423876575,
          "stop" : 1615423984566,
          "duration" : 107991
        }
      }, {
        "uid" : "527a964268607a37",
        "status" : "passed",
        "time" : {
          "start" : 1615434099947,
          "stop" : 1615434176609,
          "duration" : 76662
        }
      }, {
        "uid" : "148025f04b8a8d5d",
        "status" : "passed",
        "time" : {
          "start" : 1615423876575,
          "stop" : 1615423984566,
          "duration" : 107991
        }
      }, {
        "uid" : "8c6e9c224ccc600f",
        "status" : "failed",
        "statusDetails" : "OpenQA.Selenium.NoSuchElementException : Unable to locate element: //div[@id='page-wrapper']/div[1]/div/ul/li[2]/a/span",
        "time" : {
          "start" : 1615214909155,
          "stop" : 1615214935402,
          "duration" : 26247
        }
      }, {
        "uid" : "bb698152738cc6d7",
        "status" : "failed",
        "statusDetails" : "  Expected: True\r\n  But was:  False\r\n",
        "time" : {
          "start" : 1614797844838,
          "stop" : 1614797872859,
          "duration" : 28021
        }
      }, {
        "uid" : "ec2ab2800e1d6013",
        "status" : "failed",
        "statusDetails" : "  Expected: True\r\n  But was:  False\r\n",
        "time" : {
          "start" : 1613607509093,
          "stop" : 1613607554717,
          "duration" : 45624
        }
      } ]
    },
    "tags" : [ "ACCOUNTACTIVITY.11" ]
  },
  "source" : "c7e39f044261374b.json",
  "parameterValues" : [ ]
}