{
  "uid" : "c8b28009749d403",
  "name" : "AccessFeatureThemeDefaultsEditCancelFormLogsActivity",
  "fullName" : "BOEM_Tests.Tests.AccountActivity.AccessFeatureThemeDefaultsEditCancelFormLogsActivity",
  "historyId" : "BOEM_Tests.Tests.AccountActivity.AccessFeatureThemeDefaultsEditCancelFormLogsActivity",
  "time" : {
    "start" : 1617149104212,
    "stop" : 1617149168941,
    "duration" : 64729
  },
  "description" : "Access feature : theme defaults / edit / cancel form - logs activity\n",
  "descriptionHtml" : "<p>Access feature : theme defaults / edit / cancel form - logs activity</p>\n",
  "status" : "failed",
  "statusMessage" : "System.Exception : (TEST FAILED) Expected: Activity -> 'ACTION-ADMIN', Detail -> 'Theme Defaults - Index'\nBut was: Activity -> 'ACTION-ADMIN', Detail -> 'Admin Theme Defaults - Index'",
  "statusTrace" : "   at BOEM_Tests.Tests.AccountActivity.AccessFeatureThemeDefaultsEditCancelFormLogsActivity() in C:\\Users\\QAOperator\\Documents\\GitHub\\BOEM_Tests\\BOEM\\BOEM_Tests\\Tests\\AccountActivity.cs:line 1192",
  "flaky" : true,
  "newFailed" : false,
  "beforeStages" : [ {
    "name" : "PrepareResultsDir",
    "time" : {
      "start" : 1617149168941,
      "stop" : 1617149168941,
      "duration" : 0
    },
    "status" : "passed",
    "steps" : [ ],
    "attachments" : [ ],
    "parameters" : [ ],
    "stepsCount" : 0,
    "hasContent" : false,
    "shouldDisplayMessage" : false,
    "attachmentsCount" : 0
  }, {
    "name" : "Setup_Test",
    "time" : {
      "start" : 1617149168941,
      "stop" : 1617149168941,
      "duration" : 0
    },
    "status" : "passed",
    "steps" : [ ],
    "attachments" : [ ],
    "parameters" : [ ],
    "stepsCount" : 0,
    "hasContent" : false,
    "shouldDisplayMessage" : false,
    "attachmentsCount" : 0
  } ],
  "testStage" : {
    "description" : "Access feature : theme defaults / edit / cancel form - logs activity\n",
    "status" : "failed",
    "statusMessage" : "System.Exception : (TEST FAILED) Expected: Activity -> 'ACTION-ADMIN', Detail -> 'Theme Defaults - Index'\nBut was: Activity -> 'ACTION-ADMIN', Detail -> 'Admin Theme Defaults - Index'",
    "statusTrace" : "   at BOEM_Tests.Tests.AccountActivity.AccessFeatureThemeDefaultsEditCancelFormLogsActivity() in C:\\Users\\QAOperator\\Documents\\GitHub\\BOEM_Tests\\BOEM\\BOEM_Tests\\Tests\\AccountActivity.cs:line 1192",
    "steps" : [ {
      "name" : "AccessFeatureThemeDefaultsEditCancelFormLogsActivity",
      "time" : {
        "start" : 1617149104212,
        "stop" : 1617149168941,
        "duration" : 64729
      },
      "status" : "failed",
      "statusMessage" : "System.Exception : (TEST FAILED) Expected: Activity -> 'ACTION-ADMIN', Detail -> 'Theme Defaults - Index'\nBut was: Activity -> 'ACTION-ADMIN', Detail -> 'Admin Theme Defaults - Index'",
      "statusTrace" : "   at BOEM_Tests.Tests.AccountActivity.AccessFeatureThemeDefaultsEditCancelFormLogsActivity() in C:\\Users\\QAOperator\\Documents\\GitHub\\BOEM_Tests\\BOEM\\BOEM_Tests\\Tests\\AccountActivity.cs:line 1192",
      "steps" : [ {
        "name" : "Log in using QA user",
        "time" : {
          "start" : 1617149108357,
          "stop" : 1617149138831,
          "duration" : 30474
        },
        "status" : "passed",
        "steps" : [ {
          "name" : "Open login page",
          "time" : {
            "start" : 1617149108357,
            "stop" : 1617149123871,
            "duration" : 15514
          },
          "status" : "passed",
          "steps" : [ ],
          "attachments" : [ ],
          "parameters" : [ ],
          "stepsCount" : 0,
          "hasContent" : false,
          "shouldDisplayMessage" : false,
          "attachmentsCount" : 0
        }, {
          "name" : "Set username to qa_boem@weblakes.com",
          "time" : {
            "start" : 1617149123871,
            "stop" : 1617149123906,
            "duration" : 35
          },
          "status" : "passed",
          "steps" : [ ],
          "attachments" : [ ],
          "parameters" : [ ],
          "stepsCount" : 0,
          "hasContent" : false,
          "shouldDisplayMessage" : false,
          "attachmentsCount" : 0
        }, {
          "name" : "Set password to e45eT%0n^SpXdsb2",
          "time" : {
            "start" : 1617149123906,
            "stop" : 1617149123944,
            "duration" : 38
          },
          "status" : "passed",
          "steps" : [ ],
          "attachments" : [ ],
          "parameters" : [ ],
          "stepsCount" : 0,
          "hasContent" : false,
          "shouldDisplayMessage" : false,
          "attachmentsCount" : 0
        }, {
          "name" : "Click on login button",
          "time" : {
            "start" : 1617149123944,
            "stop" : 1617149128820,
            "duration" : 4876
          },
          "status" : "passed",
          "steps" : [ ],
          "attachments" : [ ],
          "parameters" : [ ],
          "stepsCount" : 0,
          "hasContent" : false,
          "shouldDisplayMessage" : false,
          "attachmentsCount" : 0
        } ],
        "attachments" : [ ],
        "parameters" : [ ],
        "stepsCount" : 4,
        "hasContent" : true,
        "shouldDisplayMessage" : false,
        "attachmentsCount" : 0
      }, {
        "name" : "Check inventory 2017 - 2017 Complete Inventory",
        "time" : {
          "start" : 1617149138831,
          "stop" : 1617149141855,
          "duration" : 3024
        },
        "status" : "passed",
        "steps" : [ ],
        "attachments" : [ ],
        "parameters" : [ ],
        "stepsCount" : 0,
        "hasContent" : false,
        "shouldDisplayMessage" : false,
        "attachmentsCount" : 0
      }, {
        "name" : "Access relative URL OpenQA.Selenium.Firefox.FirefoxDriver",
        "time" : {
          "start" : 1617149141862,
          "stop" : 1617149142294,
          "duration" : 432
        },
        "status" : "passed",
        "steps" : [ ],
        "attachments" : [ ],
        "parameters" : [ ],
        "stepsCount" : 0,
        "hasContent" : false,
        "shouldDisplayMessage" : false,
        "attachmentsCount" : 0
      }, {
        "name" : "Wait 3000 ms",
        "time" : {
          "start" : 1617149142294,
          "stop" : 1617149145302,
          "duration" : 3008
        },
        "status" : "passed",
        "steps" : [ ],
        "attachments" : [ ],
        "parameters" : [ ],
        "stepsCount" : 0,
        "hasContent" : false,
        "shouldDisplayMessage" : false,
        "attachmentsCount" : 0
      }, {
        "name" : "Wait 3000 ms",
        "time" : {
          "start" : 1617149148311,
          "stop" : 1617149151334,
          "duration" : 3023
        },
        "status" : "passed",
        "steps" : [ ],
        "attachments" : [ ],
        "parameters" : [ ],
        "stepsCount" : 0,
        "hasContent" : false,
        "shouldDisplayMessage" : false,
        "attachmentsCount" : 0
      }, {
        "name" : "Wait 3000 ms",
        "time" : {
          "start" : 1617149154359,
          "stop" : 1617149157367,
          "duration" : 3008
        },
        "status" : "passed",
        "steps" : [ ],
        "attachments" : [ ],
        "parameters" : [ ],
        "stepsCount" : 0,
        "hasContent" : false,
        "shouldDisplayMessage" : false,
        "attachmentsCount" : 0
      }, {
        "name" : "Access relative URL OpenQA.Selenium.Firefox.FirefoxDriver",
        "time" : {
          "start" : 1617149157367,
          "stop" : 1617149158022,
          "duration" : 655
        },
        "status" : "passed",
        "steps" : [ ],
        "attachments" : [ ],
        "parameters" : [ ],
        "stepsCount" : 0,
        "hasContent" : false,
        "shouldDisplayMessage" : false,
        "attachmentsCount" : 0
      }, {
        "name" : "Check row 2 - ACTION-ADMIN - Theme Defaults - Index on account activity grid",
        "time" : {
          "start" : 1617149158022,
          "stop" : 1617149168033,
          "duration" : 10011
        },
        "status" : "failed",
        "statusMessage" : "(TEST FAILED) Expected: Activity -> 'ACTION-ADMIN', Detail -> 'Theme Defaults - Index'\nBut was: Activity -> 'ACTION-ADMIN', Detail -> 'Admin Theme Defaults - Index'",
        "statusTrace" : "   at BOEM_Tests.PageObjects.SettingsPage.__a$_around_CheckRowAccountActivity_100665995_o(Int32 row, String activity, String detail) in C:\\Users\\QAOperator\\Documents\\GitHub\\BOEM_Tests\\BOEM\\BOEM_Tests\\PageObjects\\Settings\\SettingsPage.cs:line 432\r\n   at BOEM_Tests.PageObjects.SettingsPage.__a$_around_CheckRowAccountActivity_100665995_u(Object[] )\r\n   at NUnit.Allure.Steps.AllureStepAspect.WrapStep(String name, MethodBase methodBase, Object[] arguments, Func`2 method)",
        "steps" : [ ],
        "attachments" : [ ],
        "parameters" : [ ],
        "stepsCount" : 0,
        "hasContent" : true,
        "shouldDisplayMessage" : true,
        "attachmentsCount" : 0
      }, {
        "name" : "Taking Screenshot",
        "time" : {
          "start" : 1617149168033,
          "stop" : 1617149168111,
          "duration" : 78
        },
        "status" : "passed",
        "steps" : [ ],
        "attachments" : [ {
          "uid" : "973cad626f55a7d4",
          "name" : "Attachment Title",
          "source" : "973cad626f55a7d4.png",
          "type" : "image/png",
          "size" : 72522
        } ],
        "parameters" : [ ],
        "stepsCount" : 0,
        "hasContent" : true,
        "shouldDisplayMessage" : false,
        "attachmentsCount" : 1
      } ],
      "attachments" : [ {
        "uid" : "d950d9a73530ce09",
        "name" : "Console Output",
        "source" : "d950d9a73530ce09.txt",
        "type" : "text/plain",
        "size" : 0
      } ],
      "parameters" : [ ],
      "stepsCount" : 13,
      "hasContent" : true,
      "shouldDisplayMessage" : true,
      "attachmentsCount" : 2
    } ],
    "attachments" : [ ],
    "parameters" : [ ],
    "stepsCount" : 14,
    "hasContent" : true,
    "shouldDisplayMessage" : false,
    "attachmentsCount" : 2
  },
  "afterStages" : [ {
    "name" : "TearDown_Test",
    "time" : {
      "start" : 1617149168941,
      "stop" : 1617149168941,
      "duration" : 0
    },
    "status" : "passed",
    "steps" : [ ],
    "attachments" : [ ],
    "parameters" : [ ],
    "stepsCount" : 0,
    "hasContent" : false,
    "shouldDisplayMessage" : false,
    "attachmentsCount" : 0
  } ],
  "labels" : [ {
    "name" : "thread",
    "value" : "NonParallelWorker"
  }, {
    "name" : "host",
    "value" : "QAB01"
  }, {
    "name" : "testClass",
    "value" : "BOEM_Tests.Tests.AccountActivity"
  }, {
    "name" : "testMethod",
    "value" : "AccessFeatureThemeDefaultsEditCancelFormLogsActivity"
  }, {
    "name" : "package",
    "value" : "BOEM_Tests.Tests.AccountActivity"
  }, {
    "name" : "tag",
    "value" : "ACCOUNTACTIVITY.33"
  }, {
    "name" : "suite",
    "value" : "AccountActivity"
  }, {
    "name" : "severity",
    "value" : "normal"
  }, {
    "name" : "resultFormat",
    "value" : "allure2"
  } ],
  "parameters" : [ ],
  "links" : [ ],
  "hidden" : false,
  "retry" : false,
  "extra" : {
    "severity" : "normal",
    "retries" : [ ],
    "categories" : [ {
      "name" : "Product defects",
      "matchedStatuses" : [ ],
      "flaky" : false
    } ],
    "history" : {
      "statistic" : {
        "failed" : 10,
        "broken" : 0,
        "skipped" : 0,
        "passed" : 5,
        "unknown" : 0,
        "total" : 15
      },
      "items" : [ {
        "uid" : "95ffe5a79377242b",
        "status" : "failed",
        "statusDetails" : "System.Exception : Expected: Activity -> 'ACTION-ADMIN', Detail -> 'Theme Defaults - Index'\nBut was: Activity -> 'ACTION-ADMIN', Detail -> 'Admin Theme Defaults - Index'",
        "time" : {
          "start" : 1617064424087,
          "stop" : 1617064475461,
          "duration" : 51374
        }
      }, {
        "uid" : "f4f13df8ec77ec6f",
        "status" : "failed",
        "statusDetails" : "System.Exception : Expected: Activity -> 'ACTION-ADMIN', Detail -> 'Theme Defaults - Grid'\nBut was: Activity -> 'ACTION', Detail -> 'User Account Activity - Index'",
        "time" : {
          "start" : 1616817213515,
          "stop" : 1616817269392,
          "duration" : 55877
        }
      }, {
        "uid" : "f9eae6bbf77337fc",
        "status" : "failed",
        "statusDetails" : "System.Exception : Expected: Activity -> 'ACTION-ADMIN', Detail -> 'Theme Defaults - Grid'\nBut was: Activity -> 'ACTION', Detail -> 'User Account Activity - Index'",
        "time" : {
          "start" : 1616718465066,
          "stop" : 1616718520948,
          "duration" : 55882
        }
      }, {
        "uid" : "6939712d26b9995f",
        "status" : "passed",
        "time" : {
          "start" : 1616454432122,
          "stop" : 1616454500025,
          "duration" : 67903
        }
      }, {
        "uid" : "a6b8a41003200d96",
        "status" : "passed",
        "time" : {
          "start" : 1616209014790,
          "stop" : 1616209075582,
          "duration" : 60792
        }
      }, {
        "uid" : "48a0e9fcf865ec40",
        "status" : "passed",
        "time" : {
          "start" : 1616116427754,
          "stop" : 1616116493649,
          "duration" : 65895
        }
      }, {
        "uid" : "855f837b51b55c70",
        "status" : "failed",
        "statusDetails" : "  Expected: True\r\n  But was:  False\r\n",
        "time" : {
          "start" : 1616025078800,
          "stop" : 1616025133678,
          "duration" : 54878
        }
      }, {
        "uid" : "6dccbe8bba7c2307",
        "status" : "failed",
        "statusDetails" : "  Expected: True\r\n  But was:  False\r\n",
        "time" : {
          "start" : 1615945451833,
          "stop" : 1615945504504,
          "duration" : 52671
        }
      }, {
        "uid" : "50d7aa477a1fea32",
        "status" : "failed",
        "statusDetails" : "  Expected: True\r\n  But was:  False\r\n",
        "time" : {
          "start" : 1615854150793,
          "stop" : 1615854220667,
          "duration" : 69874
        }
      }, {
        "uid" : "f8f3569026d92bf9",
        "status" : "failed",
        "statusDetails" : "  Expected: True\r\n  But was:  False\r\n",
        "time" : {
          "start" : 1615651676064,
          "stop" : 1615651715750,
          "duration" : 39686
        }
      }, {
        "uid" : "554da64983bd15b6",
        "status" : "passed",
        "time" : {
          "start" : 1615427110695,
          "stop" : 1615427295581,
          "duration" : 184886
        }
      }, {
        "uid" : "f81b760e01818d99",
        "status" : "failed",
        "statusDetails" : "  Expected: True\r\n  But was:  False\r\n",
        "time" : {
          "start" : 1615435701844,
          "stop" : 1615435756265,
          "duration" : 54421
        }
      }, {
        "uid" : "773377fb54e55850",
        "status" : "passed",
        "time" : {
          "start" : 1615427110695,
          "stop" : 1615427295581,
          "duration" : 184886
        }
      }, {
        "uid" : "43e4798b1e039526",
        "status" : "failed",
        "statusDetails" : "OpenQA.Selenium.NoSuchElementException : Unable to locate element: //div[@id='page-wrapper']/div[1]/div/ul/li[2]/a/span",
        "time" : {
          "start" : 1615215402960,
          "stop" : 1615215433111,
          "duration" : 30151
        }
      } ]
    },
    "tags" : [ "ACCOUNTACTIVITY.33" ]
  },
  "source" : "c8b28009749d403.json",
  "parameterValues" : [ ]
}