{
  "uid" : "c9d2236a7a92308",
  "name" : "AccessFeatureAdminUserEditLogsActivity",
  "fullName" : "BOEM_Tests.Tests.AccountActivity.AccessFeatureAdminUserEditLogsActivity",
  "historyId" : "BOEM_Tests.Tests.AccountActivity.AccessFeatureAdminUserEditLogsActivity",
  "time" : {
    "start" : 1617746642003,
    "stop" : 1617746679068,
    "duration" : 37065
  },
  "description" : "Access feature admin > user > edit logs activity\n",
  "descriptionHtml" : "<p>Access feature admin &gt; user &gt; edit logs activity</p>\n",
  "status" : "failed",
  "statusMessage" : "System.Exception : (TEST FAILED) Expected: Activity -> 'ACTION-ADMIN', Detail -> 'Admin Users - Edit:69'\nBut was: Activity -> 'ACTION-ADMIN', Detail -> 'Users - Edit:69'",
  "statusTrace" : "   at BOEM_Tests.Tests.AccountActivity.AccessFeatureAdminUserEditLogsActivity() in C:\\Users\\QAOperator\\Documents\\GitHub\\BOEM_Tests\\BOEM\\BOEM_Tests\\Tests\\AccountActivity.cs:line 236",
  "flaky" : true,
  "newFailed" : true,
  "beforeStages" : [ {
    "name" : "PrepareResultsDir",
    "time" : {
      "start" : 1617746679068,
      "stop" : 1617746679068,
      "duration" : 0
    },
    "status" : "passed",
    "steps" : [ ],
    "attachments" : [ ],
    "parameters" : [ ],
    "attachmentsCount" : 0,
    "shouldDisplayMessage" : false,
    "hasContent" : false,
    "stepsCount" : 0
  }, {
    "name" : "Setup_Test",
    "time" : {
      "start" : 1617746679068,
      "stop" : 1617746679068,
      "duration" : 0
    },
    "status" : "passed",
    "steps" : [ ],
    "attachments" : [ ],
    "parameters" : [ ],
    "attachmentsCount" : 0,
    "shouldDisplayMessage" : false,
    "hasContent" : false,
    "stepsCount" : 0
  } ],
  "testStage" : {
    "description" : "Access feature admin > user > edit logs activity\n",
    "status" : "failed",
    "statusMessage" : "System.Exception : (TEST FAILED) Expected: Activity -> 'ACTION-ADMIN', Detail -> 'Admin Users - Edit:69'\nBut was: Activity -> 'ACTION-ADMIN', Detail -> 'Users - Edit:69'",
    "statusTrace" : "   at BOEM_Tests.Tests.AccountActivity.AccessFeatureAdminUserEditLogsActivity() in C:\\Users\\QAOperator\\Documents\\GitHub\\BOEM_Tests\\BOEM\\BOEM_Tests\\Tests\\AccountActivity.cs:line 236",
    "steps" : [ {
      "name" : "AccessFeatureAdminUserEditLogsActivity",
      "time" : {
        "start" : 1617746642003,
        "stop" : 1617746679068,
        "duration" : 37065
      },
      "status" : "failed",
      "statusMessage" : "System.Exception : (TEST FAILED) Expected: Activity -> 'ACTION-ADMIN', Detail -> 'Admin Users - Edit:69'\nBut was: Activity -> 'ACTION-ADMIN', Detail -> 'Users - Edit:69'",
      "statusTrace" : "   at BOEM_Tests.Tests.AccountActivity.AccessFeatureAdminUserEditLogsActivity() in C:\\Users\\QAOperator\\Documents\\GitHub\\BOEM_Tests\\BOEM\\BOEM_Tests\\Tests\\AccountActivity.cs:line 236",
      "steps" : [ {
        "name" : "Log in using QA user",
        "time" : {
          "start" : 1617746646203,
          "stop" : 1617746662382,
          "duration" : 16179
        },
        "status" : "passed",
        "steps" : [ {
          "name" : "Open login page",
          "time" : {
            "start" : 1617746646203,
            "stop" : 1617746646928,
            "duration" : 725
          },
          "status" : "passed",
          "steps" : [ ],
          "attachments" : [ ],
          "parameters" : [ ],
          "attachmentsCount" : 0,
          "shouldDisplayMessage" : false,
          "hasContent" : false,
          "stepsCount" : 0
        }, {
          "name" : "Set username to qa_boem@weblakes.com",
          "time" : {
            "start" : 1617746646928,
            "stop" : 1617746646986,
            "duration" : 58
          },
          "status" : "passed",
          "steps" : [ ],
          "attachments" : [ ],
          "parameters" : [ ],
          "attachmentsCount" : 0,
          "shouldDisplayMessage" : false,
          "hasContent" : false,
          "stepsCount" : 0
        }, {
          "name" : "Set password to e45eT%0n^SpXdsb2",
          "time" : {
            "start" : 1617746646986,
            "stop" : 1617746647012,
            "duration" : 26
          },
          "status" : "passed",
          "steps" : [ ],
          "attachments" : [ ],
          "parameters" : [ ],
          "attachmentsCount" : 0,
          "shouldDisplayMessage" : false,
          "hasContent" : false,
          "stepsCount" : 0
        }, {
          "name" : "Click on login button",
          "time" : {
            "start" : 1617746647012,
            "stop" : 1617746652378,
            "duration" : 5366
          },
          "status" : "passed",
          "steps" : [ ],
          "attachments" : [ ],
          "parameters" : [ ],
          "attachmentsCount" : 0,
          "shouldDisplayMessage" : false,
          "hasContent" : false,
          "stepsCount" : 0
        } ],
        "attachments" : [ ],
        "parameters" : [ ],
        "attachmentsCount" : 0,
        "shouldDisplayMessage" : false,
        "hasContent" : true,
        "stepsCount" : 4
      }, {
        "name" : "Check inventory 2017 - 2017 Complete Inventory",
        "time" : {
          "start" : 1617746662382,
          "stop" : 1617746665406,
          "duration" : 3024
        },
        "status" : "passed",
        "steps" : [ ],
        "attachments" : [ ],
        "parameters" : [ ],
        "attachmentsCount" : 0,
        "shouldDisplayMessage" : false,
        "hasContent" : false,
        "stepsCount" : 0
      }, {
        "name" : "Access relative URL OpenQA.Selenium.Firefox.FirefoxDriver",
        "time" : {
          "start" : 1617746665406,
          "stop" : 1617746666455,
          "duration" : 1049
        },
        "status" : "passed",
        "steps" : [ ],
        "attachments" : [ ],
        "parameters" : [ ],
        "attachmentsCount" : 0,
        "shouldDisplayMessage" : false,
        "hasContent" : false,
        "stepsCount" : 0
      }, {
        "name" : "Wait 1000 ms",
        "time" : {
          "start" : 1617746666456,
          "stop" : 1617746667466,
          "duration" : 1010
        },
        "status" : "passed",
        "steps" : [ ],
        "attachments" : [ ],
        "parameters" : [ ],
        "attachmentsCount" : 0,
        "shouldDisplayMessage" : false,
        "hasContent" : false,
        "stepsCount" : 0
      }, {
        "name" : "Access relative URL OpenQA.Selenium.Firefox.FirefoxDriver",
        "time" : {
          "start" : 1617746667466,
          "stop" : 1617746668153,
          "duration" : 687
        },
        "status" : "passed",
        "steps" : [ ],
        "attachments" : [ ],
        "parameters" : [ ],
        "attachmentsCount" : 0,
        "shouldDisplayMessage" : false,
        "hasContent" : false,
        "stepsCount" : 0
      }, {
        "name" : "Check row 2 - ACTION-ADMIN - Admin Users - Edit:69 on account activity grid",
        "time" : {
          "start" : 1617746668153,
          "stop" : 1617746678176,
          "duration" : 10023
        },
        "status" : "failed",
        "statusMessage" : "(TEST FAILED) Expected: Activity -> 'ACTION-ADMIN', Detail -> 'Admin Users - Edit:69'\nBut was: Activity -> 'ACTION-ADMIN', Detail -> 'Users - Edit:69'",
        "statusTrace" : "   at BOEM_Tests.PageObjects.SettingsPage.__a$_around_CheckRowAccountActivity_100665996_o(Int32 row, String activity, String detail) in C:\\Users\\QAOperator\\Documents\\GitHub\\BOEM_Tests\\BOEM\\BOEM_Tests\\PageObjects\\Settings\\SettingsPage.cs:line 432\r\n   at BOEM_Tests.PageObjects.SettingsPage.__a$_around_CheckRowAccountActivity_100665996_u(Object[] )\r\n   at NUnit.Allure.Steps.AllureStepAspect.WrapStep(String name, MethodBase methodBase, Object[] arguments, Func`2 method)",
        "steps" : [ ],
        "attachments" : [ ],
        "parameters" : [ ],
        "attachmentsCount" : 0,
        "shouldDisplayMessage" : true,
        "hasContent" : true,
        "stepsCount" : 0
      }, {
        "name" : "Taking Screenshot",
        "time" : {
          "start" : 1617746678176,
          "stop" : 1617746678245,
          "duration" : 69
        },
        "status" : "passed",
        "steps" : [ ],
        "attachments" : [ {
          "uid" : "daddb26c995e99e",
          "name" : "Attachment Title",
          "source" : "daddb26c995e99e.png",
          "type" : "image/png",
          "size" : 70685
        } ],
        "parameters" : [ ],
        "attachmentsCount" : 1,
        "shouldDisplayMessage" : false,
        "hasContent" : true,
        "stepsCount" : 0
      } ],
      "attachments" : [ {
        "uid" : "95310fc8a0f9abec",
        "name" : "Console Output",
        "source" : "95310fc8a0f9abec.txt",
        "type" : "text/plain",
        "size" : 0
      } ],
      "parameters" : [ ],
      "attachmentsCount" : 2,
      "shouldDisplayMessage" : true,
      "hasContent" : true,
      "stepsCount" : 11
    } ],
    "attachments" : [ ],
    "parameters" : [ ],
    "attachmentsCount" : 2,
    "shouldDisplayMessage" : false,
    "hasContent" : true,
    "stepsCount" : 12
  },
  "afterStages" : [ {
    "name" : "TearDown_Test",
    "time" : {
      "start" : 1617746679068,
      "stop" : 1617746679068,
      "duration" : 0
    },
    "status" : "passed",
    "steps" : [ ],
    "attachments" : [ ],
    "parameters" : [ ],
    "attachmentsCount" : 0,
    "shouldDisplayMessage" : false,
    "hasContent" : false,
    "stepsCount" : 0
  } ],
  "labels" : [ {
    "name" : "thread",
    "value" : "NonParallelWorker"
  }, {
    "name" : "host",
    "value" : "QAB01"
  }, {
    "name" : "testClass",
    "value" : "BOEM_Tests.Tests.AccountActivity"
  }, {
    "name" : "testMethod",
    "value" : "AccessFeatureAdminUserEditLogsActivity"
  }, {
    "name" : "package",
    "value" : "BOEM_Tests.Tests.AccountActivity"
  }, {
    "name" : "tag",
    "value" : "ACCOUNTACTIVITY.5"
  }, {
    "name" : "suite",
    "value" : "AccountActivity"
  }, {
    "name" : "severity",
    "value" : "normal"
  }, {
    "name" : "resultFormat",
    "value" : "allure2"
  } ],
  "parameters" : [ ],
  "links" : [ ],
  "hidden" : false,
  "retry" : false,
  "extra" : {
    "severity" : "normal",
    "retries" : [ ],
    "categories" : [ {
      "name" : "Product defects",
      "matchedStatuses" : [ ],
      "flaky" : false
    } ],
    "history" : {
      "statistic" : {
        "failed" : 5,
        "broken" : 0,
        "skipped" : 0,
        "passed" : 15,
        "unknown" : 0,
        "total" : 20
      },
      "items" : [ {
        "uid" : "d057dbde354d661",
        "status" : "passed",
        "time" : {
          "start" : 1617669545015,
          "stop" : 1617669611958,
          "duration" : 66943
        }
      }, {
        "uid" : "ac82253402f4d1d2",
        "status" : "passed",
        "time" : {
          "start" : 1617323746337,
          "stop" : 1617323797873,
          "duration" : 51536
        }
      }, {
        "uid" : "ec24669a22fc8173",
        "status" : "passed",
        "time" : {
          "start" : 1617147077523,
          "stop" : 1617147143187,
          "duration" : 65664
        }
      }, {
        "uid" : "50838fe245dbd6da",
        "status" : "passed",
        "time" : {
          "start" : 1617062757015,
          "stop" : 1617062822561,
          "duration" : 65546
        }
      }, {
        "uid" : "8bb2f1c0d564cf3a",
        "status" : "passed",
        "time" : {
          "start" : 1616815474542,
          "stop" : 1616815525403,
          "duration" : 50861
        }
      }, {
        "uid" : "1319afd14fe0a836",
        "status" : "failed",
        "statusDetails" : "System.Exception : Expected: Activity -> 'ACTION-ADMIN', Detail -> 'Edit User - Form:69'\nBut was: Activity -> 'ACTION', Detail -> 'User Account Activity - Index'",
        "time" : {
          "start" : 1616716715784,
          "stop" : 1616716780429,
          "duration" : 64645
        }
      }, {
        "uid" : "6c81b27f6a05bb49",
        "status" : "passed",
        "time" : {
          "start" : 1616452706738,
          "stop" : 1616452774664,
          "duration" : 67926
        }
      }, {
        "uid" : "3f31534dee78ddf6",
        "status" : "passed",
        "time" : {
          "start" : 1616207241583,
          "stop" : 1616207294801,
          "duration" : 53218
        }
      }, {
        "uid" : "d9bbc4fc000a70af",
        "status" : "passed",
        "time" : {
          "start" : 1616114651579,
          "stop" : 1616114705047,
          "duration" : 53468
        }
      }, {
        "uid" : "e9bbcd1631baace7",
        "status" : "passed",
        "time" : {
          "start" : 1616023267850,
          "stop" : 1616023335065,
          "duration" : 67215
        }
      }, {
        "uid" : "8c298602e6192d83",
        "status" : "passed",
        "time" : {
          "start" : 1615943670023,
          "stop" : 1615943738162,
          "duration" : 68139
        }
      }, {
        "uid" : "d8e127213c1adb4c",
        "status" : "passed",
        "time" : {
          "start" : 1615852407083,
          "stop" : 1615852467270,
          "duration" : 60187
        }
      }, {
        "uid" : "1aa38a0af3c237a6",
        "status" : "passed",
        "time" : {
          "start" : 1615649972897,
          "stop" : 1615650010470,
          "duration" : 37573
        }
      }, {
        "uid" : "8d1fe6f77d52479d",
        "status" : "passed",
        "time" : {
          "start" : 1615422870211,
          "stop" : 1615422966408,
          "duration" : 96197
        }
      }, {
        "uid" : "d4c8332147e53371",
        "status" : "passed",
        "time" : {
          "start" : 1615433620851,
          "stop" : 1615433734274,
          "duration" : 113423
        }
      }, {
        "uid" : "74dd6c8cde352620",
        "status" : "passed",
        "time" : {
          "start" : 1615422870211,
          "stop" : 1615422966408,
          "duration" : 96197
        }
      }, {
        "uid" : "e18e82c80aa5991d",
        "status" : "failed",
        "statusDetails" : "OpenQA.Selenium.NoSuchElementException : Unable to locate element: //div[@id='page-wrapper']/div[1]/div/ul/li[2]/a/span",
        "time" : {
          "start" : 1615214814537,
          "stop" : 1615214840076,
          "duration" : 25539
        }
      }, {
        "uid" : "8e90a1c645b09d2a",
        "status" : "failed",
        "statusDetails" : "  Expected: True\r\n  But was:  False\r\n",
        "time" : {
          "start" : 1614797682365,
          "stop" : 1614797710044,
          "duration" : 27679
        }
      }, {
        "uid" : "bf940275c446f3c3",
        "status" : "failed",
        "statusDetails" : "  Expected: True\r\n  But was:  False\r\n",
        "time" : {
          "start" : 1613607213178,
          "stop" : 1613607262132,
          "duration" : 48954
        }
      } ]
    },
    "tags" : [ "ACCOUNTACTIVITY.5" ]
  },
  "source" : "c9d2236a7a92308.json",
  "parameterValues" : [ ]
}