{
  "uid" : "cbaf728a1401f51f",
  "name" : "AccessFeatureThemeDefaultsEditSubmitFormLogsActivity",
  "fullName" : "BOEM_Tests.Tests.AccountActivity.AccessFeatureThemeDefaultsEditSubmitFormLogsActivity",
  "historyId" : "BOEM_Tests.Tests.AccountActivity.AccessFeatureThemeDefaultsEditSubmitFormLogsActivity",
  "time" : {
    "start" : 1617923746098,
    "stop" : 1617923818490,
    "duration" : 72392
  },
  "description" : "Access feature : theme defaults / edit / submit form - logs activity\n",
  "descriptionHtml" : "<p>Access feature : theme defaults / edit / submit form - logs activity</p>\n",
  "status" : "failed",
  "statusMessage" : "  Could not find activity 'Theme Defaults - Edit:24 - Submit' in grid\r\n  Expected: True\r\n  But was:  False\r\n",
  "statusTrace" : "   at BOEM_Tests.Tests.AccountActivity.AccessFeatureThemeDefaultsEditSubmitFormLogsActivity() in C:\\Users\\QAOperator\\Documents\\GitHub\\BOEM_Tests\\BOEM\\BOEM_Tests\\Tests\\AccountActivity.cs:line 1154\r\n",
  "flaky" : true,
  "newFailed" : false,
  "beforeStages" : [ {
    "name" : "PrepareResultsDir",
    "time" : {
      "start" : 1617923818490,
      "stop" : 1617923818490,
      "duration" : 0
    },
    "status" : "passed",
    "steps" : [ ],
    "attachments" : [ ],
    "parameters" : [ ],
    "hasContent" : false,
    "stepsCount" : 0,
    "shouldDisplayMessage" : false,
    "attachmentsCount" : 0
  }, {
    "name" : "Setup_Test",
    "time" : {
      "start" : 1617923818490,
      "stop" : 1617923818490,
      "duration" : 0
    },
    "status" : "passed",
    "steps" : [ ],
    "attachments" : [ ],
    "parameters" : [ ],
    "hasContent" : false,
    "stepsCount" : 0,
    "shouldDisplayMessage" : false,
    "attachmentsCount" : 0
  } ],
  "testStage" : {
    "description" : "Access feature : theme defaults / edit / submit form - logs activity\n",
    "status" : "failed",
    "statusMessage" : "  Could not find activity 'Theme Defaults - Edit:24 - Submit' in grid\r\n  Expected: True\r\n  But was:  False\r\n",
    "statusTrace" : "   at BOEM_Tests.Tests.AccountActivity.AccessFeatureThemeDefaultsEditSubmitFormLogsActivity() in C:\\Users\\QAOperator\\Documents\\GitHub\\BOEM_Tests\\BOEM\\BOEM_Tests\\Tests\\AccountActivity.cs:line 1154\r\n",
    "steps" : [ {
      "name" : "AccessFeatureThemeDefaultsEditSubmitFormLogsActivity",
      "time" : {
        "start" : 1617923746098,
        "stop" : 1617923818490,
        "duration" : 72392
      },
      "status" : "failed",
      "statusMessage" : "  Could not find activity 'Theme Defaults - Edit:24 - Submit' in grid\r\n  Expected: True\r\n  But was:  False\r\n",
      "statusTrace" : "   at BOEM_Tests.Tests.AccountActivity.AccessFeatureThemeDefaultsEditSubmitFormLogsActivity() in C:\\Users\\QAOperator\\Documents\\GitHub\\BOEM_Tests\\BOEM\\BOEM_Tests\\Tests\\AccountActivity.cs:line 1154\r\n",
      "steps" : [ {
        "name" : "Log in using QA user",
        "time" : {
          "start" : 1617923750249,
          "stop" : 1617923765980,
          "duration" : 15731
        },
        "status" : "passed",
        "steps" : [ {
          "name" : "Open login page",
          "time" : {
            "start" : 1617923750249,
            "stop" : 1617923750914,
            "duration" : 665
          },
          "status" : "passed",
          "steps" : [ ],
          "attachments" : [ ],
          "parameters" : [ ],
          "hasContent" : false,
          "stepsCount" : 0,
          "shouldDisplayMessage" : false,
          "attachmentsCount" : 0
        }, {
          "name" : "Set username to qa_boem@weblakes.com",
          "time" : {
            "start" : 1617923750914,
            "stop" : 1617923750958,
            "duration" : 44
          },
          "status" : "passed",
          "steps" : [ ],
          "attachments" : [ ],
          "parameters" : [ ],
          "hasContent" : false,
          "stepsCount" : 0,
          "shouldDisplayMessage" : false,
          "attachmentsCount" : 0
        }, {
          "name" : "Set password to e45eT%0n^SpXdsb2",
          "time" : {
            "start" : 1617923750958,
            "stop" : 1617923750986,
            "duration" : 28
          },
          "status" : "passed",
          "steps" : [ ],
          "attachments" : [ ],
          "parameters" : [ ],
          "hasContent" : false,
          "stepsCount" : 0,
          "shouldDisplayMessage" : false,
          "attachmentsCount" : 0
        }, {
          "name" : "Click on login button",
          "time" : {
            "start" : 1617923750986,
            "stop" : 1617923755971,
            "duration" : 4985
          },
          "status" : "passed",
          "steps" : [ ],
          "attachments" : [ ],
          "parameters" : [ ],
          "hasContent" : false,
          "stepsCount" : 0,
          "shouldDisplayMessage" : false,
          "attachmentsCount" : 0
        } ],
        "attachments" : [ ],
        "parameters" : [ ],
        "hasContent" : true,
        "stepsCount" : 4,
        "shouldDisplayMessage" : false,
        "attachmentsCount" : 0
      }, {
        "name" : "Check inventory 2017 - 2017 Complete Inventory",
        "time" : {
          "start" : 1617923765980,
          "stop" : 1617923769009,
          "duration" : 3029
        },
        "status" : "passed",
        "steps" : [ ],
        "attachments" : [ ],
        "parameters" : [ ],
        "hasContent" : false,
        "stepsCount" : 0,
        "shouldDisplayMessage" : false,
        "attachmentsCount" : 0
      }, {
        "name" : "Access relative URL OpenQA.Selenium.Firefox.FirefoxDriver",
        "time" : {
          "start" : 1617923769009,
          "stop" : 1617923769487,
          "duration" : 478
        },
        "status" : "passed",
        "steps" : [ ],
        "attachments" : [ ],
        "parameters" : [ ],
        "hasContent" : false,
        "stepsCount" : 0,
        "shouldDisplayMessage" : false,
        "attachmentsCount" : 0
      }, {
        "name" : "Wait 3000 ms",
        "time" : {
          "start" : 1617923769487,
          "stop" : 1617923772495,
          "duration" : 3008
        },
        "status" : "passed",
        "steps" : [ ],
        "attachments" : [ ],
        "parameters" : [ ],
        "hasContent" : false,
        "stepsCount" : 0,
        "shouldDisplayMessage" : false,
        "attachmentsCount" : 0
      }, {
        "name" : "Wait 3000 ms",
        "time" : {
          "start" : 1617923775517,
          "stop" : 1617923778528,
          "duration" : 3011
        },
        "status" : "passed",
        "steps" : [ ],
        "attachments" : [ ],
        "parameters" : [ ],
        "hasContent" : false,
        "stepsCount" : 0,
        "shouldDisplayMessage" : false,
        "attachmentsCount" : 0
      }, {
        "name" : "Wait 3000 ms",
        "time" : {
          "start" : 1617923781548,
          "stop" : 1617923784558,
          "duration" : 3010
        },
        "status" : "passed",
        "steps" : [ ],
        "attachments" : [ ],
        "parameters" : [ ],
        "hasContent" : false,
        "stepsCount" : 0,
        "shouldDisplayMessage" : false,
        "attachmentsCount" : 0
      }, {
        "name" : "Access relative URL OpenQA.Selenium.Firefox.FirefoxDriver",
        "time" : {
          "start" : 1617923784558,
          "stop" : 1617923785255,
          "duration" : 697
        },
        "status" : "passed",
        "steps" : [ ],
        "attachments" : [ ],
        "parameters" : [ ],
        "hasContent" : false,
        "stepsCount" : 0,
        "shouldDisplayMessage" : false,
        "attachmentsCount" : 0
      }, {
        "name" : "Check row ACTION-ADMIN - Theme Defaults - Index on account activity grid",
        "time" : {
          "start" : 1617923785255,
          "stop" : 1617923801339,
          "duration" : 16084
        },
        "status" : "passed",
        "steps" : [ ],
        "attachments" : [ ],
        "parameters" : [ ],
        "hasContent" : false,
        "stepsCount" : 0,
        "shouldDisplayMessage" : false,
        "attachmentsCount" : 0
      }, {
        "name" : "Check row ACTION-ADMIN - Theme Defaults - Edit:24 - Submit on account activity grid",
        "time" : {
          "start" : 1617923801339,
          "stop" : 1617923817564,
          "duration" : 16225
        },
        "status" : "passed",
        "steps" : [ ],
        "attachments" : [ ],
        "parameters" : [ ],
        "hasContent" : false,
        "stepsCount" : 0,
        "shouldDisplayMessage" : false,
        "attachmentsCount" : 0
      }, {
        "name" : "Taking Screenshot",
        "time" : {
          "start" : 1617923817568,
          "stop" : 1617923817640,
          "duration" : 72
        },
        "status" : "passed",
        "steps" : [ ],
        "attachments" : [ {
          "uid" : "dd807fb93b115f3e",
          "name" : "Attachment Title",
          "source" : "dd807fb93b115f3e.png",
          "type" : "image/png",
          "size" : 72156
        } ],
        "parameters" : [ ],
        "hasContent" : true,
        "stepsCount" : 0,
        "shouldDisplayMessage" : false,
        "attachmentsCount" : 1
      } ],
      "attachments" : [ {
        "uid" : "6e91c86a44f27f01",
        "name" : "Console Output",
        "source" : "6e91c86a44f27f01.txt",
        "type" : "text/plain",
        "size" : 0
      } ],
      "parameters" : [ ],
      "hasContent" : true,
      "stepsCount" : 14,
      "shouldDisplayMessage" : true,
      "attachmentsCount" : 2
    } ],
    "attachments" : [ ],
    "parameters" : [ ],
    "hasContent" : true,
    "stepsCount" : 15,
    "shouldDisplayMessage" : false,
    "attachmentsCount" : 2
  },
  "afterStages" : [ {
    "name" : "TearDown_Test",
    "time" : {
      "start" : 1617923818490,
      "stop" : 1617923818490,
      "duration" : 0
    },
    "status" : "passed",
    "steps" : [ ],
    "attachments" : [ ],
    "parameters" : [ ],
    "hasContent" : false,
    "stepsCount" : 0,
    "shouldDisplayMessage" : false,
    "attachmentsCount" : 0
  } ],
  "labels" : [ {
    "name" : "thread",
    "value" : "NonParallelWorker"
  }, {
    "name" : "host",
    "value" : "QAB01"
  }, {
    "name" : "testClass",
    "value" : "BOEM_Tests.Tests.AccountActivity"
  }, {
    "name" : "testMethod",
    "value" : "AccessFeatureThemeDefaultsEditSubmitFormLogsActivity"
  }, {
    "name" : "package",
    "value" : "BOEM_Tests.Tests.AccountActivity"
  }, {
    "name" : "tag",
    "value" : "ACCOUNTACTIVITY.32"
  }, {
    "name" : "suite",
    "value" : "AccountActivity"
  }, {
    "name" : "severity",
    "value" : "normal"
  }, {
    "name" : "resultFormat",
    "value" : "allure2"
  } ],
  "parameters" : [ ],
  "links" : [ ],
  "hidden" : false,
  "retry" : false,
  "extra" : {
    "severity" : "normal",
    "retries" : [ ],
    "categories" : [ {
      "name" : "Product defects",
      "matchedStatuses" : [ ],
      "flaky" : false
    } ],
    "history" : {
      "statistic" : {
        "failed" : 16,
        "broken" : 0,
        "skipped" : 0,
        "passed" : 4,
        "unknown" : 0,
        "total" : 20
      },
      "items" : [ {
        "uid" : "cb800cf8a1aa5d8b",
        "status" : "failed",
        "statusDetails" : "  Could not find activity 'Theme Defaults - Edit:24 - Submit' in grid\r\n  Expected: True\r\n  But was:  False\r\n",
        "time" : {
          "start" : 1617840494573,
          "stop" : 1617840566776,
          "duration" : 72203
        }
      }, {
        "uid" : "35e3f023110b82d3",
        "status" : "failed",
        "statusDetails" : "System.Exception : (TEST FAILED) Expected: Activity -> 'ACTION-ADMIN', Detail -> 'Theme Defaults - Edit:24 - Submit'\nBut was: Activity -> 'ACTION-ADMIN', Detail -> 'Theme Defaults - Edit - Submit'",
        "time" : {
          "start" : 1617811798806,
          "stop" : 1617811860520,
          "duration" : 61714
        }
      }, {
        "uid" : "5648ac840f86aa8e",
        "status" : "failed",
        "statusDetails" : "System.Exception : (TEST FAILED) Expected: Activity -> 'ACTION-ADMIN', Detail -> 'Admin Theme Default Edit - Edit:24 - Submit'\nBut was: Activity -> 'ACTION-ADMIN', Detail -> 'Admin Theme Default Edit - Edit - Submit'",
        "time" : {
          "start" : 1617671408339,
          "stop" : 1617671483430,
          "duration" : 75091
        }
      }, {
        "uid" : "774080f90d683b98",
        "status" : "failed",
        "statusDetails" : "System.Exception : (TEST FAILED) Expected: Activity -> 'ACTION-ADMIN', Detail -> 'Admin Theme Default Edit - Edit:24 - Submit'\nBut was: Activity -> 'ACTION-ADMIN', Detail -> 'Admin Theme Default Edit - Edit - Submit'",
        "time" : {
          "start" : 1617325628539,
          "stop" : 1617325717893,
          "duration" : 89354
        }
      }, {
        "uid" : "33ebfb568c26dc5",
        "status" : "failed",
        "statusDetails" : "System.Exception : (TEST FAILED) Expected: Activity -> 'ACTION-ADMIN', Detail -> 'Theme Defaults - Index'\nBut was: Activity -> 'ACTION-ADMIN', Detail -> 'Admin Theme Defaults - Index'",
        "time" : {
          "start" : 1617149025300,
          "stop" : 1617149104212,
          "duration" : 78912
        }
      }, {
        "uid" : "9965c8b85e52e5b8",
        "status" : "failed",
        "statusDetails" : "System.Exception : Expected: Activity -> 'ACTION-ADMIN', Detail -> 'Theme Defaults - Index'\nBut was: Activity -> 'ACTION-ADMIN', Detail -> 'Admin Theme Defaults - Index'",
        "time" : {
          "start" : 1617064344881,
          "stop" : 1617064424087,
          "duration" : 79206
        }
      }, {
        "uid" : "4a3f791d42eefe27",
        "status" : "failed",
        "statusDetails" : "System.Exception : Expected: Activity -> 'ACTION-ADMIN', Detail -> 'Theme Defaults - Grid'\nBut was: Activity -> 'ACTION', Detail -> 'User Account Activity - Index'",
        "time" : {
          "start" : 1616817157732,
          "stop" : 1616817213503,
          "duration" : 55771
        }
      }, {
        "uid" : "ecc45177094508ce",
        "status" : "failed",
        "statusDetails" : "System.Exception : Expected: Activity -> 'ACTION-ADMIN', Detail -> 'Theme Defaults - Grid'\nBut was: Activity -> 'ACTION', Detail -> 'User Account Activity - Index'",
        "time" : {
          "start" : 1616718421069,
          "stop" : 1616718465054,
          "duration" : 43985
        }
      }, {
        "uid" : "2ed8ef378cf11f98",
        "status" : "failed",
        "statusDetails" : "  Expected: True\r\n  But was:  False\r\n",
        "time" : {
          "start" : 1616454360140,
          "stop" : 1616454432122,
          "duration" : 71982
        }
      }, {
        "uid" : "adc424724ada77b6",
        "status" : "passed",
        "time" : {
          "start" : 1616208948851,
          "stop" : 1616209014790,
          "duration" : 65939
        }
      }, {
        "uid" : "604013f7feeec241",
        "status" : "failed",
        "statusDetails" : "  Expected: True\r\n  But was:  False\r\n",
        "time" : {
          "start" : 1616116384359,
          "stop" : 1616116427725,
          "duration" : 43366
        }
      }, {
        "uid" : "c34341a7d207d9c2",
        "status" : "failed",
        "statusDetails" : "  Expected: True\r\n  But was:  False\r\n",
        "time" : {
          "start" : 1616025022572,
          "stop" : 1616025078800,
          "duration" : 56228
        }
      }, {
        "uid" : "91051f86f271dbc9",
        "status" : "failed",
        "statusDetails" : "  Expected: True\r\n  But was:  False\r\n",
        "time" : {
          "start" : 1615945380506,
          "stop" : 1615945451817,
          "duration" : 71311
        }
      }, {
        "uid" : "c35928a679ac660e",
        "status" : "failed",
        "statusDetails" : "  Expected: True\r\n  But was:  False\r\n",
        "time" : {
          "start" : 1615854081059,
          "stop" : 1615854150777,
          "duration" : 69718
        }
      }, {
        "uid" : "896892d6cc8a8080",
        "status" : "passed",
        "time" : {
          "start" : 1615651612195,
          "stop" : 1615651676053,
          "duration" : 63858
        }
      }, {
        "uid" : "ed8ea4d1895378fb",
        "status" : "passed",
        "time" : {
          "start" : 1615426869558,
          "stop" : 1615427110662,
          "duration" : 241104
        }
      }, {
        "uid" : "135b2591b8925c36",
        "status" : "failed",
        "statusDetails" : "  Expected: True\r\n  But was:  False\r\n",
        "time" : {
          "start" : 1615435632960,
          "stop" : 1615435701834,
          "duration" : 68874
        }
      }, {
        "uid" : "55c29e3a6a854d01",
        "status" : "passed",
        "time" : {
          "start" : 1615426869558,
          "stop" : 1615427110662,
          "duration" : 241104
        }
      }, {
        "uid" : "57b71fe0a7244209",
        "status" : "failed",
        "statusDetails" : "OpenQA.Selenium.NoSuchElementException : Unable to locate element: //*[@id='grid_ActivityGrid']/tbody/tr[2]/td[9]",
        "time" : {
          "start" : 1615215374127,
          "stop" : 1615215402951,
          "duration" : 28824
        }
      } ]
    },
    "tags" : [ "ACCOUNTACTIVITY.32" ]
  },
  "source" : "cbaf728a1401f51f.json",
  "parameterValues" : [ ]
}