{
  "uid" : "d335534a3d766bdb",
  "name" : "AccessFeatureEditGroupCancelLogsActivity",
  "fullName" : "BOEM_Tests.Tests.AccountActivity.AccessFeatureEditGroupCancelLogsActivity",
  "historyId" : "BOEM_Tests.Tests.AccountActivity.AccessFeatureEditGroupCancelLogsActivity",
  "time" : {
    "start" : 1617808356863,
    "stop" : 1617808407420,
    "duration" : 50557
  },
  "description" : "Access Feature : Edit Group - Cancel, logs activity\n",
  "descriptionHtml" : "<p>Access Feature : Edit Group - Cancel, logs activity</p>\n",
  "status" : "failed",
  "statusMessage" : "System.Exception : (TEST FAILED) Expected: Activity -> 'ACTION-ADMIN', Detail -> 'Edit Groups - Form Submit:3'\nBut was: Activity -> 'ACTION-ADMIN', Detail -> 'Groups - Edit:3 - Submit'",
  "statusTrace" : "   at BOEM_Tests.Tests.AccountActivity.AccessFeatureEditGroupCancelLogsActivity() in C:\\Users\\QAOperator\\Documents\\GitHub\\BOEM_Tests\\BOEM\\BOEM_Tests\\Tests\\AccountActivity.cs:line 465",
  "flaky" : false,
  "newFailed" : false,
  "beforeStages" : [ {
    "name" : "PrepareResultsDir",
    "time" : {
      "start" : 1617808407419,
      "stop" : 1617808407419,
      "duration" : 0
    },
    "status" : "passed",
    "steps" : [ ],
    "attachments" : [ ],
    "parameters" : [ ],
    "shouldDisplayMessage" : false,
    "attachmentsCount" : 0,
    "stepsCount" : 0,
    "hasContent" : false
  }, {
    "name" : "Setup_Test",
    "time" : {
      "start" : 1617808407419,
      "stop" : 1617808407419,
      "duration" : 0
    },
    "status" : "passed",
    "steps" : [ ],
    "attachments" : [ ],
    "parameters" : [ ],
    "shouldDisplayMessage" : false,
    "attachmentsCount" : 0,
    "stepsCount" : 0,
    "hasContent" : false
  } ],
  "testStage" : {
    "description" : "Access Feature : Edit Group - Cancel, logs activity\n",
    "status" : "failed",
    "statusMessage" : "System.Exception : (TEST FAILED) Expected: Activity -> 'ACTION-ADMIN', Detail -> 'Edit Groups - Form Submit:3'\nBut was: Activity -> 'ACTION-ADMIN', Detail -> 'Groups - Edit:3 - Submit'",
    "statusTrace" : "   at BOEM_Tests.Tests.AccountActivity.AccessFeatureEditGroupCancelLogsActivity() in C:\\Users\\QAOperator\\Documents\\GitHub\\BOEM_Tests\\BOEM\\BOEM_Tests\\Tests\\AccountActivity.cs:line 465",
    "steps" : [ {
      "name" : "AccessFeatureEditGroupCancelLogsActivity",
      "time" : {
        "start" : 1617808356863,
        "stop" : 1617808407420,
        "duration" : 50557
      },
      "status" : "failed",
      "statusMessage" : "System.Exception : (TEST FAILED) Expected: Activity -> 'ACTION-ADMIN', Detail -> 'Edit Groups - Form Submit:3'\nBut was: Activity -> 'ACTION-ADMIN', Detail -> 'Groups - Edit:3 - Submit'",
      "statusTrace" : "   at BOEM_Tests.Tests.AccountActivity.AccessFeatureEditGroupCancelLogsActivity() in C:\\Users\\QAOperator\\Documents\\GitHub\\BOEM_Tests\\BOEM\\BOEM_Tests\\Tests\\AccountActivity.cs:line 465",
      "steps" : [ {
        "name" : "Log in using QA user",
        "time" : {
          "start" : 1617808361707,
          "stop" : 1617808377767,
          "duration" : 16060
        },
        "status" : "passed",
        "steps" : [ {
          "name" : "Open login page",
          "time" : {
            "start" : 1617808361707,
            "stop" : 1617808362489,
            "duration" : 782
          },
          "status" : "passed",
          "steps" : [ ],
          "attachments" : [ ],
          "parameters" : [ ],
          "shouldDisplayMessage" : false,
          "attachmentsCount" : 0,
          "stepsCount" : 0,
          "hasContent" : false
        }, {
          "name" : "Set username to qa_boem@weblakes.com",
          "time" : {
            "start" : 1617808362489,
            "stop" : 1617808362596,
            "duration" : 107
          },
          "status" : "passed",
          "steps" : [ ],
          "attachments" : [ ],
          "parameters" : [ ],
          "shouldDisplayMessage" : false,
          "attachmentsCount" : 0,
          "stepsCount" : 0,
          "hasContent" : false
        }, {
          "name" : "Set password to e45eT%0n^SpXdsb2",
          "time" : {
            "start" : 1617808362596,
            "stop" : 1617808362660,
            "duration" : 64
          },
          "status" : "passed",
          "steps" : [ ],
          "attachments" : [ ],
          "parameters" : [ ],
          "shouldDisplayMessage" : false,
          "attachmentsCount" : 0,
          "stepsCount" : 0,
          "hasContent" : false
        }, {
          "name" : "Click on login button",
          "time" : {
            "start" : 1617808362660,
            "stop" : 1617808367764,
            "duration" : 5104
          },
          "status" : "passed",
          "steps" : [ ],
          "attachments" : [ ],
          "parameters" : [ ],
          "shouldDisplayMessage" : false,
          "attachmentsCount" : 0,
          "stepsCount" : 0,
          "hasContent" : false
        } ],
        "attachments" : [ ],
        "parameters" : [ ],
        "shouldDisplayMessage" : false,
        "attachmentsCount" : 0,
        "stepsCount" : 4,
        "hasContent" : true
      }, {
        "name" : "Check inventory 2017 - 2017 Complete Inventory",
        "time" : {
          "start" : 1617808377767,
          "stop" : 1617808380811,
          "duration" : 3044
        },
        "status" : "passed",
        "steps" : [ ],
        "attachments" : [ ],
        "parameters" : [ ],
        "shouldDisplayMessage" : false,
        "attachmentsCount" : 0,
        "stepsCount" : 0,
        "hasContent" : false
      }, {
        "name" : "Access URL OpenQA.Selenium.Firefox.FirefoxDriver",
        "time" : {
          "start" : 1617808380811,
          "stop" : 1617808381369,
          "duration" : 558
        },
        "status" : "passed",
        "steps" : [ ],
        "attachments" : [ ],
        "parameters" : [ ],
        "shouldDisplayMessage" : false,
        "attachmentsCount" : 0,
        "stepsCount" : 0,
        "hasContent" : false
      }, {
        "name" : "Click on cancel changes button",
        "time" : {
          "start" : 1617808381369,
          "stop" : 1617808385407,
          "duration" : 4038
        },
        "status" : "passed",
        "steps" : [ ],
        "attachments" : [ ],
        "parameters" : [ ],
        "shouldDisplayMessage" : false,
        "attachmentsCount" : 0,
        "stepsCount" : 0,
        "hasContent" : false
      }, {
        "name" : "Access URL OpenQA.Selenium.Firefox.FirefoxDriver",
        "time" : {
          "start" : 1617808385407,
          "stop" : 1617808386134,
          "duration" : 727
        },
        "status" : "passed",
        "steps" : [ ],
        "attachments" : [ ],
        "parameters" : [ ],
        "shouldDisplayMessage" : false,
        "attachmentsCount" : 0,
        "stepsCount" : 0,
        "hasContent" : false
      }, {
        "name" : "Check row 2 - ACTION-ADMIN - Groups - Details:3 on account activity grid",
        "time" : {
          "start" : 1617808386134,
          "stop" : 1617808396163,
          "duration" : 10029
        },
        "status" : "passed",
        "steps" : [ ],
        "attachments" : [ ],
        "parameters" : [ ],
        "shouldDisplayMessage" : false,
        "attachmentsCount" : 0,
        "stepsCount" : 0,
        "hasContent" : false
      }, {
        "name" : "Check row 3 - ACTION-ADMIN - Edit Groups - Form Submit:3 on account activity grid",
        "time" : {
          "start" : 1617808396163,
          "stop" : 1617808406191,
          "duration" : 10028
        },
        "status" : "failed",
        "statusMessage" : "(TEST FAILED) Expected: Activity -> 'ACTION-ADMIN', Detail -> 'Edit Groups - Form Submit:3'\nBut was: Activity -> 'ACTION-ADMIN', Detail -> 'Groups - Edit:3 - Submit'",
        "statusTrace" : "   at BOEM_Tests.PageObjects.SettingsPage.__a$_around_CheckRowAccountActivity_100665996_o(Int32 row, String activity, String detail) in C:\\Users\\QAOperator\\Documents\\GitHub\\BOEM_Tests\\BOEM\\BOEM_Tests\\PageObjects\\Settings\\SettingsPage.cs:line 432\r\n   at BOEM_Tests.PageObjects.SettingsPage.__a$_around_CheckRowAccountActivity_100665996_u(Object[] )\r\n   at NUnit.Allure.Steps.AllureStepAspect.WrapStep(String name, MethodBase methodBase, Object[] arguments, Func`2 method)",
        "steps" : [ ],
        "attachments" : [ ],
        "parameters" : [ ],
        "shouldDisplayMessage" : true,
        "attachmentsCount" : 0,
        "stepsCount" : 0,
        "hasContent" : true
      }, {
        "name" : "Taking Screenshot",
        "time" : {
          "start" : 1617808406192,
          "stop" : 1617808406298,
          "duration" : 106
        },
        "status" : "passed",
        "steps" : [ ],
        "attachments" : [ {
          "uid" : "ac7f3a7e22ea0689",
          "name" : "Attachment Title",
          "source" : "ac7f3a7e22ea0689.png",
          "type" : "image/png",
          "size" : 71164
        } ],
        "parameters" : [ ],
        "shouldDisplayMessage" : false,
        "attachmentsCount" : 1,
        "stepsCount" : 0,
        "hasContent" : true
      } ],
      "attachments" : [ {
        "uid" : "c0ebb5226f115a90",
        "name" : "Console Output",
        "source" : "c0ebb5226f115a90.txt",
        "type" : "text/plain",
        "size" : 0
      } ],
      "parameters" : [ ],
      "shouldDisplayMessage" : true,
      "attachmentsCount" : 2,
      "stepsCount" : 12,
      "hasContent" : true
    } ],
    "attachments" : [ ],
    "parameters" : [ ],
    "shouldDisplayMessage" : false,
    "attachmentsCount" : 2,
    "stepsCount" : 13,
    "hasContent" : true
  },
  "afterStages" : [ {
    "name" : "TearDown_Test",
    "time" : {
      "start" : 1617808407419,
      "stop" : 1617808407419,
      "duration" : 0
    },
    "status" : "passed",
    "steps" : [ ],
    "attachments" : [ ],
    "parameters" : [ ],
    "shouldDisplayMessage" : false,
    "attachmentsCount" : 0,
    "stepsCount" : 0,
    "hasContent" : false
  } ],
  "labels" : [ {
    "name" : "thread",
    "value" : "NonParallelWorker"
  }, {
    "name" : "host",
    "value" : "QAB01"
  }, {
    "name" : "testClass",
    "value" : "BOEM_Tests.Tests.AccountActivity"
  }, {
    "name" : "testMethod",
    "value" : "AccessFeatureEditGroupCancelLogsActivity"
  }, {
    "name" : "package",
    "value" : "BOEM_Tests.Tests.AccountActivity"
  }, {
    "name" : "tag",
    "value" : "ACCOUNTACTIVITY.12"
  }, {
    "name" : "suite",
    "value" : "AccountActivity"
  }, {
    "name" : "severity",
    "value" : "normal"
  }, {
    "name" : "resultFormat",
    "value" : "allure2"
  } ],
  "parameters" : [ ],
  "links" : [ ],
  "hidden" : true,
  "retry" : true,
  "extra" : {
    "categories" : [ ],
    "tags" : [ "ACCOUNTACTIVITY.12" ]
  },
  "source" : "d335534a3d766bdb.json",
  "parameterValues" : [ ]
}