{
  "uid" : "e9ba1246ab16d8fe",
  "name" : "AccessFeatureAdminUserEditSaveLogsActivity",
  "fullName" : "BOEM_Tests.Tests.AccountActivity.AccessFeatureAdminUserEditSaveLogsActivity",
  "historyId" : "BOEM_Tests.Tests.AccountActivity.AccessFeatureAdminUserEditSaveLogsActivity",
  "time" : {
    "start" : 1617746719681,
    "stop" : 1617746763416,
    "duration" : 43735
  },
  "description" : "Access feature admin > user > edit logs, [save] logs activity\n",
  "descriptionHtml" : "<p>Access feature admin &gt; user &gt; edit logs, [save] logs activity</p>\n",
  "status" : "failed",
  "statusMessage" : "System.Exception : (TEST FAILED) Expected: Activity -> 'ACTION-ADMIN', Detail -> 'Admin Users - Details:69'\nBut was: Activity -> 'ACTION-ADMIN', Detail -> 'Users - Details:69'",
  "statusTrace" : "   at BOEM_Tests.Tests.AccountActivity.AccessFeatureAdminUserEditSaveLogsActivity() in C:\\Users\\QAOperator\\Documents\\GitHub\\BOEM_Tests\\BOEM\\BOEM_Tests\\Tests\\AccountActivity.cs:line 304",
  "flaky" : true,
  "newFailed" : true,
  "beforeStages" : [ {
    "name" : "PrepareResultsDir",
    "time" : {
      "start" : 1617746763416,
      "stop" : 1617746763416,
      "duration" : 0
    },
    "status" : "passed",
    "steps" : [ ],
    "attachments" : [ ],
    "parameters" : [ ],
    "attachmentsCount" : 0,
    "shouldDisplayMessage" : false,
    "hasContent" : false,
    "stepsCount" : 0
  }, {
    "name" : "Setup_Test",
    "time" : {
      "start" : 1617746763416,
      "stop" : 1617746763416,
      "duration" : 0
    },
    "status" : "passed",
    "steps" : [ ],
    "attachments" : [ ],
    "parameters" : [ ],
    "attachmentsCount" : 0,
    "shouldDisplayMessage" : false,
    "hasContent" : false,
    "stepsCount" : 0
  } ],
  "testStage" : {
    "description" : "Access feature admin > user > edit logs, [save] logs activity\n",
    "status" : "failed",
    "statusMessage" : "System.Exception : (TEST FAILED) Expected: Activity -> 'ACTION-ADMIN', Detail -> 'Admin Users - Details:69'\nBut was: Activity -> 'ACTION-ADMIN', Detail -> 'Users - Details:69'",
    "statusTrace" : "   at BOEM_Tests.Tests.AccountActivity.AccessFeatureAdminUserEditSaveLogsActivity() in C:\\Users\\QAOperator\\Documents\\GitHub\\BOEM_Tests\\BOEM\\BOEM_Tests\\Tests\\AccountActivity.cs:line 304",
    "steps" : [ {
      "name" : "AccessFeatureAdminUserEditSaveLogsActivity",
      "time" : {
        "start" : 1617746719681,
        "stop" : 1617746763416,
        "duration" : 43735
      },
      "status" : "failed",
      "statusMessage" : "System.Exception : (TEST FAILED) Expected: Activity -> 'ACTION-ADMIN', Detail -> 'Admin Users - Details:69'\nBut was: Activity -> 'ACTION-ADMIN', Detail -> 'Users - Details:69'",
      "statusTrace" : "   at BOEM_Tests.Tests.AccountActivity.AccessFeatureAdminUserEditSaveLogsActivity() in C:\\Users\\QAOperator\\Documents\\GitHub\\BOEM_Tests\\BOEM\\BOEM_Tests\\Tests\\AccountActivity.cs:line 304",
      "steps" : [ {
        "name" : "Log in using QA user",
        "time" : {
          "start" : 1617746723891,
          "stop" : 1617746740774,
          "duration" : 16883
        },
        "status" : "passed",
        "steps" : [ {
          "name" : "Open login page",
          "time" : {
            "start" : 1617746723891,
            "stop" : 1617746724581,
            "duration" : 690
          },
          "status" : "passed",
          "steps" : [ ],
          "attachments" : [ ],
          "parameters" : [ ],
          "attachmentsCount" : 0,
          "shouldDisplayMessage" : false,
          "hasContent" : false,
          "stepsCount" : 0
        }, {
          "name" : "Set username to qa_boem@weblakes.com",
          "time" : {
            "start" : 1617746724581,
            "stop" : 1617746724637,
            "duration" : 56
          },
          "status" : "passed",
          "steps" : [ ],
          "attachments" : [ ],
          "parameters" : [ ],
          "attachmentsCount" : 0,
          "shouldDisplayMessage" : false,
          "hasContent" : false,
          "stepsCount" : 0
        }, {
          "name" : "Set password to e45eT%0n^SpXdsb2",
          "time" : {
            "start" : 1617746724637,
            "stop" : 1617746724665,
            "duration" : 28
          },
          "status" : "passed",
          "steps" : [ ],
          "attachments" : [ ],
          "parameters" : [ ],
          "attachmentsCount" : 0,
          "shouldDisplayMessage" : false,
          "hasContent" : false,
          "stepsCount" : 0
        }, {
          "name" : "Click on login button",
          "time" : {
            "start" : 1617746724665,
            "stop" : 1617746730760,
            "duration" : 6095
          },
          "status" : "passed",
          "steps" : [ ],
          "attachments" : [ ],
          "parameters" : [ ],
          "attachmentsCount" : 0,
          "shouldDisplayMessage" : false,
          "hasContent" : false,
          "stepsCount" : 0
        } ],
        "attachments" : [ ],
        "parameters" : [ ],
        "attachmentsCount" : 0,
        "shouldDisplayMessage" : false,
        "hasContent" : true,
        "stepsCount" : 4
      }, {
        "name" : "Check inventory 2017 - 2017 Complete Inventory",
        "time" : {
          "start" : 1617746740774,
          "stop" : 1617746743817,
          "duration" : 3043
        },
        "status" : "passed",
        "steps" : [ ],
        "attachments" : [ ],
        "parameters" : [ ],
        "attachmentsCount" : 0,
        "shouldDisplayMessage" : false,
        "hasContent" : false,
        "stepsCount" : 0
      }, {
        "name" : "Access relative URL OpenQA.Selenium.Firefox.FirefoxDriver",
        "time" : {
          "start" : 1617746743817,
          "stop" : 1617746744533,
          "duration" : 716
        },
        "status" : "passed",
        "steps" : [ ],
        "attachments" : [ ],
        "parameters" : [ ],
        "attachmentsCount" : 0,
        "shouldDisplayMessage" : false,
        "hasContent" : false,
        "stepsCount" : 0
      }, {
        "name" : "Open account activity page",
        "time" : {
          "start" : 1617746748829,
          "stop" : 1617746752514,
          "duration" : 3685
        },
        "status" : "passed",
        "steps" : [ ],
        "attachments" : [ ],
        "parameters" : [ ],
        "attachmentsCount" : 0,
        "shouldDisplayMessage" : false,
        "hasContent" : false,
        "stepsCount" : 0
      }, {
        "name" : "Check row 2 - ACTION-ADMIN - Admin Users - Details:69 on account activity grid",
        "time" : {
          "start" : 1617746752514,
          "stop" : 1617746762524,
          "duration" : 10010
        },
        "status" : "failed",
        "statusMessage" : "(TEST FAILED) Expected: Activity -> 'ACTION-ADMIN', Detail -> 'Admin Users - Details:69'\nBut was: Activity -> 'ACTION-ADMIN', Detail -> 'Users - Details:69'",
        "statusTrace" : "   at BOEM_Tests.PageObjects.SettingsPage.__a$_around_CheckRowAccountActivity_100665996_o(Int32 row, String activity, String detail) in C:\\Users\\QAOperator\\Documents\\GitHub\\BOEM_Tests\\BOEM\\BOEM_Tests\\PageObjects\\Settings\\SettingsPage.cs:line 432\r\n   at BOEM_Tests.PageObjects.SettingsPage.__a$_around_CheckRowAccountActivity_100665996_u(Object[] )\r\n   at NUnit.Allure.Steps.AllureStepAspect.WrapStep(String name, MethodBase methodBase, Object[] arguments, Func`2 method)",
        "steps" : [ ],
        "attachments" : [ ],
        "parameters" : [ ],
        "attachmentsCount" : 0,
        "shouldDisplayMessage" : true,
        "hasContent" : true,
        "stepsCount" : 0
      }, {
        "name" : "Taking Screenshot",
        "time" : {
          "start" : 1617746762524,
          "stop" : 1617746762602,
          "duration" : 78
        },
        "status" : "passed",
        "steps" : [ ],
        "attachments" : [ {
          "uid" : "52993c4db721edf9",
          "name" : "Attachment Title",
          "source" : "52993c4db721edf9.png",
          "type" : "image/png",
          "size" : 71228
        } ],
        "parameters" : [ ],
        "attachmentsCount" : 1,
        "shouldDisplayMessage" : false,
        "hasContent" : true,
        "stepsCount" : 0
      } ],
      "attachments" : [ {
        "uid" : "3bef56a47f10258",
        "name" : "Console Output",
        "source" : "3bef56a47f10258.txt",
        "type" : "text/plain",
        "size" : 0
      } ],
      "parameters" : [ ],
      "attachmentsCount" : 2,
      "shouldDisplayMessage" : true,
      "hasContent" : true,
      "stepsCount" : 10
    } ],
    "attachments" : [ ],
    "parameters" : [ ],
    "attachmentsCount" : 2,
    "shouldDisplayMessage" : false,
    "hasContent" : true,
    "stepsCount" : 11
  },
  "afterStages" : [ {
    "name" : "TearDown_Test",
    "time" : {
      "start" : 1617746763416,
      "stop" : 1617746763416,
      "duration" : 0
    },
    "status" : "passed",
    "steps" : [ ],
    "attachments" : [ ],
    "parameters" : [ ],
    "attachmentsCount" : 0,
    "shouldDisplayMessage" : false,
    "hasContent" : false,
    "stepsCount" : 0
  } ],
  "labels" : [ {
    "name" : "thread",
    "value" : "NonParallelWorker"
  }, {
    "name" : "host",
    "value" : "QAB01"
  }, {
    "name" : "testClass",
    "value" : "BOEM_Tests.Tests.AccountActivity"
  }, {
    "name" : "testMethod",
    "value" : "AccessFeatureAdminUserEditSaveLogsActivity"
  }, {
    "name" : "package",
    "value" : "BOEM_Tests.Tests.AccountActivity"
  }, {
    "name" : "tag",
    "value" : "ACCOUNTACTIVITY.7"
  }, {
    "name" : "suite",
    "value" : "AccountActivity"
  }, {
    "name" : "severity",
    "value" : "normal"
  }, {
    "name" : "resultFormat",
    "value" : "allure2"
  } ],
  "parameters" : [ ],
  "links" : [ ],
  "hidden" : false,
  "retry" : false,
  "extra" : {
    "severity" : "normal",
    "retries" : [ ],
    "categories" : [ {
      "name" : "Product defects",
      "matchedStatuses" : [ ],
      "flaky" : false
    } ],
    "history" : {
      "statistic" : {
        "failed" : 6,
        "broken" : 0,
        "skipped" : 0,
        "passed" : 14,
        "unknown" : 0,
        "total" : 20
      },
      "items" : [ {
        "uid" : "ab45a8e1d9f4f369",
        "status" : "passed",
        "time" : {
          "start" : 1617669677835,
          "stop" : 1617669746099,
          "duration" : 68264
        }
      }, {
        "uid" : "11bc0d7b290c0bb7",
        "status" : "passed",
        "time" : {
          "start" : 1617323873539,
          "stop" : 1617323942802,
          "duration" : 69263
        }
      }, {
        "uid" : "4868e527507fdedc",
        "status" : "passed",
        "time" : {
          "start" : 1617147208320,
          "stop" : 1617147275665,
          "duration" : 67345
        }
      }, {
        "uid" : "d40ac6def80f2236",
        "status" : "passed",
        "time" : {
          "start" : 1617062863045,
          "stop" : 1617062930125,
          "duration" : 67080
        }
      }, {
        "uid" : "90ea90e602a33de6",
        "status" : "failed",
        "statusDetails" : "System.Exception : Expected: Activity -> 'ACTION-ADMIN', Detail -> 'Admin Users - Details:69'\nBut was: Activity -> 'ACTION', Detail -> 'Dashboard - View : Main Dashboard'",
        "time" : {
          "start" : 1616815592018,
          "stop" : 1616815634326,
          "duration" : 42308
        }
      }, {
        "uid" : "aa7438adbb65e58b",
        "status" : "failed",
        "statusDetails" : "System.Exception : Expected: Activity -> 'ACTION-ADMIN', Detail -> 'View User - Details:69'\nBut was: Activity -> 'ACTION', Detail -> 'User Account Activity - Index'",
        "time" : {
          "start" : 1616716832479,
          "stop" : 1616716904646,
          "duration" : 72167
        }
      }, {
        "uid" : "91b68fa4e7a7d367",
        "status" : "passed",
        "time" : {
          "start" : 1616452815719,
          "stop" : 1616452883654,
          "duration" : 67935
        }
      }, {
        "uid" : "bf9dd1bc292579e9",
        "status" : "passed",
        "time" : {
          "start" : 1616207347008,
          "stop" : 1616207428750,
          "duration" : 81742
        }
      }, {
        "uid" : "a0f75e122a09840d",
        "status" : "passed",
        "time" : {
          "start" : 1616114772229,
          "stop" : 1616114840209,
          "duration" : 67980
        }
      }, {
        "uid" : "20cbf4de41bd7176",
        "status" : "passed",
        "time" : {
          "start" : 1616023384195,
          "stop" : 1616023465745,
          "duration" : 81550
        }
      }, {
        "uid" : "1df048ff7d552e7e",
        "status" : "passed",
        "time" : {
          "start" : 1615943790270,
          "stop" : 1615943872456,
          "duration" : 82186
        }
      }, {
        "uid" : "3a686742d7825fef",
        "status" : "passed",
        "time" : {
          "start" : 1615852532067,
          "stop" : 1615852597473,
          "duration" : 65406
        }
      }, {
        "uid" : "a74dbac5d2ce4f8d",
        "status" : "passed",
        "time" : {
          "start" : 1615650061457,
          "stop" : 1615650116617,
          "duration" : 55160
        }
      }, {
        "uid" : "8cb8afd8eeed318b",
        "status" : "passed",
        "time" : {
          "start" : 1615423533397,
          "stop" : 1615423651935,
          "duration" : 118538
        }
      }, {
        "uid" : "bfcb5ef4a2fab73f",
        "status" : "passed",
        "time" : {
          "start" : 1615433769732,
          "stop" : 1615433827182,
          "duration" : 57450
        }
      }, {
        "uid" : "670ddb8c6d7b5478",
        "status" : "passed",
        "time" : {
          "start" : 1615423533397,
          "stop" : 1615423651935,
          "duration" : 118538
        }
      }, {
        "uid" : "fabb65cb01999b68",
        "status" : "failed",
        "statusDetails" : "OpenQA.Selenium.NoSuchElementException : Unable to locate element: //div[@id='page-wrapper']/div[1]/div/ul/li[2]/a/span",
        "time" : {
          "start" : 1615214850944,
          "stop" : 1615214876338,
          "duration" : 25394
        }
      }, {
        "uid" : "3f5f02b1d100236d",
        "status" : "failed",
        "statusDetails" : "  Expected: True\r\n  But was:  False\r\n",
        "time" : {
          "start" : 1614797736219,
          "stop" : 1614797765462,
          "duration" : 29243
        }
      }, {
        "uid" : "8c43d086ac4e790a",
        "status" : "failed",
        "statusDetails" : "  Expected: True\r\n  But was:  False\r\n",
        "time" : {
          "start" : 1613607307696,
          "stop" : 1613607357846,
          "duration" : 50150
        }
      } ]
    },
    "tags" : [ "ACCOUNTACTIVITY.7" ]
  },
  "source" : "e9ba1246ab16d8fe.json",
  "parameterValues" : [ ]
}