{
  "uid" : "eb1df9c7937b31b1",
  "name" : "SelectShadowUser_NotAvailableStatus_Failed",
  "fullName" : "BOEM_Tests.Tests.AdminShadowUser.SelectShadowUser_NotAvailableStatus_Failed",
  "historyId" : "BOEM_Tests.Tests.AdminShadowUser.SelectShadowUser_NotAvailableStatus_Failed",
  "time" : {
    "start" : 1618026982252,
    "stop" : 1618027017474,
    "duration" : 35222
  },
  "description" : "Show User, Unable to Select Account with status <Not Available>\n",
  "descriptionHtml" : "<p>Show User, Unable to Select Account with status <Not Available></p>\n",
  "status" : "failed",
  "statusMessage" : "System.Exception : (TEST FAILED) The 'User row' element was not found in the Shadow user's table.",
  "statusTrace" : "   at BOEM_Tests.Tests.AdminShadowUser.SelectShadowUser_NotAvailableStatus_Failed() in C:\\Users\\QAOperator\\Documents\\GitHub\\BOEM_Tests\\BOEM\\BOEM_Tests\\Tests\\AdminShadowUser.cs:line 73",
  "flaky" : false,
  "newFailed" : false,
  "beforeStages" : [ {
    "name" : "PrepareResultsDir",
    "time" : {
      "start" : 1618027017474,
      "stop" : 1618027017474,
      "duration" : 0
    },
    "status" : "passed",
    "steps" : [ ],
    "attachments" : [ ],
    "parameters" : [ ],
    "stepsCount" : 0,
    "hasContent" : false,
    "shouldDisplayMessage" : false,
    "attachmentsCount" : 0
  }, {
    "name" : "Setup",
    "time" : {
      "start" : 1618027017474,
      "stop" : 1618027017474,
      "duration" : 0
    },
    "status" : "passed",
    "steps" : [ ],
    "attachments" : [ ],
    "parameters" : [ ],
    "stepsCount" : 0,
    "hasContent" : false,
    "shouldDisplayMessage" : false,
    "attachmentsCount" : 0
  } ],
  "testStage" : {
    "description" : "Show User, Unable to Select Account with status <Not Available>\n",
    "status" : "failed",
    "statusMessage" : "System.Exception : (TEST FAILED) The 'User row' element was not found in the Shadow user's table.",
    "statusTrace" : "   at BOEM_Tests.Tests.AdminShadowUser.SelectShadowUser_NotAvailableStatus_Failed() in C:\\Users\\QAOperator\\Documents\\GitHub\\BOEM_Tests\\BOEM\\BOEM_Tests\\Tests\\AdminShadowUser.cs:line 73",
    "steps" : [ {
      "name" : "SelectShadowUser_NotAvailableStatus_Failed",
      "time" : {
        "start" : 1618026982252,
        "stop" : 1618027017474,
        "duration" : 35222
      },
      "status" : "failed",
      "statusMessage" : "System.Exception : (TEST FAILED) The 'User row' element was not found in the Shadow user's table.",
      "statusTrace" : "   at BOEM_Tests.Tests.AdminShadowUser.SelectShadowUser_NotAvailableStatus_Failed() in C:\\Users\\QAOperator\\Documents\\GitHub\\BOEM_Tests\\BOEM\\BOEM_Tests\\Tests\\AdminShadowUser.cs:line 73",
      "steps" : [ {
        "name" : "Log in using QA Admin user",
        "time" : {
          "start" : 1618026986426,
          "stop" : 1618027002534,
          "duration" : 16108
        },
        "status" : "passed",
        "steps" : [ {
          "name" : "Open login page",
          "time" : {
            "start" : 1618026986426,
            "stop" : 1618026987174,
            "duration" : 748
          },
          "status" : "passed",
          "steps" : [ ],
          "attachments" : [ ],
          "parameters" : [ ],
          "stepsCount" : 0,
          "hasContent" : false,
          "shouldDisplayMessage" : false,
          "attachmentsCount" : 0
        }, {
          "name" : "Set username to QA_BOEMAdmin@weblakes.com",
          "time" : {
            "start" : 1618026987174,
            "stop" : 1618026987224,
            "duration" : 50
          },
          "status" : "passed",
          "steps" : [ ],
          "attachments" : [ ],
          "parameters" : [ ],
          "stepsCount" : 0,
          "hasContent" : false,
          "shouldDisplayMessage" : false,
          "attachmentsCount" : 0
        }, {
          "name" : "Set password to 23M8BScKKXGUa5525",
          "time" : {
            "start" : 1618026987225,
            "stop" : 1618026987255,
            "duration" : 30
          },
          "status" : "passed",
          "steps" : [ ],
          "attachments" : [ ],
          "parameters" : [ ],
          "stepsCount" : 0,
          "hasContent" : false,
          "shouldDisplayMessage" : false,
          "attachmentsCount" : 0
        }, {
          "name" : "Click on login button",
          "time" : {
            "start" : 1618026987256,
            "stop" : 1618026992521,
            "duration" : 5265
          },
          "status" : "passed",
          "steps" : [ ],
          "attachments" : [ ],
          "parameters" : [ ],
          "stepsCount" : 0,
          "hasContent" : false,
          "shouldDisplayMessage" : false,
          "attachmentsCount" : 0
        } ],
        "attachments" : [ ],
        "parameters" : [ ],
        "stepsCount" : 4,
        "hasContent" : true,
        "shouldDisplayMessage" : false,
        "attachmentsCount" : 0
      }, {
        "name" : "Open admin shadow user page",
        "time" : {
          "start" : 1618027002534,
          "stop" : 1618027003449,
          "duration" : 915
        },
        "status" : "passed",
        "steps" : [ ],
        "attachments" : [ ],
        "parameters" : [ ],
        "stepsCount" : 0,
        "hasContent" : false,
        "shouldDisplayMessage" : false,
        "attachmentsCount" : 0
      }, {
        "name" : "Set search to Not Available",
        "time" : {
          "start" : 1618027003449,
          "stop" : 1618027008544,
          "duration" : 5095
        },
        "status" : "passed",
        "steps" : [ ],
        "attachments" : [ ],
        "parameters" : [ ],
        "stepsCount" : 0,
        "hasContent" : false,
        "shouldDisplayMessage" : false,
        "attachmentsCount" : 0
      }, {
        "name" : "Select user in first row",
        "time" : {
          "start" : 1618027008544,
          "stop" : 1618027016563,
          "duration" : 8019
        },
        "status" : "failed",
        "statusMessage" : "(TEST FAILED) The 'User row' element was not found in the Shadow user's table.",
        "statusTrace" : "   at BOEM_Tests.PageObjects.AdminShadowUserPage.__a$_around_SelectUserRow_100664123_o() in C:\\Users\\QAOperator\\Documents\\GitHub\\BOEM_Tests\\BOEM\\BOEM_Tests\\PageObjects\\AdminShadowUser\\AdminShadowUserPage.cs:line 70\r\n   at BOEM_Tests.PageObjects.AdminShadowUserPage.__a$_around_SelectUserRow_100664123_u(Object[] )\r\n   at NUnit.Allure.Steps.AllureStepAspect.WrapStep(String name, MethodBase methodBase, Object[] arguments, Func`2 method)",
        "steps" : [ ],
        "attachments" : [ ],
        "parameters" : [ ],
        "stepsCount" : 0,
        "hasContent" : true,
        "shouldDisplayMessage" : true,
        "attachmentsCount" : 0
      }, {
        "name" : "Taking Screenshot",
        "time" : {
          "start" : 1618027016563,
          "stop" : 1618027016631,
          "duration" : 68
        },
        "status" : "passed",
        "steps" : [ ],
        "attachments" : [ {
          "uid" : "a8444d8b37751767",
          "name" : "Attachment Title",
          "source" : "a8444d8b37751767.png",
          "type" : "image/png",
          "size" : 60169
        } ],
        "parameters" : [ ],
        "stepsCount" : 0,
        "hasContent" : true,
        "shouldDisplayMessage" : false,
        "attachmentsCount" : 1
      } ],
      "attachments" : [ {
        "uid" : "7c48ded8d4da93eb",
        "name" : "Console Output",
        "source" : "7c48ded8d4da93eb.txt",
        "type" : "text/plain",
        "size" : 0
      } ],
      "parameters" : [ ],
      "stepsCount" : 9,
      "hasContent" : true,
      "shouldDisplayMessage" : true,
      "attachmentsCount" : 2
    } ],
    "attachments" : [ ],
    "parameters" : [ ],
    "stepsCount" : 10,
    "hasContent" : true,
    "shouldDisplayMessage" : false,
    "attachmentsCount" : 2
  },
  "afterStages" : [ {
    "name" : "TearDown_Test",
    "time" : {
      "start" : 1618027017474,
      "stop" : 1618027017474,
      "duration" : 0
    },
    "status" : "passed",
    "steps" : [ ],
    "attachments" : [ ],
    "parameters" : [ ],
    "stepsCount" : 0,
    "hasContent" : false,
    "shouldDisplayMessage" : false,
    "attachmentsCount" : 0
  } ],
  "labels" : [ {
    "name" : "thread",
    "value" : "NonParallelWorker"
  }, {
    "name" : "host",
    "value" : "QAB01"
  }, {
    "name" : "testClass",
    "value" : "BOEM_Tests.Tests.AdminShadowUser"
  }, {
    "name" : "testMethod",
    "value" : "SelectShadowUser_NotAvailableStatus_Failed"
  }, {
    "name" : "package",
    "value" : "BOEM_Tests.Tests.AdminShadowUser"
  }, {
    "name" : "tag",
    "value" : "ADMINSHADOWUSER.1"
  }, {
    "name" : "suite",
    "value" : "AdminShadowUser"
  }, {
    "name" : "severity",
    "value" : "normal"
  }, {
    "name" : "resultFormat",
    "value" : "allure2"
  } ],
  "parameters" : [ ],
  "links" : [ ],
  "hidden" : false,
  "retry" : false,
  "extra" : {
    "severity" : "normal",
    "retries" : [ ],
    "categories" : [ {
      "name" : "Product defects",
      "matchedStatuses" : [ ],
      "flaky" : false
    } ],
    "history" : {
      "statistic" : {
        "failed" : 28,
        "broken" : 0,
        "skipped" : 0,
        "passed" : 0,
        "unknown" : 0,
        "total" : 28
      },
      "items" : [ {
        "uid" : "5040b83e44d22ad7",
        "status" : "failed",
        "statusDetails" : "System.Exception : (TEST FAILED) The 'User row' element was not found in the Shadow user's table.",
        "time" : {
          "start" : 1617926149264,
          "stop" : 1617926184196,
          "duration" : 34932
        }
      }, {
        "uid" : "ab294c68b1f83fd1",
        "status" : "failed",
        "statusDetails" : "System.Exception : (TEST FAILED) The 'User row' element was not found in the Shadow user's table.",
        "time" : {
          "start" : 1617842832852,
          "stop" : 1617842867843,
          "duration" : 34991
        }
      }, {
        "uid" : "9d56ed28e8291482",
        "status" : "failed",
        "statusDetails" : "System.Exception : (TEST FAILED) The 'User row' element was not found in the Shadow user's table.",
        "time" : {
          "start" : 1617750393627,
          "stop" : 1617750428835,
          "duration" : 35208
        }
      }, {
        "uid" : "47f5357b40843c98",
        "status" : "failed",
        "statusDetails" : "System.Exception : (TEST FAILED) The 'User row' element was not found in the Shadow user's table.",
        "time" : {
          "start" : 1617674857985,
          "stop" : 1617674909172,
          "duration" : 51187
        }
      }, {
        "uid" : "9e62e7f9f8173a28",
        "status" : "failed",
        "statusDetails" : "OpenQA.Selenium.NoSuchElementException : Could not find element by: By.XPath: //*[@id='grid_SelectUSERS']/tbody/tr[2]",
        "time" : {
          "start" : 1617329082292,
          "stop" : 1617329148366,
          "duration" : 66074
        }
      }, {
        "uid" : "70e585db62289fe4",
        "status" : "failed",
        "statusDetails" : "OpenQA.Selenium.NoSuchElementException : Could not find element by: By.XPath: //*[@id='grid_SelectUSERS']/tbody/tr[2]",
        "time" : {
          "start" : 1617152394565,
          "stop" : 1617152440708,
          "duration" : 46143
        }
      }, {
        "uid" : "286b4733c95dbc7b",
        "status" : "failed",
        "statusDetails" : "OpenQA.Selenium.NoSuchElementException : Could not find element by: By.XPath: //*[@id='grid_SelectUSERS']/tbody/tr[2]",
        "time" : {
          "start" : 1617067462655,
          "stop" : 1617067502137,
          "duration" : 39482
        }
      }, {
        "uid" : "a406f2e4a2925541",
        "status" : "failed",
        "statusDetails" : "OpenQA.Selenium.NoSuchElementException : Could not find element by: By.XPath: //*[@id='grid_SelectUSERS']/tbody/tr[2]",
        "time" : {
          "start" : 1616820485557,
          "stop" : 1616820537941,
          "duration" : 52384
        }
      }, {
        "uid" : "5b8107356bec144a",
        "status" : "failed",
        "statusDetails" : "OpenQA.Selenium.NoSuchElementException : Could not find element by: By.XPath: //*[@id='grid_SelectUSERS']/tbody/tr[2]",
        "time" : {
          "start" : 1616721703772,
          "stop" : 1616721753425,
          "duration" : 49653
        }
      }, {
        "uid" : "ebe46554b0260218",
        "status" : "failed",
        "statusDetails" : "OpenQA.Selenium.NoSuchElementException : Could not find element by: By.XPath: //*[@id='grid_SelectUSERS']/tbody/tr[2]",
        "time" : {
          "start" : 1616457808949,
          "stop" : 1616457871010,
          "duration" : 62061
        }
      }, {
        "uid" : "bb7defb72656d209",
        "status" : "failed",
        "statusDetails" : "OpenQA.Selenium.NoSuchElementException : Could not find element by: By.XPath: //*[@id='grid_SelectUSERS']/tbody/tr[2]",
        "time" : {
          "start" : 1616212221022,
          "stop" : 1616212285857,
          "duration" : 64835
        }
      }, {
        "uid" : "b8ff6feb149957ee",
        "status" : "failed",
        "statusDetails" : "OpenQA.Selenium.NoSuchElementException : Could not find element by: By.XPath: //*[@id='grid_SelectUSERS']/tbody/tr[2]",
        "time" : {
          "start" : 1616119663015,
          "stop" : 1616119714105,
          "duration" : 51090
        }
      }, {
        "uid" : "126d1fc6ec027459",
        "status" : "failed",
        "statusDetails" : "OpenQA.Selenium.NoSuchElementException : Could not find element by: By.XPath: //*[@id='grid_SelectUSERS']/tbody/tr[2]",
        "time" : {
          "start" : 1616028482430,
          "stop" : 1616028546849,
          "duration" : 64419
        }
      }, {
        "uid" : "1df7ddb11471d506",
        "status" : "failed",
        "statusDetails" : "OpenQA.Selenium.NoSuchElementException : Could not find element by: By.XPath: //div[@id='gridFilter_SelectUSERS']/ul/li[2]/div",
        "time" : {
          "start" : 1615948776693,
          "stop" : 1615948803584,
          "duration" : 26891
        }
      }, {
        "uid" : "eb537eb9f5f6e517",
        "status" : "failed",
        "statusDetails" : "OpenQA.Selenium.NoSuchElementException : Could not find element by: By.XPath: //div[@id='gridFilter_SelectUSERS']/ul/li[2]/div",
        "time" : {
          "start" : 1615857501810,
          "stop" : 1615857556482,
          "duration" : 54672
        }
      }, {
        "uid" : "ed33b7524bd1bfd0",
        "status" : "failed",
        "statusDetails" : "OpenQA.Selenium.NoSuchElementException : Could not find element by: By.XPath: //div[@id='gridFilter_SelectUSERS']/ul/li[2]/div",
        "time" : {
          "start" : 1615654948667,
          "stop" : 1615655003173,
          "duration" : 54506
        }
      }, {
        "uid" : "971bae77d5d4a4ca",
        "status" : "failed",
        "statusDetails" : "OpenQA.Selenium.NoSuchElementException : Could not find element by: By.XPath: //div[@id='gridFilter_SelectUSERS']/ul/li[2]/div",
        "time" : {
          "start" : 1615321063507,
          "stop" : 1615321119751,
          "duration" : 56244
        }
      }, {
        "uid" : "4a70cc998690f01b",
        "status" : "failed",
        "statusDetails" : "OpenQA.Selenium.NoSuchElementException : Could not find element by: By.XPath: //div[@id='gridFilter_SelectUSERS']/ul/li[2]/div",
        "time" : {
          "start" : 1615438930648,
          "stop" : 1615438984599,
          "duration" : 53951
        }
      }, {
        "uid" : "3943eebd143f3ae7",
        "status" : "failed",
        "statusDetails" : "OpenQA.Selenium.NoSuchElementException : Could not find element by: By.XPath: //div[@id='gridFilter_SelectUSERS']/ul/li[2]/div",
        "time" : {
          "start" : 1615321063507,
          "stop" : 1615321119751,
          "duration" : 56244
        }
      }, {
        "uid" : "a823c1f067b2d538",
        "status" : "failed",
        "statusDetails" : "OpenQA.Selenium.NoSuchElementException : Could not find element by: By.XPath: //div[@id='gridFilter_SelectUSERS']/ul/li[2]/div",
        "time" : {
          "start" : 1615217643674,
          "stop" : 1615217675851,
          "duration" : 32177
        }
      } ]
    },
    "tags" : [ "ADMINSHADOWUSER.1" ]
  },
  "source" : "eb1df9c7937b31b1.json",
  "parameterValues" : [ ]
}