{
  "uid" : "f7018aa876a5d12e",
  "name" : "AccessFeatureEditGroupCancelLogsActivity",
  "fullName" : "BOEM_Tests.Tests.AccountActivity.AccessFeatureEditGroupCancelLogsActivity",
  "historyId" : "BOEM_Tests.Tests.AccountActivity.AccessFeatureEditGroupCancelLogsActivity",
  "time" : {
    "start" : 1617669947150,
    "stop" : 1617670011071,
    "duration" : 63921
  },
  "description" : "Access Feature : Edit Group - Cancel, logs activity\n",
  "descriptionHtml" : "<p>Access Feature : Edit Group - Cancel, logs activity</p>\n",
  "status" : "failed",
  "statusMessage" : "System.Exception : (TEST FAILED) Expected: Activity -> 'ACTION-ADMIN', Detail -> 'Edit Groups - Form Submit:3'\nBut was: Activity -> 'ACTION-ADMIN', Detail -> 'Admin Groups - Edit:3 - Submit'",
  "statusTrace" : "   at BOEM_Tests.Tests.AccountActivity.AccessFeatureEditGroupCancelLogsActivity() in C:\\Users\\QAOperator\\Documents\\GitHub\\BOEM_Tests\\BOEM\\BOEM_Tests\\Tests\\AccountActivity.cs:line 465",
  "flaky" : true,
  "newFailed" : false,
  "beforeStages" : [ {
    "name" : "PrepareResultsDir",
    "time" : {
      "start" : 1617670011071,
      "stop" : 1617670011071,
      "duration" : 0
    },
    "status" : "passed",
    "steps" : [ ],
    "attachments" : [ ],
    "parameters" : [ ],
    "stepsCount" : 0,
    "hasContent" : false,
    "attachmentsCount" : 0,
    "shouldDisplayMessage" : false
  }, {
    "name" : "Setup_Test",
    "time" : {
      "start" : 1617670011071,
      "stop" : 1617670011071,
      "duration" : 0
    },
    "status" : "passed",
    "steps" : [ ],
    "attachments" : [ ],
    "parameters" : [ ],
    "stepsCount" : 0,
    "hasContent" : false,
    "attachmentsCount" : 0,
    "shouldDisplayMessage" : false
  } ],
  "testStage" : {
    "description" : "Access Feature : Edit Group - Cancel, logs activity\n",
    "status" : "failed",
    "statusMessage" : "System.Exception : (TEST FAILED) Expected: Activity -> 'ACTION-ADMIN', Detail -> 'Edit Groups - Form Submit:3'\nBut was: Activity -> 'ACTION-ADMIN', Detail -> 'Admin Groups - Edit:3 - Submit'",
    "statusTrace" : "   at BOEM_Tests.Tests.AccountActivity.AccessFeatureEditGroupCancelLogsActivity() in C:\\Users\\QAOperator\\Documents\\GitHub\\BOEM_Tests\\BOEM\\BOEM_Tests\\Tests\\AccountActivity.cs:line 465",
    "steps" : [ {
      "name" : "AccessFeatureEditGroupCancelLogsActivity",
      "time" : {
        "start" : 1617669947150,
        "stop" : 1617670011071,
        "duration" : 63921
      },
      "status" : "failed",
      "statusMessage" : "System.Exception : (TEST FAILED) Expected: Activity -> 'ACTION-ADMIN', Detail -> 'Edit Groups - Form Submit:3'\nBut was: Activity -> 'ACTION-ADMIN', Detail -> 'Admin Groups - Edit:3 - Submit'",
      "statusTrace" : "   at BOEM_Tests.Tests.AccountActivity.AccessFeatureEditGroupCancelLogsActivity() in C:\\Users\\QAOperator\\Documents\\GitHub\\BOEM_Tests\\BOEM\\BOEM_Tests\\Tests\\AccountActivity.cs:line 465",
      "steps" : [ {
        "name" : "Log in using QA user",
        "time" : {
          "start" : 1617669951330,
          "stop" : 1617669981964,
          "duration" : 30634
        },
        "status" : "passed",
        "steps" : [ {
          "name" : "Open login page",
          "time" : {
            "start" : 1617669951330,
            "stop" : 1617669966839,
            "duration" : 15509
          },
          "status" : "passed",
          "steps" : [ ],
          "attachments" : [ ],
          "parameters" : [ ],
          "stepsCount" : 0,
          "hasContent" : false,
          "attachmentsCount" : 0,
          "shouldDisplayMessage" : false
        }, {
          "name" : "Set username to qa_boem@weblakes.com",
          "time" : {
            "start" : 1617669966839,
            "stop" : 1617669966883,
            "duration" : 44
          },
          "status" : "passed",
          "steps" : [ ],
          "attachments" : [ ],
          "parameters" : [ ],
          "stepsCount" : 0,
          "hasContent" : false,
          "attachmentsCount" : 0,
          "shouldDisplayMessage" : false
        }, {
          "name" : "Set password to e45eT%0n^SpXdsb2",
          "time" : {
            "start" : 1617669966883,
            "stop" : 1617669966928,
            "duration" : 45
          },
          "status" : "passed",
          "steps" : [ ],
          "attachments" : [ ],
          "parameters" : [ ],
          "stepsCount" : 0,
          "hasContent" : false,
          "attachmentsCount" : 0,
          "shouldDisplayMessage" : false
        }, {
          "name" : "Click on login button",
          "time" : {
            "start" : 1617669966928,
            "stop" : 1617669971954,
            "duration" : 5026
          },
          "status" : "passed",
          "steps" : [ ],
          "attachments" : [ ],
          "parameters" : [ ],
          "stepsCount" : 0,
          "hasContent" : false,
          "attachmentsCount" : 0,
          "shouldDisplayMessage" : false
        } ],
        "attachments" : [ ],
        "parameters" : [ ],
        "stepsCount" : 4,
        "hasContent" : true,
        "attachmentsCount" : 0,
        "shouldDisplayMessage" : false
      }, {
        "name" : "Check inventory 2017 - 2017 Complete Inventory",
        "time" : {
          "start" : 1617669981964,
          "stop" : 1617669985004,
          "duration" : 3040
        },
        "status" : "passed",
        "steps" : [ ],
        "attachments" : [ ],
        "parameters" : [ ],
        "stepsCount" : 0,
        "hasContent" : false,
        "attachmentsCount" : 0,
        "shouldDisplayMessage" : false
      }, {
        "name" : "Access URL OpenQA.Selenium.Firefox.FirefoxDriver",
        "time" : {
          "start" : 1617669985004,
          "stop" : 1617669985443,
          "duration" : 439
        },
        "status" : "passed",
        "steps" : [ ],
        "attachments" : [ ],
        "parameters" : [ ],
        "stepsCount" : 0,
        "hasContent" : false,
        "attachmentsCount" : 0,
        "shouldDisplayMessage" : false
      }, {
        "name" : "Click on cancel changes button",
        "time" : {
          "start" : 1617669985443,
          "stop" : 1617669989485,
          "duration" : 4042
        },
        "status" : "passed",
        "steps" : [ ],
        "attachments" : [ ],
        "parameters" : [ ],
        "stepsCount" : 0,
        "hasContent" : false,
        "attachmentsCount" : 0,
        "shouldDisplayMessage" : false
      }, {
        "name" : "Access URL OpenQA.Selenium.Firefox.FirefoxDriver",
        "time" : {
          "start" : 1617669989485,
          "stop" : 1617669990140,
          "duration" : 655
        },
        "status" : "passed",
        "steps" : [ ],
        "attachments" : [ ],
        "parameters" : [ ],
        "stepsCount" : 0,
        "hasContent" : false,
        "attachmentsCount" : 0,
        "shouldDisplayMessage" : false
      }, {
        "name" : "Check row 2 - ACTION-ADMIN - Admin Groups - Details:3 on account activity grid",
        "time" : {
          "start" : 1617669990140,
          "stop" : 1617670000167,
          "duration" : 10027
        },
        "status" : "passed",
        "steps" : [ ],
        "attachments" : [ ],
        "parameters" : [ ],
        "stepsCount" : 0,
        "hasContent" : false,
        "attachmentsCount" : 0,
        "shouldDisplayMessage" : false
      }, {
        "name" : "Check row 3 - ACTION-ADMIN - Edit Groups - Form Submit:3 on account activity grid",
        "time" : {
          "start" : 1617670000167,
          "stop" : 1617670010194,
          "duration" : 10027
        },
        "status" : "failed",
        "statusMessage" : "(TEST FAILED) Expected: Activity -> 'ACTION-ADMIN', Detail -> 'Edit Groups - Form Submit:3'\nBut was: Activity -> 'ACTION-ADMIN', Detail -> 'Admin Groups - Edit:3 - Submit'",
        "statusTrace" : "   at BOEM_Tests.PageObjects.SettingsPage.__a$_around_CheckRowAccountActivity_100665995_o(Int32 row, String activity, String detail) in C:\\Users\\QAOperator\\Documents\\GitHub\\BOEM_Tests\\BOEM\\BOEM_Tests\\PageObjects\\Settings\\SettingsPage.cs:line 432\r\n   at BOEM_Tests.PageObjects.SettingsPage.__a$_around_CheckRowAccountActivity_100665995_u(Object[] )\r\n   at NUnit.Allure.Steps.AllureStepAspect.WrapStep(String name, MethodBase methodBase, Object[] arguments, Func`2 method)",
        "steps" : [ ],
        "attachments" : [ ],
        "parameters" : [ ],
        "stepsCount" : 0,
        "hasContent" : true,
        "attachmentsCount" : 0,
        "shouldDisplayMessage" : true
      }, {
        "name" : "Taking Screenshot",
        "time" : {
          "start" : 1617670010194,
          "stop" : 1617670010279,
          "duration" : 85
        },
        "status" : "passed",
        "steps" : [ ],
        "attachments" : [ {
          "uid" : "aa6642d414006693",
          "name" : "Attachment Title",
          "source" : "aa6642d414006693.png",
          "type" : "image/png",
          "size" : 72054
        } ],
        "parameters" : [ ],
        "stepsCount" : 0,
        "hasContent" : true,
        "attachmentsCount" : 1,
        "shouldDisplayMessage" : false
      } ],
      "attachments" : [ {
        "uid" : "dc6fa66899c1f793",
        "name" : "Console Output",
        "source" : "dc6fa66899c1f793.txt",
        "type" : "text/plain",
        "size" : 0
      } ],
      "parameters" : [ ],
      "stepsCount" : 12,
      "hasContent" : true,
      "attachmentsCount" : 2,
      "shouldDisplayMessage" : true
    } ],
    "attachments" : [ ],
    "parameters" : [ ],
    "stepsCount" : 13,
    "hasContent" : true,
    "attachmentsCount" : 2,
    "shouldDisplayMessage" : false
  },
  "afterStages" : [ {
    "name" : "TearDown_Test",
    "time" : {
      "start" : 1617670011071,
      "stop" : 1617670011071,
      "duration" : 0
    },
    "status" : "passed",
    "steps" : [ ],
    "attachments" : [ ],
    "parameters" : [ ],
    "stepsCount" : 0,
    "hasContent" : false,
    "attachmentsCount" : 0,
    "shouldDisplayMessage" : false
  } ],
  "labels" : [ {
    "name" : "thread",
    "value" : "NonParallelWorker"
  }, {
    "name" : "host",
    "value" : "QAB01"
  }, {
    "name" : "testClass",
    "value" : "BOEM_Tests.Tests.AccountActivity"
  }, {
    "name" : "testMethod",
    "value" : "AccessFeatureEditGroupCancelLogsActivity"
  }, {
    "name" : "package",
    "value" : "BOEM_Tests.Tests.AccountActivity"
  }, {
    "name" : "tag",
    "value" : "ACCOUNTACTIVITY.12"
  }, {
    "name" : "suite",
    "value" : "AccountActivity"
  }, {
    "name" : "severity",
    "value" : "normal"
  }, {
    "name" : "resultFormat",
    "value" : "allure2"
  } ],
  "parameters" : [ ],
  "links" : [ ],
  "hidden" : false,
  "retry" : false,
  "extra" : {
    "severity" : "normal",
    "retries" : [ ],
    "categories" : [ {
      "name" : "Product defects",
      "matchedStatuses" : [ ],
      "flaky" : false
    } ],
    "history" : {
      "statistic" : {
        "failed" : 9,
        "broken" : 0,
        "skipped" : 0,
        "passed" : 10,
        "unknown" : 0,
        "total" : 19
      },
      "items" : [ {
        "uid" : "af14e9e794798591",
        "status" : "failed",
        "statusDetails" : "System.Exception : (TEST FAILED) Expected: Activity -> 'ACTION-ADMIN', Detail -> 'Edit Groups - Form Submit:3'\nBut was: Activity -> 'ACTION-ADMIN', Detail -> 'Admin Groups - Edit:3 - Submit'",
        "time" : {
          "start" : 1617324148414,
          "stop" : 1617324227341,
          "duration" : 78927
        }
      }, {
        "uid" : "421200e07dc28b0",
        "status" : "failed",
        "statusDetails" : "System.Exception : (TEST FAILED) Expected: Activity -> 'ACTION-ADMIN', Detail -> 'View Groups - Details:3'\nBut was: Activity -> 'ACTION', Detail -> 'User Account Activity - Index'",
        "time" : {
          "start" : 1617147529034,
          "stop" : 1617147597836,
          "duration" : 68802
        }
      }, {
        "uid" : "b9994684c65b101",
        "status" : "failed",
        "statusDetails" : "System.Exception : Expected: Activity -> 'ACTION-ADMIN', Detail -> 'View Groups - Details:3'\nBut was: Activity -> 'ACTION', Detail -> 'User Account Activity - Index'",
        "time" : {
          "start" : 1617063181909,
          "stop" : 1617063236861,
          "duration" : 54952
        }
      }, {
        "uid" : "50d841f2346b4b43",
        "status" : "failed",
        "statusDetails" : "System.Exception : Expected: Activity -> 'ACTION-ADMIN', Detail -> 'View Groups - Details:3'\nBut was: Activity -> 'ACTION', Detail -> 'User Account Activity - Index'",
        "time" : {
          "start" : 1616815863032,
          "stop" : 1616815902350,
          "duration" : 39318
        }
      }, {
        "uid" : "29f07e41a9517875",
        "status" : "failed",
        "statusDetails" : "System.Exception : Expected: Activity -> 'ACTION-ADMIN', Detail -> 'View Groups - Details:3'\nBut was: Activity -> 'ACTION', Detail -> 'User Account Activity - Index'",
        "time" : {
          "start" : 1616717104216,
          "stop" : 1616717172539,
          "duration" : 68323
        }
      }, {
        "uid" : "d5b6a6dd2f6cb5e7",
        "status" : "passed",
        "time" : {
          "start" : 1616453078408,
          "stop" : 1616453141471,
          "duration" : 63063
        }
      }, {
        "uid" : "d787da13392db4f0",
        "status" : "passed",
        "time" : {
          "start" : 1616207694583,
          "stop" : 1616207757510,
          "duration" : 62927
        }
      }, {
        "uid" : "5f042b281a6d0179",
        "status" : "passed",
        "time" : {
          "start" : 1616115045240,
          "stop" : 1616115101611,
          "duration" : 56371
        }
      }, {
        "uid" : "710ae1b9325f415d",
        "status" : "passed",
        "time" : {
          "start" : 1616023706499,
          "stop" : 1616023784312,
          "duration" : 77813
        }
      }, {
        "uid" : "c162ee7c7c922e91",
        "status" : "passed",
        "time" : {
          "start" : 1615944128654,
          "stop" : 1615944192653,
          "duration" : 63999
        }
      }, {
        "uid" : "c43932a434e579da",
        "status" : "passed",
        "time" : {
          "start" : 1615852815643,
          "stop" : 1615852877471,
          "duration" : 61828
        }
      }, {
        "uid" : "e57c11bcf618f974",
        "status" : "passed",
        "time" : {
          "start" : 1615650320548,
          "stop" : 1615650383498,
          "duration" : 62950
        }
      }, {
        "uid" : "86a3723c5246b2fd",
        "status" : "passed",
        "time" : {
          "start" : 1615423984613,
          "stop" : 1615424130072,
          "duration" : 145459
        }
      }, {
        "uid" : "6a63c82c27fb7569",
        "status" : "passed",
        "time" : {
          "start" : 1615434176618,
          "stop" : 1615434238619,
          "duration" : 62001
        }
      }, {
        "uid" : "e662ca646f3d38bd",
        "status" : "passed",
        "time" : {
          "start" : 1615423984613,
          "stop" : 1615424130072,
          "duration" : 145459
        }
      }, {
        "uid" : "4b1058c528db045f",
        "status" : "failed",
        "statusDetails" : "OpenQA.Selenium.NoSuchElementException : Unable to locate element: //div[@id='page-wrapper']/div[1]/div/ul/li[2]/a/span",
        "time" : {
          "start" : 1615214935411,
          "stop" : 1615214946138,
          "duration" : 10727
        }
      }, {
        "uid" : "4cf6a632da9a5c",
        "status" : "failed",
        "statusDetails" : "  Expected: True\r\n  But was:  False\r\n",
        "time" : {
          "start" : 1614797872875,
          "stop" : 1614797900896,
          "duration" : 28021
        }
      }, {
        "uid" : "eb38c0695d7ec16a",
        "status" : "failed",
        "statusDetails" : "  Expected: True\r\n  But was:  False\r\n",
        "time" : {
          "start" : 1613607554740,
          "stop" : 1613607615322,
          "duration" : 60582
        }
      } ]
    },
    "tags" : [ "ACCOUNTACTIVITY.12" ]
  },
  "source" : "f7018aa876a5d12e.json",
  "parameterValues" : [ ]
}