{
  "uid" : "fa4b5c19ce01b0c",
  "name" : "GlycolEmissionsImport",
  "fullName" : "BOEM_Tests.Tests.LockedInventory.GlycolEmissionsImport",
  "historyId" : "BOEM_Tests.Tests.LockedInventory.GlycolEmissionsImport",
  "time" : {
    "start" : 1617946998582,
    "stop" : 1617947025667,
    "duration" : 27085
  },
  "description" : "Ensure Inventory is Locked. Verify if Glycol Emissions Import page can not be accessed.\n",
  "descriptionHtml" : "<p>Ensure Inventory is Locked. Verify if Glycol Emissions Import page can not be accessed.</p>\n",
  "status" : "failed",
  "statusMessage" : "OpenQA.Selenium.NoSuchElementException : Unable to locate element: //div[@id='page-wrapper']/div[1]/div/ul/li[2]/a/span",
  "statusTrace" : "   at BOEM_Tests.Tests.LockedInventory.GlycolEmissionsImport() in C:\\Users\\QAOperator\\Documents\\GitHub\\BOEM_Tests\\BOEM\\BOEM_Tests\\Tests\\LockedInventory.cs:line 91",
  "flaky" : false,
  "newFailed" : false,
  "beforeStages" : [ {
    "name" : "PrepareResultsDir",
    "time" : {
      "start" : 1617947025667,
      "stop" : 1617947025667,
      "duration" : 0
    },
    "status" : "passed",
    "steps" : [ ],
    "attachments" : [ ],
    "parameters" : [ ],
    "hasContent" : false,
    "stepsCount" : 0,
    "shouldDisplayMessage" : false,
    "attachmentsCount" : 0
  }, {
    "name" : "Setup_Test",
    "time" : {
      "start" : 1617947025667,
      "stop" : 1617947025667,
      "duration" : 0
    },
    "status" : "passed",
    "steps" : [ ],
    "attachments" : [ ],
    "parameters" : [ ],
    "hasContent" : false,
    "stepsCount" : 0,
    "shouldDisplayMessage" : false,
    "attachmentsCount" : 0
  } ],
  "testStage" : {
    "description" : "Ensure Inventory is Locked. Verify if Glycol Emissions Import page can not be accessed.\n",
    "status" : "failed",
    "statusMessage" : "OpenQA.Selenium.NoSuchElementException : Unable to locate element: //div[@id='page-wrapper']/div[1]/div/ul/li[2]/a/span",
    "statusTrace" : "   at BOEM_Tests.Tests.LockedInventory.GlycolEmissionsImport() in C:\\Users\\QAOperator\\Documents\\GitHub\\BOEM_Tests\\BOEM\\BOEM_Tests\\Tests\\LockedInventory.cs:line 91",
    "steps" : [ {
      "name" : "GlycolEmissionsImport",
      "time" : {
        "start" : 1617946998582,
        "stop" : 1617947025667,
        "duration" : 27085
      },
      "status" : "failed",
      "statusMessage" : "OpenQA.Selenium.NoSuchElementException : Unable to locate element: //div[@id='page-wrapper']/div[1]/div/ul/li[2]/a/span",
      "statusTrace" : "   at BOEM_Tests.Tests.LockedInventory.GlycolEmissionsImport() in C:\\Users\\QAOperator\\Documents\\GitHub\\BOEM_Tests\\BOEM\\BOEM_Tests\\Tests\\LockedInventory.cs:line 91",
      "steps" : [ {
        "name" : "Log in using QA user",
        "time" : {
          "start" : 1617947002800,
          "stop" : 1617947021829,
          "duration" : 19029
        },
        "status" : "passed",
        "steps" : [ {
          "name" : "Open login page",
          "time" : {
            "start" : 1617947002800,
            "stop" : 1617947003490,
            "duration" : 690
          },
          "status" : "passed",
          "steps" : [ ],
          "attachments" : [ ],
          "parameters" : [ ],
          "hasContent" : false,
          "stepsCount" : 0,
          "shouldDisplayMessage" : false,
          "attachmentsCount" : 0
        }, {
          "name" : "Set username to qa_boem@weblakes.com",
          "time" : {
            "start" : 1617947003490,
            "stop" : 1617947003537,
            "duration" : 47
          },
          "status" : "passed",
          "steps" : [ ],
          "attachments" : [ ],
          "parameters" : [ ],
          "hasContent" : false,
          "stepsCount" : 0,
          "shouldDisplayMessage" : false,
          "attachmentsCount" : 0
        }, {
          "name" : "Set password to e45eT%0n^SpXdsb2",
          "time" : {
            "start" : 1617947003537,
            "stop" : 1617947003578,
            "duration" : 41
          },
          "status" : "passed",
          "steps" : [ ],
          "attachments" : [ ],
          "parameters" : [ ],
          "hasContent" : false,
          "stepsCount" : 0,
          "shouldDisplayMessage" : false,
          "attachmentsCount" : 0
        }, {
          "name" : "Click on login button",
          "time" : {
            "start" : 1617947003578,
            "stop" : 1617947011825,
            "duration" : 8247
          },
          "status" : "passed",
          "steps" : [ ],
          "attachments" : [ ],
          "parameters" : [ ],
          "hasContent" : false,
          "stepsCount" : 0,
          "shouldDisplayMessage" : false,
          "attachmentsCount" : 0
        } ],
        "attachments" : [ ],
        "parameters" : [ ],
        "hasContent" : true,
        "stepsCount" : 4,
        "shouldDisplayMessage" : false,
        "attachmentsCount" : 0
      }, {
        "name" : "Check inventory 2014 - 2014 Complete Inventory",
        "time" : {
          "start" : 1617947021829,
          "stop" : 1617947024836,
          "duration" : 3007
        },
        "status" : "failed",
        "statusMessage" : "Unable to locate element: //div[@id='page-wrapper']/div[1]/div/ul/li[2]/a/span",
        "statusTrace" : "   at OpenQA.Selenium.Remote.RemoteWebDriver.UnpackAndThrowOnError(Response errorResponse)\r\n   at OpenQA.Selenium.Remote.RemoteWebDriver.Execute(String driverCommandToExecute, Dictionary`2 parameters)\r\n   at OpenQA.Selenium.Remote.RemoteWebDriver.FindElement(String mechanism, String value)\r\n   at OpenQA.Selenium.Remote.RemoteWebDriver.FindElementByXPath(String xpath)\r\n   at OpenQA.Selenium.By.<>c__DisplayClass19_0.<XPath>b__0(ISearchContext context)\r\n   at OpenQA.Selenium.By.FindElement(ISearchContext context)\r\n   at OpenQA.Selenium.Remote.RemoteWebDriver.FindElement(By by)\r\n   at BOEM_Tests.PageObjects.Toolbar.__a$_around_CheckInventory_100666022_o(String inventory) in C:\\Users\\QAOperator\\Documents\\GitHub\\BOEM_Tests\\BOEM\\BOEM_Tests\\PageObjects\\Toolbar\\Toolbar.cs:line 120\r\n   at BOEM_Tests.PageObjects.Toolbar.__a$_around_CheckInventory_100666022_u(Object[] )\r\n   at NUnit.Allure.Steps.AllureStepAspect.WrapStep(String name, MethodBase methodBase, Object[] arguments, Func`2 method)",
        "steps" : [ ],
        "attachments" : [ ],
        "parameters" : [ ],
        "hasContent" : true,
        "stepsCount" : 0,
        "shouldDisplayMessage" : true,
        "attachmentsCount" : 0
      }, {
        "name" : "Taking Screenshot",
        "time" : {
          "start" : 1617947024836,
          "stop" : 1617947024915,
          "duration" : 79
        },
        "status" : "passed",
        "steps" : [ ],
        "attachments" : [ {
          "uid" : "164eb86d31aaabdc",
          "name" : "Attachment Title",
          "source" : "164eb86d31aaabdc.png",
          "type" : "image/png",
          "size" : 89128
        } ],
        "parameters" : [ ],
        "hasContent" : true,
        "stepsCount" : 0,
        "shouldDisplayMessage" : false,
        "attachmentsCount" : 1
      } ],
      "attachments" : [ {
        "uid" : "64a95a7f40338a9b",
        "name" : "Console Output",
        "source" : "64a95a7f40338a9b.txt",
        "type" : "text/plain",
        "size" : 0
      } ],
      "parameters" : [ ],
      "hasContent" : true,
      "stepsCount" : 7,
      "shouldDisplayMessage" : true,
      "attachmentsCount" : 2
    } ],
    "attachments" : [ ],
    "parameters" : [ ],
    "hasContent" : true,
    "stepsCount" : 8,
    "shouldDisplayMessage" : false,
    "attachmentsCount" : 2
  },
  "afterStages" : [ {
    "name" : "TearDown_Test",
    "time" : {
      "start" : 1617947025667,
      "stop" : 1617947025667,
      "duration" : 0
    },
    "status" : "passed",
    "steps" : [ ],
    "attachments" : [ ],
    "parameters" : [ ],
    "hasContent" : false,
    "stepsCount" : 0,
    "shouldDisplayMessage" : false,
    "attachmentsCount" : 0
  } ],
  "labels" : [ {
    "name" : "thread",
    "value" : "NonParallelWorker"
  }, {
    "name" : "host",
    "value" : "QAB01"
  }, {
    "name" : "testClass",
    "value" : "BOEM_Tests.Tests.LockedInventory"
  }, {
    "name" : "testMethod",
    "value" : "GlycolEmissionsImport"
  }, {
    "name" : "package",
    "value" : "BOEM_Tests.Tests.LockedInventory"
  }, {
    "name" : "tag",
    "value" : "LOCKEDINVENTORY.1"
  }, {
    "name" : "suite",
    "value" : "LockedInventory"
  }, {
    "name" : "severity",
    "value" : "normal"
  }, {
    "name" : "resultFormat",
    "value" : "allure2"
  } ],
  "parameters" : [ ],
  "links" : [ ],
  "hidden" : false,
  "retry" : false,
  "extra" : {
    "severity" : "normal",
    "retries" : [ ],
    "categories" : [ {
      "name" : "Product defects",
      "matchedStatuses" : [ ],
      "flaky" : false
    } ],
    "history" : {
      "statistic" : {
        "failed" : 24,
        "broken" : 0,
        "skipped" : 0,
        "passed" : 3,
        "unknown" : 0,
        "total" : 27
      },
      "items" : [ {
        "uid" : "3f61eda0edd7c729",
        "status" : "failed",
        "statusDetails" : "System.Exception : (TEST FAILED) A 'Danger Alert' was NOT displayed! Please, check this test's screenshot.",
        "time" : {
          "start" : 1617863546790,
          "stop" : 1617863658268,
          "duration" : 111478
        }
      }, {
        "uid" : "f4f2ae80bbe8d171",
        "status" : "failed",
        "statusDetails" : "System.Exception : (TEST FAILED) A 'Danger Alert' was NOT displayed! Please, check this test's screenshot.",
        "time" : {
          "start" : 1617770501046,
          "stop" : 1617770612025,
          "duration" : 110979
        }
      }, {
        "uid" : "6bab93599ac91863",
        "status" : "failed",
        "statusDetails" : "System.Exception : (TEST FAILED) A 'Danger Alert' was NOT displayed! Please, check this test's screenshot.",
        "time" : {
          "start" : 1617699198910,
          "stop" : 1617699323268,
          "duration" : 124358
        }
      }, {
        "uid" : "6fca23c0cecdc7e4",
        "status" : "failed",
        "statusDetails" : "System.Exception : (TEST FAILED) A 'Danger Alert' was NOT displayed! Please, check this test's screenshot.",
        "time" : {
          "start" : 1617352947678,
          "stop" : 1617353059231,
          "duration" : 111553
        }
      }, {
        "uid" : "de72b31ca44751ff",
        "status" : "failed",
        "statusDetails" : "System.Exception : (TEST FAILED) A 'Danger Alert' was NOT displayed! Please, check this test's screenshot.",
        "time" : {
          "start" : 1617176430561,
          "stop" : 1617176556296,
          "duration" : 125735
        }
      }, {
        "uid" : "bdefb15bf3aa858d",
        "status" : "failed",
        "statusDetails" : "System.Exception : (TEST FAILED) A 'Danger Alert' was NOT displayed! Please, check this test's screenshot.",
        "time" : {
          "start" : 1617091326305,
          "stop" : 1617091450558,
          "duration" : 124253
        }
      }, {
        "uid" : "dd2c9d54eb709ad0",
        "status" : "failed",
        "statusDetails" : "System.Exception : (TEST FAILED) A 'Danger Alert' was NOT displayed! Please, check this test's screenshot.",
        "time" : {
          "start" : 1616844702757,
          "stop" : 1616844823972,
          "duration" : 121215
        }
      }, {
        "uid" : "8028d4f6226fb22f",
        "status" : "failed",
        "statusDetails" : "System.Exception : (TEST FAILED) A 'Danger Alert' was NOT displayed! Please, check this test's screenshot.",
        "time" : {
          "start" : 1616745859668,
          "stop" : 1616745978990,
          "duration" : 119322
        }
      }, {
        "uid" : "3590c629290effd2",
        "status" : "failed",
        "statusDetails" : "  Expected: True\r\n  But was:  False\r\n",
        "time" : {
          "start" : 1616482336400,
          "stop" : 1616482454739,
          "duration" : 118339
        }
      }, {
        "uid" : "4528b98b6e219f93",
        "status" : "failed",
        "statusDetails" : "OpenQA.Selenium.NoSuchElementException : Could not find element by: By.XPath: //*[@id='page-wrapper']/div[3]/div[1]/div[5]/div/a/div/div[2]/h2/strong",
        "time" : {
          "start" : 1616236534313,
          "stop" : 1616236638320,
          "duration" : 104007
        }
      }, {
        "uid" : "77470abe4d62d8a9",
        "status" : "failed",
        "statusDetails" : "  Expected: True\r\n  But was:  False\r\n",
        "time" : {
          "start" : 1616144082144,
          "stop" : 1616144206171,
          "duration" : 124027
        }
      }, {
        "uid" : "28fea635ce999663",
        "status" : "failed",
        "statusDetails" : "  Expected: True\r\n  But was:  False\r\n",
        "time" : {
          "start" : 1616052505032,
          "stop" : 1616052628003,
          "duration" : 122971
        }
      }, {
        "uid" : "66922c7b53fac477",
        "status" : "failed",
        "statusDetails" : "  Expected: True\r\n  But was:  False\r\n",
        "time" : {
          "start" : 1615973477078,
          "stop" : 1615973601429,
          "duration" : 124351
        }
      }, {
        "uid" : "2484291e8a965581",
        "status" : "failed",
        "statusDetails" : "  Expected: True\r\n  But was:  False\r\n",
        "time" : {
          "start" : 1615881342350,
          "stop" : 1615881465174,
          "duration" : 122824
        }
      }, {
        "uid" : "684a66e6a23aba08",
        "status" : "failed",
        "statusDetails" : "  Expected: True\r\n  But was:  False\r\n",
        "time" : {
          "start" : 1615678504334,
          "stop" : 1615678627254,
          "duration" : 122920
        }
      }, {
        "uid" : "571ded6065ef215a",
        "status" : "failed",
        "statusDetails" : "  Expected: True\r\n  But was:  False\r\n",
        "time" : {
          "start" : 1615383670722,
          "stop" : 1615383751857,
          "duration" : 81135
        }
      }, {
        "uid" : "5be9e7dbeaf20aae",
        "status" : "failed",
        "statusDetails" : "  Expected: True\r\n  But was:  False\r\n",
        "time" : {
          "start" : 1615463273199,
          "stop" : 1615463395876,
          "duration" : 122677
        }
      }, {
        "uid" : "ed1fc47a4df3ee69",
        "status" : "failed",
        "statusDetails" : "  Expected: True\r\n  But was:  False\r\n",
        "time" : {
          "start" : 1615383670722,
          "stop" : 1615383751857,
          "duration" : 81135
        }
      }, {
        "uid" : "2c8d016797cd3677",
        "status" : "failed",
        "statusDetails" : "OpenQA.Selenium.NoSuchElementException : Unable to locate element: //div[@id='page-wrapper']/div[1]/div/ul/li[2]/a/span",
        "time" : {
          "start" : 1615233703536,
          "stop" : 1615233734537,
          "duration" : 31001
        }
      }, {
        "uid" : "457e7b138fd434da",
        "status" : "failed",
        "statusDetails" : "OpenQA.Selenium.StaleElementReferenceException : The element reference of <td> is stale; either the element is no longer attached to the DOM, it is not in the current frame context, or the document has been refreshed",
        "time" : {
          "start" : 1614814386558,
          "stop" : 1614814442000,
          "duration" : 55442
        }
      } ]
    },
    "tags" : [ "LOCKEDINVENTORY.1" ]
  },
  "source" : "fa4b5c19ce01b0c.json",
  "parameterValues" : [ ]
}