{
  "uid" : "10f0065b098116ab",
  "name" : "VerifyNoDataFound",
  "fullName" : "BOEM_Tests.Tests.ChangeHistory.VerifyNoDataFound",
  "historyId" : "BOEM_Tests.Tests.ChangeHistory.VerifyNoDataFound",
  "time" : {
    "start" : 1617647515397,
    "stop" : 1617647669874,
    "duration" : 154477
  },
  "description" : "Select '2000 - 2000 Complete Inventory', 'Last Month' and Verify if table does not say 'no data found'\n",
  "descriptionHtml" : "<p>Select '2000 - 2000 Complete Inventory', 'Last Month' and Verify if table does not say 'no data found'</p>\n",
  "status" : "failed",
  "statusMessage" : "OpenQA.Selenium.WebDriverTimeoutException : (TEST FAILED) Page took too long to load. Please, check the failed step and test's screenshot",
  "statusTrace" : "   at BOEM_Tests.Tests.ChangeHistory.VerifyNoDataFound() in C:\\Users\\galen\\OneDrive\\Documentos\\GitHub\\Lakes\\BOEM_Tests\\BOEM\\BOEM_Tests\\Tests\\ChangeHistory.cs:line 131",
  "flaky" : true,
  "newFailed" : false,
  "beforeStages" : [ {
    "name" : "PrepareResultsDir",
    "time" : {
      "start" : 1617647669873,
      "stop" : 1617647669873,
      "duration" : 0
    },
    "status" : "passed",
    "steps" : [ ],
    "attachments" : [ ],
    "parameters" : [ ],
    "attachmentsCount" : 0,
    "shouldDisplayMessage" : false,
    "stepsCount" : 0,
    "hasContent" : false
  }, {
    "name" : "Setup_Test",
    "time" : {
      "start" : 1617647669873,
      "stop" : 1617647669873,
      "duration" : 0
    },
    "status" : "passed",
    "steps" : [ ],
    "attachments" : [ ],
    "parameters" : [ ],
    "attachmentsCount" : 0,
    "shouldDisplayMessage" : false,
    "stepsCount" : 0,
    "hasContent" : false
  } ],
  "testStage" : {
    "description" : "Select '2000 - 2000 Complete Inventory', 'Last Month' and Verify if table does not say 'no data found'\n",
    "status" : "failed",
    "statusMessage" : "OpenQA.Selenium.WebDriverTimeoutException : (TEST FAILED) Page took too long to load. Please, check the failed step and test's screenshot",
    "statusTrace" : "   at BOEM_Tests.Tests.ChangeHistory.VerifyNoDataFound() in C:\\Users\\galen\\OneDrive\\Documentos\\GitHub\\Lakes\\BOEM_Tests\\BOEM\\BOEM_Tests\\Tests\\ChangeHistory.cs:line 131",
    "steps" : [ {
      "name" : "VerifyNoDataFound",
      "time" : {
        "start" : 1617647515397,
        "stop" : 1617647669874,
        "duration" : 154477
      },
      "status" : "failed",
      "statusMessage" : "OpenQA.Selenium.WebDriverTimeoutException : (TEST FAILED) Page took too long to load. Please, check the failed step and test's screenshot",
      "statusTrace" : "   at BOEM_Tests.Tests.ChangeHistory.VerifyNoDataFound() in C:\\Users\\galen\\OneDrive\\Documentos\\GitHub\\Lakes\\BOEM_Tests\\BOEM\\BOEM_Tests\\Tests\\ChangeHistory.cs:line 131",
      "steps" : [ {
        "name" : "Log in using QA user",
        "time" : {
          "start" : 1617647517448,
          "stop" : 1617647554348,
          "duration" : 36900
        },
        "status" : "passed",
        "steps" : [ {
          "name" : "Open login page",
          "time" : {
            "start" : 1617647517448,
            "stop" : 1617647535894,
            "duration" : 18446
          },
          "status" : "passed",
          "steps" : [ ],
          "attachments" : [ ],
          "parameters" : [ ],
          "attachmentsCount" : 0,
          "shouldDisplayMessage" : false,
          "stepsCount" : 0,
          "hasContent" : false
        }, {
          "name" : "Set username to qa_boem@weblakes.com",
          "time" : {
            "start" : 1617647535894,
            "stop" : 1617647536037,
            "duration" : 143
          },
          "status" : "passed",
          "steps" : [ ],
          "attachments" : [ ],
          "parameters" : [ ],
          "attachmentsCount" : 0,
          "shouldDisplayMessage" : false,
          "stepsCount" : 0,
          "hasContent" : false
        }, {
          "name" : "Set password to e45eT%0n^SpXdsb2",
          "time" : {
            "start" : 1617647536037,
            "stop" : 1617647536202,
            "duration" : 165
          },
          "status" : "passed",
          "steps" : [ ],
          "attachments" : [ ],
          "parameters" : [ ],
          "attachmentsCount" : 0,
          "shouldDisplayMessage" : false,
          "stepsCount" : 0,
          "hasContent" : false
        }, {
          "name" : "Click on login button",
          "time" : {
            "start" : 1617647536202,
            "stop" : 1617647544333,
            "duration" : 8131
          },
          "status" : "passed",
          "steps" : [ ],
          "attachments" : [ ],
          "parameters" : [ ],
          "attachmentsCount" : 0,
          "shouldDisplayMessage" : false,
          "stepsCount" : 0,
          "hasContent" : false
        } ],
        "attachments" : [ ],
        "parameters" : [ ],
        "attachmentsCount" : 0,
        "shouldDisplayMessage" : false,
        "stepsCount" : 4,
        "hasContent" : true
      }, {
        "name" : "Check inventory 2017 - 2017 Complete Inventory",
        "time" : {
          "start" : 1617647554348,
          "stop" : 1617647557449,
          "duration" : 3101
        },
        "status" : "passed",
        "steps" : [ ],
        "attachments" : [ ],
        "parameters" : [ ],
        "attachmentsCount" : 0,
        "shouldDisplayMessage" : false,
        "stepsCount" : 0,
        "hasContent" : false
      }, {
        "name" : "Click on settings on top menu",
        "time" : {
          "start" : 1617647557449,
          "stop" : 1617647561459,
          "duration" : 4010
        },
        "status" : "passed",
        "steps" : [ ],
        "attachments" : [ ],
        "parameters" : [ ],
        "attachmentsCount" : 0,
        "shouldDisplayMessage" : false,
        "stepsCount" : 0,
        "hasContent" : false
      }, {
        "name" : "Click on auditing menu",
        "time" : {
          "start" : 1617647561459,
          "stop" : 1617647565280,
          "duration" : 3821
        },
        "status" : "passed",
        "steps" : [ ],
        "attachments" : [ ],
        "parameters" : [ ],
        "attachmentsCount" : 0,
        "shouldDisplayMessage" : false,
        "stepsCount" : 0,
        "hasContent" : false
      }, {
        "name" : "Click on change history",
        "time" : {
          "start" : 1617647565280,
          "stop" : 1617647569822,
          "duration" : 4542
        },
        "status" : "passed",
        "steps" : [ ],
        "attachments" : [ ],
        "parameters" : [ ],
        "attachmentsCount" : 0,
        "shouldDisplayMessage" : false,
        "stepsCount" : 0,
        "hasContent" : false
      }, {
        "name" : "Select inventory 2000 - 2000 Complete Inventory",
        "time" : {
          "start" : 1617647569822,
          "stop" : 1617647605806,
          "duration" : 35984
        },
        "status" : "passed",
        "steps" : [ {
          "name" : "Select inventory 2000 - 2000 Complete Inventory",
          "time" : {
            "start" : 1617647583050,
            "stop" : 1617647602722,
            "duration" : 19672
          },
          "status" : "passed",
          "steps" : [ ],
          "attachments" : [ ],
          "parameters" : [ ],
          "attachmentsCount" : 0,
          "shouldDisplayMessage" : false,
          "stepsCount" : 0,
          "hasContent" : false
        }, {
          "name" : "Click on select entry button",
          "time" : {
            "start" : 1617647602722,
            "stop" : 1617647605803,
            "duration" : 3081
          },
          "status" : "passed",
          "steps" : [ ],
          "attachments" : [ ],
          "parameters" : [ ],
          "attachmentsCount" : 0,
          "shouldDisplayMessage" : false,
          "stepsCount" : 0,
          "hasContent" : false
        } ],
        "attachments" : [ ],
        "parameters" : [ ],
        "attachmentsCount" : 0,
        "shouldDisplayMessage" : false,
        "stepsCount" : 2,
        "hasContent" : true
      }, {
        "name" : "Click on update button",
        "time" : {
          "start" : 1617647605806,
          "stop" : 1617647612754,
          "duration" : 6948
        },
        "status" : "passed",
        "steps" : [ ],
        "attachments" : [ ],
        "parameters" : [ ],
        "attachmentsCount" : 0,
        "shouldDisplayMessage" : false,
        "stepsCount" : 0,
        "hasContent" : false
      }, {
        "name" : "Select date range",
        "time" : {
          "start" : 1617647612754,
          "stop" : 1617647616102,
          "duration" : 3348
        },
        "status" : "passed",
        "steps" : [ ],
        "attachments" : [ ],
        "parameters" : [ ],
        "attachmentsCount" : 0,
        "shouldDisplayMessage" : false,
        "stepsCount" : 0,
        "hasContent" : false
      }, {
        "name" : "Click on update button",
        "time" : {
          "start" : 1617647616102,
          "stop" : 1617647669168,
          "duration" : 53066
        },
        "status" : "failed",
        "statusMessage" : "timeout: Timed out receiving message from renderer: 50.000\n  (Session info: chrome=89.0.4389.114)",
        "statusTrace" : "   at OpenQA.Selenium.Remote.RemoteWebDriver.UnpackAndThrowOnError(Response errorResponse)\r\n   at OpenQA.Selenium.Remote.RemoteWebDriver.Execute(String driverCommandToExecute, Dictionary`2 parameters)\r\n   at OpenQA.Selenium.Remote.RemoteWebDriver.ExecuteScriptCommand(String script, String commandName, Object[] args)\r\n   at OpenQA.Selenium.Remote.RemoteWebDriver.ExecuteScript(String script, Object[] args)\r\n   at BOEM_Tests.PageObjects.SettingsPage.__a$_around_ClickOnUpdateBtn_100665978_o() in C:\\Users\\galen\\OneDrive\\Documentos\\GitHub\\Lakes\\BOEM_Tests\\BOEM\\BOEM_Tests\\PageObjects\\Settings\\SettingsPage.cs:line 170\r\n   at BOEM_Tests.PageObjects.SettingsPage.__a$_around_ClickOnUpdateBtn_100665978_u(Object[] )\r\n   at NUnit.Allure.Steps.AllureStepAspect.WrapStep(String name, MethodBase methodBase, Object[] arguments, Func`2 method)",
        "steps" : [ ],
        "attachments" : [ ],
        "parameters" : [ ],
        "attachmentsCount" : 0,
        "shouldDisplayMessage" : true,
        "stepsCount" : 0,
        "hasContent" : true
      }, {
        "name" : "Taking Screenshot",
        "time" : {
          "start" : 1617647669170,
          "stop" : 1617647669547,
          "duration" : 377
        },
        "status" : "passed",
        "steps" : [ ],
        "attachments" : [ {
          "uid" : "b358066e6c0ee4a4",
          "name" : "Attachment Title",
          "source" : "b358066e6c0ee4a4.png",
          "type" : "image/png",
          "size" : 51703
        } ],
        "parameters" : [ ],
        "attachmentsCount" : 1,
        "shouldDisplayMessage" : false,
        "stepsCount" : 0,
        "hasContent" : true
      } ],
      "attachments" : [ {
        "uid" : "1cca4185c5cdd7d9",
        "name" : "Console Output",
        "source" : "1cca4185c5cdd7d9.txt",
        "type" : "text/plain",
        "size" : 0
      } ],
      "parameters" : [ ],
      "attachmentsCount" : 2,
      "shouldDisplayMessage" : true,
      "stepsCount" : 16,
      "hasContent" : true
    } ],
    "attachments" : [ ],
    "parameters" : [ ],
    "attachmentsCount" : 2,
    "shouldDisplayMessage" : false,
    "stepsCount" : 17,
    "hasContent" : true
  },
  "afterStages" : [ {
    "name" : "TearDown_Test",
    "time" : {
      "start" : 1617647669873,
      "stop" : 1617647669873,
      "duration" : 0
    },
    "status" : "passed",
    "steps" : [ ],
    "attachments" : [ ],
    "parameters" : [ ],
    "attachmentsCount" : 0,
    "shouldDisplayMessage" : false,
    "stepsCount" : 0,
    "hasContent" : false
  } ],
  "labels" : [ {
    "name" : "thread",
    "value" : "NonParallelWorker"
  }, {
    "name" : "host",
    "value" : "SPEEDBYTES-HP"
  }, {
    "name" : "testClass",
    "value" : "BOEM_Tests.Tests.ChangeHistory"
  }, {
    "name" : "testMethod",
    "value" : "VerifyNoDataFound"
  }, {
    "name" : "package",
    "value" : "BOEM_Tests.Tests.ChangeHistory"
  }, {
    "name" : "tag",
    "value" : "CHANGEHISTORY.2"
  }, {
    "name" : "suite",
    "value" : "ChangeHistory"
  }, {
    "name" : "severity",
    "value" : "normal"
  }, {
    "name" : "resultFormat",
    "value" : "allure2"
  } ],
  "parameters" : [ ],
  "links" : [ ],
  "hidden" : false,
  "retry" : false,
  "extra" : {
    "severity" : "normal",
    "retries" : [ {
      "uid" : "fd39f956a615e66c",
      "status" : "failed",
      "statusDetails" : "OpenQA.Selenium.WebDriverTimeoutException : (TEST FAILED) Page took too long to load",
      "time" : {
        "start" : 1617643827310,
        "stop" : 1617643981487,
        "duration" : 154177
      }
    }, {
      "uid" : "91277def842e723a",
      "status" : "failed",
      "statusDetails" : "OpenQA.Selenium.NoSuchElementException : Could not find element by: By.Id: reportrange",
      "time" : {
        "start" : 1617175563719,
        "stop" : 1617175683575,
        "duration" : 119856
      }
    } ],
    "categories" : [ {
      "name" : "Product defects",
      "matchedStatuses" : [ ],
      "flaky" : false
    } ],
    "history" : {
      "statistic" : {
        "failed" : 10,
        "broken" : 0,
        "skipped" : 0,
        "passed" : 4,
        "unknown" : 0,
        "total" : 14
      },
      "items" : [ {
        "uid" : "9f365fa2f9d97380",
        "status" : "failed",
        "statusDetails" : "OpenQA.Selenium.NoSuchElementException : Could not find element by: By.Id: reportrange",
        "time" : {
          "start" : 1617067662428,
          "stop" : 1617067751629,
          "duration" : 89201
        }
      }, {
        "uid" : "12a6daaabe011d53",
        "status" : "failed",
        "statusDetails" : "OpenQA.Selenium.WebDriverTimeoutException : timeout: Timed out receiving message from renderer: 50.000\n  (Session info: chrome=89.0.4389.90)",
        "time" : {
          "start" : 1616611621493,
          "stop" : 1616611727727,
          "duration" : 106234
        }
      }, {
        "uid" : "a2b965a3503972f0",
        "status" : "failed",
        "statusDetails" : "OpenQA.Selenium.NoSuchElementException : Could not find element by: By.Id: reportrange",
        "time" : {
          "start" : 1616046549050,
          "stop" : 1616046643797,
          "duration" : 94747
        }
      }, {
        "uid" : "ed0c645ff3dfd973",
        "status" : "failed",
        "statusDetails" : "OpenQA.Selenium.NoSuchElementException : Could not find element by: By.Id: reportrange",
        "time" : {
          "start" : 1615423271446,
          "stop" : 1615423367440,
          "duration" : 95994
        }
      }, {
        "uid" : "380502bb03fde54f",
        "status" : "failed",
        "statusDetails" : "OpenQA.Selenium.NoSuchElementException : Could not find element by: By.Id: reportrange",
        "time" : {
          "start" : 1614734531948,
          "stop" : 1614734646464,
          "duration" : 114516
        }
      }, {
        "uid" : "f7d79f05bda8d315",
        "status" : "failed",
        "statusDetails" : "OpenQA.Selenium.NoSuchElementException : Could not find element by: By.Id: reportrange",
        "time" : {
          "start" : 1613613251497,
          "stop" : 1613613334713,
          "duration" : 83216
        }
      }, {
        "uid" : "2905dc353215f29b",
        "status" : "failed",
        "statusDetails" : "OpenQA.Selenium.WebDriverTimeoutException : timeout: Timed out receiving message from renderer: 50.000\n  (Session info: chrome=88.0.4324.104)",
        "time" : {
          "start" : 1611955203118,
          "stop" : 1611955284935,
          "duration" : 81817
        }
      }, {
        "uid" : "e65285f7e2bf9e55",
        "status" : "failed",
        "statusDetails" : "OpenQA.Selenium.WebDriverTimeoutException : timeout: Timed out receiving message from renderer: 50.000\n  (Session info: chrome=87.0.4280.88)",
        "time" : {
          "start" : 1609917449786,
          "stop" : 1609917530771,
          "duration" : 80985
        }
      }, {
        "uid" : "76c3abbe2de1ac50",
        "status" : "passed",
        "time" : {
          "start" : 1606843233934,
          "stop" : 1606843310148,
          "duration" : 76214
        }
      }, {
        "uid" : "b465fda1d83db998",
        "status" : "passed",
        "time" : {
          "start" : 1606232768852,
          "stop" : 1606232848685,
          "duration" : 79833
        }
      }, {
        "uid" : "47e0f974e0c4cf12",
        "status" : "failed",
        "statusDetails" : "OpenQA.Selenium.WebDriverTimeoutException : timeout: Timed out receiving message from renderer: 50.000\n  (Session info: chrome=86.0.4240.198)",
        "time" : {
          "start" : 1605884320436,
          "stop" : 1605884451951,
          "duration" : 131515
        }
      }, {
        "uid" : "c3702e1f48ac78c0",
        "status" : "passed",
        "time" : {
          "start" : 1604445320149,
          "stop" : 1604445396819,
          "duration" : 76670
        }
      }, {
        "uid" : "c3daac300ef355e9",
        "status" : "passed",
        "time" : {
          "start" : 1601907756942,
          "stop" : 1601907845849,
          "duration" : 88907
        }
      } ]
    },
    "tags" : [ "CHANGEHISTORY.2" ]
  },
  "source" : "10f0065b098116ab.json",
  "parameterValues" : [ ]
}