{
  "uid" : "150c4907afabe86e",
  "name" : "SelectShadowUser_NotAvailableStatus_Failed",
  "fullName" : "BOEM_Tests.Tests.AdminShadowUser.SelectShadowUser_NotAvailableStatus_Failed",
  "historyId" : "BOEM_Tests.Tests.AdminShadowUser.SelectShadowUser_NotAvailableStatus_Failed",
  "time" : {
    "start" : 1617847503252,
    "stop" : 1617847544124,
    "duration" : 40872
  },
  "description" : "Show User, Unable to Select Account with status <Not Available>\n",
  "descriptionHtml" : "<p>Show User, Unable to Select Account with status <Not Available></p>\n",
  "status" : "failed",
  "statusMessage" : "System.Exception : (TEST FAILED) The 'User row' element was not found in the Shadow user's table.",
  "statusTrace" : "   at BOEM_Tests.Tests.AdminShadowUser.SelectShadowUser_NotAvailableStatus_Failed() in C:\\Users\\galen\\OneDrive\\Documentos\\GitHub\\Lakes\\BOEM_Tests\\BOEM\\BOEM_Tests\\Tests\\AdminShadowUser.cs:line 73",
  "flaky" : false,
  "newFailed" : false,
  "beforeStages" : [ {
    "name" : "PrepareResultsDir",
    "time" : {
      "start" : 1617847544123,
      "stop" : 1617847544123,
      "duration" : 0
    },
    "status" : "passed",
    "steps" : [ ],
    "attachments" : [ ],
    "parameters" : [ ],
    "shouldDisplayMessage" : false,
    "attachmentsCount" : 0,
    "hasContent" : false,
    "stepsCount" : 0
  }, {
    "name" : "Setup",
    "time" : {
      "start" : 1617847544123,
      "stop" : 1617847544123,
      "duration" : 0
    },
    "status" : "passed",
    "steps" : [ ],
    "attachments" : [ ],
    "parameters" : [ ],
    "shouldDisplayMessage" : false,
    "attachmentsCount" : 0,
    "hasContent" : false,
    "stepsCount" : 0
  } ],
  "testStage" : {
    "description" : "Show User, Unable to Select Account with status <Not Available>\n",
    "status" : "failed",
    "statusMessage" : "System.Exception : (TEST FAILED) The 'User row' element was not found in the Shadow user's table.",
    "statusTrace" : "   at BOEM_Tests.Tests.AdminShadowUser.SelectShadowUser_NotAvailableStatus_Failed() in C:\\Users\\galen\\OneDrive\\Documentos\\GitHub\\Lakes\\BOEM_Tests\\BOEM\\BOEM_Tests\\Tests\\AdminShadowUser.cs:line 73",
    "steps" : [ {
      "name" : "SelectShadowUser_NotAvailableStatus_Failed",
      "time" : {
        "start" : 1617847503252,
        "stop" : 1617847544124,
        "duration" : 40872
      },
      "status" : "failed",
      "statusMessage" : "System.Exception : (TEST FAILED) The 'User row' element was not found in the Shadow user's table.",
      "statusTrace" : "   at BOEM_Tests.Tests.AdminShadowUser.SelectShadowUser_NotAvailableStatus_Failed() in C:\\Users\\galen\\OneDrive\\Documentos\\GitHub\\Lakes\\BOEM_Tests\\BOEM\\BOEM_Tests\\Tests\\AdminShadowUser.cs:line 73",
      "steps" : [ {
        "name" : "Log in using QA Admin user",
        "time" : {
          "start" : 1617847505082,
          "stop" : 1617847528392,
          "duration" : 23310
        },
        "status" : "passed",
        "steps" : [ {
          "name" : "Open login page",
          "time" : {
            "start" : 1617847505083,
            "stop" : 1617847509180,
            "duration" : 4097
          },
          "status" : "passed",
          "steps" : [ ],
          "attachments" : [ ],
          "parameters" : [ ],
          "shouldDisplayMessage" : false,
          "attachmentsCount" : 0,
          "hasContent" : false,
          "stepsCount" : 0
        }, {
          "name" : "Set username to QA_BOEMAdmin@weblakes.com",
          "time" : {
            "start" : 1617847509180,
            "stop" : 1617847509361,
            "duration" : 181
          },
          "status" : "passed",
          "steps" : [ ],
          "attachments" : [ ],
          "parameters" : [ ],
          "shouldDisplayMessage" : false,
          "attachmentsCount" : 0,
          "hasContent" : false,
          "stepsCount" : 0
        }, {
          "name" : "Set password to 23M8BScKKXGUa5525",
          "time" : {
            "start" : 1617847509361,
            "stop" : 1617847509512,
            "duration" : 151
          },
          "status" : "passed",
          "steps" : [ ],
          "attachments" : [ ],
          "parameters" : [ ],
          "shouldDisplayMessage" : false,
          "attachmentsCount" : 0,
          "hasContent" : false,
          "stepsCount" : 0
        }, {
          "name" : "Click on login button",
          "time" : {
            "start" : 1617847509512,
            "stop" : 1617847518384,
            "duration" : 8872
          },
          "status" : "passed",
          "steps" : [ ],
          "attachments" : [ ],
          "parameters" : [ ],
          "shouldDisplayMessage" : false,
          "attachmentsCount" : 0,
          "hasContent" : false,
          "stepsCount" : 0
        } ],
        "attachments" : [ ],
        "parameters" : [ ],
        "shouldDisplayMessage" : false,
        "attachmentsCount" : 0,
        "hasContent" : true,
        "stepsCount" : 4
      }, {
        "name" : "Open admin shadow user page",
        "time" : {
          "start" : 1617847528392,
          "stop" : 1617847530208,
          "duration" : 1816
        },
        "status" : "passed",
        "steps" : [ ],
        "attachments" : [ ],
        "parameters" : [ ],
        "shouldDisplayMessage" : false,
        "attachmentsCount" : 0,
        "hasContent" : false,
        "stepsCount" : 0
      }, {
        "name" : "Set search to Not Available",
        "time" : {
          "start" : 1617847530208,
          "stop" : 1617847535474,
          "duration" : 5266
        },
        "status" : "passed",
        "steps" : [ ],
        "attachments" : [ ],
        "parameters" : [ ],
        "shouldDisplayMessage" : false,
        "attachmentsCount" : 0,
        "hasContent" : false,
        "stepsCount" : 0
      }, {
        "name" : "Select user in first row",
        "time" : {
          "start" : 1617847535475,
          "stop" : 1617847543514,
          "duration" : 8039
        },
        "status" : "failed",
        "statusMessage" : "(TEST FAILED) The 'User row' element was not found in the Shadow user's table.",
        "statusTrace" : "   at BOEM_Tests.PageObjects.AdminShadowUserPage.__a$_around_SelectUserRow_100664123_o() in C:\\Users\\galen\\OneDrive\\Documentos\\GitHub\\Lakes\\BOEM_Tests\\BOEM\\BOEM_Tests\\PageObjects\\AdminShadowUser\\AdminShadowUserPage.cs:line 69\r\n   at BOEM_Tests.PageObjects.AdminShadowUserPage.__a$_around_SelectUserRow_100664123_u(Object[] )\r\n   at NUnit.Allure.Steps.AllureStepAspect.WrapStep(String name, MethodBase methodBase, Object[] arguments, Func`2 method)",
        "steps" : [ ],
        "attachments" : [ ],
        "parameters" : [ ],
        "shouldDisplayMessage" : true,
        "attachmentsCount" : 0,
        "hasContent" : true,
        "stepsCount" : 0
      }, {
        "name" : "Taking Screenshot",
        "time" : {
          "start" : 1617847543516,
          "stop" : 1617847543877,
          "duration" : 361
        },
        "status" : "passed",
        "steps" : [ ],
        "attachments" : [ {
          "uid" : "1ae45baa44b3691c",
          "name" : "Attachment Title",
          "source" : "1ae45baa44b3691c.png",
          "type" : "image/png",
          "size" : 66570
        } ],
        "parameters" : [ ],
        "shouldDisplayMessage" : false,
        "attachmentsCount" : 1,
        "hasContent" : true,
        "stepsCount" : 0
      } ],
      "attachments" : [ {
        "uid" : "1dbcbe221d60f62a",
        "name" : "Console Output",
        "source" : "1dbcbe221d60f62a.txt",
        "type" : "text/plain",
        "size" : 0
      } ],
      "parameters" : [ ],
      "shouldDisplayMessage" : true,
      "attachmentsCount" : 2,
      "hasContent" : true,
      "stepsCount" : 9
    } ],
    "attachments" : [ ],
    "parameters" : [ ],
    "shouldDisplayMessage" : false,
    "attachmentsCount" : 2,
    "hasContent" : true,
    "stepsCount" : 10
  },
  "afterStages" : [ {
    "name" : "TearDown_Test",
    "time" : {
      "start" : 1617847544123,
      "stop" : 1617847544123,
      "duration" : 0
    },
    "status" : "passed",
    "steps" : [ ],
    "attachments" : [ ],
    "parameters" : [ ],
    "shouldDisplayMessage" : false,
    "attachmentsCount" : 0,
    "hasContent" : false,
    "stepsCount" : 0
  } ],
  "labels" : [ {
    "name" : "thread",
    "value" : "NonParallelWorker"
  }, {
    "name" : "host",
    "value" : "SPEEDBYTES-HP"
  }, {
    "name" : "testClass",
    "value" : "BOEM_Tests.Tests.AdminShadowUser"
  }, {
    "name" : "testMethod",
    "value" : "SelectShadowUser_NotAvailableStatus_Failed"
  }, {
    "name" : "package",
    "value" : "BOEM_Tests.Tests.AdminShadowUser"
  }, {
    "name" : "tag",
    "value" : "ADMINSHADOWUSER.1"
  }, {
    "name" : "suite",
    "value" : "AdminShadowUser"
  }, {
    "name" : "severity",
    "value" : "normal"
  }, {
    "name" : "resultFormat",
    "value" : "allure2"
  } ],
  "parameters" : [ ],
  "links" : [ ],
  "hidden" : false,
  "retry" : false,
  "extra" : {
    "severity" : "normal",
    "retries" : [ {
      "uid" : "68810f3e4cc5db6c",
      "status" : "failed",
      "statusDetails" : "System.Exception : (TEST FAILED) The 'User row' element was not found in the Shadow user's table.",
      "time" : {
        "start" : 1617751928866,
        "stop" : 1617751969502,
        "duration" : 40636
      }
    } ],
    "categories" : [ {
      "name" : "Product defects",
      "matchedStatuses" : [ ],
      "flaky" : false
    } ],
    "history" : {
      "statistic" : {
        "failed" : 15,
        "broken" : 0,
        "skipped" : 0,
        "passed" : 0,
        "unknown" : 0,
        "total" : 15
      },
      "items" : [ {
        "uid" : "4c870127a33521b0",
        "status" : "failed",
        "statusDetails" : "System.Exception : (TEST FAILED) The 'User row' element was not found in the Shadow user's table.",
        "time" : {
          "start" : 1617642523521,
          "stop" : 1617642598792,
          "duration" : 75271
        }
      }, {
        "uid" : "fc682e55d6071136",
        "status" : "failed",
        "statusDetails" : "OpenQA.Selenium.NoSuchElementException : Could not find element by: By.XPath: //*[@id='grid_SelectUSERS']/tbody/tr[2]",
        "time" : {
          "start" : 1617066207533,
          "stop" : 1617066267588,
          "duration" : 60055
        }
      }, {
        "uid" : "77a60938ffc51f29",
        "status" : "failed",
        "statusDetails" : "OpenQA.Selenium.NoSuchElementException : Could not find element by: By.XPath: //*[@id='grid_SelectUSERS']/tbody/tr[2]",
        "time" : {
          "start" : 1616597808703,
          "stop" : 1616597892831,
          "duration" : 84128
        }
      }, {
        "uid" : "411ea44ce0002f2b",
        "status" : "failed",
        "statusDetails" : "OpenQA.Selenium.NoSuchElementException : Could not find element by: By.XPath: //*[@id='grid_SelectUSERS']/tbody/tr[2]",
        "time" : {
          "start" : 1616045094900,
          "stop" : 1616045144489,
          "duration" : 49589
        }
      }, {
        "uid" : "79892fd9cc434fe7",
        "status" : "failed",
        "statusDetails" : "OpenQA.Selenium.NoSuchElementException : Could not find element by: By.XPath: //div[@id='gridFilter_SelectUSERS']/ul/li[2]/div",
        "time" : {
          "start" : 1615426386949,
          "stop" : 1615426420656,
          "duration" : 33707
        }
      }, {
        "uid" : "6d879962440fb8db",
        "status" : "failed",
        "statusDetails" : "OpenQA.Selenium.NoSuchElementException : Could not find element by: By.XPath: //div[@id='gridFilter_SelectUSERS']/ul/li[2]/div",
        "time" : {
          "start" : 1614733579160,
          "stop" : 1614733602205,
          "duration" : 23045
        }
      }, {
        "uid" : "1ed131c2d1b889fb",
        "status" : "failed",
        "statusDetails" : "OpenQA.Selenium.NoSuchElementException : Could not find element by: By.XPath: //div[@id='gridFilter_SelectUSERS']/ul/li[2]/div",
        "time" : {
          "start" : 1613612310342,
          "stop" : 1613612338880,
          "duration" : 28538
        }
      }, {
        "uid" : "2f00ba52ebf1dd8b",
        "status" : "failed",
        "statusDetails" : "OpenQA.Selenium.NoSuchElementException : Could not find element by: By.XPath: //div[@id='gridFilter_SelectUSERS']/ul/li[2]/div",
        "time" : {
          "start" : 1611897651468,
          "stop" : 1611897675794,
          "duration" : 24326
        }
      }, {
        "uid" : "307f5e50c49adfe5",
        "status" : "failed",
        "statusDetails" : "OpenQA.Selenium.NoSuchElementException : Could not find element by: By.XPath: //div[@id='gridFilter_SelectUSERS']/ul/li[2]/div",
        "time" : {
          "start" : 1609916586195,
          "stop" : 1609916608900,
          "duration" : 22705
        }
      }, {
        "uid" : "e19c61cddc79f1c3",
        "status" : "failed",
        "statusDetails" : "OpenQA.Selenium.NoSuchElementException : Could not find element by: By.XPath: //div[@id='gridFilter_SelectUSERS']/ul/li[2]/div",
        "time" : {
          "start" : 1606842299195,
          "stop" : 1606842325095,
          "duration" : 25900
        }
      }, {
        "uid" : "f89e877c5b175afb",
        "status" : "failed",
        "statusDetails" : "OpenQA.Selenium.NoSuchElementException : Could not find element by: By.XPath: //div[@id='gridFilter_SelectUSERS']/ul/li[2]/div",
        "time" : {
          "start" : 1606233970750,
          "stop" : 1606233995948,
          "duration" : 25198
        }
      }, {
        "uid" : "c1fc69af1d32eb0e",
        "status" : "failed",
        "statusDetails" : "OpenQA.Selenium.NoSuchElementException : Could not find element by: By.XPath: //div[@id='gridFilter_SelectUSERS']/ul/li[2]/div",
        "time" : {
          "start" : 1605883410545,
          "stop" : 1605883435580,
          "duration" : 25035
        }
      }, {
        "uid" : "9bd8fff996bb699",
        "status" : "failed",
        "statusDetails" : "OpenQA.Selenium.NoSuchElementException : Could not find element by: By.XPath: //div[@id='gridFilter_SelectUSERS']/ul/li[2]/div",
        "time" : {
          "start" : 1604442581152,
          "stop" : 1604442606255,
          "duration" : 25103
        }
      }, {
        "uid" : "dbf6c4fee078bb40",
        "status" : "failed",
        "statusDetails" : "OpenQA.Selenium.NoSuchElementException : Could not find element by: By.XPath: //div[@id='gridFilter_SelectUSERS']/ul/li[2]/div",
        "time" : {
          "start" : 1601667962876,
          "stop" : 1601667988791,
          "duration" : 25915
        }
      } ]
    },
    "tags" : [ "ADMINSHADOWUSER.1" ]
  },
  "source" : "150c4907afabe86e.json",
  "parameterValues" : [ ]
}