{
  "uid" : "163499e6c909c446",
  "name" : "AccessFeatureApplicationsLogsSettingsApplyLogsPrivilegedActivity",
  "fullName" : "BOEM_Tests.Tests.AccountActivity.AccessFeatureApplicationsLogsSettingsApplyLogsPrivilegedActivity",
  "historyId" : "BOEM_Tests.Tests.AccountActivity.AccessFeatureApplicationsLogsSettingsApplyLogsPrivilegedActivity",
  "time" : {
    "start" : 1617748801559,
    "stop" : 1617748852891,
    "duration" : 51332
  },
  "description" : "Access Feature : applications logs / settings, apply logs priveleged activity\n",
  "descriptionHtml" : "<p>Access Feature : applications logs / settings, apply logs priveleged activity</p>\n",
  "status" : "failed",
  "statusMessage" : "System.Exception : (TEST FAILED) Expected: Activity -> 'ACTION-ADMIN', Detail -> 'Application Logs - Index'\nBut was: Activity -> 'ACTION', Detail -> 'Dashboard - View : Main Dashboard'",
  "statusTrace" : "   at BOEM_Tests.Tests.AccountActivity.AccessFeatureApplicationsLogsSettingsApplyLogsPrivilegedActivity() in C:\\Users\\galen\\OneDrive\\Documentos\\GitHub\\Lakes\\BOEM_Tests\\BOEM\\BOEM_Tests\\Tests\\AccountActivity.cs:line 936",
  "flaky" : false,
  "newFailed" : false,
  "beforeStages" : [ {
    "name" : "PrepareResultsDir",
    "time" : {
      "start" : 1617748852890,
      "stop" : 1617748852890,
      "duration" : 0
    },
    "status" : "passed",
    "steps" : [ ],
    "attachments" : [ ],
    "parameters" : [ ],
    "shouldDisplayMessage" : false,
    "attachmentsCount" : 0,
    "hasContent" : false,
    "stepsCount" : 0
  }, {
    "name" : "Setup_Test",
    "time" : {
      "start" : 1617748852890,
      "stop" : 1617748852890,
      "duration" : 0
    },
    "status" : "passed",
    "steps" : [ ],
    "attachments" : [ ],
    "parameters" : [ ],
    "shouldDisplayMessage" : false,
    "attachmentsCount" : 0,
    "hasContent" : false,
    "stepsCount" : 0
  } ],
  "testStage" : {
    "description" : "Access Feature : applications logs / settings, apply logs priveleged activity\n",
    "status" : "failed",
    "statusMessage" : "System.Exception : (TEST FAILED) Expected: Activity -> 'ACTION-ADMIN', Detail -> 'Application Logs - Index'\nBut was: Activity -> 'ACTION', Detail -> 'Dashboard - View : Main Dashboard'",
    "statusTrace" : "   at BOEM_Tests.Tests.AccountActivity.AccessFeatureApplicationsLogsSettingsApplyLogsPrivilegedActivity() in C:\\Users\\galen\\OneDrive\\Documentos\\GitHub\\Lakes\\BOEM_Tests\\BOEM\\BOEM_Tests\\Tests\\AccountActivity.cs:line 936",
    "steps" : [ {
      "name" : "AccessFeatureApplicationsLogsSettingsApplyLogsPrivilegedActivity",
      "time" : {
        "start" : 1617748801559,
        "stop" : 1617748852890,
        "duration" : 51331
      },
      "status" : "failed",
      "statusMessage" : "System.Exception : (TEST FAILED) Expected: Activity -> 'ACTION-ADMIN', Detail -> 'Application Logs - Index'\nBut was: Activity -> 'ACTION', Detail -> 'Dashboard - View : Main Dashboard'",
      "statusTrace" : "   at BOEM_Tests.Tests.AccountActivity.AccessFeatureApplicationsLogsSettingsApplyLogsPrivilegedActivity() in C:\\Users\\galen\\OneDrive\\Documentos\\GitHub\\Lakes\\BOEM_Tests\\BOEM\\BOEM_Tests\\Tests\\AccountActivity.cs:line 936",
      "steps" : [ {
        "name" : "Log in using QA user",
        "time" : {
          "start" : 1617748803346,
          "stop" : 1617748827580,
          "duration" : 24234
        },
        "status" : "passed",
        "steps" : [ {
          "name" : "Open login page",
          "time" : {
            "start" : 1617748803346,
            "stop" : 1617748808617,
            "duration" : 5271
          },
          "status" : "passed",
          "steps" : [ ],
          "attachments" : [ ],
          "parameters" : [ ],
          "shouldDisplayMessage" : false,
          "attachmentsCount" : 0,
          "hasContent" : false,
          "stepsCount" : 0
        }, {
          "name" : "Set username to qa_boem@weblakes.com",
          "time" : {
            "start" : 1617748808617,
            "stop" : 1617748808743,
            "duration" : 126
          },
          "status" : "passed",
          "steps" : [ ],
          "attachments" : [ ],
          "parameters" : [ ],
          "shouldDisplayMessage" : false,
          "attachmentsCount" : 0,
          "hasContent" : false,
          "stepsCount" : 0
        }, {
          "name" : "Set password to e45eT%0n^SpXdsb2",
          "time" : {
            "start" : 1617748808743,
            "stop" : 1617748808890,
            "duration" : 147
          },
          "status" : "passed",
          "steps" : [ ],
          "attachments" : [ ],
          "parameters" : [ ],
          "shouldDisplayMessage" : false,
          "attachmentsCount" : 0,
          "hasContent" : false,
          "stepsCount" : 0
        }, {
          "name" : "Click on login button",
          "time" : {
            "start" : 1617748808890,
            "stop" : 1617748817571,
            "duration" : 8681
          },
          "status" : "passed",
          "steps" : [ ],
          "attachments" : [ ],
          "parameters" : [ ],
          "shouldDisplayMessage" : false,
          "attachmentsCount" : 0,
          "hasContent" : false,
          "stepsCount" : 0
        } ],
        "attachments" : [ ],
        "parameters" : [ ],
        "shouldDisplayMessage" : false,
        "attachmentsCount" : 0,
        "hasContent" : true,
        "stepsCount" : 4
      }, {
        "name" : "Check inventory 2017 - 2017 Complete Inventory",
        "time" : {
          "start" : 1617748827580,
          "stop" : 1617748830709,
          "duration" : 3129
        },
        "status" : "passed",
        "steps" : [ ],
        "attachments" : [ ],
        "parameters" : [ ],
        "shouldDisplayMessage" : false,
        "attachmentsCount" : 0,
        "hasContent" : false,
        "stepsCount" : 0
      }, {
        "name" : "Access relative URL OpenQA.Selenium.Chrome.ChromeDriver",
        "time" : {
          "start" : 1617748830709,
          "stop" : 1617748832153,
          "duration" : 1444
        },
        "status" : "passed",
        "steps" : [ ],
        "attachments" : [ ],
        "parameters" : [ ],
        "shouldDisplayMessage" : false,
        "attachmentsCount" : 0,
        "hasContent" : false,
        "stepsCount" : 0
      }, {
        "name" : "Wait 3000 ms",
        "time" : {
          "start" : 1617748837598,
          "stop" : 1617748840609,
          "duration" : 3011
        },
        "status" : "passed",
        "steps" : [ ],
        "attachments" : [ ],
        "parameters" : [ ],
        "shouldDisplayMessage" : false,
        "attachmentsCount" : 0,
        "hasContent" : false,
        "stepsCount" : 0
      }, {
        "name" : "Access relative URL OpenQA.Selenium.Chrome.ChromeDriver",
        "time" : {
          "start" : 1617748840609,
          "stop" : 1617748842233,
          "duration" : 1624
        },
        "status" : "passed",
        "steps" : [ ],
        "attachments" : [ ],
        "parameters" : [ ],
        "shouldDisplayMessage" : false,
        "attachmentsCount" : 0,
        "hasContent" : false,
        "stepsCount" : 0
      }, {
        "name" : "Check row 2 - ACTION-ADMIN - Application Logs - Index on account activity grid",
        "time" : {
          "start" : 1617748842233,
          "stop" : 1617748852327,
          "duration" : 10094
        },
        "status" : "failed",
        "statusMessage" : "(TEST FAILED) Expected: Activity -> 'ACTION-ADMIN', Detail -> 'Application Logs - Index'\nBut was: Activity -> 'ACTION', Detail -> 'Dashboard - View : Main Dashboard'",
        "statusTrace" : "   at BOEM_Tests.PageObjects.SettingsPage.__a$_around_CheckRowAccountActivity_100665996_o(Int32 row, String activity, String detail) in C:\\Users\\galen\\OneDrive\\Documentos\\GitHub\\Lakes\\BOEM_Tests\\BOEM\\BOEM_Tests\\PageObjects\\Settings\\SettingsPage.cs:line 430\r\n   at BOEM_Tests.PageObjects.SettingsPage.__a$_around_CheckRowAccountActivity_100665996_u(Object[] )\r\n   at NUnit.Allure.Steps.AllureStepAspect.WrapStep(String name, MethodBase methodBase, Object[] arguments, Func`2 method)",
        "steps" : [ ],
        "attachments" : [ ],
        "parameters" : [ ],
        "shouldDisplayMessage" : true,
        "attachmentsCount" : 0,
        "hasContent" : true,
        "stepsCount" : 0
      }, {
        "name" : "Taking Screenshot",
        "time" : {
          "start" : 1617748852328,
          "stop" : 1617748852636,
          "duration" : 308
        },
        "status" : "passed",
        "steps" : [ ],
        "attachments" : [ {
          "uid" : "2fd029a8eb68a2ee",
          "name" : "Attachment Title",
          "source" : "2fd029a8eb68a2ee.png",
          "type" : "image/png",
          "size" : 72567
        } ],
        "parameters" : [ ],
        "shouldDisplayMessage" : false,
        "attachmentsCount" : 1,
        "hasContent" : true,
        "stepsCount" : 0
      } ],
      "attachments" : [ {
        "uid" : "1c021398ba1526d1",
        "name" : "Console Output",
        "source" : "1c021398ba1526d1.txt",
        "type" : "text/plain",
        "size" : 0
      } ],
      "parameters" : [ ],
      "shouldDisplayMessage" : true,
      "attachmentsCount" : 2,
      "hasContent" : true,
      "stepsCount" : 11
    } ],
    "attachments" : [ ],
    "parameters" : [ ],
    "shouldDisplayMessage" : false,
    "attachmentsCount" : 2,
    "hasContent" : true,
    "stepsCount" : 12
  },
  "afterStages" : [ {
    "name" : "TearDown_Test",
    "time" : {
      "start" : 1617748852890,
      "stop" : 1617748852890,
      "duration" : 0
    },
    "status" : "passed",
    "steps" : [ ],
    "attachments" : [ ],
    "parameters" : [ ],
    "shouldDisplayMessage" : false,
    "attachmentsCount" : 0,
    "hasContent" : false,
    "stepsCount" : 0
  } ],
  "labels" : [ {
    "name" : "thread",
    "value" : "NonParallelWorker"
  }, {
    "name" : "host",
    "value" : "SPEEDBYTES-HP"
  }, {
    "name" : "testClass",
    "value" : "BOEM_Tests.Tests.AccountActivity"
  }, {
    "name" : "testMethod",
    "value" : "AccessFeatureApplicationsLogsSettingsApplyLogsPrivilegedActivity"
  }, {
    "name" : "package",
    "value" : "BOEM_Tests.Tests.AccountActivity"
  }, {
    "name" : "tag",
    "value" : "ACCOUNTACTIVITY.26"
  }, {
    "name" : "suite",
    "value" : "AccountActivity"
  }, {
    "name" : "severity",
    "value" : "normal"
  }, {
    "name" : "resultFormat",
    "value" : "allure2"
  } ],
  "parameters" : [ ],
  "links" : [ ],
  "hidden" : true,
  "retry" : true,
  "extra" : {
    "categories" : [ ],
    "tags" : [ "ACCOUNTACTIVITY.26" ]
  },
  "source" : "163499e6c909c446.json",
  "parameterValues" : [ ]
}