{
  "uid" : "19fcad381749c66b",
  "name" : "CheckUser_AccountActivity",
  "fullName" : "BOEM_Tests.Tests.AdminSecurity.CheckUser_AccountActivity",
  "historyId" : "BOEM_Tests.Tests.AdminSecurity.CheckUser_AccountActivity",
  "time" : {
    "start" : 1617635094919,
    "stop" : 1617635163377,
    "duration" : 68458
  },
  "description" : "Select the admin user on Account Activity Page and check if there are values on grid. Should fail if there aren't values\n",
  "descriptionHtml" : "<p>Select the admin user on Account Activity Page and check if there are values on grid. Should fail if there aren't values</p>\n",
  "status" : "failed",
  "statusMessage" : "System.Exception : (TEST FAILED) Was redirected to Access denied page",
  "statusTrace" : "   at BOEM_Tests.Tests.AdminSecurity.CheckUser_AccountActivity() in C:\\Users\\galen\\OneDrive\\Documentos\\GitHub\\Lakes\\BOEM_Tests\\BOEM\\BOEM_Tests\\Tests\\AdminSecurity.cs:line 84",
  "flaky" : false,
  "newFailed" : false,
  "beforeStages" : [ {
    "name" : "PrepareResultsDir",
    "time" : {
      "start" : 1617635163354,
      "stop" : 1617635163354,
      "duration" : 0
    },
    "status" : "passed",
    "steps" : [ ],
    "attachments" : [ ],
    "parameters" : [ ],
    "attachmentsCount" : 0,
    "shouldDisplayMessage" : false,
    "stepsCount" : 0,
    "hasContent" : false
  }, {
    "name" : "SetUp_Test",
    "time" : {
      "start" : 1617635163355,
      "stop" : 1617635163355,
      "duration" : 0
    },
    "status" : "passed",
    "steps" : [ ],
    "attachments" : [ ],
    "parameters" : [ ],
    "attachmentsCount" : 0,
    "shouldDisplayMessage" : false,
    "stepsCount" : 0,
    "hasContent" : false
  } ],
  "testStage" : {
    "description" : "Select the admin user on Account Activity Page and check if there are values on grid. Should fail if there aren't values\n",
    "status" : "failed",
    "statusMessage" : "System.Exception : (TEST FAILED) Was redirected to Access denied page",
    "statusTrace" : "   at BOEM_Tests.Tests.AdminSecurity.CheckUser_AccountActivity() in C:\\Users\\galen\\OneDrive\\Documentos\\GitHub\\Lakes\\BOEM_Tests\\BOEM\\BOEM_Tests\\Tests\\AdminSecurity.cs:line 84",
    "steps" : [ {
      "name" : "CheckUser_AccountActivity",
      "time" : {
        "start" : 1617635094921,
        "stop" : 1617635163367,
        "duration" : 68446
      },
      "status" : "failed",
      "statusMessage" : "System.Exception : (TEST FAILED) Was redirected to Access denied page",
      "statusTrace" : "   at BOEM_Tests.Tests.AdminSecurity.CheckUser_AccountActivity() in C:\\Users\\galen\\OneDrive\\Documentos\\GitHub\\Lakes\\BOEM_Tests\\BOEM\\BOEM_Tests\\Tests\\AdminSecurity.cs:line 84",
      "steps" : [ {
        "name" : "Log in using QA user",
        "time" : {
          "start" : 1617635097111,
          "stop" : 1617635135429,
          "duration" : 38318
        },
        "status" : "passed",
        "steps" : [ {
          "name" : "Open login page",
          "time" : {
            "start" : 1617635097112,
            "stop" : 1617635116395,
            "duration" : 19283
          },
          "status" : "passed",
          "steps" : [ ],
          "attachments" : [ ],
          "parameters" : [ ],
          "attachmentsCount" : 0,
          "shouldDisplayMessage" : false,
          "stepsCount" : 0,
          "hasContent" : false
        }, {
          "name" : "Set username to qa_boem@weblakes.com",
          "time" : {
            "start" : 1617635116396,
            "stop" : 1617635116617,
            "duration" : 221
          },
          "status" : "passed",
          "steps" : [ ],
          "attachments" : [ ],
          "parameters" : [ ],
          "attachmentsCount" : 0,
          "shouldDisplayMessage" : false,
          "stepsCount" : 0,
          "hasContent" : false
        }, {
          "name" : "Set password to e45eT%0n^SpXdsb2",
          "time" : {
            "start" : 1617635116618,
            "stop" : 1617635116768,
            "duration" : 150
          },
          "status" : "passed",
          "steps" : [ ],
          "attachments" : [ ],
          "parameters" : [ ],
          "attachmentsCount" : 0,
          "shouldDisplayMessage" : false,
          "stepsCount" : 0,
          "hasContent" : false
        }, {
          "name" : "Click on login button",
          "time" : {
            "start" : 1617635116768,
            "stop" : 1617635125423,
            "duration" : 8655
          },
          "status" : "passed",
          "steps" : [ ],
          "attachments" : [ ],
          "parameters" : [ ],
          "attachmentsCount" : 0,
          "shouldDisplayMessage" : false,
          "stepsCount" : 0,
          "hasContent" : false
        } ],
        "attachments" : [ ],
        "parameters" : [ ],
        "attachmentsCount" : 0,
        "shouldDisplayMessage" : false,
        "stepsCount" : 4,
        "hasContent" : true
      }, {
        "name" : "Click on admin on top menu",
        "time" : {
          "start" : 1617635135429,
          "stop" : 1617635139849,
          "duration" : 4420
        },
        "status" : "passed",
        "steps" : [ ],
        "attachments" : [ ],
        "parameters" : [ ],
        "attachmentsCount" : 0,
        "shouldDisplayMessage" : false,
        "stepsCount" : 0,
        "hasContent" : false
      }, {
        "name" : "Click on tools auditing menu",
        "time" : {
          "start" : 1617635139850,
          "stop" : 1617635146200,
          "duration" : 6350
        },
        "status" : "passed",
        "steps" : [ ],
        "attachments" : [ ],
        "parameters" : [ ],
        "attachmentsCount" : 0,
        "shouldDisplayMessage" : false,
        "stepsCount" : 0,
        "hasContent" : false
      }, {
        "name" : "Click on user account activity",
        "time" : {
          "start" : 1617635146201,
          "stop" : 1617635152383,
          "duration" : 6182
        },
        "status" : "passed",
        "steps" : [ ],
        "attachments" : [ ],
        "parameters" : [ ],
        "attachmentsCount" : 0,
        "shouldDisplayMessage" : false,
        "stepsCount" : 0,
        "hasContent" : false
      }, {
        "name" : "Select user QA_BOEM@weblakes.com",
        "time" : {
          "start" : 1617635152384,
          "stop" : 1617635162472,
          "duration" : 10088
        },
        "status" : "failed",
        "statusMessage" : "no such element: Unable to locate element: {\"method\":\"css selector\",\"selector\":\"#gs_username\"}\n  (Session info: chrome=89.0.4389.114)",
        "statusTrace" : "   at OpenQA.Selenium.Remote.RemoteWebDriver.UnpackAndThrowOnError(Response errorResponse)\r\n   at OpenQA.Selenium.Remote.RemoteWebDriver.Execute(String driverCommandToExecute, Dictionary`2 parameters)\r\n   at OpenQA.Selenium.Remote.RemoteWebDriver.FindElement(String mechanism, String value)\r\n   at OpenQA.Selenium.Remote.RemoteWebDriver.FindElementById(String id)\r\n   at OpenQA.Selenium.By.<>c__DisplayClass16_0.<Id>b__0(ISearchContext context)\r\n   at OpenQA.Selenium.By.FindElement(ISearchContext context)\r\n   at OpenQA.Selenium.Remote.RemoteWebDriver.FindElement(By by)\r\n   at BOEM_Tests.PageObjects.AdminSecurityPage.__a$_around_SelectUserOnDropDown_100665880_o(String value) in C:\\Users\\galen\\OneDrive\\Documentos\\GitHub\\Lakes\\BOEM_Tests\\BOEM\\BOEM_Tests\\PageObjects\\AdminSecurity\\AdminSecurityPage.cs:line 136\r\n   at BOEM_Tests.PageObjects.AdminSecurityPage.__a$_around_SelectUserOnDropDown_100665880_u(Object[] )\r\n   at NUnit.Allure.Steps.AllureStepAspect.WrapStep(String name, MethodBase methodBase, Object[] arguments, Func`2 method)",
        "steps" : [ ],
        "attachments" : [ ],
        "parameters" : [ ],
        "attachmentsCount" : 0,
        "shouldDisplayMessage" : true,
        "stepsCount" : 0,
        "hasContent" : true
      }, {
        "name" : "Taking Screenshot",
        "time" : {
          "start" : 1617635162489,
          "stop" : 1617635162875,
          "duration" : 386
        },
        "status" : "passed",
        "steps" : [ ],
        "attachments" : [ {
          "uid" : "2f76fcc37155a909",
          "name" : "Attachment Title",
          "source" : "2f76fcc37155a909.png",
          "type" : "image/png",
          "size" : 57772
        } ],
        "parameters" : [ ],
        "attachmentsCount" : 1,
        "shouldDisplayMessage" : false,
        "stepsCount" : 0,
        "hasContent" : true
      } ],
      "attachments" : [ {
        "uid" : "2435a5e9d472ba35",
        "name" : "Console Output",
        "source" : "2435a5e9d472ba35.txt",
        "type" : "text/plain",
        "size" : 0
      } ],
      "parameters" : [ ],
      "attachmentsCount" : 2,
      "shouldDisplayMessage" : true,
      "stepsCount" : 10,
      "hasContent" : true
    } ],
    "attachments" : [ ],
    "parameters" : [ ],
    "attachmentsCount" : 2,
    "shouldDisplayMessage" : false,
    "stepsCount" : 11,
    "hasContent" : true
  },
  "afterStages" : [ {
    "name" : "TearDown_Test",
    "time" : {
      "start" : 1617635163355,
      "stop" : 1617635163355,
      "duration" : 0
    },
    "status" : "passed",
    "steps" : [ ],
    "attachments" : [ ],
    "parameters" : [ ],
    "attachmentsCount" : 0,
    "shouldDisplayMessage" : false,
    "stepsCount" : 0,
    "hasContent" : false
  } ],
  "labels" : [ {
    "name" : "thread",
    "value" : "NonParallelWorker"
  }, {
    "name" : "host",
    "value" : "SPEEDBYTES-HP"
  }, {
    "name" : "testClass",
    "value" : "BOEM_Tests.Tests.AdminSecurity"
  }, {
    "name" : "testMethod",
    "value" : "CheckUser_AccountActivity"
  }, {
    "name" : "package",
    "value" : "BOEM_Tests.Tests.AdminSecurity"
  }, {
    "name" : "tag",
    "value" : "ADMINSECURITY.1"
  }, {
    "name" : "suite",
    "value" : "AdminSecurity"
  }, {
    "name" : "severity",
    "value" : "normal"
  }, {
    "name" : "resultFormat",
    "value" : "allure2"
  } ],
  "parameters" : [ ],
  "links" : [ ],
  "hidden" : false,
  "retry" : false,
  "extra" : {
    "severity" : "normal",
    "retries" : [ {
      "uid" : "de0ff5d8ed11699a",
      "status" : "failed",
      "statusDetails" : "System.Exception : Was redirected to Access denied page",
      "time" : {
        "start" : 1617171619771,
        "stop" : 1617171678212,
        "duration" : 58441
      }
    } ],
    "categories" : [ {
      "name" : "Product defects",
      "matchedStatuses" : [ ],
      "flaky" : false
    } ],
    "history" : {
      "statistic" : {
        "failed" : 7,
        "broken" : 0,
        "skipped" : 0,
        "passed" : 7,
        "unknown" : 0,
        "total" : 14
      },
      "items" : [ {
        "uid" : "af58d5a9c71bf9f9",
        "status" : "failed",
        "statusDetails" : "System.Exception : Was redirected to Access denied page",
        "time" : {
          "start" : 1617063666263,
          "stop" : 1617063760538,
          "duration" : 94275
        }
      }, {
        "uid" : "7a4e824d13332846",
        "status" : "failed",
        "statusDetails" : "OpenQA.Selenium.NoSuchElementException : Could not find element by: By.Id: gs_username",
        "time" : {
          "start" : 1616594758680,
          "stop" : 1616594828208,
          "duration" : 69528
        }
      }, {
        "uid" : "91f4d72ee38c9b58",
        "status" : "failed",
        "statusDetails" : "OpenQA.Selenium.NoSuchElementException : Could not find element by: By.Id: gs_username",
        "time" : {
          "start" : 1616042514847,
          "stop" : 1616042582410,
          "duration" : 67563
        }
      }, {
        "uid" : "ccfae7964578f5d9",
        "status" : "failed",
        "statusDetails" : "OpenQA.Selenium.NoSuchElementException : Could not find element by: By.Id: gs_username",
        "time" : {
          "start" : 1615427034665,
          "stop" : 1615427107283,
          "duration" : 72618
        }
      }, {
        "uid" : "6375a96e1313cc6b",
        "status" : "failed",
        "statusDetails" : "OpenQA.Selenium.NoSuchElementException : Could not find element by: By.Id: gs_username",
        "time" : {
          "start" : 1614732250275,
          "stop" : 1614732292522,
          "duration" : 42247
        }
      }, {
        "uid" : "d09799b96f629bbf",
        "status" : "failed",
        "statusDetails" : "OpenQA.Selenium.NoSuchElementException : Could not find element by: By.Id: gs_username",
        "time" : {
          "start" : 1613656743686,
          "stop" : 1613656813977,
          "duration" : 70291
        }
      }, {
        "uid" : "9e1f3d8db3ce899b",
        "status" : "passed",
        "time" : {
          "start" : 1611896200727,
          "stop" : 1611896265726,
          "duration" : 64999
        }
      }, {
        "uid" : "5dd247ef278ee904",
        "status" : "passed",
        "time" : {
          "start" : 1609915187462,
          "stop" : 1609915249614,
          "duration" : 62152
        }
      }, {
        "uid" : "b112896fa716d46c",
        "status" : "passed",
        "time" : {
          "start" : 1606837445975,
          "stop" : 1606837510943,
          "duration" : 64968
        }
      }, {
        "uid" : "a9c057fc07311e42",
        "status" : "passed",
        "time" : {
          "start" : 1606234100019,
          "stop" : 1606234171278,
          "duration" : 71259
        }
      }, {
        "uid" : "e87239be5d9dff14",
        "status" : "passed",
        "time" : {
          "start" : 1605881902428,
          "stop" : 1605881970424,
          "duration" : 67996
        }
      }, {
        "uid" : "29f3b0b18170ccaa",
        "status" : "passed",
        "time" : {
          "start" : 1604440548871,
          "stop" : 1604440670527,
          "duration" : 121656
        }
      }, {
        "uid" : "42ba2cf8103c2f72",
        "status" : "passed",
        "time" : {
          "start" : 1601652726025,
          "stop" : 1601652790133,
          "duration" : 64108
        }
      } ]
    },
    "tags" : [ "ADMINSECURITY.1" ]
  },
  "source" : "19fcad381749c66b.json",
  "parameterValues" : [ ]
}