{
  "uid" : "243047ce0b6db1c0",
  "name" : "AccessFeatureAccessRightsManagerEditRightsLogsActivity",
  "fullName" : "BOEM_Tests.Tests.AccountActivity.AccessFeatureAccessRightsManagerEditRightsLogsActivity",
  "historyId" : "BOEM_Tests.Tests.AccountActivity.AccessFeatureAccessRightsManagerEditRightsLogsActivity",
  "time" : {
    "start" : 1617748037720,
    "stop" : 1617748101781,
    "duration" : 64061
  },
  "description" : "Access Feature : Access Rights Manager, Edit Rights, Logs activity\n",
  "descriptionHtml" : "<p>Access Feature : Access Rights Manager, Edit Rights, Logs activity</p>\n",
  "status" : "failed",
  "statusMessage" : "System.Exception : (TEST FAILED) Expected: Activity -> 'ACTION-ADMIN', Detail -> 'Edit Groups - Form Submit:1'\nBut was: Activity -> 'PROJECT SELECTION', Detail -> ''",
  "statusTrace" : "   at BOEM_Tests.Tests.AccountActivity.AccessFeatureAccessRightsManagerEditRightsLogsActivity() in C:\\Users\\galen\\OneDrive\\Documentos\\GitHub\\Lakes\\BOEM_Tests\\BOEM\\BOEM_Tests\\Tests\\AccountActivity.cs:line 563",
  "flaky" : false,
  "newFailed" : false,
  "beforeStages" : [ {
    "name" : "PrepareResultsDir",
    "time" : {
      "start" : 1617748101780,
      "stop" : 1617748101780,
      "duration" : 0
    },
    "status" : "passed",
    "steps" : [ ],
    "attachments" : [ ],
    "parameters" : [ ],
    "shouldDisplayMessage" : false,
    "attachmentsCount" : 0,
    "hasContent" : false,
    "stepsCount" : 0
  }, {
    "name" : "Setup_Test",
    "time" : {
      "start" : 1617748101780,
      "stop" : 1617748101780,
      "duration" : 0
    },
    "status" : "passed",
    "steps" : [ ],
    "attachments" : [ ],
    "parameters" : [ ],
    "shouldDisplayMessage" : false,
    "attachmentsCount" : 0,
    "hasContent" : false,
    "stepsCount" : 0
  } ],
  "testStage" : {
    "description" : "Access Feature : Access Rights Manager, Edit Rights, Logs activity\n",
    "status" : "failed",
    "statusMessage" : "System.Exception : (TEST FAILED) Expected: Activity -> 'ACTION-ADMIN', Detail -> 'Edit Groups - Form Submit:1'\nBut was: Activity -> 'PROJECT SELECTION', Detail -> ''",
    "statusTrace" : "   at BOEM_Tests.Tests.AccountActivity.AccessFeatureAccessRightsManagerEditRightsLogsActivity() in C:\\Users\\galen\\OneDrive\\Documentos\\GitHub\\Lakes\\BOEM_Tests\\BOEM\\BOEM_Tests\\Tests\\AccountActivity.cs:line 563",
    "steps" : [ {
      "name" : "AccessFeatureAccessRightsManagerEditRightsLogsActivity",
      "time" : {
        "start" : 1617748037720,
        "stop" : 1617748101781,
        "duration" : 64061
      },
      "status" : "failed",
      "statusMessage" : "System.Exception : (TEST FAILED) Expected: Activity -> 'ACTION-ADMIN', Detail -> 'Edit Groups - Form Submit:1'\nBut was: Activity -> 'PROJECT SELECTION', Detail -> ''",
      "statusTrace" : "   at BOEM_Tests.Tests.AccountActivity.AccessFeatureAccessRightsManagerEditRightsLogsActivity() in C:\\Users\\galen\\OneDrive\\Documentos\\GitHub\\Lakes\\BOEM_Tests\\BOEM\\BOEM_Tests\\Tests\\AccountActivity.cs:line 563",
      "steps" : [ {
        "name" : "Log in using QA user",
        "time" : {
          "start" : 1617748039560,
          "stop" : 1617748064396,
          "duration" : 24836
        },
        "status" : "passed",
        "steps" : [ {
          "name" : "Open login page",
          "time" : {
            "start" : 1617748039560,
            "stop" : 1617748045255,
            "duration" : 5695
          },
          "status" : "passed",
          "steps" : [ ],
          "attachments" : [ ],
          "parameters" : [ ],
          "shouldDisplayMessage" : false,
          "attachmentsCount" : 0,
          "hasContent" : false,
          "stepsCount" : 0
        }, {
          "name" : "Set username to qa_boem@weblakes.com",
          "time" : {
            "start" : 1617748045255,
            "stop" : 1617748045393,
            "duration" : 138
          },
          "status" : "passed",
          "steps" : [ ],
          "attachments" : [ ],
          "parameters" : [ ],
          "shouldDisplayMessage" : false,
          "attachmentsCount" : 0,
          "hasContent" : false,
          "stepsCount" : 0
        }, {
          "name" : "Set password to e45eT%0n^SpXdsb2",
          "time" : {
            "start" : 1617748045393,
            "stop" : 1617748045549,
            "duration" : 156
          },
          "status" : "passed",
          "steps" : [ ],
          "attachments" : [ ],
          "parameters" : [ ],
          "shouldDisplayMessage" : false,
          "attachmentsCount" : 0,
          "hasContent" : false,
          "stepsCount" : 0
        }, {
          "name" : "Click on login button",
          "time" : {
            "start" : 1617748045549,
            "stop" : 1617748054390,
            "duration" : 8841
          },
          "status" : "passed",
          "steps" : [ ],
          "attachments" : [ ],
          "parameters" : [ ],
          "shouldDisplayMessage" : false,
          "attachmentsCount" : 0,
          "hasContent" : false,
          "stepsCount" : 0
        } ],
        "attachments" : [ ],
        "parameters" : [ ],
        "shouldDisplayMessage" : false,
        "attachmentsCount" : 0,
        "hasContent" : true,
        "stepsCount" : 4
      }, {
        "name" : "Check inventory 2017 - 2017 Complete Inventory",
        "time" : {
          "start" : 1617748064396,
          "stop" : 1617748067506,
          "duration" : 3110
        },
        "status" : "passed",
        "steps" : [ ],
        "attachments" : [ ],
        "parameters" : [ ],
        "shouldDisplayMessage" : false,
        "attachmentsCount" : 0,
        "hasContent" : false,
        "stepsCount" : 0
      }, {
        "name" : "Access URL OpenQA.Selenium.Chrome.ChromeDriver",
        "time" : {
          "start" : 1617748067506,
          "stop" : 1617748069125,
          "duration" : 1619
        },
        "status" : "passed",
        "steps" : [ ],
        "attachments" : [ ],
        "parameters" : [ ],
        "shouldDisplayMessage" : false,
        "attachmentsCount" : 0,
        "hasContent" : false,
        "stepsCount" : 0
      }, {
        "name" : "Access URL OpenQA.Selenium.Chrome.ChromeDriver",
        "time" : {
          "start" : 1617748089304,
          "stop" : 1617748091137,
          "duration" : 1833
        },
        "status" : "passed",
        "steps" : [ ],
        "attachments" : [ ],
        "parameters" : [ ],
        "shouldDisplayMessage" : false,
        "attachmentsCount" : 0,
        "hasContent" : false,
        "stepsCount" : 0
      }, {
        "name" : "Check row 3 - ACTION-ADMIN - Edit Groups - Form Submit:1 on account activity grid",
        "time" : {
          "start" : 1617748091137,
          "stop" : 1617748101206,
          "duration" : 10069
        },
        "status" : "failed",
        "statusMessage" : "(TEST FAILED) Expected: Activity -> 'ACTION-ADMIN', Detail -> 'Edit Groups - Form Submit:1'\nBut was: Activity -> 'PROJECT SELECTION', Detail -> ''",
        "statusTrace" : "   at BOEM_Tests.PageObjects.SettingsPage.__a$_around_CheckRowAccountActivity_100665996_o(Int32 row, String activity, String detail) in C:\\Users\\galen\\OneDrive\\Documentos\\GitHub\\Lakes\\BOEM_Tests\\BOEM\\BOEM_Tests\\PageObjects\\Settings\\SettingsPage.cs:line 430\r\n   at BOEM_Tests.PageObjects.SettingsPage.__a$_around_CheckRowAccountActivity_100665996_u(Object[] )\r\n   at NUnit.Allure.Steps.AllureStepAspect.WrapStep(String name, MethodBase methodBase, Object[] arguments, Func`2 method)",
        "steps" : [ ],
        "attachments" : [ ],
        "parameters" : [ ],
        "shouldDisplayMessage" : true,
        "attachmentsCount" : 0,
        "hasContent" : true,
        "stepsCount" : 0
      }, {
        "name" : "Taking Screenshot",
        "time" : {
          "start" : 1617748101207,
          "stop" : 1617748101528,
          "duration" : 321
        },
        "status" : "passed",
        "steps" : [ ],
        "attachments" : [ {
          "uid" : "8a68bdad5fd4eb91",
          "name" : "Attachment Title",
          "source" : "8a68bdad5fd4eb91.png",
          "type" : "image/png",
          "size" : 72257
        } ],
        "parameters" : [ ],
        "shouldDisplayMessage" : false,
        "attachmentsCount" : 1,
        "hasContent" : true,
        "stepsCount" : 0
      } ],
      "attachments" : [ {
        "uid" : "6c19ca86a9aafa71",
        "name" : "Console Output",
        "source" : "6c19ca86a9aafa71.txt",
        "type" : "text/plain",
        "size" : 0
      } ],
      "parameters" : [ ],
      "shouldDisplayMessage" : true,
      "attachmentsCount" : 2,
      "hasContent" : true,
      "stepsCount" : 10
    } ],
    "attachments" : [ ],
    "parameters" : [ ],
    "shouldDisplayMessage" : false,
    "attachmentsCount" : 2,
    "hasContent" : true,
    "stepsCount" : 11
  },
  "afterStages" : [ {
    "name" : "TearDown_Test",
    "time" : {
      "start" : 1617748101780,
      "stop" : 1617748101780,
      "duration" : 0
    },
    "status" : "passed",
    "steps" : [ ],
    "attachments" : [ ],
    "parameters" : [ ],
    "shouldDisplayMessage" : false,
    "attachmentsCount" : 0,
    "hasContent" : false,
    "stepsCount" : 0
  } ],
  "labels" : [ {
    "name" : "thread",
    "value" : "NonParallelWorker"
  }, {
    "name" : "host",
    "value" : "SPEEDBYTES-HP"
  }, {
    "name" : "testClass",
    "value" : "BOEM_Tests.Tests.AccountActivity"
  }, {
    "name" : "testMethod",
    "value" : "AccessFeatureAccessRightsManagerEditRightsLogsActivity"
  }, {
    "name" : "package",
    "value" : "BOEM_Tests.Tests.AccountActivity"
  }, {
    "name" : "tag",
    "value" : "ACCOUNTACTIVITY.15"
  }, {
    "name" : "suite",
    "value" : "AccountActivity"
  }, {
    "name" : "severity",
    "value" : "normal"
  }, {
    "name" : "resultFormat",
    "value" : "allure2"
  } ],
  "parameters" : [ ],
  "links" : [ ],
  "hidden" : true,
  "retry" : true,
  "extra" : {
    "categories" : [ ],
    "tags" : [ "ACCOUNTACTIVITY.15" ]
  },
  "source" : "243047ce0b6db1c0.json",
  "parameterValues" : [ ]
}