{
  "uid" : "2fe7720a424d1a1",
  "name" : "CheckUser_AccountActivity",
  "fullName" : "BOEM_Tests.Tests.AdminSecurity.CheckUser_AccountActivity",
  "historyId" : "BOEM_Tests.Tests.AdminSecurity.CheckUser_AccountActivity",
  "time" : {
    "start" : 1617750105806,
    "stop" : 1617750158287,
    "duration" : 52481
  },
  "description" : "Select the admin user on Account Activity Page and check if there are values on grid. Should fail if there aren't values\n",
  "descriptionHtml" : "<p>Select the admin user on Account Activity Page and check if there are values on grid. Should fail if there aren't values</p>\n",
  "status" : "failed",
  "statusMessage" : "System.Exception : (TEST FAILED) Was redirected to Access denied page",
  "statusTrace" : "   at BOEM_Tests.Tests.AdminSecurity.CheckUser_AccountActivity() in C:\\Users\\galen\\OneDrive\\Documentos\\GitHub\\Lakes\\BOEM_Tests\\BOEM\\BOEM_Tests\\Tests\\AdminSecurity.cs:line 84",
  "flaky" : false,
  "newFailed" : false,
  "beforeStages" : [ {
    "name" : "PrepareResultsDir",
    "time" : {
      "start" : 1617750158286,
      "stop" : 1617750158286,
      "duration" : 0
    },
    "status" : "passed",
    "steps" : [ ],
    "attachments" : [ ],
    "parameters" : [ ],
    "shouldDisplayMessage" : false,
    "attachmentsCount" : 0,
    "hasContent" : false,
    "stepsCount" : 0
  }, {
    "name" : "SetUp_Test",
    "time" : {
      "start" : 1617750158286,
      "stop" : 1617750158286,
      "duration" : 0
    },
    "status" : "passed",
    "steps" : [ ],
    "attachments" : [ ],
    "parameters" : [ ],
    "shouldDisplayMessage" : false,
    "attachmentsCount" : 0,
    "hasContent" : false,
    "stepsCount" : 0
  } ],
  "testStage" : {
    "description" : "Select the admin user on Account Activity Page and check if there are values on grid. Should fail if there aren't values\n",
    "status" : "failed",
    "statusMessage" : "System.Exception : (TEST FAILED) Was redirected to Access denied page",
    "statusTrace" : "   at BOEM_Tests.Tests.AdminSecurity.CheckUser_AccountActivity() in C:\\Users\\galen\\OneDrive\\Documentos\\GitHub\\Lakes\\BOEM_Tests\\BOEM\\BOEM_Tests\\Tests\\AdminSecurity.cs:line 84",
    "steps" : [ {
      "name" : "CheckUser_AccountActivity",
      "time" : {
        "start" : 1617750105806,
        "stop" : 1617750158287,
        "duration" : 52481
      },
      "status" : "failed",
      "statusMessage" : "System.Exception : (TEST FAILED) Was redirected to Access denied page",
      "statusTrace" : "   at BOEM_Tests.Tests.AdminSecurity.CheckUser_AccountActivity() in C:\\Users\\galen\\OneDrive\\Documentos\\GitHub\\Lakes\\BOEM_Tests\\BOEM\\BOEM_Tests\\Tests\\AdminSecurity.cs:line 84",
      "steps" : [ {
        "name" : "Log in using QA user",
        "time" : {
          "start" : 1617750107526,
          "stop" : 1617750131272,
          "duration" : 23746
        },
        "status" : "passed",
        "steps" : [ {
          "name" : "Open login page",
          "time" : {
            "start" : 1617750107526,
            "stop" : 1617750112029,
            "duration" : 4503
          },
          "status" : "passed",
          "steps" : [ ],
          "attachments" : [ ],
          "parameters" : [ ],
          "shouldDisplayMessage" : false,
          "attachmentsCount" : 0,
          "hasContent" : false,
          "stepsCount" : 0
        }, {
          "name" : "Set username to qa_boem@weblakes.com",
          "time" : {
            "start" : 1617750112029,
            "stop" : 1617750112156,
            "duration" : 127
          },
          "status" : "passed",
          "steps" : [ ],
          "attachments" : [ ],
          "parameters" : [ ],
          "shouldDisplayMessage" : false,
          "attachmentsCount" : 0,
          "hasContent" : false,
          "stepsCount" : 0
        }, {
          "name" : "Set password to e45eT%0n^SpXdsb2",
          "time" : {
            "start" : 1617750112157,
            "stop" : 1617750112303,
            "duration" : 146
          },
          "status" : "passed",
          "steps" : [ ],
          "attachments" : [ ],
          "parameters" : [ ],
          "shouldDisplayMessage" : false,
          "attachmentsCount" : 0,
          "hasContent" : false,
          "stepsCount" : 0
        }, {
          "name" : "Click on login button",
          "time" : {
            "start" : 1617750112303,
            "stop" : 1617750121261,
            "duration" : 8958
          },
          "status" : "passed",
          "steps" : [ ],
          "attachments" : [ ],
          "parameters" : [ ],
          "shouldDisplayMessage" : false,
          "attachmentsCount" : 0,
          "hasContent" : false,
          "stepsCount" : 0
        } ],
        "attachments" : [ ],
        "parameters" : [ ],
        "shouldDisplayMessage" : false,
        "attachmentsCount" : 0,
        "hasContent" : true,
        "stepsCount" : 4
      }, {
        "name" : "Click on admin on top menu",
        "time" : {
          "start" : 1617750131272,
          "stop" : 1617750135470,
          "duration" : 4198
        },
        "status" : "passed",
        "steps" : [ ],
        "attachments" : [ ],
        "parameters" : [ ],
        "shouldDisplayMessage" : false,
        "attachmentsCount" : 0,
        "hasContent" : false,
        "stepsCount" : 0
      }, {
        "name" : "Click on tools auditing menu",
        "time" : {
          "start" : 1617750135470,
          "stop" : 1617750141497,
          "duration" : 6027
        },
        "status" : "passed",
        "steps" : [ ],
        "attachments" : [ ],
        "parameters" : [ ],
        "shouldDisplayMessage" : false,
        "attachmentsCount" : 0,
        "hasContent" : false,
        "stepsCount" : 0
      }, {
        "name" : "Click on user account activity",
        "time" : {
          "start" : 1617750141498,
          "stop" : 1617750147653,
          "duration" : 6155
        },
        "status" : "passed",
        "steps" : [ ],
        "attachments" : [ ],
        "parameters" : [ ],
        "shouldDisplayMessage" : false,
        "attachmentsCount" : 0,
        "hasContent" : false,
        "stepsCount" : 0
      }, {
        "name" : "Select user QA_BOEM@weblakes.com",
        "time" : {
          "start" : 1617750147653,
          "stop" : 1617750157689,
          "duration" : 10036
        },
        "status" : "failed",
        "statusMessage" : "no such element: Unable to locate element: {\"method\":\"css selector\",\"selector\":\"#gs_username\"}\n  (Session info: chrome=89.0.4389.114)",
        "statusTrace" : "   at OpenQA.Selenium.Remote.RemoteWebDriver.UnpackAndThrowOnError(Response errorResponse)\r\n   at OpenQA.Selenium.Remote.RemoteWebDriver.Execute(String driverCommandToExecute, Dictionary`2 parameters)\r\n   at OpenQA.Selenium.Remote.RemoteWebDriver.FindElement(String mechanism, String value)\r\n   at OpenQA.Selenium.Remote.RemoteWebDriver.FindElementById(String id)\r\n   at OpenQA.Selenium.By.<>c__DisplayClass16_0.<Id>b__0(ISearchContext context)\r\n   at OpenQA.Selenium.By.FindElement(ISearchContext context)\r\n   at OpenQA.Selenium.Remote.RemoteWebDriver.FindElement(By by)\r\n   at BOEM_Tests.PageObjects.AdminSecurityPage.__a$_around_SelectUserOnDropDown_100665881_o(String value) in C:\\Users\\galen\\OneDrive\\Documentos\\GitHub\\Lakes\\BOEM_Tests\\BOEM\\BOEM_Tests\\PageObjects\\AdminSecurity\\AdminSecurityPage.cs:line 136\r\n   at BOEM_Tests.PageObjects.AdminSecurityPage.__a$_around_SelectUserOnDropDown_100665881_u(Object[] )\r\n   at NUnit.Allure.Steps.AllureStepAspect.WrapStep(String name, MethodBase methodBase, Object[] arguments, Func`2 method)",
        "steps" : [ ],
        "attachments" : [ ],
        "parameters" : [ ],
        "shouldDisplayMessage" : true,
        "attachmentsCount" : 0,
        "hasContent" : true,
        "stepsCount" : 0
      }, {
        "name" : "Taking Screenshot",
        "time" : {
          "start" : 1617750157702,
          "stop" : 1617750158018,
          "duration" : 316
        },
        "status" : "passed",
        "steps" : [ ],
        "attachments" : [ {
          "uid" : "56b3ea15192d8ac4",
          "name" : "Attachment Title",
          "source" : "56b3ea15192d8ac4.png",
          "type" : "image/png",
          "size" : 57787
        } ],
        "parameters" : [ ],
        "shouldDisplayMessage" : false,
        "attachmentsCount" : 1,
        "hasContent" : true,
        "stepsCount" : 0
      } ],
      "attachments" : [ {
        "uid" : "3bb703e73e0d0d75",
        "name" : "Console Output",
        "source" : "3bb703e73e0d0d75.txt",
        "type" : "text/plain",
        "size" : 0
      } ],
      "parameters" : [ ],
      "shouldDisplayMessage" : true,
      "attachmentsCount" : 2,
      "hasContent" : true,
      "stepsCount" : 10
    } ],
    "attachments" : [ ],
    "parameters" : [ ],
    "shouldDisplayMessage" : false,
    "attachmentsCount" : 2,
    "hasContent" : true,
    "stepsCount" : 11
  },
  "afterStages" : [ {
    "name" : "TearDown_Test",
    "time" : {
      "start" : 1617750158286,
      "stop" : 1617750158286,
      "duration" : 0
    },
    "status" : "passed",
    "steps" : [ ],
    "attachments" : [ ],
    "parameters" : [ ],
    "shouldDisplayMessage" : false,
    "attachmentsCount" : 0,
    "hasContent" : false,
    "stepsCount" : 0
  } ],
  "labels" : [ {
    "name" : "thread",
    "value" : "NonParallelWorker"
  }, {
    "name" : "host",
    "value" : "SPEEDBYTES-HP"
  }, {
    "name" : "testClass",
    "value" : "BOEM_Tests.Tests.AdminSecurity"
  }, {
    "name" : "testMethod",
    "value" : "CheckUser_AccountActivity"
  }, {
    "name" : "package",
    "value" : "BOEM_Tests.Tests.AdminSecurity"
  }, {
    "name" : "tag",
    "value" : "ADMINSECURITY.1"
  }, {
    "name" : "suite",
    "value" : "AdminSecurity"
  }, {
    "name" : "severity",
    "value" : "normal"
  }, {
    "name" : "resultFormat",
    "value" : "allure2"
  } ],
  "parameters" : [ ],
  "links" : [ ],
  "hidden" : true,
  "retry" : true,
  "extra" : {
    "categories" : [ ],
    "tags" : [ "ADMINSECURITY.1" ]
  },
  "source" : "2fe7720a424d1a1.json",
  "parameterValues" : [ ]
}