{
  "uid" : "3ce9f79f7da8112b",
  "name" : "AccessFeatureThemeDefaultsEditSubmitFormLogsActivity",
  "fullName" : "BOEM_Tests.Tests.AccountActivity.AccessFeatureThemeDefaultsEditSubmitFormLogsActivity",
  "historyId" : "BOEM_Tests.Tests.AccountActivity.AccessFeatureThemeDefaultsEditSubmitFormLogsActivity",
  "time" : {
    "start" : 1617844730023,
    "stop" : 1617844815422,
    "duration" : 85399
  },
  "description" : "Access feature : theme defaults / edit / submit form - logs activity\n",
  "descriptionHtml" : "<p>Access feature : theme defaults / edit / submit form - logs activity</p>\n",
  "status" : "failed",
  "statusMessage" : "  Could not find activity 'Theme Defaults - Edit:24 - Submit' in grid\r\n  Expected: True\r\n  But was:  False\r\n",
  "statusTrace" : "   at BOEM_Tests.Tests.AccountActivity.AccessFeatureThemeDefaultsEditSubmitFormLogsActivity() in C:\\Users\\galen\\OneDrive\\Documentos\\GitHub\\Lakes\\BOEM_Tests\\BOEM\\BOEM_Tests\\Tests\\AccountActivity.cs:line 1154\r\n",
  "flaky" : false,
  "newFailed" : false,
  "beforeStages" : [ {
    "name" : "PrepareResultsDir",
    "time" : {
      "start" : 1617844815421,
      "stop" : 1617844815421,
      "duration" : 0
    },
    "status" : "passed",
    "steps" : [ ],
    "attachments" : [ ],
    "parameters" : [ ],
    "shouldDisplayMessage" : false,
    "attachmentsCount" : 0,
    "hasContent" : false,
    "stepsCount" : 0
  }, {
    "name" : "Setup_Test",
    "time" : {
      "start" : 1617844815421,
      "stop" : 1617844815421,
      "duration" : 0
    },
    "status" : "passed",
    "steps" : [ ],
    "attachments" : [ ],
    "parameters" : [ ],
    "shouldDisplayMessage" : false,
    "attachmentsCount" : 0,
    "hasContent" : false,
    "stepsCount" : 0
  } ],
  "testStage" : {
    "description" : "Access feature : theme defaults / edit / submit form - logs activity\n",
    "status" : "failed",
    "statusMessage" : "  Could not find activity 'Theme Defaults - Edit:24 - Submit' in grid\r\n  Expected: True\r\n  But was:  False\r\n",
    "statusTrace" : "   at BOEM_Tests.Tests.AccountActivity.AccessFeatureThemeDefaultsEditSubmitFormLogsActivity() in C:\\Users\\galen\\OneDrive\\Documentos\\GitHub\\Lakes\\BOEM_Tests\\BOEM\\BOEM_Tests\\Tests\\AccountActivity.cs:line 1154\r\n",
    "steps" : [ {
      "name" : "AccessFeatureThemeDefaultsEditSubmitFormLogsActivity",
      "time" : {
        "start" : 1617844730023,
        "stop" : 1617844815421,
        "duration" : 85398
      },
      "status" : "failed",
      "statusMessage" : "  Could not find activity 'Theme Defaults - Edit:24 - Submit' in grid\r\n  Expected: True\r\n  But was:  False\r\n",
      "statusTrace" : "   at BOEM_Tests.Tests.AccountActivity.AccessFeatureThemeDefaultsEditSubmitFormLogsActivity() in C:\\Users\\galen\\OneDrive\\Documentos\\GitHub\\Lakes\\BOEM_Tests\\BOEM\\BOEM_Tests\\Tests\\AccountActivity.cs:line 1154\r\n",
      "steps" : [ {
        "name" : "Log in using QA user",
        "time" : {
          "start" : 1617844731849,
          "stop" : 1617844755531,
          "duration" : 23682
        },
        "status" : "passed",
        "steps" : [ {
          "name" : "Open login page",
          "time" : {
            "start" : 1617844731849,
            "stop" : 1617844736397,
            "duration" : 4548
          },
          "status" : "passed",
          "steps" : [ ],
          "attachments" : [ ],
          "parameters" : [ ],
          "shouldDisplayMessage" : false,
          "attachmentsCount" : 0,
          "hasContent" : false,
          "stepsCount" : 0
        }, {
          "name" : "Set username to qa_boem@weblakes.com",
          "time" : {
            "start" : 1617844736397,
            "stop" : 1617844736542,
            "duration" : 145
          },
          "status" : "passed",
          "steps" : [ ],
          "attachments" : [ ],
          "parameters" : [ ],
          "shouldDisplayMessage" : false,
          "attachmentsCount" : 0,
          "hasContent" : false,
          "stepsCount" : 0
        }, {
          "name" : "Set password to e45eT%0n^SpXdsb2",
          "time" : {
            "start" : 1617844736542,
            "stop" : 1617844736707,
            "duration" : 165
          },
          "status" : "passed",
          "steps" : [ ],
          "attachments" : [ ],
          "parameters" : [ ],
          "shouldDisplayMessage" : false,
          "attachmentsCount" : 0,
          "hasContent" : false,
          "stepsCount" : 0
        }, {
          "name" : "Click on login button",
          "time" : {
            "start" : 1617844736707,
            "stop" : 1617844745528,
            "duration" : 8821
          },
          "status" : "passed",
          "steps" : [ ],
          "attachments" : [ ],
          "parameters" : [ ],
          "shouldDisplayMessage" : false,
          "attachmentsCount" : 0,
          "hasContent" : false,
          "stepsCount" : 0
        } ],
        "attachments" : [ ],
        "parameters" : [ ],
        "shouldDisplayMessage" : false,
        "attachmentsCount" : 0,
        "hasContent" : true,
        "stepsCount" : 4
      }, {
        "name" : "Check inventory 2017 - 2017 Complete Inventory",
        "time" : {
          "start" : 1617844755531,
          "stop" : 1617844758632,
          "duration" : 3101
        },
        "status" : "passed",
        "steps" : [ ],
        "attachments" : [ ],
        "parameters" : [ ],
        "shouldDisplayMessage" : false,
        "attachmentsCount" : 0,
        "hasContent" : false,
        "stepsCount" : 0
      }, {
        "name" : "Access relative URL OpenQA.Selenium.Chrome.ChromeDriver",
        "time" : {
          "start" : 1617844758632,
          "stop" : 1617844759994,
          "duration" : 1362
        },
        "status" : "passed",
        "steps" : [ ],
        "attachments" : [ ],
        "parameters" : [ ],
        "shouldDisplayMessage" : false,
        "attachmentsCount" : 0,
        "hasContent" : false,
        "stepsCount" : 0
      }, {
        "name" : "Wait 3000 ms",
        "time" : {
          "start" : 1617844759994,
          "stop" : 1617844763002,
          "duration" : 3008
        },
        "status" : "passed",
        "steps" : [ ],
        "attachments" : [ ],
        "parameters" : [ ],
        "shouldDisplayMessage" : false,
        "attachmentsCount" : 0,
        "hasContent" : false,
        "stepsCount" : 0
      }, {
        "name" : "Wait 3000 ms",
        "time" : {
          "start" : 1617844768298,
          "stop" : 1617844771302,
          "duration" : 3004
        },
        "status" : "passed",
        "steps" : [ ],
        "attachments" : [ ],
        "parameters" : [ ],
        "shouldDisplayMessage" : false,
        "attachmentsCount" : 0,
        "hasContent" : false,
        "stepsCount" : 0
      }, {
        "name" : "Wait 3000 ms",
        "time" : {
          "start" : 1617844776331,
          "stop" : 1617844779335,
          "duration" : 3004
        },
        "status" : "passed",
        "steps" : [ ],
        "attachments" : [ ],
        "parameters" : [ ],
        "shouldDisplayMessage" : false,
        "attachmentsCount" : 0,
        "hasContent" : false,
        "stepsCount" : 0
      }, {
        "name" : "Access relative URL OpenQA.Selenium.Chrome.ChromeDriver",
        "time" : {
          "start" : 1617844779335,
          "stop" : 1617844781543,
          "duration" : 2208
        },
        "status" : "passed",
        "steps" : [ ],
        "attachments" : [ ],
        "parameters" : [ ],
        "shouldDisplayMessage" : false,
        "attachmentsCount" : 0,
        "hasContent" : false,
        "stepsCount" : 0
      }, {
        "name" : "Check row ACTION-ADMIN - Theme Defaults - Index on account activity grid",
        "time" : {
          "start" : 1617844781543,
          "stop" : 1617844797886,
          "duration" : 16343
        },
        "status" : "passed",
        "steps" : [ ],
        "attachments" : [ ],
        "parameters" : [ ],
        "shouldDisplayMessage" : false,
        "attachmentsCount" : 0,
        "hasContent" : false,
        "stepsCount" : 0
      }, {
        "name" : "Check row ACTION-ADMIN - Theme Defaults - Edit:24 - Submit on account activity grid",
        "time" : {
          "start" : 1617844797886,
          "stop" : 1617844814689,
          "duration" : 16803
        },
        "status" : "passed",
        "steps" : [ ],
        "attachments" : [ ],
        "parameters" : [ ],
        "shouldDisplayMessage" : false,
        "attachmentsCount" : 0,
        "hasContent" : false,
        "stepsCount" : 0
      }, {
        "name" : "Taking Screenshot",
        "time" : {
          "start" : 1617844814691,
          "stop" : 1617844815028,
          "duration" : 337
        },
        "status" : "passed",
        "steps" : [ ],
        "attachments" : [ {
          "uid" : "d8a3069fd085cfe7",
          "name" : "Attachment Title",
          "source" : "d8a3069fd085cfe7.png",
          "type" : "image/png",
          "size" : 73015
        } ],
        "parameters" : [ ],
        "shouldDisplayMessage" : false,
        "attachmentsCount" : 1,
        "hasContent" : true,
        "stepsCount" : 0
      } ],
      "attachments" : [ {
        "uid" : "3d3caf5de8bd0ecd",
        "name" : "Console Output",
        "source" : "3d3caf5de8bd0ecd.txt",
        "type" : "text/plain",
        "size" : 0
      } ],
      "parameters" : [ ],
      "shouldDisplayMessage" : true,
      "attachmentsCount" : 2,
      "hasContent" : true,
      "stepsCount" : 14
    } ],
    "attachments" : [ ],
    "parameters" : [ ],
    "shouldDisplayMessage" : false,
    "attachmentsCount" : 2,
    "hasContent" : true,
    "stepsCount" : 15
  },
  "afterStages" : [ {
    "name" : "TearDown_Test",
    "time" : {
      "start" : 1617844815421,
      "stop" : 1617844815421,
      "duration" : 0
    },
    "status" : "passed",
    "steps" : [ ],
    "attachments" : [ ],
    "parameters" : [ ],
    "shouldDisplayMessage" : false,
    "attachmentsCount" : 0,
    "hasContent" : false,
    "stepsCount" : 0
  } ],
  "labels" : [ {
    "name" : "thread",
    "value" : "NonParallelWorker"
  }, {
    "name" : "host",
    "value" : "SPEEDBYTES-HP"
  }, {
    "name" : "testClass",
    "value" : "BOEM_Tests.Tests.AccountActivity"
  }, {
    "name" : "testMethod",
    "value" : "AccessFeatureThemeDefaultsEditSubmitFormLogsActivity"
  }, {
    "name" : "package",
    "value" : "BOEM_Tests.Tests.AccountActivity"
  }, {
    "name" : "tag",
    "value" : "ACCOUNTACTIVITY.32"
  }, {
    "name" : "suite",
    "value" : "AccountActivity"
  }, {
    "name" : "severity",
    "value" : "normal"
  }, {
    "name" : "resultFormat",
    "value" : "allure2"
  } ],
  "parameters" : [ ],
  "links" : [ ],
  "hidden" : false,
  "retry" : false,
  "extra" : {
    "severity" : "normal",
    "retries" : [ {
      "uid" : "dac5c48294d38c14",
      "status" : "failed",
      "statusDetails" : "System.Exception : (TEST FAILED) Expected: Activity -> 'ACTION-ADMIN', Detail -> 'Admin Theme Default Edit - Edit:24 - Submit'\nBut was: Activity -> 'ACTION-ADMIN', Detail -> 'Theme Defaults - Edit - Submit'",
      "time" : {
        "start" : 1617749120723,
        "stop" : 1617749199084,
        "duration" : 78361
      }
    } ],
    "categories" : [ {
      "name" : "Product defects",
      "matchedStatuses" : [ ],
      "flaky" : false
    } ],
    "history" : {
      "statistic" : {
        "failed" : 6,
        "broken" : 0,
        "skipped" : 0,
        "passed" : 0,
        "unknown" : 0,
        "total" : 6
      },
      "items" : [ {
        "uid" : "d91de524b9d2a9ed",
        "status" : "failed",
        "statusDetails" : "System.Exception : (TEST FAILED) Expected: Activity -> 'ACTION-ADMIN', Detail -> 'Theme Defaults - Index'\nBut was: Activity -> 'ACTION-ADMIN', Detail -> 'Admin Theme Defaults - Index'",
        "time" : {
          "start" : 1617170451408,
          "stop" : 1617170527216,
          "duration" : 75808
        }
      }, {
        "uid" : "bca495443a1c9610",
        "status" : "failed",
        "statusDetails" : "System.Exception : Expected: Activity -> 'ACTION-ADMIN', Detail -> 'Theme Defaults - Index'\nBut was: Activity -> 'ACTION-ADMIN', Detail -> 'Admin Theme Defaults - Index'",
        "time" : {
          "start" : 1617062468582,
          "stop" : 1617062550218,
          "duration" : 81636
        }
      }, {
        "uid" : "bd741da8e5d104fc",
        "status" : "failed",
        "statusDetails" : "System.Exception : Expected: Activity -> 'ACTION-ADMIN', Detail -> 'Theme Defaults - Grid'\nBut was: Activity -> 'ACTION', Detail -> 'User Account Activity - Index'",
        "time" : {
          "start" : 1616631847773,
          "stop" : 1616631912871,
          "duration" : 65098
        }
      }, {
        "uid" : "af2de52e8c1e0055",
        "status" : "failed",
        "statusDetails" : "  Expected: True\r\n  But was:  False\r\n",
        "time" : {
          "start" : 1616041271792,
          "stop" : 1616041345570,
          "duration" : 73778
        }
      }, {
        "uid" : "f79711551a589e1",
        "status" : "failed",
        "statusDetails" : "OpenQA.Selenium.NoSuchElementException : no such element: Unable to locate element: {\"method\":\"xpath\",\"selector\":\"//*[@id='grid_ActivityGrid']/tbody/tr[2]/td[9]\"}\n  (Session info: chrome=88.0.4324.190)",
        "time" : {
          "start" : 1615432610758,
          "stop" : 1615432681134,
          "duration" : 70376
        }
      } ]
    },
    "tags" : [ "ACCOUNTACTIVITY.32" ]
  },
  "source" : "3ce9f79f7da8112b.json",
  "parameterValues" : [ ]
}