{
  "uid" : "69bcf8c16bf0042b",
  "name" : "AccessFeatureGroupMembershipLogsActivity",
  "fullName" : "BOEM_Tests.Tests.AccountActivity.AccessFeatureGroupMembershipLogsActivity",
  "historyId" : "BOEM_Tests.Tests.AccountActivity.AccessFeatureGroupMembershipLogsActivity",
  "time" : {
    "start" : 1617169319851,
    "stop" : 1617169367100,
    "duration" : 47249
  },
  "description" : "Access Feature : Group Membership, Logs Activity\n",
  "descriptionHtml" : "<p>Access Feature : Group Membership, Logs Activity</p>\n",
  "status" : "failed",
  "statusMessage" : "System.Exception : (TEST FAILED) Expected: Activity -> 'ACTION-ADMIN', Detail -> 'View Group Membership - Grid'\nBut was: Activity -> 'ACTION', Detail -> 'User Account Activity - Index'",
  "statusTrace" : "   at BOEM_Tests.Tests.AccountActivity.AccessFeatureGroupMembershipLogsActivity() in C:\\Users\\galen\\OneDrive\\Documentos\\GitHub\\Lakes\\BOEM_Tests\\BOEM\\BOEM_Tests\\Tests\\AccountActivity.cs:line 663",
  "flaky" : false,
  "newFailed" : false,
  "beforeStages" : [ {
    "name" : "PrepareResultsDir",
    "time" : {
      "start" : 1617169367099,
      "stop" : 1617169367099,
      "duration" : 0
    },
    "status" : "passed",
    "steps" : [ ],
    "attachments" : [ ],
    "parameters" : [ ],
    "attachmentsCount" : 0,
    "shouldDisplayMessage" : false,
    "stepsCount" : 0,
    "hasContent" : false
  }, {
    "name" : "Setup_Test",
    "time" : {
      "start" : 1617169367099,
      "stop" : 1617169367099,
      "duration" : 0
    },
    "status" : "passed",
    "steps" : [ ],
    "attachments" : [ ],
    "parameters" : [ ],
    "attachmentsCount" : 0,
    "shouldDisplayMessage" : false,
    "stepsCount" : 0,
    "hasContent" : false
  } ],
  "testStage" : {
    "description" : "Access Feature : Group Membership, Logs Activity\n",
    "status" : "failed",
    "statusMessage" : "System.Exception : (TEST FAILED) Expected: Activity -> 'ACTION-ADMIN', Detail -> 'View Group Membership - Grid'\nBut was: Activity -> 'ACTION', Detail -> 'User Account Activity - Index'",
    "statusTrace" : "   at BOEM_Tests.Tests.AccountActivity.AccessFeatureGroupMembershipLogsActivity() in C:\\Users\\galen\\OneDrive\\Documentos\\GitHub\\Lakes\\BOEM_Tests\\BOEM\\BOEM_Tests\\Tests\\AccountActivity.cs:line 663",
    "steps" : [ {
      "name" : "AccessFeatureGroupMembershipLogsActivity",
      "time" : {
        "start" : 1617169319851,
        "stop" : 1617169367100,
        "duration" : 47249
      },
      "status" : "failed",
      "statusMessage" : "System.Exception : (TEST FAILED) Expected: Activity -> 'ACTION-ADMIN', Detail -> 'View Group Membership - Grid'\nBut was: Activity -> 'ACTION', Detail -> 'User Account Activity - Index'",
      "statusTrace" : "   at BOEM_Tests.Tests.AccountActivity.AccessFeatureGroupMembershipLogsActivity() in C:\\Users\\galen\\OneDrive\\Documentos\\GitHub\\Lakes\\BOEM_Tests\\BOEM\\BOEM_Tests\\Tests\\AccountActivity.cs:line 663",
      "steps" : [ ],
      "attachments" : [ {
        "uid" : "2fbe9d013e2d9440",
        "name" : "Attachment Title",
        "source" : "2fbe9d013e2d9440.png",
        "type" : "image/png",
        "size" : 72084
      }, {
        "uid" : "95ec620a78e7dbbf",
        "name" : "Console Output",
        "source" : "95ec620a78e7dbbf.txt",
        "type" : "text/plain",
        "size" : 0
      } ],
      "parameters" : [ ],
      "attachmentsCount" : 2,
      "shouldDisplayMessage" : true,
      "stepsCount" : 0,
      "hasContent" : true
    } ],
    "attachments" : [ ],
    "parameters" : [ ],
    "attachmentsCount" : 2,
    "shouldDisplayMessage" : false,
    "stepsCount" : 1,
    "hasContent" : true
  },
  "afterStages" : [ {
    "name" : "TearDown_Test",
    "time" : {
      "start" : 1617169367099,
      "stop" : 1617169367099,
      "duration" : 0
    },
    "status" : "passed",
    "steps" : [ ],
    "attachments" : [ ],
    "parameters" : [ ],
    "attachmentsCount" : 0,
    "shouldDisplayMessage" : false,
    "stepsCount" : 0,
    "hasContent" : false
  } ],
  "labels" : [ {
    "name" : "thread",
    "value" : "NonParallelWorker"
  }, {
    "name" : "host",
    "value" : "SPEEDBYTES-HP"
  }, {
    "name" : "testClass",
    "value" : "BOEM_Tests.Tests.AccountActivity"
  }, {
    "name" : "testMethod",
    "value" : "AccessFeatureGroupMembershipLogsActivity"
  }, {
    "name" : "package",
    "value" : "BOEM_Tests.Tests.AccountActivity"
  }, {
    "name" : "tag",
    "value" : "ACCOUNTACTIVITY.18"
  }, {
    "name" : "suite",
    "value" : "AccountActivity"
  }, {
    "name" : "severity",
    "value" : "normal"
  }, {
    "name" : "resultFormat",
    "value" : "allure2"
  } ],
  "parameters" : [ ],
  "links" : [ ],
  "hidden" : false,
  "retry" : false,
  "extra" : {
    "severity" : "normal",
    "retries" : [ ],
    "categories" : [ {
      "name" : "Product defects",
      "matchedStatuses" : [ ],
      "flaky" : false
    } ],
    "history" : {
      "statistic" : {
        "failed" : 7,
        "broken" : 0,
        "skipped" : 0,
        "passed" : 0,
        "unknown" : 0,
        "total" : 7
      },
      "items" : [ {
        "uid" : "dd6133ce20b443a",
        "status" : "failed",
        "statusDetails" : "System.Exception : Expected: Activity -> 'ACTION-ADMIN', Detail -> 'View Group Membership - Grid'\nBut was: Activity -> 'ACTION', Detail -> 'User Account Activity - Index'",
        "time" : {
          "start" : 1617061353235,
          "stop" : 1617061406378,
          "duration" : 53143
        }
      }, {
        "uid" : "e3b8c6ac73ab64e8",
        "status" : "failed",
        "statusDetails" : "System.Exception : Expected: Activity -> 'ACTION-ADMIN', Detail -> 'View Group Membership - Grid'\nBut was: Activity -> 'ACTION', Detail -> 'User Account Activity - Index'",
        "time" : {
          "start" : 1616630878198,
          "stop" : 1616630949564,
          "duration" : 71366
        }
      }, {
        "uid" : "d3dec221da517060",
        "status" : "failed",
        "statusDetails" : "  Expected: True\r\n  But was:  False\r\n",
        "time" : {
          "start" : 1616458803303,
          "stop" : 1616458877930,
          "duration" : 74627
        }
      }, {
        "uid" : "7e742a18e3cb51d6",
        "status" : "failed",
        "statusDetails" : "OpenQA.Selenium.NoSuchElementException : no such element: Unable to locate element: {\"method\":\"xpath\",\"selector\":\"//*[@id='grid_ActivityGrid']/tbody/tr[2]/td[9]\"}\n  (Session info: chrome=88.0.4324.190)",
        "time" : {
          "start" : 1615431835962,
          "stop" : 1615431892636,
          "duration" : 56674
        }
      }, {
        "uid" : "56738935db6c841d",
        "status" : "failed",
        "statusDetails" : "  Expected: True\r\n  But was:  False\r\n",
        "time" : {
          "start" : 1614731056750,
          "stop" : 1614731091897,
          "duration" : 35147
        }
      }, {
        "uid" : "78364c313b57e2d8",
        "status" : "failed",
        "statusDetails" : "  Expected: True\r\n  But was:  False\r\n",
        "time" : {
          "start" : 1613609410450,
          "stop" : 1613609448021,
          "duration" : 37571
        }
      } ]
    },
    "tags" : [ "ACCOUNTACTIVITY.18" ]
  },
  "source" : "69bcf8c16bf0042b.json",
  "parameterValues" : [ ]
}