{
  "uid" : "6dad6ab2d1573607",
  "name" : "AccessFeatureApplicationLogsTestLogLogsPrivilegedActivity",
  "fullName" : "BOEM_Tests.Tests.AccountActivity.AccessFeatureApplicationLogsTestLogLogsPrivilegedActivity",
  "historyId" : "BOEM_Tests.Tests.AccountActivity.AccessFeatureApplicationLogsTestLogLogsPrivilegedActivity",
  "time" : {
    "start" : 1617748707071,
    "stop" : 1617748755946,
    "duration" : 48875
  },
  "description" : "Access Feature : Application Logs, Test log, logs privileged activity\n",
  "descriptionHtml" : "<p>Access Feature : Application Logs, Test log, logs privileged activity</p>\n",
  "status" : "failed",
  "statusMessage" : "System.Exception : (TEST FAILED) Expected: Activity -> 'ACTION-ADMIN', Detail -> 'Application Logs - TestLog - Submit'\nBut was: Activity -> 'PROJECT SELECTION', Detail -> ''",
  "statusTrace" : "   at BOEM_Tests.Tests.AccountActivity.AccessFeatureApplicationLogsTestLogLogsPrivilegedActivity() in C:\\Users\\galen\\OneDrive\\Documentos\\GitHub\\Lakes\\BOEM_Tests\\BOEM\\BOEM_Tests\\Tests\\AccountActivity.cs:line 869",
  "flaky" : false,
  "newFailed" : false,
  "beforeStages" : [ {
    "name" : "PrepareResultsDir",
    "time" : {
      "start" : 1617748755945,
      "stop" : 1617748755945,
      "duration" : 0
    },
    "status" : "passed",
    "steps" : [ ],
    "attachments" : [ ],
    "parameters" : [ ],
    "shouldDisplayMessage" : false,
    "attachmentsCount" : 0,
    "hasContent" : false,
    "stepsCount" : 0
  }, {
    "name" : "Setup_Test",
    "time" : {
      "start" : 1617748755945,
      "stop" : 1617748755945,
      "duration" : 0
    },
    "status" : "passed",
    "steps" : [ ],
    "attachments" : [ ],
    "parameters" : [ ],
    "shouldDisplayMessage" : false,
    "attachmentsCount" : 0,
    "hasContent" : false,
    "stepsCount" : 0
  } ],
  "testStage" : {
    "description" : "Access Feature : Application Logs, Test log, logs privileged activity\n",
    "status" : "failed",
    "statusMessage" : "System.Exception : (TEST FAILED) Expected: Activity -> 'ACTION-ADMIN', Detail -> 'Application Logs - TestLog - Submit'\nBut was: Activity -> 'PROJECT SELECTION', Detail -> ''",
    "statusTrace" : "   at BOEM_Tests.Tests.AccountActivity.AccessFeatureApplicationLogsTestLogLogsPrivilegedActivity() in C:\\Users\\galen\\OneDrive\\Documentos\\GitHub\\Lakes\\BOEM_Tests\\BOEM\\BOEM_Tests\\Tests\\AccountActivity.cs:line 869",
    "steps" : [ {
      "name" : "AccessFeatureApplicationLogsTestLogLogsPrivilegedActivity",
      "time" : {
        "start" : 1617748707071,
        "stop" : 1617748755945,
        "duration" : 48874
      },
      "status" : "failed",
      "statusMessage" : "System.Exception : (TEST FAILED) Expected: Activity -> 'ACTION-ADMIN', Detail -> 'Application Logs - TestLog - Submit'\nBut was: Activity -> 'PROJECT SELECTION', Detail -> ''",
      "statusTrace" : "   at BOEM_Tests.Tests.AccountActivity.AccessFeatureApplicationLogsTestLogLogsPrivilegedActivity() in C:\\Users\\galen\\OneDrive\\Documentos\\GitHub\\Lakes\\BOEM_Tests\\BOEM\\BOEM_Tests\\Tests\\AccountActivity.cs:line 869",
      "steps" : [ {
        "name" : "Log in using QA user",
        "time" : {
          "start" : 1617748708842,
          "stop" : 1617748732079,
          "duration" : 23237
        },
        "status" : "passed",
        "steps" : [ {
          "name" : "Open login page",
          "time" : {
            "start" : 1617748708842,
            "stop" : 1617748713079,
            "duration" : 4237
          },
          "status" : "passed",
          "steps" : [ ],
          "attachments" : [ ],
          "parameters" : [ ],
          "shouldDisplayMessage" : false,
          "attachmentsCount" : 0,
          "hasContent" : false,
          "stepsCount" : 0
        }, {
          "name" : "Set username to qa_boem@weblakes.com",
          "time" : {
            "start" : 1617748713079,
            "stop" : 1617748713221,
            "duration" : 142
          },
          "status" : "passed",
          "steps" : [ ],
          "attachments" : [ ],
          "parameters" : [ ],
          "shouldDisplayMessage" : false,
          "attachmentsCount" : 0,
          "hasContent" : false,
          "stepsCount" : 0
        }, {
          "name" : "Set password to e45eT%0n^SpXdsb2",
          "time" : {
            "start" : 1617748713221,
            "stop" : 1617748713375,
            "duration" : 154
          },
          "status" : "passed",
          "steps" : [ ],
          "attachments" : [ ],
          "parameters" : [ ],
          "shouldDisplayMessage" : false,
          "attachmentsCount" : 0,
          "hasContent" : false,
          "stepsCount" : 0
        }, {
          "name" : "Click on login button",
          "time" : {
            "start" : 1617748713375,
            "stop" : 1617748722076,
            "duration" : 8701
          },
          "status" : "passed",
          "steps" : [ ],
          "attachments" : [ ],
          "parameters" : [ ],
          "shouldDisplayMessage" : false,
          "attachmentsCount" : 0,
          "hasContent" : false,
          "stepsCount" : 0
        } ],
        "attachments" : [ ],
        "parameters" : [ ],
        "shouldDisplayMessage" : false,
        "attachmentsCount" : 0,
        "hasContent" : true,
        "stepsCount" : 4
      }, {
        "name" : "Check inventory 2017 - 2017 Complete Inventory",
        "time" : {
          "start" : 1617748732079,
          "stop" : 1617748735168,
          "duration" : 3089
        },
        "status" : "passed",
        "steps" : [ ],
        "attachments" : [ ],
        "parameters" : [ ],
        "shouldDisplayMessage" : false,
        "attachmentsCount" : 0,
        "hasContent" : false,
        "stepsCount" : 0
      }, {
        "name" : "Access relative URL OpenQA.Selenium.Chrome.ChromeDriver",
        "time" : {
          "start" : 1617748735168,
          "stop" : 1617748736989,
          "duration" : 1821
        },
        "status" : "passed",
        "steps" : [ ],
        "attachments" : [ ],
        "parameters" : [ ],
        "shouldDisplayMessage" : false,
        "attachmentsCount" : 0,
        "hasContent" : false,
        "stepsCount" : 0
      }, {
        "name" : "Wait 3000 ms",
        "time" : {
          "start" : 1617748740048,
          "stop" : 1617748743051,
          "duration" : 3003
        },
        "status" : "passed",
        "steps" : [ ],
        "attachments" : [ ],
        "parameters" : [ ],
        "shouldDisplayMessage" : false,
        "attachmentsCount" : 0,
        "hasContent" : false,
        "stepsCount" : 0
      }, {
        "name" : "Access relative URL OpenQA.Selenium.Chrome.ChromeDriver",
        "time" : {
          "start" : 1617748743051,
          "stop" : 1617748745271,
          "duration" : 2220
        },
        "status" : "passed",
        "steps" : [ ],
        "attachments" : [ ],
        "parameters" : [ ],
        "shouldDisplayMessage" : false,
        "attachmentsCount" : 0,
        "hasContent" : false,
        "stepsCount" : 0
      }, {
        "name" : "Check row 2 - ACTION-ADMIN - Application Logs - TestLog - Submit on account activity grid",
        "time" : {
          "start" : 1617748745271,
          "stop" : 1617748755346,
          "duration" : 10075
        },
        "status" : "failed",
        "statusMessage" : "(TEST FAILED) Expected: Activity -> 'ACTION-ADMIN', Detail -> 'Application Logs - TestLog - Submit'\nBut was: Activity -> 'PROJECT SELECTION', Detail -> ''",
        "statusTrace" : "   at BOEM_Tests.PageObjects.SettingsPage.__a$_around_CheckRowAccountActivity_100665996_o(Int32 row, String activity, String detail) in C:\\Users\\galen\\OneDrive\\Documentos\\GitHub\\Lakes\\BOEM_Tests\\BOEM\\BOEM_Tests\\PageObjects\\Settings\\SettingsPage.cs:line 430\r\n   at BOEM_Tests.PageObjects.SettingsPage.__a$_around_CheckRowAccountActivity_100665996_u(Object[] )\r\n   at NUnit.Allure.Steps.AllureStepAspect.WrapStep(String name, MethodBase methodBase, Object[] arguments, Func`2 method)",
        "steps" : [ ],
        "attachments" : [ ],
        "parameters" : [ ],
        "shouldDisplayMessage" : true,
        "attachmentsCount" : 0,
        "hasContent" : true,
        "stepsCount" : 0
      }, {
        "name" : "Taking Screenshot",
        "time" : {
          "start" : 1617748755347,
          "stop" : 1617748755673,
          "duration" : 326
        },
        "status" : "passed",
        "steps" : [ ],
        "attachments" : [ {
          "uid" : "256c2379a525253e",
          "name" : "Attachment Title",
          "source" : "256c2379a525253e.png",
          "type" : "image/png",
          "size" : 72593
        } ],
        "parameters" : [ ],
        "shouldDisplayMessage" : false,
        "attachmentsCount" : 1,
        "hasContent" : true,
        "stepsCount" : 0
      } ],
      "attachments" : [ {
        "uid" : "7e68696fa6abbc8b",
        "name" : "Console Output",
        "source" : "7e68696fa6abbc8b.txt",
        "type" : "text/plain",
        "size" : 0
      } ],
      "parameters" : [ ],
      "shouldDisplayMessage" : true,
      "attachmentsCount" : 2,
      "hasContent" : true,
      "stepsCount" : 11
    } ],
    "attachments" : [ ],
    "parameters" : [ ],
    "shouldDisplayMessage" : false,
    "attachmentsCount" : 2,
    "hasContent" : true,
    "stepsCount" : 12
  },
  "afterStages" : [ {
    "name" : "TearDown_Test",
    "time" : {
      "start" : 1617748755945,
      "stop" : 1617748755945,
      "duration" : 0
    },
    "status" : "passed",
    "steps" : [ ],
    "attachments" : [ ],
    "parameters" : [ ],
    "shouldDisplayMessage" : false,
    "attachmentsCount" : 0,
    "hasContent" : false,
    "stepsCount" : 0
  } ],
  "labels" : [ {
    "name" : "thread",
    "value" : "NonParallelWorker"
  }, {
    "name" : "host",
    "value" : "SPEEDBYTES-HP"
  }, {
    "name" : "testClass",
    "value" : "BOEM_Tests.Tests.AccountActivity"
  }, {
    "name" : "testMethod",
    "value" : "AccessFeatureApplicationLogsTestLogLogsPrivilegedActivity"
  }, {
    "name" : "package",
    "value" : "BOEM_Tests.Tests.AccountActivity"
  }, {
    "name" : "tag",
    "value" : "ACCOUNTACTIVITY.24"
  }, {
    "name" : "suite",
    "value" : "AccountActivity"
  }, {
    "name" : "severity",
    "value" : "normal"
  }, {
    "name" : "resultFormat",
    "value" : "allure2"
  } ],
  "parameters" : [ ],
  "links" : [ ],
  "hidden" : true,
  "retry" : true,
  "extra" : {
    "categories" : [ ],
    "tags" : [ "ACCOUNTACTIVITY.24" ]
  },
  "source" : "6dad6ab2d1573607.json",
  "parameterValues" : [ ]
}