{
  "uid" : "721df87633ada686",
  "name" : "AccessURL21_AdminChangeLog",
  "fullName" : "BOEM_Tests.Tests.Url.AccessURL21_AdminChangeLog",
  "historyId" : "BOEM_Tests.Tests.Url.AccessURL21_AdminChangeLog",
  "time" : {
    "start" : 1617883276807,
    "stop" : 1617883358490,
    "duration" : 81683
  },
  "description" : "Try to access the url: '/AdminChangeLog'. Should fail if page doesn't load\n",
  "descriptionHtml" : "<p>Try to access the url: '/AdminChangeLog'. Should fail if page doesn't load</p>\n",
  "status" : "failed",
  "statusMessage" : "OpenQA.Selenium.WebDriverTimeoutException : (TEST FAILED) Page took too long to load",
  "statusTrace" : "   at BOEM_Tests.Tests.Url.AccessURL21_AdminChangeLog() in C:\\Users\\galen\\OneDrive\\Documentos\\GitHub\\Lakes\\BOEM_Tests\\BOEM\\BOEM_Tests\\Tests\\Url.cs:line 551",
  "flaky" : true,
  "newFailed" : false,
  "beforeStages" : [ {
    "name" : "PrepareResultsDir",
    "time" : {
      "start" : 1617883358485,
      "stop" : 1617883358485,
      "duration" : 0
    },
    "status" : "passed",
    "steps" : [ ],
    "attachments" : [ ],
    "parameters" : [ ],
    "shouldDisplayMessage" : false,
    "attachmentsCount" : 0,
    "hasContent" : false,
    "stepsCount" : 0
  }, {
    "name" : "SetUp_Test",
    "time" : {
      "start" : 1617883358485,
      "stop" : 1617883358485,
      "duration" : 0
    },
    "status" : "passed",
    "steps" : [ ],
    "attachments" : [ ],
    "parameters" : [ ],
    "shouldDisplayMessage" : false,
    "attachmentsCount" : 0,
    "hasContent" : false,
    "stepsCount" : 0
  } ],
  "testStage" : {
    "description" : "Try to access the url: '/AdminChangeLog'. Should fail if page doesn't load\n",
    "status" : "failed",
    "statusMessage" : "OpenQA.Selenium.WebDriverTimeoutException : (TEST FAILED) Page took too long to load",
    "statusTrace" : "   at BOEM_Tests.Tests.Url.AccessURL21_AdminChangeLog() in C:\\Users\\galen\\OneDrive\\Documentos\\GitHub\\Lakes\\BOEM_Tests\\BOEM\\BOEM_Tests\\Tests\\Url.cs:line 551",
    "steps" : [ {
      "name" : "AccessURL21_AdminChangeLog",
      "time" : {
        "start" : 1617883276808,
        "stop" : 1617883358490,
        "duration" : 81682
      },
      "status" : "failed",
      "statusMessage" : "OpenQA.Selenium.WebDriverTimeoutException : (TEST FAILED) Page took too long to load",
      "statusTrace" : "   at BOEM_Tests.Tests.Url.AccessURL21_AdminChangeLog() in C:\\Users\\galen\\OneDrive\\Documentos\\GitHub\\Lakes\\BOEM_Tests\\BOEM\\BOEM_Tests\\Tests\\Url.cs:line 551",
      "steps" : [ {
        "name" : "Log in using QA user",
        "time" : {
          "start" : 1617883278612,
          "stop" : 1617883305803,
          "duration" : 27191
        },
        "status" : "passed",
        "steps" : [ {
          "name" : "Open login page",
          "time" : {
            "start" : 1617883278612,
            "stop" : 1617883283110,
            "duration" : 4498
          },
          "status" : "passed",
          "steps" : [ ],
          "attachments" : [ ],
          "parameters" : [ ],
          "shouldDisplayMessage" : false,
          "attachmentsCount" : 0,
          "hasContent" : false,
          "stepsCount" : 0
        }, {
          "name" : "Set username to qa_boem@weblakes.com",
          "time" : {
            "start" : 1617883283110,
            "stop" : 1617883283236,
            "duration" : 126
          },
          "status" : "passed",
          "steps" : [ ],
          "attachments" : [ ],
          "parameters" : [ ],
          "shouldDisplayMessage" : false,
          "attachmentsCount" : 0,
          "hasContent" : false,
          "stepsCount" : 0
        }, {
          "name" : "Set password to e45eT%0n^SpXdsb2",
          "time" : {
            "start" : 1617883283236,
            "stop" : 1617883283385,
            "duration" : 149
          },
          "status" : "passed",
          "steps" : [ ],
          "attachments" : [ ],
          "parameters" : [ ],
          "shouldDisplayMessage" : false,
          "attachmentsCount" : 0,
          "hasContent" : false,
          "stepsCount" : 0
        }, {
          "name" : "Click on login button",
          "time" : {
            "start" : 1617883283385,
            "stop" : 1617883295796,
            "duration" : 12411
          },
          "status" : "passed",
          "steps" : [ ],
          "attachments" : [ ],
          "parameters" : [ ],
          "shouldDisplayMessage" : false,
          "attachmentsCount" : 0,
          "hasContent" : false,
          "stepsCount" : 0
        } ],
        "attachments" : [ ],
        "parameters" : [ ],
        "shouldDisplayMessage" : false,
        "attachmentsCount" : 0,
        "hasContent" : true,
        "stepsCount" : 4
      }, {
        "name" : "Access relative url /AdminChangeLog",
        "time" : {
          "start" : 1617883305803,
          "stop" : 1617883357821,
          "duration" : 52018
        },
        "status" : "failed",
        "statusMessage" : "timeout: Timed out receiving message from renderer: -0.002\n  (Session info: chrome=89.0.4389.114)",
        "statusTrace" : "   at OpenQA.Selenium.Remote.RemoteWebDriver.UnpackAndThrowOnError(Response errorResponse)\r\n   at OpenQA.Selenium.Remote.RemoteWebDriver.Execute(String driverCommandToExecute, Dictionary`2 parameters)\r\n   at OpenQA.Selenium.Remote.RemoteWebDriver.set_Url(String value)\r\n   at OpenQA.Selenium.Remote.RemoteNavigator.GoToUrl(String url)\r\n   at BOEM_Tests.PageObjects.UrlPage.__a$_around_AccessRelativeUrl_100666045_o(String relativeUrl) in C:\\Users\\galen\\OneDrive\\Documentos\\GitHub\\Lakes\\BOEM_Tests\\BOEM\\BOEM_Tests\\PageObjects\\Url\\UrlPage.cs:line 36\r\n   at BOEM_Tests.PageObjects.UrlPage.__a$_around_AccessRelativeUrl_100666045_u(Object[] )\r\n   at NUnit.Allure.Steps.AllureStepAspect.WrapStep(String name, MethodBase methodBase, Object[] arguments, Func`2 method)",
        "steps" : [ ],
        "attachments" : [ ],
        "parameters" : [ ],
        "shouldDisplayMessage" : true,
        "attachmentsCount" : 0,
        "hasContent" : true,
        "stepsCount" : 0
      }, {
        "name" : "Taking Screenshot",
        "time" : {
          "start" : 1617883357823,
          "stop" : 1617883358177,
          "duration" : 354
        },
        "status" : "passed",
        "steps" : [ ],
        "attachments" : [ {
          "uid" : "77adba78cc0ea04d",
          "name" : "Attachment Title",
          "source" : "77adba78cc0ea04d.png",
          "type" : "image/png",
          "size" : 120119
        } ],
        "parameters" : [ ],
        "shouldDisplayMessage" : false,
        "attachmentsCount" : 1,
        "hasContent" : true,
        "stepsCount" : 0
      } ],
      "attachments" : [ {
        "uid" : "d81e85c0ab567fb3",
        "name" : "Console Output",
        "source" : "d81e85c0ab567fb3.txt",
        "type" : "text/plain",
        "size" : 0
      } ],
      "parameters" : [ ],
      "shouldDisplayMessage" : true,
      "attachmentsCount" : 2,
      "hasContent" : true,
      "stepsCount" : 7
    } ],
    "attachments" : [ ],
    "parameters" : [ ],
    "shouldDisplayMessage" : false,
    "attachmentsCount" : 2,
    "hasContent" : true,
    "stepsCount" : 8
  },
  "afterStages" : [ {
    "name" : "TearDown_Test",
    "time" : {
      "start" : 1617883358485,
      "stop" : 1617883358485,
      "duration" : 0
    },
    "status" : "passed",
    "steps" : [ ],
    "attachments" : [ ],
    "parameters" : [ ],
    "shouldDisplayMessage" : false,
    "attachmentsCount" : 0,
    "hasContent" : false,
    "stepsCount" : 0
  } ],
  "labels" : [ {
    "name" : "thread",
    "value" : "NonParallelWorker"
  }, {
    "name" : "host",
    "value" : "SPEEDBYTES-HP"
  }, {
    "name" : "testClass",
    "value" : "BOEM_Tests.Tests.Url"
  }, {
    "name" : "testMethod",
    "value" : "AccessURL21_AdminChangeLog"
  }, {
    "name" : "package",
    "value" : "BOEM_Tests.Tests.Url"
  }, {
    "name" : "tag",
    "value" : "URL.21"
  }, {
    "name" : "suite",
    "value" : "Url"
  }, {
    "name" : "severity",
    "value" : "normal"
  }, {
    "name" : "resultFormat",
    "value" : "allure2"
  } ],
  "parameters" : [ ],
  "links" : [ ],
  "hidden" : false,
  "retry" : false,
  "extra" : {
    "severity" : "normal",
    "retries" : [ {
      "uid" : "e73ec8529b60c6b0",
      "status" : "failed",
      "statusDetails" : "OpenQA.Selenium.WebDriverTimeoutException : (TEST FAILED) Page took too long to load",
      "time" : {
        "start" : 1617821510530,
        "stop" : 1617821594135,
        "duration" : 83605
      }
    }, {
      "uid" : "67042157ba70c4ad",
      "status" : "failed",
      "statusDetails" : "OpenQA.Selenium.WebDriverTimeoutException : timeout: Timed out receiving message from renderer: -0.011\n  (Session info: chrome=89.0.4389.114)",
      "time" : {
        "start" : 1617821081769,
        "stop" : 1617821164978,
        "duration" : 83209
      }
    }, {
      "uid" : "de5d111986e04cb",
      "status" : "failed",
      "statusDetails" : "OpenQA.Selenium.WebDriverTimeoutException : timeout: Timed out receiving message from renderer: -0.010\n  (Session info: chrome=89.0.4389.114)",
      "time" : {
        "start" : 1617820483800,
        "stop" : 1617820565922,
        "duration" : 82122
      }
    }, {
      "uid" : "936987a3b82a141b",
      "status" : "failed",
      "statusDetails" : "OpenQA.Selenium.WebDriverException : unknown error: net::ERR_CONNECTION_TIMED_OUT\n  (Session info: chrome=89.0.4389.114)",
      "time" : {
        "start" : 1617769588412,
        "stop" : 1617769633695,
        "duration" : 45283
      }
    } ],
    "categories" : [ {
      "name" : "Product defects",
      "matchedStatuses" : [ ],
      "flaky" : false
    } ],
    "history" : {
      "statistic" : {
        "failed" : 8,
        "broken" : 0,
        "skipped" : 0,
        "passed" : 7,
        "unknown" : 0,
        "total" : 15
      },
      "items" : [ {
        "uid" : "cbfc6102ee3c72c5",
        "status" : "failed",
        "statusDetails" : "OpenQA.Selenium.WebDriverTimeoutException : timeout: Timed out receiving message from renderer: -0.006\n  (Session info: chrome=89.0.4389.90)",
        "time" : {
          "start" : 1617216140079,
          "stop" : 1617216232412,
          "duration" : 92333
        }
      }, {
        "uid" : "7907f9b82a1666aa",
        "status" : "failed",
        "statusDetails" : "OpenQA.Selenium.WebDriverTimeoutException : timeout: Timed out receiving message from renderer: -0.005\n  (Session info: chrome=89.0.4389.90)",
        "time" : {
          "start" : 1617106506616,
          "stop" : 1617106599123,
          "duration" : 92507
        }
      }, {
        "uid" : "94158d9f1d3cd377",
        "status" : "failed",
        "statusDetails" : "OpenQA.Selenium.WebDriverTimeoutException : timeout: Timed out receiving message from renderer: -0.003\n  (Session info: chrome=89.0.4389.90)",
        "time" : {
          "start" : 1616592493055,
          "stop" : 1616592600619,
          "duration" : 107564
        }
      }, {
        "uid" : "8efd9e0e5ea4d04e",
        "status" : "failed",
        "statusDetails" : "OpenQA.Selenium.WebDriverTimeoutException : timeout: Timed out receiving message from renderer: -0.012\n  (Session info: chrome=89.0.4389.90)",
        "time" : {
          "start" : 1616159317615,
          "stop" : 1616159418113,
          "duration" : 100498
        }
      }, {
        "uid" : "841f4770486c669c",
        "status" : "passed",
        "time" : {
          "start" : 1615315462816,
          "stop" : 1615315515324,
          "duration" : 52508
        }
      }, {
        "uid" : "8b59c308f17519ee",
        "status" : "failed",
        "statusDetails" : "OpenQA.Selenium.WebDriverTimeoutException : timeout: Timed out receiving message from renderer: -0.007\n  (Session info: chrome=88.0.4324.190)",
        "time" : {
          "start" : 1614762549172,
          "stop" : 1614762617169,
          "duration" : 67997
        }
      }, {
        "uid" : "ae01f0a9be119fd7",
        "status" : "failed",
        "statusDetails" : "OpenQA.Selenium.WebDriverTimeoutException : timeout: Timed out receiving message from renderer: -0.011\n  (Session info: chrome=88.0.4324.150)",
        "time" : {
          "start" : 1613651442648,
          "stop" : 1613651514045,
          "duration" : 71397
        }
      }, {
        "uid" : "28db95b2394addcf",
        "status" : "passed",
        "time" : {
          "start" : 1612181750854,
          "stop" : 1612181822506,
          "duration" : 71652
        }
      }, {
        "uid" : "ee63dce007ea08e3",
        "status" : "failed",
        "statusDetails" : "OpenQA.Selenium.WebDriverTimeoutException : timeout: Timed out receiving message from renderer: -0.004\n  (Session info: chrome=87.0.4280.88)",
        "time" : {
          "start" : 1609975883773,
          "stop" : 1609975955329,
          "duration" : 71556
        }
      }, {
        "uid" : "a4f7af43c8e10fa3",
        "status" : "passed",
        "time" : {
          "start" : 1606864954093,
          "stop" : 1606864997942,
          "duration" : 43849
        }
      }, {
        "uid" : "1bad45aea002a04a",
        "status" : "passed",
        "time" : {
          "start" : 1606193812996,
          "stop" : 1606193855342,
          "duration" : 42346
        }
      }, {
        "uid" : "20b805d9d1c51df7",
        "status" : "passed",
        "time" : {
          "start" : 1605904467951,
          "stop" : 1605904513254,
          "duration" : 45303
        }
      }, {
        "uid" : "95018bdf80e80fac",
        "status" : "passed",
        "time" : {
          "start" : 1604545551132,
          "stop" : 1604545599639,
          "duration" : 48507
        }
      }, {
        "uid" : "9e858de1edfe6285",
        "status" : "passed",
        "time" : {
          "start" : 1601506475067,
          "stop" : 1601506515070,
          "duration" : 40003
        }
      } ]
    },
    "tags" : [ "URL.21" ]
  },
  "source" : "721df87633ada686.json",
  "parameterValues" : [ ]
}