{
  "uid" : "721ddbe76fbde840",
  "name" : "AccessFeatureUserAccountActivityLogsActivity",
  "fullName" : "BOEM_Tests.Tests.AccountActivity.AccessFeatureUserAccountActivityLogsActivity",
  "historyId" : "BOEM_Tests.Tests.AccountActivity.AccessFeatureUserAccountActivityLogsActivity",
  "time" : {
    "start" : 1617169615174,
    "stop" : 1617169674759,
    "duration" : 59585
  },
  "description" : "Access feature : User Account Activity Logs Activity\n",
  "descriptionHtml" : "<p>Access feature : User Account Activity Logs Activity</p>\n",
  "status" : "failed",
  "statusMessage" : "System.Exception : (TEST FAILED) Expected: Activity -> 'ACTION', Detail -> 'All User Account Activity - Index'\nBut was: Activity -> 'ACTION', Detail -> 'User Account Activity - Index'",
  "statusTrace" : "   at BOEM_Tests.Tests.AccountActivity.AccessFeatureUserAccountActivityLogsActivity() in C:\\Users\\galen\\OneDrive\\Documentos\\GitHub\\Lakes\\BOEM_Tests\\BOEM\\BOEM_Tests\\Tests\\AccountActivity.cs:line 738",
  "flaky" : true,
  "newFailed" : false,
  "beforeStages" : [ {
    "name" : "PrepareResultsDir",
    "time" : {
      "start" : 1617169674758,
      "stop" : 1617169674758,
      "duration" : 0
    },
    "status" : "passed",
    "steps" : [ ],
    "attachments" : [ ],
    "parameters" : [ ],
    "attachmentsCount" : 0,
    "shouldDisplayMessage" : false,
    "stepsCount" : 0,
    "hasContent" : false
  }, {
    "name" : "Setup_Test",
    "time" : {
      "start" : 1617169674758,
      "stop" : 1617169674758,
      "duration" : 0
    },
    "status" : "passed",
    "steps" : [ ],
    "attachments" : [ ],
    "parameters" : [ ],
    "attachmentsCount" : 0,
    "shouldDisplayMessage" : false,
    "stepsCount" : 0,
    "hasContent" : false
  } ],
  "testStage" : {
    "description" : "Access feature : User Account Activity Logs Activity\n",
    "status" : "failed",
    "statusMessage" : "System.Exception : (TEST FAILED) Expected: Activity -> 'ACTION', Detail -> 'All User Account Activity - Index'\nBut was: Activity -> 'ACTION', Detail -> 'User Account Activity - Index'",
    "statusTrace" : "   at BOEM_Tests.Tests.AccountActivity.AccessFeatureUserAccountActivityLogsActivity() in C:\\Users\\galen\\OneDrive\\Documentos\\GitHub\\Lakes\\BOEM_Tests\\BOEM\\BOEM_Tests\\Tests\\AccountActivity.cs:line 738",
    "steps" : [ {
      "name" : "AccessFeatureUserAccountActivityLogsActivity",
      "time" : {
        "start" : 1617169615174,
        "stop" : 1617169674758,
        "duration" : 59584
      },
      "status" : "failed",
      "statusMessage" : "System.Exception : (TEST FAILED) Expected: Activity -> 'ACTION', Detail -> 'All User Account Activity - Index'\nBut was: Activity -> 'ACTION', Detail -> 'User Account Activity - Index'",
      "statusTrace" : "   at BOEM_Tests.Tests.AccountActivity.AccessFeatureUserAccountActivityLogsActivity() in C:\\Users\\galen\\OneDrive\\Documentos\\GitHub\\Lakes\\BOEM_Tests\\BOEM\\BOEM_Tests\\Tests\\AccountActivity.cs:line 738",
      "steps" : [ ],
      "attachments" : [ {
        "uid" : "2cec9101c9ac7e4a",
        "name" : "Attachment Title",
        "source" : "2cec9101c9ac7e4a.png",
        "type" : "image/png",
        "size" : 72730
      }, {
        "uid" : "5680135b524dae72",
        "name" : "Console Output",
        "source" : "5680135b524dae72.txt",
        "type" : "text/plain",
        "size" : 0
      } ],
      "parameters" : [ ],
      "attachmentsCount" : 2,
      "shouldDisplayMessage" : true,
      "stepsCount" : 0,
      "hasContent" : true
    } ],
    "attachments" : [ ],
    "parameters" : [ ],
    "attachmentsCount" : 2,
    "shouldDisplayMessage" : false,
    "stepsCount" : 1,
    "hasContent" : true
  },
  "afterStages" : [ {
    "name" : "TearDown_Test",
    "time" : {
      "start" : 1617169674758,
      "stop" : 1617169674758,
      "duration" : 0
    },
    "status" : "passed",
    "steps" : [ ],
    "attachments" : [ ],
    "parameters" : [ ],
    "attachmentsCount" : 0,
    "shouldDisplayMessage" : false,
    "stepsCount" : 0,
    "hasContent" : false
  } ],
  "labels" : [ {
    "name" : "thread",
    "value" : "NonParallelWorker"
  }, {
    "name" : "host",
    "value" : "SPEEDBYTES-HP"
  }, {
    "name" : "testClass",
    "value" : "BOEM_Tests.Tests.AccountActivity"
  }, {
    "name" : "testMethod",
    "value" : "AccessFeatureUserAccountActivityLogsActivity"
  }, {
    "name" : "package",
    "value" : "BOEM_Tests.Tests.AccountActivity"
  }, {
    "name" : "tag",
    "value" : "ACCOUNTACTIVITY.20"
  }, {
    "name" : "suite",
    "value" : "AccountActivity"
  }, {
    "name" : "severity",
    "value" : "normal"
  }, {
    "name" : "resultFormat",
    "value" : "allure2"
  } ],
  "parameters" : [ ],
  "links" : [ ],
  "hidden" : false,
  "retry" : false,
  "extra" : {
    "severity" : "normal",
    "retries" : [ ],
    "categories" : [ {
      "name" : "Product defects",
      "matchedStatuses" : [ ],
      "flaky" : false
    } ],
    "history" : {
      "statistic" : {
        "failed" : 6,
        "broken" : 0,
        "skipped" : 0,
        "passed" : 1,
        "unknown" : 0,
        "total" : 7
      },
      "items" : [ {
        "uid" : "73b387b41d4e4bdb",
        "status" : "failed",
        "statusDetails" : "System.Exception : Expected: Activity -> 'ACTION', Detail -> 'All User Account Activity - Index'\nBut was: Activity -> 'ACTION', Detail -> 'User Account Activity - Index'",
        "time" : {
          "start" : 1617061673236,
          "stop" : 1617061726961,
          "duration" : 53725
        }
      }, {
        "uid" : "e7f7f98e45a14b77",
        "status" : "failed",
        "statusDetails" : "System.Exception : Expected: Activity -> 'ACTION', Detail -> 'View User Account Activity - Grid'\nBut was: Activity -> 'ACTION', Detail -> 'User Account Activity - Index'",
        "time" : {
          "start" : 1616631107854,
          "stop" : 1616631158692,
          "duration" : 50838
        }
      }, {
        "uid" : "c363991619fd0c93",
        "status" : "passed",
        "time" : {
          "start" : 1616040232733,
          "stop" : 1616040344318,
          "duration" : 111585
        }
      }, {
        "uid" : "f861053f72ca66eb",
        "status" : "failed",
        "statusDetails" : "OpenQA.Selenium.NoSuchElementException : no such element: Unable to locate element: {\"method\":\"xpath\",\"selector\":\"//*[@id='grid_ActivityGrid']/tbody/tr[2]/td[9]\"}\n  (Session info: chrome=88.0.4324.190)",
        "time" : {
          "start" : 1615431945880,
          "stop" : 1615431991212,
          "duration" : 45332
        }
      }, {
        "uid" : "464fe532aa3cbd1c",
        "status" : "failed",
        "statusDetails" : "  Expected: True\r\n  But was:  False\r\n",
        "time" : {
          "start" : 1614731139655,
          "stop" : 1614731174883,
          "duration" : 35228
        }
      }, {
        "uid" : "2843b303503fa38b",
        "status" : "failed",
        "statusDetails" : "  Expected: True\r\n  But was:  False\r\n",
        "time" : {
          "start" : 1613609499146,
          "stop" : 1613609536385,
          "duration" : 37239
        }
      } ]
    },
    "tags" : [ "ACCOUNTACTIVITY.20" ]
  },
  "source" : "721ddbe76fbde840.json",
  "parameterValues" : [ ]
}