{
  "uid" : "767d9342b397020d",
  "name" : "ADMINSECURITY_13",
  "fullName" : "BOEM_Tests.Tests.AdminSecurity.ADMINSECURITY_13",
  "historyId" : "BOEM_Tests.Tests.AdminSecurity.ADMINSECURITY_13",
  "time" : {
    "start" : 1619452468969,
    "stop" : 1619452513287,
    "duration" : 44318
  },
  "description" : "An user (without permissions) sign in and try to access an admin URL. It expects to redirect to /error/accessdenied\n",
  "descriptionHtml" : "<p>An user (without permissions) sign in and try to access an admin URL. It expects to redirect to /error/accessdenied</p>\n",
  "status" : "failed",
  "statusMessage" : "  (TEST FAILED) Was not redirected to Acess Denied\r\n  Expected: True\r\n  But was:  False\r\n",
  "statusTrace" : "   at BOEM_Tests.Tests.AdminSecurity.ADMINSECURITY_13() in C:\\Users\\QAOperator\\Documents\\GitHub\\BOEM_Tests\\BOEM\\BOEM_Tests\\Tests\\AdminSecurity.cs:line 431\r\n",
  "flaky" : false,
  "newFailed" : false,
  "beforeStages" : [ {
    "name" : "PrepareResultsDir",
    "time" : {
      "start" : 1619452513277,
      "stop" : 1619452513277,
      "duration" : 0
    },
    "status" : "passed",
    "steps" : [ ],
    "attachments" : [ ],
    "parameters" : [ ],
    "shouldDisplayMessage" : false,
    "attachmentsCount" : 0,
    "stepsCount" : 0,
    "hasContent" : false
  }, {
    "name" : "SetUp_Test",
    "time" : {
      "start" : 1619452513278,
      "stop" : 1619452513278,
      "duration" : 0
    },
    "status" : "passed",
    "steps" : [ ],
    "attachments" : [ ],
    "parameters" : [ ],
    "shouldDisplayMessage" : false,
    "attachmentsCount" : 0,
    "stepsCount" : 0,
    "hasContent" : false
  } ],
  "testStage" : {
    "description" : "An user (without permissions) sign in and try to access an admin URL. It expects to redirect to /error/accessdenied\n",
    "status" : "failed",
    "statusMessage" : "  (TEST FAILED) Was not redirected to Acess Denied\r\n  Expected: True\r\n  But was:  False\r\n",
    "statusTrace" : "   at BOEM_Tests.Tests.AdminSecurity.ADMINSECURITY_13() in C:\\Users\\QAOperator\\Documents\\GitHub\\BOEM_Tests\\BOEM\\BOEM_Tests\\Tests\\AdminSecurity.cs:line 431\r\n",
    "steps" : [ {
      "name" : "ADMINSECURITY_13",
      "time" : {
        "start" : 1619452468971,
        "stop" : 1619452513283,
        "duration" : 44312
      },
      "status" : "failed",
      "statusMessage" : "  (TEST FAILED) Was not redirected to Acess Denied\r\n  Expected: True\r\n  But was:  False\r\n",
      "statusTrace" : "   at BOEM_Tests.Tests.AdminSecurity.ADMINSECURITY_13() in C:\\Users\\QAOperator\\Documents\\GitHub\\BOEM_Tests\\BOEM\\BOEM_Tests\\Tests\\AdminSecurity.cs:line 431\r\n",
      "steps" : [ {
        "name" : "Log in using QA Not Admin user",
        "time" : {
          "start" : 1619452468982,
          "stop" : 1619452490274,
          "duration" : 21292
        },
        "status" : "passed",
        "steps" : [ ],
        "attachments" : [ ],
        "parameters" : [ ],
        "shouldDisplayMessage" : false,
        "attachmentsCount" : 0,
        "stepsCount" : 0,
        "hasContent" : false
      }, {
        "name" : "Check and select correct project FAT_BOEM_GOM",
        "time" : {
          "start" : 1619452490278,
          "stop" : 1619452494327,
          "duration" : 4049
        },
        "status" : "passed",
        "steps" : [ ],
        "attachments" : [ ],
        "parameters" : [ ],
        "shouldDisplayMessage" : false,
        "attachmentsCount" : 0,
        "stepsCount" : 0,
        "hasContent" : false
      }, {
        "name" : "Access relative URL /WizInviteUsers",
        "time" : {
          "start" : 1619452494328,
          "stop" : 1619452512110,
          "duration" : 17782
        },
        "status" : "passed",
        "steps" : [ ],
        "attachments" : [ ],
        "parameters" : [ ],
        "shouldDisplayMessage" : false,
        "attachmentsCount" : 0,
        "stepsCount" : 0,
        "hasContent" : false
      }, {
        "name" : "Check if URL ends with /Error/AccessDenied",
        "time" : {
          "start" : 1619452512111,
          "stop" : 1619452513120,
          "duration" : 1009
        },
        "status" : "passed",
        "steps" : [ ],
        "attachments" : [ ],
        "parameters" : [ ],
        "shouldDisplayMessage" : false,
        "attachmentsCount" : 0,
        "stepsCount" : 0,
        "hasContent" : false
      }, {
        "name" : "Taking Screenshot",
        "time" : {
          "start" : 1619452513178,
          "stop" : 1619452513272,
          "duration" : 94
        },
        "status" : "passed",
        "steps" : [ ],
        "attachments" : [ {
          "uid" : "a06e722bc3283fe1",
          "name" : "Attachment Title",
          "source" : "a06e722bc3283fe1.png",
          "type" : "image/png",
          "size" : 47714
        } ],
        "parameters" : [ ],
        "shouldDisplayMessage" : false,
        "attachmentsCount" : 1,
        "stepsCount" : 0,
        "hasContent" : true
      } ],
      "attachments" : [ {
        "uid" : "fbc8c46029528ca6",
        "name" : "Console Output",
        "source" : "fbc8c46029528ca6.txt",
        "type" : "text/plain",
        "size" : 0
      } ],
      "parameters" : [ ],
      "shouldDisplayMessage" : true,
      "attachmentsCount" : 2,
      "stepsCount" : 5,
      "hasContent" : true
    } ],
    "attachments" : [ ],
    "parameters" : [ ],
    "shouldDisplayMessage" : false,
    "attachmentsCount" : 2,
    "stepsCount" : 6,
    "hasContent" : true
  },
  "afterStages" : [ {
    "name" : "TearDown",
    "time" : {
      "start" : 1619452513278,
      "stop" : 1619452513278,
      "duration" : 0
    },
    "status" : "passed",
    "steps" : [ ],
    "attachments" : [ ],
    "parameters" : [ ],
    "shouldDisplayMessage" : false,
    "attachmentsCount" : 0,
    "stepsCount" : 0,
    "hasContent" : false
  }, {
    "name" : "OneTimeTearDown",
    "time" : {
      "start" : 1619452513278,
      "stop" : 1619452513278,
      "duration" : 0
    },
    "status" : "unknown",
    "statusMessage" : "It's not possible to get status of OneTimeTearDown",
    "statusTrace" : "See Allure.NUnit wiki",
    "steps" : [ ],
    "attachments" : [ ],
    "parameters" : [ ],
    "shouldDisplayMessage" : true,
    "attachmentsCount" : 0,
    "stepsCount" : 0,
    "hasContent" : true
  } ],
  "labels" : [ {
    "name" : "thread",
    "value" : "NonParallelWorker"
  }, {
    "name" : "host",
    "value" : "QAB01"
  }, {
    "name" : "testClass",
    "value" : "BOEM_Tests.Tests.AdminSecurity"
  }, {
    "name" : "testMethod",
    "value" : "ADMINSECURITY_13"
  }, {
    "name" : "package",
    "value" : "BOEM_Tests.Tests.AdminSecurity"
  }, {
    "name" : "tag",
    "value" : "ADMINSECURITY.13"
  }, {
    "name" : "suite",
    "value" : "AdminSecurity"
  }, {
    "name" : "severity",
    "value" : "normal"
  }, {
    "name" : "resultFormat",
    "value" : "allure2"
  } ],
  "parameters" : [ ],
  "links" : [ ],
  "hidden" : false,
  "retry" : false,
  "extra" : {
    "severity" : "normal",
    "retries" : [ {
      "uid" : "735b86e28c1e5011",
      "status" : "failed",
      "statusDetails" : "OpenQA.Selenium.WebDriverTimeoutException : timeout: Timed out receiving message from renderer: 50.000\n  (Session info: chrome=90.0.4430.85)",
      "time" : {
        "start" : 1619452067212,
        "stop" : 1619452147759,
        "duration" : 80547
      }
    }, {
      "uid" : "c7c7ab1ed27b07c7",
      "status" : "failed",
      "statusDetails" : "  (TEST FAILED) Was not redirected to Acess Denied\r\n  Expected: True\r\n  But was:  False\r\n",
      "time" : {
        "start" : 1619204007733,
        "stop" : 1619204016314,
        "duration" : 8581
      }
    } ],
    "categories" : [ {
      "name" : "Product defects",
      "matchedStatuses" : [ ],
      "flaky" : false
    } ],
    "history" : {
      "statistic" : {
        "failed" : 2,
        "broken" : 0,
        "skipped" : 0,
        "passed" : 0,
        "unknown" : 0,
        "total" : 2
      },
      "items" : [ {
        "uid" : "2d61722d7f8e769a",
        "status" : "failed",
        "statusDetails" : "  (TEST FAILED) Was not redirected to Acess Denied\r\n  Expected: True\r\n  But was:  False\r\n",
        "time" : {
          "start" : 1618887068999,
          "stop" : 1618887078857,
          "duration" : 9858
        }
      } ]
    },
    "tags" : [ "ADMINSECURITY.13" ]
  },
  "source" : "767d9342b397020d.json",
  "parameterValues" : [ ]
}