{
  "uid" : "7c0cc2d1e14c3202",
  "name" : "AccessFeatureAdminUserViewLogsActivityDetails",
  "fullName" : "BOEM_Tests.Tests.AccountActivity.AccessFeatureAdminUserViewLogsActivityDetails",
  "historyId" : "BOEM_Tests.Tests.AccountActivity.AccessFeatureAdminUserViewLogsActivityDetails",
  "time" : {
    "start" : 1617747706552,
    "stop" : 1617747751995,
    "duration" : 45443
  },
  "description" : "Access feature admin > user > view logs activity\n",
  "descriptionHtml" : "<p>Access feature admin &gt; user &gt; view logs activity</p>\n",
  "status" : "failed",
  "statusMessage" : "System.Exception : (TEST FAILED) Expected: Activity -> 'ACTION-ADMIN', Detail -> 'Admin Users - Details:69'\nBut was: Activity -> 'ACTION-ADMIN', Detail -> 'Users - Details:69'",
  "statusTrace" : "   at BOEM_Tests.Tests.AccountActivity.AccessFeatureAdminUserViewLogsActivityDetails() in C:\\Users\\galen\\OneDrive\\Documentos\\GitHub\\Lakes\\BOEM_Tests\\BOEM\\BOEM_Tests\\Tests\\AccountActivity.cs:line 335",
  "flaky" : false,
  "newFailed" : false,
  "beforeStages" : [ {
    "name" : "PrepareResultsDir",
    "time" : {
      "start" : 1617747751994,
      "stop" : 1617747751994,
      "duration" : 0
    },
    "status" : "passed",
    "steps" : [ ],
    "attachments" : [ ],
    "parameters" : [ ],
    "shouldDisplayMessage" : false,
    "attachmentsCount" : 0,
    "hasContent" : false,
    "stepsCount" : 0
  }, {
    "name" : "Setup_Test",
    "time" : {
      "start" : 1617747751994,
      "stop" : 1617747751994,
      "duration" : 0
    },
    "status" : "passed",
    "steps" : [ ],
    "attachments" : [ ],
    "parameters" : [ ],
    "shouldDisplayMessage" : false,
    "attachmentsCount" : 0,
    "hasContent" : false,
    "stepsCount" : 0
  } ],
  "testStage" : {
    "description" : "Access feature admin > user > view logs activity\n",
    "status" : "failed",
    "statusMessage" : "System.Exception : (TEST FAILED) Expected: Activity -> 'ACTION-ADMIN', Detail -> 'Admin Users - Details:69'\nBut was: Activity -> 'ACTION-ADMIN', Detail -> 'Users - Details:69'",
    "statusTrace" : "   at BOEM_Tests.Tests.AccountActivity.AccessFeatureAdminUserViewLogsActivityDetails() in C:\\Users\\galen\\OneDrive\\Documentos\\GitHub\\Lakes\\BOEM_Tests\\BOEM\\BOEM_Tests\\Tests\\AccountActivity.cs:line 335",
    "steps" : [ {
      "name" : "AccessFeatureAdminUserViewLogsActivityDetails",
      "time" : {
        "start" : 1617747706552,
        "stop" : 1617747751995,
        "duration" : 45443
      },
      "status" : "failed",
      "statusMessage" : "System.Exception : (TEST FAILED) Expected: Activity -> 'ACTION-ADMIN', Detail -> 'Admin Users - Details:69'\nBut was: Activity -> 'ACTION-ADMIN', Detail -> 'Users - Details:69'",
      "statusTrace" : "   at BOEM_Tests.Tests.AccountActivity.AccessFeatureAdminUserViewLogsActivityDetails() in C:\\Users\\galen\\OneDrive\\Documentos\\GitHub\\Lakes\\BOEM_Tests\\BOEM\\BOEM_Tests\\Tests\\AccountActivity.cs:line 335",
      "steps" : [ {
        "name" : "Log in using QA user",
        "time" : {
          "start" : 1617747708378,
          "stop" : 1617747731787,
          "duration" : 23409
        },
        "status" : "passed",
        "steps" : [ {
          "name" : "Open login page",
          "time" : {
            "start" : 1617747708378,
            "stop" : 1617747712689,
            "duration" : 4311
          },
          "status" : "passed",
          "steps" : [ ],
          "attachments" : [ ],
          "parameters" : [ ],
          "shouldDisplayMessage" : false,
          "attachmentsCount" : 0,
          "hasContent" : false,
          "stepsCount" : 0
        }, {
          "name" : "Set username to qa_boem@weblakes.com",
          "time" : {
            "start" : 1617747712689,
            "stop" : 1617747712816,
            "duration" : 127
          },
          "status" : "passed",
          "steps" : [ ],
          "attachments" : [ ],
          "parameters" : [ ],
          "shouldDisplayMessage" : false,
          "attachmentsCount" : 0,
          "hasContent" : false,
          "stepsCount" : 0
        }, {
          "name" : "Set password to e45eT%0n^SpXdsb2",
          "time" : {
            "start" : 1617747712816,
            "stop" : 1617747712960,
            "duration" : 144
          },
          "status" : "passed",
          "steps" : [ ],
          "attachments" : [ ],
          "parameters" : [ ],
          "shouldDisplayMessage" : false,
          "attachmentsCount" : 0,
          "hasContent" : false,
          "stepsCount" : 0
        }, {
          "name" : "Click on login button",
          "time" : {
            "start" : 1617747712961,
            "stop" : 1617747721784,
            "duration" : 8823
          },
          "status" : "passed",
          "steps" : [ ],
          "attachments" : [ ],
          "parameters" : [ ],
          "shouldDisplayMessage" : false,
          "attachmentsCount" : 0,
          "hasContent" : false,
          "stepsCount" : 0
        } ],
        "attachments" : [ ],
        "parameters" : [ ],
        "shouldDisplayMessage" : false,
        "attachmentsCount" : 0,
        "hasContent" : true,
        "stepsCount" : 4
      }, {
        "name" : "Check inventory 2017 - 2017 Complete Inventory",
        "time" : {
          "start" : 1617747731787,
          "stop" : 1617747734896,
          "duration" : 3109
        },
        "status" : "passed",
        "steps" : [ ],
        "attachments" : [ ],
        "parameters" : [ ],
        "shouldDisplayMessage" : false,
        "attachmentsCount" : 0,
        "hasContent" : false,
        "stepsCount" : 0
      }, {
        "name" : "Access relative URL OpenQA.Selenium.Chrome.ChromeDriver",
        "time" : {
          "start" : 1617747734897,
          "stop" : 1617747736399,
          "duration" : 1502
        },
        "status" : "passed",
        "steps" : [ ],
        "attachments" : [ ],
        "parameters" : [ ],
        "shouldDisplayMessage" : false,
        "attachmentsCount" : 0,
        "hasContent" : false,
        "stepsCount" : 0
      }, {
        "name" : "Open account activity page",
        "time" : {
          "start" : 1617747736399,
          "stop" : 1617747741312,
          "duration" : 4913
        },
        "status" : "passed",
        "steps" : [ ],
        "attachments" : [ ],
        "parameters" : [ ],
        "shouldDisplayMessage" : false,
        "attachmentsCount" : 0,
        "hasContent" : false,
        "stepsCount" : 0
      }, {
        "name" : "Check row 2 - ACTION-ADMIN - Admin Users - Details:69 on account activity grid",
        "time" : {
          "start" : 1617747741313,
          "stop" : 1617747751404,
          "duration" : 10091
        },
        "status" : "failed",
        "statusMessage" : "(TEST FAILED) Expected: Activity -> 'ACTION-ADMIN', Detail -> 'Admin Users - Details:69'\nBut was: Activity -> 'ACTION-ADMIN', Detail -> 'Users - Details:69'",
        "statusTrace" : "   at BOEM_Tests.PageObjects.SettingsPage.__a$_around_CheckRowAccountActivity_100665996_o(Int32 row, String activity, String detail) in C:\\Users\\galen\\OneDrive\\Documentos\\GitHub\\Lakes\\BOEM_Tests\\BOEM\\BOEM_Tests\\PageObjects\\Settings\\SettingsPage.cs:line 430\r\n   at BOEM_Tests.PageObjects.SettingsPage.__a$_around_CheckRowAccountActivity_100665996_u(Object[] )\r\n   at NUnit.Allure.Steps.AllureStepAspect.WrapStep(String name, MethodBase methodBase, Object[] arguments, Func`2 method)",
        "steps" : [ ],
        "attachments" : [ ],
        "parameters" : [ ],
        "shouldDisplayMessage" : true,
        "attachmentsCount" : 0,
        "hasContent" : true,
        "stepsCount" : 0
      }, {
        "name" : "Taking Screenshot",
        "time" : {
          "start" : 1617747751405,
          "stop" : 1617747751730,
          "duration" : 325
        },
        "status" : "passed",
        "steps" : [ ],
        "attachments" : [ {
          "uid" : "e8613c75c884ec22",
          "name" : "Attachment Title",
          "source" : "e8613c75c884ec22.png",
          "type" : "image/png",
          "size" : 71178
        } ],
        "parameters" : [ ],
        "shouldDisplayMessage" : false,
        "attachmentsCount" : 1,
        "hasContent" : true,
        "stepsCount" : 0
      } ],
      "attachments" : [ {
        "uid" : "e305302819bcc553",
        "name" : "Console Output",
        "source" : "e305302819bcc553.txt",
        "type" : "text/plain",
        "size" : 0
      } ],
      "parameters" : [ ],
      "shouldDisplayMessage" : true,
      "attachmentsCount" : 2,
      "hasContent" : true,
      "stepsCount" : 10
    } ],
    "attachments" : [ ],
    "parameters" : [ ],
    "shouldDisplayMessage" : false,
    "attachmentsCount" : 2,
    "hasContent" : true,
    "stepsCount" : 11
  },
  "afterStages" : [ {
    "name" : "TearDown_Test",
    "time" : {
      "start" : 1617747751994,
      "stop" : 1617747751994,
      "duration" : 0
    },
    "status" : "passed",
    "steps" : [ ],
    "attachments" : [ ],
    "parameters" : [ ],
    "shouldDisplayMessage" : false,
    "attachmentsCount" : 0,
    "hasContent" : false,
    "stepsCount" : 0
  } ],
  "labels" : [ {
    "name" : "thread",
    "value" : "NonParallelWorker"
  }, {
    "name" : "host",
    "value" : "SPEEDBYTES-HP"
  }, {
    "name" : "testClass",
    "value" : "BOEM_Tests.Tests.AccountActivity"
  }, {
    "name" : "testMethod",
    "value" : "AccessFeatureAdminUserViewLogsActivityDetails"
  }, {
    "name" : "package",
    "value" : "BOEM_Tests.Tests.AccountActivity"
  }, {
    "name" : "tag",
    "value" : "ACCOUNTACTIVITY.8"
  }, {
    "name" : "suite",
    "value" : "AccountActivity"
  }, {
    "name" : "severity",
    "value" : "normal"
  }, {
    "name" : "resultFormat",
    "value" : "allure2"
  } ],
  "parameters" : [ ],
  "links" : [ ],
  "hidden" : true,
  "retry" : true,
  "extra" : {
    "categories" : [ ],
    "tags" : [ "ACCOUNTACTIVITY.8" ]
  },
  "source" : "7c0cc2d1e14c3202.json",
  "parameterValues" : [ ]
}