{
  "uid" : "873c34f0a6eb6db2",
  "name" : "VerifyNoDataAvailable",
  "fullName" : "BOEM_Tests.Tests.ChangeHistory.VerifyNoDataAvailable",
  "historyId" : "BOEM_Tests.Tests.ChangeHistory.VerifyNoDataAvailable",
  "time" : {
    "start" : 1618080292526,
    "stop" : 1618080384694,
    "duration" : 92168
  },
  "description" : "Select 'All Inventories', 'Last 7 Days' and Verify if table does not say 'no data available'\n",
  "descriptionHtml" : "<p>Select 'All Inventories', 'Last 7 Days' and Verify if table does not say 'no data available'</p>\n",
  "status" : "failed",
  "statusMessage" : "OpenQA.Selenium.WebDriverTimeoutException : (TEST FAILED) Page took too long to load. Please, check the failed step and test's screenshot",
  "statusTrace" : "   at BOEM_Tests.Tests.ChangeHistory.VerifyNoDataAvailable() in C:\\Users\\galen\\OneDrive\\Documentos\\GitHub\\Lakes\\BOEM_Tests\\BOEM\\BOEM_Tests\\Tests\\ChangeHistory.cs:line 91",
  "flaky" : true,
  "newFailed" : false,
  "beforeStages" : [ {
    "name" : "PrepareResultsDir",
    "time" : {
      "start" : 1618080384675,
      "stop" : 1618080384675,
      "duration" : 0
    },
    "status" : "passed",
    "steps" : [ ],
    "attachments" : [ ],
    "parameters" : [ ],
    "shouldDisplayMessage" : false,
    "attachmentsCount" : 0,
    "hasContent" : false,
    "stepsCount" : 0
  }, {
    "name" : "Setup_Test",
    "time" : {
      "start" : 1618080384676,
      "stop" : 1618080384676,
      "duration" : 0
    },
    "status" : "passed",
    "steps" : [ ],
    "attachments" : [ ],
    "parameters" : [ ],
    "shouldDisplayMessage" : false,
    "attachmentsCount" : 0,
    "hasContent" : false,
    "stepsCount" : 0
  } ],
  "testStage" : {
    "description" : "Select 'All Inventories', 'Last 7 Days' and Verify if table does not say 'no data available'\n",
    "status" : "failed",
    "statusMessage" : "OpenQA.Selenium.WebDriverTimeoutException : (TEST FAILED) Page took too long to load. Please, check the failed step and test's screenshot",
    "statusTrace" : "   at BOEM_Tests.Tests.ChangeHistory.VerifyNoDataAvailable() in C:\\Users\\galen\\OneDrive\\Documentos\\GitHub\\Lakes\\BOEM_Tests\\BOEM\\BOEM_Tests\\Tests\\ChangeHistory.cs:line 91",
    "steps" : [ {
      "name" : "VerifyNoDataAvailable",
      "time" : {
        "start" : 1618080292528,
        "stop" : 1618080384685,
        "duration" : 92157
      },
      "status" : "failed",
      "statusMessage" : "OpenQA.Selenium.WebDriverTimeoutException : (TEST FAILED) Page took too long to load. Please, check the failed step and test's screenshot",
      "statusTrace" : "   at BOEM_Tests.Tests.ChangeHistory.VerifyNoDataAvailable() in C:\\Users\\galen\\OneDrive\\Documentos\\GitHub\\Lakes\\BOEM_Tests\\BOEM\\BOEM_Tests\\Tests\\ChangeHistory.cs:line 91",
      "steps" : [ {
        "name" : "Log in using QA user",
        "time" : {
          "start" : 1618080294538,
          "stop" : 1618080319544,
          "duration" : 25006
        },
        "status" : "passed",
        "steps" : [ {
          "name" : "Open login page",
          "time" : {
            "start" : 1618080294539,
            "stop" : 1618080299944,
            "duration" : 5405
          },
          "status" : "passed",
          "steps" : [ ],
          "attachments" : [ ],
          "parameters" : [ ],
          "shouldDisplayMessage" : false,
          "attachmentsCount" : 0,
          "hasContent" : false,
          "stepsCount" : 0
        }, {
          "name" : "Set username to qa_boem@weblakes.com",
          "time" : {
            "start" : 1618080299946,
            "stop" : 1618080300236,
            "duration" : 290
          },
          "status" : "passed",
          "steps" : [ ],
          "attachments" : [ ],
          "parameters" : [ ],
          "shouldDisplayMessage" : false,
          "attachmentsCount" : 0,
          "hasContent" : false,
          "stepsCount" : 0
        }, {
          "name" : "Set password to e45eT%0n^SpXdsb2",
          "time" : {
            "start" : 1618080300236,
            "stop" : 1618080300457,
            "duration" : 221
          },
          "status" : "passed",
          "steps" : [ ],
          "attachments" : [ ],
          "parameters" : [ ],
          "shouldDisplayMessage" : false,
          "attachmentsCount" : 0,
          "hasContent" : false,
          "stepsCount" : 0
        }, {
          "name" : "Click on login button",
          "time" : {
            "start" : 1618080300457,
            "stop" : 1618080309538,
            "duration" : 9081
          },
          "status" : "passed",
          "steps" : [ ],
          "attachments" : [ ],
          "parameters" : [ ],
          "shouldDisplayMessage" : false,
          "attachmentsCount" : 0,
          "hasContent" : false,
          "stepsCount" : 0
        } ],
        "attachments" : [ ],
        "parameters" : [ ],
        "shouldDisplayMessage" : false,
        "attachmentsCount" : 0,
        "hasContent" : true,
        "stepsCount" : 4
      }, {
        "name" : "Check inventory 2017 - 2017 Complete Inventory",
        "time" : {
          "start" : 1618080319546,
          "stop" : 1618080322660,
          "duration" : 3114
        },
        "status" : "passed",
        "steps" : [ ],
        "attachments" : [ ],
        "parameters" : [ ],
        "shouldDisplayMessage" : false,
        "attachmentsCount" : 0,
        "hasContent" : false,
        "stepsCount" : 0
      }, {
        "name" : "Click on settings on top menu",
        "time" : {
          "start" : 1618080322661,
          "stop" : 1618080326834,
          "duration" : 4173
        },
        "status" : "passed",
        "steps" : [ ],
        "attachments" : [ ],
        "parameters" : [ ],
        "shouldDisplayMessage" : false,
        "attachmentsCount" : 0,
        "hasContent" : false,
        "stepsCount" : 0
      }, {
        "name" : "Click on auditing menu",
        "time" : {
          "start" : 1618080326834,
          "stop" : 1618080330708,
          "duration" : 3874
        },
        "status" : "passed",
        "steps" : [ ],
        "attachments" : [ ],
        "parameters" : [ ],
        "shouldDisplayMessage" : false,
        "attachmentsCount" : 0,
        "hasContent" : false,
        "stepsCount" : 0
      }, {
        "name" : "Click on change history",
        "time" : {
          "start" : 1618080330709,
          "stop" : 1618080383846,
          "duration" : 53137
        },
        "status" : "failed",
        "statusMessage" : "timeout: Timed out receiving message from renderer: 50.000\n  (Session info: chrome=89.0.4389.114)",
        "statusTrace" : "   at OpenQA.Selenium.Remote.RemoteWebDriver.UnpackAndThrowOnError(Response errorResponse)\r\n   at OpenQA.Selenium.Remote.RemoteWebDriver.Execute(String driverCommandToExecute, Dictionary`2 parameters)\r\n   at OpenQA.Selenium.Remote.RemoteWebDriver.ExecuteScriptCommand(String script, String commandName, Object[] args)\r\n   at OpenQA.Selenium.Remote.RemoteWebDriver.ExecuteScript(String script, Object[] args)\r\n   at BOEM_Tests.PageObjects.SettingsPage.__a$_around_ClickOnChangeHistoryBtn_100665976_o() in C:\\Users\\galen\\OneDrive\\Documentos\\GitHub\\Lakes\\BOEM_Tests\\BOEM\\BOEM_Tests\\PageObjects\\Settings\\SettingsPage.cs:line 148\r\n   at BOEM_Tests.PageObjects.SettingsPage.__a$_around_ClickOnChangeHistoryBtn_100665976_u(Object[] )\r\n   at NUnit.Allure.Steps.AllureStepAspect.WrapStep(String name, MethodBase methodBase, Object[] arguments, Func`2 method)",
        "steps" : [ ],
        "attachments" : [ ],
        "parameters" : [ ],
        "shouldDisplayMessage" : true,
        "attachmentsCount" : 0,
        "hasContent" : true,
        "stepsCount" : 0
      }, {
        "name" : "Taking Screenshot",
        "time" : {
          "start" : 1618080383847,
          "stop" : 1618080384221,
          "duration" : 374
        },
        "status" : "passed",
        "steps" : [ ],
        "attachments" : [ {
          "uid" : "d3f816ed3058d7b6",
          "name" : "Attachment Title",
          "source" : "d3f816ed3058d7b6.png",
          "type" : "image/png",
          "size" : 58526
        } ],
        "parameters" : [ ],
        "shouldDisplayMessage" : false,
        "attachmentsCount" : 1,
        "hasContent" : true,
        "stepsCount" : 0
      } ],
      "attachments" : [ {
        "uid" : "94b3129929714022",
        "name" : "Console Output",
        "source" : "94b3129929714022.txt",
        "type" : "text/plain",
        "size" : 0
      } ],
      "parameters" : [ ],
      "shouldDisplayMessage" : true,
      "attachmentsCount" : 2,
      "hasContent" : true,
      "stepsCount" : 10
    } ],
    "attachments" : [ ],
    "parameters" : [ ],
    "shouldDisplayMessage" : false,
    "attachmentsCount" : 2,
    "hasContent" : true,
    "stepsCount" : 11
  },
  "afterStages" : [ {
    "name" : "TearDown_Test",
    "time" : {
      "start" : 1618080384676,
      "stop" : 1618080384676,
      "duration" : 0
    },
    "status" : "passed",
    "steps" : [ ],
    "attachments" : [ ],
    "parameters" : [ ],
    "shouldDisplayMessage" : false,
    "attachmentsCount" : 0,
    "hasContent" : false,
    "stepsCount" : 0
  } ],
  "labels" : [ {
    "name" : "thread",
    "value" : "NonParallelWorker"
  }, {
    "name" : "host",
    "value" : "SPEEDBYTES-HP"
  }, {
    "name" : "testClass",
    "value" : "BOEM_Tests.Tests.ChangeHistory"
  }, {
    "name" : "testMethod",
    "value" : "VerifyNoDataAvailable"
  }, {
    "name" : "package",
    "value" : "BOEM_Tests.Tests.ChangeHistory"
  }, {
    "name" : "tag",
    "value" : "CHANGEHISTORY.1"
  }, {
    "name" : "suite",
    "value" : "ChangeHistory"
  }, {
    "name" : "severity",
    "value" : "normal"
  }, {
    "name" : "resultFormat",
    "value" : "allure2"
  } ],
  "parameters" : [ ],
  "links" : [ ],
  "hidden" : false,
  "retry" : false,
  "extra" : {
    "severity" : "normal",
    "retries" : [ {
      "uid" : "d33a91e11287c1dc",
      "status" : "failed",
      "statusDetails" : "OpenQA.Selenium.WebDriverTimeoutException : (TEST FAILED) Page took too long to load. Please, check the failed step and test's screenshot",
      "time" : {
        "start" : 1617929796308,
        "stop" : 1617929991233,
        "duration" : 194925
      }
    } ],
    "categories" : [ {
      "name" : "Product defects",
      "matchedStatuses" : [ ],
      "flaky" : false
    } ],
    "history" : {
      "statistic" : {
        "failed" : 12,
        "broken" : 0,
        "skipped" : 0,
        "passed" : 4,
        "unknown" : 0,
        "total" : 16
      },
      "items" : [ {
        "uid" : "a239540a377593d6",
        "status" : "failed",
        "statusDetails" : "OpenQA.Selenium.WebDriverTimeoutException : (TEST FAILED) Page took too long to load. Please, check the failed step and test's screenshot",
        "time" : {
          "start" : 1617848541482,
          "stop" : 1617848685723,
          "duration" : 144241
        }
      }, {
        "uid" : "33fcbd1b841113c0",
        "status" : "failed",
        "statusDetails" : "OpenQA.Selenium.WebDriverTimeoutException : (TEST FAILED) Page took too long to load. Please, check the failed step and test's screenshot",
        "time" : {
          "start" : 1617647351049,
          "stop" : 1617647515323,
          "duration" : 164274
        }
      }, {
        "uid" : "f466ee72d5427c5a",
        "status" : "failed",
        "statusDetails" : "OpenQA.Selenium.NoSuchElementException : Could not find element by: By.Id: reportrange",
        "time" : {
          "start" : 1617067558936,
          "stop" : 1617067662426,
          "duration" : 103490
        }
      }, {
        "uid" : "c0b4cf8bb6192621",
        "status" : "failed",
        "statusDetails" : "OpenQA.Selenium.WebDriverTimeoutException : timeout: Timed out receiving message from renderer: 50.000\n  (Session info: chrome=89.0.4389.90)",
        "time" : {
          "start" : 1616611518426,
          "stop" : 1616611621379,
          "duration" : 102953
        }
      }, {
        "uid" : "bcf82120ce3653ff",
        "status" : "failed",
        "statusDetails" : "OpenQA.Selenium.NoSuchElementException : Could not find element by: By.Id: reportrange",
        "time" : {
          "start" : 1616046448049,
          "stop" : 1616046549048,
          "duration" : 100999
        }
      }, {
        "uid" : "b1276189763999f0",
        "status" : "failed",
        "statusDetails" : "OpenQA.Selenium.NoSuchElementException : Could not find element by: By.Id: reportrange",
        "time" : {
          "start" : 1615423192535,
          "stop" : 1615423271353,
          "duration" : 78818
        }
      }, {
        "uid" : "44473f38ba166250",
        "status" : "failed",
        "statusDetails" : "OpenQA.Selenium.NoSuchElementException : Could not find element by: By.Id: reportrange",
        "time" : {
          "start" : 1614734454971,
          "stop" : 1614734531948,
          "duration" : 76977
        }
      }, {
        "uid" : "244aa0bcb2d5f163",
        "status" : "failed",
        "statusDetails" : "OpenQA.Selenium.WebDriverTimeoutException : timeout: Timed out receiving message from renderer: 50.000\n  (Session info: chrome=88.0.4324.150)",
        "time" : {
          "start" : 1613655705216,
          "stop" : 1613655788536,
          "duration" : 83320
        }
      }, {
        "uid" : "a0228226bd29b040",
        "status" : "failed",
        "statusDetails" : "OpenQA.Selenium.WebDriverTimeoutException : timeout: Timed out receiving message from renderer: 50.000\n  (Session info: chrome=88.0.4324.104)",
        "time" : {
          "start" : 1611955401768,
          "stop" : 1611955504452,
          "duration" : 102684
        }
      }, {
        "uid" : "178d713c0732230f",
        "status" : "failed",
        "statusDetails" : "OpenQA.Selenium.WebDriverTimeoutException : timeout: Timed out receiving message from renderer: 50.000\n  (Session info: chrome=87.0.4280.88)",
        "time" : {
          "start" : 1609917325448,
          "stop" : 1609917449784,
          "duration" : 124336
        }
      }, {
        "uid" : "dd8cfacde23368da",
        "status" : "passed",
        "time" : {
          "start" : 1606931837566,
          "stop" : 1606932069651,
          "duration" : 232085
        }
      }, {
        "uid" : "96ab7fea4fe06a78",
        "status" : "passed",
        "time" : {
          "start" : 1606232017228,
          "stop" : 1606232130514,
          "duration" : 113286
        }
      }, {
        "uid" : "1bf5751e992553af",
        "status" : "passed",
        "time" : {
          "start" : 1605884216782,
          "stop" : 1605884320433,
          "duration" : 103651
        }
      }, {
        "uid" : "fcfce9a6fd1772c2",
        "status" : "passed",
        "time" : {
          "start" : 1604445239652,
          "stop" : 1604445320062,
          "duration" : 80410
        }
      }, {
        "uid" : "199fc441521e368",
        "status" : "failed",
        "statusDetails" : "OpenQA.Selenium.WebDriverException : The HTTP request to the remote WebDriver server for URL http://localhost:61199/session/b155e33952d0c73e738cfc7a9660fa39/screenshot timed out after 60 seconds.\r\n  ----> System.Net.WebException : The request was aborted: The operation has timed out.",
        "time" : {
          "start" : 1601907966274,
          "stop" : 1601908170810,
          "duration" : 204536
        }
      } ]
    },
    "tags" : [ "CHANGEHISTORY.1" ]
  },
  "source" : "873c34f0a6eb6db2.json",
  "parameterValues" : [ ]
}