{
  "uid" : "9bc0b455e0c47781",
  "name" : "AccessURL5_InputDetails_NavReleasePointApportionment_DetailedEditor_Create",
  "fullName" : "BOEM_Tests.Tests.Url.AccessURL5_InputDetails_NavReleasePointApportionment_DetailedEditor_Create",
  "historyId" : "BOEM_Tests.Tests.Url.AccessURL5_InputDetails_NavReleasePointApportionment_DetailedEditor_Create",
  "time" : {
    "start" : 1617981958330,
    "stop" : 1617982010684,
    "duration" : 52354
  },
  "description" : "Visit /InputDetails/NavReleasePointApportionment/DetailedEditor/Create and assure page loads\n",
  "descriptionHtml" : "<p>Visit /InputDetails/NavReleasePointApportionment/DetailedEditor/Create and assure page loads</p>\n",
  "status" : "failed",
  "statusMessage" : "System.Exception : (TEST FAILED) It was displayed an error. Please check the screenshot.",
  "statusTrace" : "   at BOEM_Tests.Tests.Url.AccessURL5_InputDetails_NavReleasePointApportionment_DetailedEditor_Create() in C:\\Users\\galen\\OneDrive\\Documentos\\GitHub\\Lakes\\BOEM_Tests\\BOEM\\BOEM_Tests\\Tests\\Url.cs:line 167",
  "flaky" : false,
  "newFailed" : false,
  "beforeStages" : [ {
    "name" : "PrepareResultsDir",
    "time" : {
      "start" : 1617982010683,
      "stop" : 1617982010683,
      "duration" : 0
    },
    "status" : "passed",
    "steps" : [ ],
    "attachments" : [ ],
    "parameters" : [ ],
    "shouldDisplayMessage" : false,
    "attachmentsCount" : 0,
    "hasContent" : false,
    "stepsCount" : 0
  }, {
    "name" : "SetUp_Test",
    "time" : {
      "start" : 1617982010683,
      "stop" : 1617982010683,
      "duration" : 0
    },
    "status" : "passed",
    "steps" : [ ],
    "attachments" : [ ],
    "parameters" : [ ],
    "shouldDisplayMessage" : false,
    "attachmentsCount" : 0,
    "hasContent" : false,
    "stepsCount" : 0
  } ],
  "testStage" : {
    "description" : "Visit /InputDetails/NavReleasePointApportionment/DetailedEditor/Create and assure page loads\n",
    "status" : "failed",
    "statusMessage" : "System.Exception : (TEST FAILED) It was displayed an error. Please check the screenshot.",
    "statusTrace" : "   at BOEM_Tests.Tests.Url.AccessURL5_InputDetails_NavReleasePointApportionment_DetailedEditor_Create() in C:\\Users\\galen\\OneDrive\\Documentos\\GitHub\\Lakes\\BOEM_Tests\\BOEM\\BOEM_Tests\\Tests\\Url.cs:line 167",
    "steps" : [ {
      "name" : "AccessURL5_InputDetails_NavReleasePointApportionment_DetailedEditor_Create",
      "time" : {
        "start" : 1617981958330,
        "stop" : 1617982010684,
        "duration" : 52354
      },
      "status" : "failed",
      "statusMessage" : "System.Exception : (TEST FAILED) It was displayed an error. Please check the screenshot.",
      "statusTrace" : "   at BOEM_Tests.Tests.Url.AccessURL5_InputDetails_NavReleasePointApportionment_DetailedEditor_Create() in C:\\Users\\galen\\OneDrive\\Documentos\\GitHub\\Lakes\\BOEM_Tests\\BOEM\\BOEM_Tests\\Tests\\Url.cs:line 167",
      "steps" : [ {
        "name" : "Log in using QA user",
        "time" : {
          "start" : 1617981960210,
          "stop" : 1617981986944,
          "duration" : 26734
        },
        "status" : "passed",
        "steps" : [ {
          "name" : "Open login page",
          "time" : {
            "start" : 1617981960210,
            "stop" : 1617981964562,
            "duration" : 4352
          },
          "status" : "passed",
          "steps" : [ ],
          "attachments" : [ ],
          "parameters" : [ ],
          "shouldDisplayMessage" : false,
          "attachmentsCount" : 0,
          "hasContent" : false,
          "stepsCount" : 0
        }, {
          "name" : "Set username to qa_boem@weblakes.com",
          "time" : {
            "start" : 1617981964563,
            "stop" : 1617981964710,
            "duration" : 147
          },
          "status" : "passed",
          "steps" : [ ],
          "attachments" : [ ],
          "parameters" : [ ],
          "shouldDisplayMessage" : false,
          "attachmentsCount" : 0,
          "hasContent" : false,
          "stepsCount" : 0
        }, {
          "name" : "Set password to e45eT%0n^SpXdsb2",
          "time" : {
            "start" : 1617981964710,
            "stop" : 1617981964896,
            "duration" : 186
          },
          "status" : "passed",
          "steps" : [ ],
          "attachments" : [ ],
          "parameters" : [ ],
          "shouldDisplayMessage" : false,
          "attachmentsCount" : 0,
          "hasContent" : false,
          "stepsCount" : 0
        }, {
          "name" : "Click on login button",
          "time" : {
            "start" : 1617981964896,
            "stop" : 1617981976929,
            "duration" : 12033
          },
          "status" : "passed",
          "steps" : [ ],
          "attachments" : [ ],
          "parameters" : [ ],
          "shouldDisplayMessage" : false,
          "attachmentsCount" : 0,
          "hasContent" : false,
          "stepsCount" : 0
        } ],
        "attachments" : [ ],
        "parameters" : [ ],
        "shouldDisplayMessage" : false,
        "attachmentsCount" : 0,
        "hasContent" : true,
        "stepsCount" : 4
      }, {
        "name" : "Access relative url /InputDetails/NavReleasePointApportionment/DetailedEditor/Create",
        "time" : {
          "start" : 1617981986944,
          "stop" : 1617981999881,
          "duration" : 12937
        },
        "status" : "passed",
        "steps" : [ ],
        "attachments" : [ ],
        "parameters" : [ ],
        "shouldDisplayMessage" : false,
        "attachmentsCount" : 0,
        "hasContent" : false,
        "stepsCount" : 0
      }, {
        "name" : "Check if page loaded correctly",
        "time" : {
          "start" : 1617981999882,
          "stop" : 1617982009967,
          "duration" : 10085
        },
        "status" : "failed",
        "statusMessage" : "(TEST FAILED) It was displayed an error. Please check the screenshot.",
        "statusTrace" : "   at BOEM_Tests.PageObjects.UrlPage.__a$_around_DidPageLoad_100666049_o(String titleText, By uniqueElement) in C:\\Users\\galen\\OneDrive\\Documentos\\GitHub\\Lakes\\BOEM_Tests\\BOEM\\BOEM_Tests\\PageObjects\\Url\\UrlPage.cs:line 88\r\n   at BOEM_Tests.PageObjects.UrlPage.__a$_around_DidPageLoad_100666049_u(Object[] )\r\n   at NUnit.Allure.Steps.AllureStepAspect.WrapStep(String name, MethodBase methodBase, Object[] arguments, Func`2 method)",
        "steps" : [ {
          "name" : "Check if got server error message",
          "time" : {
            "start" : 1617982009896,
            "stop" : 1617982009967,
            "duration" : 71
          },
          "status" : "passed",
          "steps" : [ ],
          "attachments" : [ ],
          "parameters" : [ ],
          "shouldDisplayMessage" : false,
          "attachmentsCount" : 0,
          "hasContent" : false,
          "stepsCount" : 0
        } ],
        "attachments" : [ ],
        "parameters" : [ ],
        "shouldDisplayMessage" : true,
        "attachmentsCount" : 0,
        "hasContent" : true,
        "stepsCount" : 1
      }, {
        "name" : "Taking Screenshot",
        "time" : {
          "start" : 1617982009968,
          "stop" : 1617982010295,
          "duration" : 327
        },
        "status" : "passed",
        "steps" : [ ],
        "attachments" : [ {
          "uid" : "e21533c89b7504f6",
          "name" : "Attachment Title",
          "source" : "e21533c89b7504f6.png",
          "type" : "image/png",
          "size" : 41501
        } ],
        "parameters" : [ ],
        "shouldDisplayMessage" : false,
        "attachmentsCount" : 1,
        "hasContent" : true,
        "stepsCount" : 0
      } ],
      "attachments" : [ {
        "uid" : "7fa721d39ef506d5",
        "name" : "Console Output",
        "source" : "7fa721d39ef506d5.txt",
        "type" : "text/plain",
        "size" : 0
      } ],
      "parameters" : [ ],
      "shouldDisplayMessage" : true,
      "attachmentsCount" : 2,
      "hasContent" : true,
      "stepsCount" : 9
    } ],
    "attachments" : [ ],
    "parameters" : [ ],
    "shouldDisplayMessage" : false,
    "attachmentsCount" : 2,
    "hasContent" : true,
    "stepsCount" : 10
  },
  "afterStages" : [ {
    "name" : "TearDown_Test",
    "time" : {
      "start" : 1617982010683,
      "stop" : 1617982010683,
      "duration" : 0
    },
    "status" : "passed",
    "steps" : [ ],
    "attachments" : [ ],
    "parameters" : [ ],
    "shouldDisplayMessage" : false,
    "attachmentsCount" : 0,
    "hasContent" : false,
    "stepsCount" : 0
  } ],
  "labels" : [ {
    "name" : "thread",
    "value" : "NonParallelWorker"
  }, {
    "name" : "host",
    "value" : "SPEEDBYTES-HP"
  }, {
    "name" : "testClass",
    "value" : "BOEM_Tests.Tests.Url"
  }, {
    "name" : "testMethod",
    "value" : "AccessURL5_InputDetails_NavReleasePointApportionment_DetailedEditor_Create"
  }, {
    "name" : "package",
    "value" : "BOEM_Tests.Tests.Url"
  }, {
    "name" : "tag",
    "value" : "URL.5"
  }, {
    "name" : "suite",
    "value" : "Url"
  }, {
    "name" : "severity",
    "value" : "normal"
  }, {
    "name" : "resultFormat",
    "value" : "allure2"
  } ],
  "parameters" : [ ],
  "links" : [ ],
  "hidden" : false,
  "retry" : false,
  "extra" : {
    "severity" : "normal",
    "retries" : [ {
      "uid" : "35ddcd11937baa9",
      "status" : "failed",
      "statusDetails" : "OpenQA.Selenium.WebDriverException : unknown error: net::ERR_CONNECTION_TIMED_OUT\n  (Session info: chrome=89.0.4389.114)",
      "time" : {
        "start" : 1617955650709,
        "stop" : 1617955696407,
        "duration" : 45698
      }
    } ],
    "categories" : [ {
      "name" : "Product defects",
      "matchedStatuses" : [ ],
      "flaky" : false
    } ],
    "history" : {
      "statistic" : {
        "failed" : 16,
        "broken" : 0,
        "skipped" : 0,
        "passed" : 0,
        "unknown" : 0,
        "total" : 16
      },
      "items" : [ {
        "uid" : "3e8c830d7caf0c38",
        "status" : "failed",
        "statusDetails" : "System.Exception : (TEST FAILED) It was displayed an error. Please check the screenshot.",
        "time" : {
          "start" : 1617882466621,
          "stop" : 1617882515778,
          "duration" : 49157
        }
      }, {
        "uid" : "aad6541c9eb013cd",
        "status" : "failed",
        "statusDetails" : "System.Exception : It was displayed an error. Please check the screenshot.",
        "time" : {
          "start" : 1617215116979,
          "stop" : 1617215183308,
          "duration" : 66329
        }
      }, {
        "uid" : "607444a430596051",
        "status" : "failed",
        "statusDetails" : "System.Exception : It was displayed an error. Please check the screenshot.",
        "time" : {
          "start" : 1617105485513,
          "stop" : 1617105548671,
          "duration" : 63158
        }
      }, {
        "uid" : "a55a343d461ff218",
        "status" : "failed",
        "statusDetails" : "System.Exception : It was displayed an error. Please check the screenshot.",
        "time" : {
          "start" : 1616591433251,
          "stop" : 1616591501679,
          "duration" : 68428
        }
      }, {
        "uid" : "5ee39a8f40327b82",
        "status" : "failed",
        "statusDetails" : "System.Exception : It was displayed an error. Please check the screenshot.",
        "time" : {
          "start" : 1616102210435,
          "stop" : 1616102276296,
          "duration" : 65861
        }
      }, {
        "uid" : "58053999a2fb2d0c",
        "status" : "failed",
        "statusDetails" : "  Expected: True\r\n  But was:  False\r\n",
        "time" : {
          "start" : 1615314477112,
          "stop" : 1615314532012,
          "duration" : 54900
        }
      }, {
        "uid" : "d1fd4ad2dc80257f",
        "status" : "failed",
        "statusDetails" : "  Expected: True\r\n  But was:  False\r\n",
        "time" : {
          "start" : 1614761879996,
          "stop" : 1614761918629,
          "duration" : 38633
        }
      }, {
        "uid" : "36df7c9cf4bf3280",
        "status" : "failed",
        "statusDetails" : "  Expected: True\r\n  But was:  False\r\n",
        "time" : {
          "start" : 1613649432476,
          "stop" : 1613649473223,
          "duration" : 40747
        }
      }, {
        "uid" : "3fe6bf8d854fd333",
        "status" : "failed",
        "statusDetails" : "  Expected: True\r\n  But was:  False\r\n",
        "time" : {
          "start" : 1611927745767,
          "stop" : 1611927788331,
          "duration" : 42564
        }
      }, {
        "uid" : "6bec139c6aa9a6be",
        "status" : "failed",
        "statusDetails" : "  Expected: True\r\n  But was:  False\r\n",
        "time" : {
          "start" : 1609942995636,
          "stop" : 1609943035744,
          "duration" : 40108
        }
      }, {
        "uid" : "f7779a42dc5123cf",
        "status" : "failed",
        "statusDetails" : "  Expected: True\r\n  But was:  False\r\n",
        "time" : {
          "start" : 1606868839778,
          "stop" : 1606868880699,
          "duration" : 40921
        }
      }, {
        "uid" : "98034d69706ecabc",
        "status" : "failed",
        "statusDetails" : "  Expected: True\r\n  But was:  False\r\n",
        "time" : {
          "start" : 1606217933773,
          "stop" : 1606217978478,
          "duration" : 44705
        }
      }, {
        "uid" : "74be40462f2aece7",
        "status" : "failed",
        "statusDetails" : "  Expected: True\r\n  But was:  False\r\n",
        "time" : {
          "start" : 1605903760474,
          "stop" : 1605903802103,
          "duration" : 41629
        }
      }, {
        "uid" : "4801b1ed64d7bf0c",
        "status" : "failed",
        "statusDetails" : "  Expected: True\r\n  But was:  False\r\n",
        "time" : {
          "start" : 1604544875995,
          "stop" : 1604544916215,
          "duration" : 40220
        }
      }, {
        "uid" : "c86f98ae25d77980",
        "status" : "failed",
        "statusDetails" : "  Expected: True\r\n  But was:  False\r\n",
        "time" : {
          "start" : 1601505859249,
          "stop" : 1601505895591,
          "duration" : 36342
        }
      } ]
    },
    "tags" : [ "URL.5" ]
  },
  "source" : "9bc0b455e0c47781.json",
  "parameterValues" : [ ]
}