{
  "uid" : "9dadaafa00814def",
  "name" : "AccessFeatureAccessRightsManagerEditRightsLogsActivity",
  "fullName" : "BOEM_Tests.Tests.AccountActivity.AccessFeatureAccessRightsManagerEditRightsLogsActivity",
  "historyId" : "BOEM_Tests.Tests.AccountActivity.AccessFeatureAccessRightsManagerEditRightsLogsActivity",
  "time" : {
    "start" : 1617221028281,
    "stop" : 1617221116190,
    "duration" : 87909
  },
  "description" : "Access Feature : Access Rights Manager, Edit Rights, Logs activity\n",
  "descriptionHtml" : "<p>Access Feature : Access Rights Manager, Edit Rights, Logs activity</p>\n",
  "status" : "failed",
  "statusMessage" : "System.Exception : (TEST FAILED) Expected: Activity -> 'ACTION-ADMIN', Detail -> 'Edit Groups - Form Submit:1'\nBut was: Activity -> 'ACTION', Detail -> 'Dashboard - View : Main Dashboard'",
  "statusTrace" : "   at BOEM_Tests.Tests.AccountActivity.AccessFeatureAccessRightsManagerEditRightsLogsActivity() in C:\\Users\\galen\\OneDrive\\Documentos\\GitHub\\Lakes\\BOEM_Tests\\BOEM\\BOEM_Tests\\Tests\\AccountActivity.cs:line 563",
  "flaky" : true,
  "newFailed" : false,
  "beforeStages" : [ {
    "name" : "PrepareResultsDir",
    "time" : {
      "start" : 1617221116166,
      "stop" : 1617221116166,
      "duration" : 0
    },
    "status" : "passed",
    "steps" : [ ],
    "attachments" : [ ],
    "parameters" : [ ],
    "attachmentsCount" : 0,
    "shouldDisplayMessage" : false,
    "stepsCount" : 0,
    "hasContent" : false
  }, {
    "name" : "Setup_Test",
    "time" : {
      "start" : 1617221116167,
      "stop" : 1617221116167,
      "duration" : 0
    },
    "status" : "passed",
    "steps" : [ ],
    "attachments" : [ ],
    "parameters" : [ ],
    "attachmentsCount" : 0,
    "shouldDisplayMessage" : false,
    "stepsCount" : 0,
    "hasContent" : false
  } ],
  "testStage" : {
    "description" : "Access Feature : Access Rights Manager, Edit Rights, Logs activity\n",
    "status" : "failed",
    "statusMessage" : "System.Exception : (TEST FAILED) Expected: Activity -> 'ACTION-ADMIN', Detail -> 'Edit Groups - Form Submit:1'\nBut was: Activity -> 'ACTION', Detail -> 'Dashboard - View : Main Dashboard'",
    "statusTrace" : "   at BOEM_Tests.Tests.AccountActivity.AccessFeatureAccessRightsManagerEditRightsLogsActivity() in C:\\Users\\galen\\OneDrive\\Documentos\\GitHub\\Lakes\\BOEM_Tests\\BOEM\\BOEM_Tests\\Tests\\AccountActivity.cs:line 563",
    "steps" : [ {
      "name" : "AccessFeatureAccessRightsManagerEditRightsLogsActivity",
      "time" : {
        "start" : 1617221028283,
        "stop" : 1617221116177,
        "duration" : 87894
      },
      "status" : "failed",
      "statusMessage" : "System.Exception : (TEST FAILED) Expected: Activity -> 'ACTION-ADMIN', Detail -> 'Edit Groups - Form Submit:1'\nBut was: Activity -> 'ACTION', Detail -> 'Dashboard - View : Main Dashboard'",
      "statusTrace" : "   at BOEM_Tests.Tests.AccountActivity.AccessFeatureAccessRightsManagerEditRightsLogsActivity() in C:\\Users\\galen\\OneDrive\\Documentos\\GitHub\\Lakes\\BOEM_Tests\\BOEM\\BOEM_Tests\\Tests\\AccountActivity.cs:line 563",
      "steps" : [ ],
      "attachments" : [ {
        "uid" : "1587fbd6685b5837",
        "name" : "Attachment Title",
        "source" : "1587fbd6685b5837.png",
        "type" : "image/png",
        "size" : 72574
      }, {
        "uid" : "9145eaa3e5dce187",
        "name" : "Console Output",
        "source" : "9145eaa3e5dce187.txt",
        "type" : "text/plain",
        "size" : 0
      } ],
      "parameters" : [ ],
      "attachmentsCount" : 2,
      "shouldDisplayMessage" : true,
      "stepsCount" : 0,
      "hasContent" : true
    } ],
    "attachments" : [ ],
    "parameters" : [ ],
    "attachmentsCount" : 2,
    "shouldDisplayMessage" : false,
    "stepsCount" : 1,
    "hasContent" : true
  },
  "afterStages" : [ {
    "name" : "TearDown_Test",
    "time" : {
      "start" : 1617221116167,
      "stop" : 1617221116167,
      "duration" : 0
    },
    "status" : "passed",
    "steps" : [ ],
    "attachments" : [ ],
    "parameters" : [ ],
    "attachmentsCount" : 0,
    "shouldDisplayMessage" : false,
    "stepsCount" : 0,
    "hasContent" : false
  } ],
  "labels" : [ {
    "name" : "thread",
    "value" : "NonParallelWorker"
  }, {
    "name" : "host",
    "value" : "SPEEDBYTES-HP"
  }, {
    "name" : "testClass",
    "value" : "BOEM_Tests.Tests.AccountActivity"
  }, {
    "name" : "testMethod",
    "value" : "AccessFeatureAccessRightsManagerEditRightsLogsActivity"
  }, {
    "name" : "package",
    "value" : "BOEM_Tests.Tests.AccountActivity"
  }, {
    "name" : "tag",
    "value" : "ACCOUNTACTIVITY.15"
  }, {
    "name" : "suite",
    "value" : "AccountActivity"
  }, {
    "name" : "severity",
    "value" : "normal"
  }, {
    "name" : "resultFormat",
    "value" : "allure2"
  } ],
  "parameters" : [ ],
  "links" : [ ],
  "hidden" : false,
  "retry" : false,
  "extra" : {
    "severity" : "normal",
    "retries" : [ {
      "uid" : "4d472e8162d9f80d",
      "status" : "failed",
      "statusDetails" : "System.Exception : (TEST FAILED) Expected: Activity -> 'ACTION-ADMIN', Detail -> 'View Access Rights - Details:1'\nBut was: Activity -> 'ACTION', Detail -> 'User Account Activity - Index'",
      "time" : {
        "start" : 1617169093768,
        "stop" : 1617169170381,
        "duration" : 76613
      }
    } ],
    "categories" : [ {
      "name" : "Product defects",
      "matchedStatuses" : [ ],
      "flaky" : false
    } ],
    "history" : {
      "statistic" : {
        "failed" : 6,
        "broken" : 0,
        "skipped" : 0,
        "passed" : 1,
        "unknown" : 0,
        "total" : 7
      },
      "items" : [ {
        "uid" : "97e5221a1ccd4b23",
        "status" : "failed",
        "statusDetails" : "System.Exception : Expected: Activity -> 'ACTION-ADMIN', Detail -> 'View Access Rights - Details:1'\nBut was: Activity -> 'ACTION', Detail -> 'User Account Activity - Index'",
        "time" : {
          "start" : 1617061115562,
          "stop" : 1617061196646,
          "duration" : 81084
        }
      }, {
        "uid" : "a022f592cb8ad01",
        "status" : "failed",
        "statusDetails" : "System.Exception : Expected: Activity -> 'ACTION-ADMIN', Detail -> 'View Access Rights - Details:1'\nBut was: Activity -> 'ACTION', Detail -> 'User Account Activity - Index'",
        "time" : {
          "start" : 1616630637541,
          "stop" : 1616630729553,
          "duration" : 92012
        }
      }, {
        "uid" : "48679e502fb5f2b3",
        "status" : "passed",
        "time" : {
          "start" : 1616039681820,
          "stop" : 1616039774072,
          "duration" : 92252
        }
      }, {
        "uid" : "d888e35a44d72c",
        "status" : "failed",
        "statusDetails" : "OpenQA.Selenium.NoSuchElementException : no such element: Unable to locate element: {\"method\":\"xpath\",\"selector\":\"//*[@id='grid_ActivityGrid']/tbody/tr[2]/td[9]\"}\n  (Session info: chrome=88.0.4324.190)",
        "time" : {
          "start" : 1615431681863,
          "stop" : 1615431742648,
          "duration" : 60785
        }
      }, {
        "uid" : "157492549962e65",
        "status" : "failed",
        "statusDetails" : "  Expected: True\r\n  But was:  False\r\n",
        "time" : {
          "start" : 1614730914067,
          "stop" : 1614730966033,
          "duration" : 51966
        }
      }, {
        "uid" : "819f3484dcee991b",
        "status" : "failed",
        "statusDetails" : "  Expected: True\r\n  But was:  False\r\n",
        "time" : {
          "start" : 1613609271255,
          "stop" : 1613609327024,
          "duration" : 55769
        }
      } ]
    },
    "tags" : [ "ACCOUNTACTIVITY.15" ]
  },
  "source" : "9dadaafa00814def.json",
  "parameterValues" : [ ]
}