{
  "uid" : "a49c0668258c363d",
  "name" : "AccessFeatureEditGroupSubmitLogsActivity",
  "fullName" : "BOEM_Tests.Tests.AccountActivity.AccessFeatureEditGroupSubmitLogsActivity",
  "historyId" : "BOEM_Tests.Tests.AccountActivity.AccessFeatureEditGroupSubmitLogsActivity",
  "time" : {
    "start" : 1617220360614,
    "stop" : 1617220440064,
    "duration" : 79450
  },
  "description" : "Access Feature : Edit Group - Submit, logs activity\n",
  "descriptionHtml" : "<p>Access Feature : Edit Group - Submit, logs activity</p>\n",
  "status" : "failed",
  "statusMessage" : "System.Exception : (TEST FAILED) Expected: Activity -> 'ACTION-ADMIN', Detail -> 'Edit Groups - Form Submit:3'\nBut was: Activity -> 'ACTION-ADMIN', Detail -> 'Admin Groups - Edit:3 - Submit'",
  "statusTrace" : "   at BOEM_Tests.Tests.AccountActivity.AccessFeatureEditGroupSubmitLogsActivity() in C:\\Users\\galen\\OneDrive\\Documentos\\GitHub\\Lakes\\BOEM_Tests\\BOEM\\BOEM_Tests\\Tests\\AccountActivity.cs:line 432",
  "flaky" : true,
  "newFailed" : false,
  "beforeStages" : [ {
    "name" : "PrepareResultsDir",
    "time" : {
      "start" : 1617220440035,
      "stop" : 1617220440035,
      "duration" : 0
    },
    "status" : "passed",
    "steps" : [ ],
    "attachments" : [ ],
    "parameters" : [ ],
    "attachmentsCount" : 0,
    "shouldDisplayMessage" : false,
    "stepsCount" : 0,
    "hasContent" : false
  }, {
    "name" : "Setup_Test",
    "time" : {
      "start" : 1617220440037,
      "stop" : 1617220440037,
      "duration" : 0
    },
    "status" : "passed",
    "steps" : [ ],
    "attachments" : [ ],
    "parameters" : [ ],
    "attachmentsCount" : 0,
    "shouldDisplayMessage" : false,
    "stepsCount" : 0,
    "hasContent" : false
  } ],
  "testStage" : {
    "description" : "Access Feature : Edit Group - Submit, logs activity\n",
    "status" : "failed",
    "statusMessage" : "System.Exception : (TEST FAILED) Expected: Activity -> 'ACTION-ADMIN', Detail -> 'Edit Groups - Form Submit:3'\nBut was: Activity -> 'ACTION-ADMIN', Detail -> 'Admin Groups - Edit:3 - Submit'",
    "statusTrace" : "   at BOEM_Tests.Tests.AccountActivity.AccessFeatureEditGroupSubmitLogsActivity() in C:\\Users\\galen\\OneDrive\\Documentos\\GitHub\\Lakes\\BOEM_Tests\\BOEM\\BOEM_Tests\\Tests\\AccountActivity.cs:line 432",
    "steps" : [ {
      "name" : "AccessFeatureEditGroupSubmitLogsActivity",
      "time" : {
        "start" : 1617220360616,
        "stop" : 1617220440051,
        "duration" : 79435
      },
      "status" : "failed",
      "statusMessage" : "System.Exception : (TEST FAILED) Expected: Activity -> 'ACTION-ADMIN', Detail -> 'Edit Groups - Form Submit:3'\nBut was: Activity -> 'ACTION-ADMIN', Detail -> 'Admin Groups - Edit:3 - Submit'",
      "statusTrace" : "   at BOEM_Tests.Tests.AccountActivity.AccessFeatureEditGroupSubmitLogsActivity() in C:\\Users\\galen\\OneDrive\\Documentos\\GitHub\\Lakes\\BOEM_Tests\\BOEM\\BOEM_Tests\\Tests\\AccountActivity.cs:line 432",
      "steps" : [ ],
      "attachments" : [ {
        "uid" : "385052ca06221909",
        "name" : "Attachment Title",
        "source" : "385052ca06221909.png",
        "type" : "image/png",
        "size" : 72713
      }, {
        "uid" : "d7ae9dec2a569d3",
        "name" : "Console Output",
        "source" : "d7ae9dec2a569d3.txt",
        "type" : "text/plain",
        "size" : 0
      } ],
      "parameters" : [ ],
      "attachmentsCount" : 2,
      "shouldDisplayMessage" : true,
      "stepsCount" : 0,
      "hasContent" : true
    } ],
    "attachments" : [ ],
    "parameters" : [ ],
    "attachmentsCount" : 2,
    "shouldDisplayMessage" : false,
    "stepsCount" : 1,
    "hasContent" : true
  },
  "afterStages" : [ {
    "name" : "TearDown_Test",
    "time" : {
      "start" : 1617220440037,
      "stop" : 1617220440037,
      "duration" : 0
    },
    "status" : "passed",
    "steps" : [ ],
    "attachments" : [ ],
    "parameters" : [ ],
    "attachmentsCount" : 0,
    "shouldDisplayMessage" : false,
    "stepsCount" : 0,
    "hasContent" : false
  } ],
  "labels" : [ {
    "name" : "thread",
    "value" : "NonParallelWorker"
  }, {
    "name" : "host",
    "value" : "SPEEDBYTES-HP"
  }, {
    "name" : "testClass",
    "value" : "BOEM_Tests.Tests.AccountActivity"
  }, {
    "name" : "testMethod",
    "value" : "AccessFeatureEditGroupSubmitLogsActivity"
  }, {
    "name" : "package",
    "value" : "BOEM_Tests.Tests.AccountActivity"
  }, {
    "name" : "tag",
    "value" : "ACCOUNTACTIVITY.11"
  }, {
    "name" : "suite",
    "value" : "AccountActivity"
  }, {
    "name" : "severity",
    "value" : "normal"
  }, {
    "name" : "resultFormat",
    "value" : "allure2"
  } ],
  "parameters" : [ ],
  "links" : [ ],
  "hidden" : false,
  "retry" : false,
  "extra" : {
    "severity" : "normal",
    "retries" : [ {
      "uid" : "71c61c7fc6977632",
      "status" : "failed",
      "statusDetails" : "System.Exception : (TEST FAILED) Expected: Activity -> 'ACTION-ADMIN', Detail -> 'View Groups - Details:3'\nBut was: Activity -> 'ACTION', Detail -> 'User Account Activity - Index'",
      "time" : {
        "start" : 1617168850788,
        "stop" : 1617168912839,
        "duration" : 62051
      }
    } ],
    "categories" : [ {
      "name" : "Product defects",
      "matchedStatuses" : [ ],
      "flaky" : false
    } ],
    "history" : {
      "statistic" : {
        "failed" : 6,
        "broken" : 0,
        "skipped" : 0,
        "passed" : 1,
        "unknown" : 0,
        "total" : 7
      },
      "items" : [ {
        "uid" : "ee5c3d6e636f5417",
        "status" : "failed",
        "statusDetails" : "System.Exception : Expected: Activity -> 'ACTION-ADMIN', Detail -> 'View Groups - Details:3'\nBut was: Activity -> 'ACTION', Detail -> 'User Account Activity - Index'",
        "time" : {
          "start" : 1617060878596,
          "stop" : 1617060936567,
          "duration" : 57971
        }
      }, {
        "uid" : "ad58b27700750dd8",
        "status" : "failed",
        "statusDetails" : "System.Exception : Expected: Activity -> 'ACTION-ADMIN', Detail -> 'View Groups - Details:3'\nBut was: Activity -> 'ACTION', Detail -> 'User Account Activity - Index'",
        "time" : {
          "start" : 1616630399681,
          "stop" : 1616630447636,
          "duration" : 47955
        }
      }, {
        "uid" : "320636a2e0c5d5fc",
        "status" : "passed",
        "time" : {
          "start" : 1616039387782,
          "stop" : 1616039464126,
          "duration" : 76344
        }
      }, {
        "uid" : "c5fa2545c666304f",
        "status" : "failed",
        "statusDetails" : "OpenQA.Selenium.NoSuchElementException : no such element: Unable to locate element: {\"method\":\"xpath\",\"selector\":\"//*[@id='grid_ActivityGrid']/tbody/tr[2]/td[9]\"}\n  (Session info: chrome=88.0.4324.190)",
        "time" : {
          "start" : 1615431473352,
          "stop" : 1615431516795,
          "duration" : 43443
        }
      }, {
        "uid" : "56bde7d3b7b6b1e5",
        "status" : "failed",
        "statusDetails" : "  Expected: True\r\n  But was:  False\r\n",
        "time" : {
          "start" : 1614730774948,
          "stop" : 1614730812019,
          "duration" : 37071
        }
      }, {
        "uid" : "aa36965f6166f99a",
        "status" : "failed",
        "statusDetails" : "  Expected: True\r\n  But was:  False\r\n",
        "time" : {
          "start" : 1613609122173,
          "stop" : 1613609162009,
          "duration" : 39836
        }
      } ]
    },
    "tags" : [ "ACCOUNTACTIVITY.11" ]
  },
  "source" : "a49c0668258c363d.json",
  "parameterValues" : [ ]
}