{
  "uid" : "d3ce930301765f8e",
  "name" : "VerifyNoDataFound",
  "fullName" : "BOEM_Tests.Tests.ChangeHistory.VerifyNoDataFound",
  "historyId" : "BOEM_Tests.Tests.ChangeHistory.VerifyNoDataFound",
  "time" : {
    "start" : 1617848685725,
    "stop" : 1617848828325,
    "duration" : 142600
  },
  "description" : "Select '2000 - 2000 Complete Inventory', 'Last Month' and Verify if table does not say 'no data found'\n",
  "descriptionHtml" : "<p>Select '2000 - 2000 Complete Inventory', 'Last Month' and Verify if table does not say 'no data found'</p>\n",
  "status" : "failed",
  "statusMessage" : "OpenQA.Selenium.WebDriverTimeoutException : (TEST FAILED) Page took too long to load. Please, check the failed step and test's screenshot",
  "statusTrace" : "   at BOEM_Tests.Tests.ChangeHistory.VerifyNoDataFound() in C:\\Users\\galen\\OneDrive\\Documentos\\GitHub\\Lakes\\BOEM_Tests\\BOEM\\BOEM_Tests\\Tests\\ChangeHistory.cs:line 131",
  "flaky" : true,
  "newFailed" : false,
  "beforeStages" : [ {
    "name" : "PrepareResultsDir",
    "time" : {
      "start" : 1617848828324,
      "stop" : 1617848828324,
      "duration" : 0
    },
    "status" : "passed",
    "steps" : [ ],
    "attachments" : [ ],
    "parameters" : [ ],
    "shouldDisplayMessage" : false,
    "attachmentsCount" : 0,
    "hasContent" : false,
    "stepsCount" : 0
  }, {
    "name" : "Setup_Test",
    "time" : {
      "start" : 1617848828324,
      "stop" : 1617848828324,
      "duration" : 0
    },
    "status" : "passed",
    "steps" : [ ],
    "attachments" : [ ],
    "parameters" : [ ],
    "shouldDisplayMessage" : false,
    "attachmentsCount" : 0,
    "hasContent" : false,
    "stepsCount" : 0
  } ],
  "testStage" : {
    "description" : "Select '2000 - 2000 Complete Inventory', 'Last Month' and Verify if table does not say 'no data found'\n",
    "status" : "failed",
    "statusMessage" : "OpenQA.Selenium.WebDriverTimeoutException : (TEST FAILED) Page took too long to load. Please, check the failed step and test's screenshot",
    "statusTrace" : "   at BOEM_Tests.Tests.ChangeHistory.VerifyNoDataFound() in C:\\Users\\galen\\OneDrive\\Documentos\\GitHub\\Lakes\\BOEM_Tests\\BOEM\\BOEM_Tests\\Tests\\ChangeHistory.cs:line 131",
    "steps" : [ {
      "name" : "VerifyNoDataFound",
      "time" : {
        "start" : 1617848685725,
        "stop" : 1617848828325,
        "duration" : 142600
      },
      "status" : "failed",
      "statusMessage" : "OpenQA.Selenium.WebDriverTimeoutException : (TEST FAILED) Page took too long to load. Please, check the failed step and test's screenshot",
      "statusTrace" : "   at BOEM_Tests.Tests.ChangeHistory.VerifyNoDataFound() in C:\\Users\\galen\\OneDrive\\Documentos\\GitHub\\Lakes\\BOEM_Tests\\BOEM\\BOEM_Tests\\Tests\\ChangeHistory.cs:line 131",
      "steps" : [ {
        "name" : "Log in using QA user",
        "time" : {
          "start" : 1617848687519,
          "stop" : 1617848710755,
          "duration" : 23236
        },
        "status" : "passed",
        "steps" : [ {
          "name" : "Open login page",
          "time" : {
            "start" : 1617848687519,
            "stop" : 1617848691764,
            "duration" : 4245
          },
          "status" : "passed",
          "steps" : [ ],
          "attachments" : [ ],
          "parameters" : [ ],
          "shouldDisplayMessage" : false,
          "attachmentsCount" : 0,
          "hasContent" : false,
          "stepsCount" : 0
        }, {
          "name" : "Set username to qa_boem@weblakes.com",
          "time" : {
            "start" : 1617848691765,
            "stop" : 1617848691909,
            "duration" : 144
          },
          "status" : "passed",
          "steps" : [ ],
          "attachments" : [ ],
          "parameters" : [ ],
          "shouldDisplayMessage" : false,
          "attachmentsCount" : 0,
          "hasContent" : false,
          "stepsCount" : 0
        }, {
          "name" : "Set password to e45eT%0n^SpXdsb2",
          "time" : {
            "start" : 1617848691909,
            "stop" : 1617848692073,
            "duration" : 164
          },
          "status" : "passed",
          "steps" : [ ],
          "attachments" : [ ],
          "parameters" : [ ],
          "shouldDisplayMessage" : false,
          "attachmentsCount" : 0,
          "hasContent" : false,
          "stepsCount" : 0
        }, {
          "name" : "Click on login button",
          "time" : {
            "start" : 1617848692073,
            "stop" : 1617848700751,
            "duration" : 8678
          },
          "status" : "passed",
          "steps" : [ ],
          "attachments" : [ ],
          "parameters" : [ ],
          "shouldDisplayMessage" : false,
          "attachmentsCount" : 0,
          "hasContent" : false,
          "stepsCount" : 0
        } ],
        "attachments" : [ ],
        "parameters" : [ ],
        "shouldDisplayMessage" : false,
        "attachmentsCount" : 0,
        "hasContent" : true,
        "stepsCount" : 4
      }, {
        "name" : "Check inventory 2017 - 2017 Complete Inventory",
        "time" : {
          "start" : 1617848710755,
          "stop" : 1617848713865,
          "duration" : 3110
        },
        "status" : "passed",
        "steps" : [ ],
        "attachments" : [ ],
        "parameters" : [ ],
        "shouldDisplayMessage" : false,
        "attachmentsCount" : 0,
        "hasContent" : false,
        "stepsCount" : 0
      }, {
        "name" : "Click on settings on top menu",
        "time" : {
          "start" : 1617848713865,
          "stop" : 1617848718020,
          "duration" : 4155
        },
        "status" : "passed",
        "steps" : [ ],
        "attachments" : [ ],
        "parameters" : [ ],
        "shouldDisplayMessage" : false,
        "attachmentsCount" : 0,
        "hasContent" : false,
        "stepsCount" : 0
      }, {
        "name" : "Click on auditing menu",
        "time" : {
          "start" : 1617848718020,
          "stop" : 1617848721950,
          "duration" : 3930
        },
        "status" : "passed",
        "steps" : [ ],
        "attachments" : [ ],
        "parameters" : [ ],
        "shouldDisplayMessage" : false,
        "attachmentsCount" : 0,
        "hasContent" : false,
        "stepsCount" : 0
      }, {
        "name" : "Click on change history",
        "time" : {
          "start" : 1617848721950,
          "stop" : 1617848728052,
          "duration" : 6102
        },
        "status" : "passed",
        "steps" : [ ],
        "attachments" : [ ],
        "parameters" : [ ],
        "shouldDisplayMessage" : false,
        "attachmentsCount" : 0,
        "hasContent" : false,
        "stepsCount" : 0
      }, {
        "name" : "Select inventory 2000 - 2000 Complete Inventory",
        "time" : {
          "start" : 1617848728052,
          "stop" : 1617848764070,
          "duration" : 36018
        },
        "status" : "passed",
        "steps" : [ {
          "name" : "Select inventory 2000 - 2000 Complete Inventory",
          "time" : {
            "start" : 1617848741247,
            "stop" : 1617848760996,
            "duration" : 19749
          },
          "status" : "passed",
          "steps" : [ ],
          "attachments" : [ ],
          "parameters" : [ ],
          "shouldDisplayMessage" : false,
          "attachmentsCount" : 0,
          "hasContent" : false,
          "stepsCount" : 0
        }, {
          "name" : "Click on select entry button",
          "time" : {
            "start" : 1617848760996,
            "stop" : 1617848764067,
            "duration" : 3071
          },
          "status" : "passed",
          "steps" : [ ],
          "attachments" : [ ],
          "parameters" : [ ],
          "shouldDisplayMessage" : false,
          "attachmentsCount" : 0,
          "hasContent" : false,
          "stepsCount" : 0
        } ],
        "attachments" : [ ],
        "parameters" : [ ],
        "shouldDisplayMessage" : false,
        "attachmentsCount" : 0,
        "hasContent" : true,
        "stepsCount" : 2
      }, {
        "name" : "Click on update button",
        "time" : {
          "start" : 1617848764070,
          "stop" : 1617848771161,
          "duration" : 7091
        },
        "status" : "passed",
        "steps" : [ ],
        "attachments" : [ ],
        "parameters" : [ ],
        "shouldDisplayMessage" : false,
        "attachmentsCount" : 0,
        "hasContent" : false,
        "stepsCount" : 0
      }, {
        "name" : "Select date range",
        "time" : {
          "start" : 1617848771161,
          "stop" : 1617848774471,
          "duration" : 3310
        },
        "status" : "passed",
        "steps" : [ ],
        "attachments" : [ ],
        "parameters" : [ ],
        "shouldDisplayMessage" : false,
        "attachmentsCount" : 0,
        "hasContent" : false,
        "stepsCount" : 0
      }, {
        "name" : "Click on update button",
        "time" : {
          "start" : 1617848774472,
          "stop" : 1617848827541,
          "duration" : 53069
        },
        "status" : "failed",
        "statusMessage" : "timeout: Timed out receiving message from renderer: 50.000\n  (Session info: chrome=89.0.4389.114)",
        "statusTrace" : "   at OpenQA.Selenium.Remote.RemoteWebDriver.UnpackAndThrowOnError(Response errorResponse)\r\n   at OpenQA.Selenium.Remote.RemoteWebDriver.Execute(String driverCommandToExecute, Dictionary`2 parameters)\r\n   at OpenQA.Selenium.Remote.RemoteWebDriver.ExecuteScriptCommand(String script, String commandName, Object[] args)\r\n   at OpenQA.Selenium.Remote.RemoteWebDriver.ExecuteScript(String script, Object[] args)\r\n   at BOEM_Tests.PageObjects.SettingsPage.__a$_around_ClickOnUpdateBtn_100665979_o() in C:\\Users\\galen\\OneDrive\\Documentos\\GitHub\\Lakes\\BOEM_Tests\\BOEM\\BOEM_Tests\\PageObjects\\Settings\\SettingsPage.cs:line 170\r\n   at BOEM_Tests.PageObjects.SettingsPage.__a$_around_ClickOnUpdateBtn_100665979_u(Object[] )\r\n   at NUnit.Allure.Steps.AllureStepAspect.WrapStep(String name, MethodBase methodBase, Object[] arguments, Func`2 method)",
        "steps" : [ ],
        "attachments" : [ ],
        "parameters" : [ ],
        "shouldDisplayMessage" : true,
        "attachmentsCount" : 0,
        "hasContent" : true,
        "stepsCount" : 0
      }, {
        "name" : "Taking Screenshot",
        "time" : {
          "start" : 1617848827542,
          "stop" : 1617848827934,
          "duration" : 392
        },
        "status" : "passed",
        "steps" : [ ],
        "attachments" : [ {
          "uid" : "21db12caaf4fd3e4",
          "name" : "Attachment Title",
          "source" : "21db12caaf4fd3e4.png",
          "type" : "image/png",
          "size" : 51714
        } ],
        "parameters" : [ ],
        "shouldDisplayMessage" : false,
        "attachmentsCount" : 1,
        "hasContent" : true,
        "stepsCount" : 0
      } ],
      "attachments" : [ {
        "uid" : "7ef43bb29ed25f0d",
        "name" : "Console Output",
        "source" : "7ef43bb29ed25f0d.txt",
        "type" : "text/plain",
        "size" : 0
      } ],
      "parameters" : [ ],
      "shouldDisplayMessage" : true,
      "attachmentsCount" : 2,
      "hasContent" : true,
      "stepsCount" : 16
    } ],
    "attachments" : [ ],
    "parameters" : [ ],
    "shouldDisplayMessage" : false,
    "attachmentsCount" : 2,
    "hasContent" : true,
    "stepsCount" : 17
  },
  "afterStages" : [ {
    "name" : "TearDown_Test",
    "time" : {
      "start" : 1617848828324,
      "stop" : 1617848828324,
      "duration" : 0
    },
    "status" : "passed",
    "steps" : [ ],
    "attachments" : [ ],
    "parameters" : [ ],
    "shouldDisplayMessage" : false,
    "attachmentsCount" : 0,
    "hasContent" : false,
    "stepsCount" : 0
  } ],
  "labels" : [ {
    "name" : "thread",
    "value" : "NonParallelWorker"
  }, {
    "name" : "host",
    "value" : "SPEEDBYTES-HP"
  }, {
    "name" : "testClass",
    "value" : "BOEM_Tests.Tests.ChangeHistory"
  }, {
    "name" : "testMethod",
    "value" : "VerifyNoDataFound"
  }, {
    "name" : "package",
    "value" : "BOEM_Tests.Tests.ChangeHistory"
  }, {
    "name" : "tag",
    "value" : "CHANGEHISTORY.2"
  }, {
    "name" : "suite",
    "value" : "ChangeHistory"
  }, {
    "name" : "severity",
    "value" : "normal"
  }, {
    "name" : "resultFormat",
    "value" : "allure2"
  } ],
  "parameters" : [ ],
  "links" : [ ],
  "hidden" : false,
  "retry" : false,
  "extra" : {
    "severity" : "normal",
    "retries" : [ {
      "uid" : "e2a519a9069f3623",
      "status" : "failed",
      "statusDetails" : "OpenQA.Selenium.WebDriverTimeoutException : (TEST FAILED) Page took too long to load. Please, check the failed step and test's screenshot",
      "time" : {
        "start" : 1617753084326,
        "stop" : 1617753174501,
        "duration" : 90175
      }
    } ],
    "categories" : [ {
      "name" : "Product defects",
      "matchedStatuses" : [ ],
      "flaky" : false
    } ],
    "history" : {
      "statistic" : {
        "failed" : 11,
        "broken" : 0,
        "skipped" : 0,
        "passed" : 4,
        "unknown" : 0,
        "total" : 15
      },
      "items" : [ {
        "uid" : "b17ceacfc506d305",
        "status" : "failed",
        "statusDetails" : "OpenQA.Selenium.WebDriverTimeoutException : (TEST FAILED) Page took too long to load. Please, check the failed step and test's screenshot",
        "time" : {
          "start" : 1617647515397,
          "stop" : 1617647669874,
          "duration" : 154477
        }
      }, {
        "uid" : "9f365fa2f9d97380",
        "status" : "failed",
        "statusDetails" : "OpenQA.Selenium.NoSuchElementException : Could not find element by: By.Id: reportrange",
        "time" : {
          "start" : 1617067662428,
          "stop" : 1617067751629,
          "duration" : 89201
        }
      }, {
        "uid" : "12a6daaabe011d53",
        "status" : "failed",
        "statusDetails" : "OpenQA.Selenium.WebDriverTimeoutException : timeout: Timed out receiving message from renderer: 50.000\n  (Session info: chrome=89.0.4389.90)",
        "time" : {
          "start" : 1616611621493,
          "stop" : 1616611727727,
          "duration" : 106234
        }
      }, {
        "uid" : "a2b965a3503972f0",
        "status" : "failed",
        "statusDetails" : "OpenQA.Selenium.NoSuchElementException : Could not find element by: By.Id: reportrange",
        "time" : {
          "start" : 1616046549050,
          "stop" : 1616046643797,
          "duration" : 94747
        }
      }, {
        "uid" : "ed0c645ff3dfd973",
        "status" : "failed",
        "statusDetails" : "OpenQA.Selenium.NoSuchElementException : Could not find element by: By.Id: reportrange",
        "time" : {
          "start" : 1615423271446,
          "stop" : 1615423367440,
          "duration" : 95994
        }
      }, {
        "uid" : "380502bb03fde54f",
        "status" : "failed",
        "statusDetails" : "OpenQA.Selenium.NoSuchElementException : Could not find element by: By.Id: reportrange",
        "time" : {
          "start" : 1614734531948,
          "stop" : 1614734646464,
          "duration" : 114516
        }
      }, {
        "uid" : "f7d79f05bda8d315",
        "status" : "failed",
        "statusDetails" : "OpenQA.Selenium.NoSuchElementException : Could not find element by: By.Id: reportrange",
        "time" : {
          "start" : 1613613251497,
          "stop" : 1613613334713,
          "duration" : 83216
        }
      }, {
        "uid" : "2905dc353215f29b",
        "status" : "failed",
        "statusDetails" : "OpenQA.Selenium.WebDriverTimeoutException : timeout: Timed out receiving message from renderer: 50.000\n  (Session info: chrome=88.0.4324.104)",
        "time" : {
          "start" : 1611955203118,
          "stop" : 1611955284935,
          "duration" : 81817
        }
      }, {
        "uid" : "e65285f7e2bf9e55",
        "status" : "failed",
        "statusDetails" : "OpenQA.Selenium.WebDriverTimeoutException : timeout: Timed out receiving message from renderer: 50.000\n  (Session info: chrome=87.0.4280.88)",
        "time" : {
          "start" : 1609917449786,
          "stop" : 1609917530771,
          "duration" : 80985
        }
      }, {
        "uid" : "76c3abbe2de1ac50",
        "status" : "passed",
        "time" : {
          "start" : 1606843233934,
          "stop" : 1606843310148,
          "duration" : 76214
        }
      }, {
        "uid" : "b465fda1d83db998",
        "status" : "passed",
        "time" : {
          "start" : 1606232768852,
          "stop" : 1606232848685,
          "duration" : 79833
        }
      }, {
        "uid" : "47e0f974e0c4cf12",
        "status" : "failed",
        "statusDetails" : "OpenQA.Selenium.WebDriverTimeoutException : timeout: Timed out receiving message from renderer: 50.000\n  (Session info: chrome=86.0.4240.198)",
        "time" : {
          "start" : 1605884320436,
          "stop" : 1605884451951,
          "duration" : 131515
        }
      }, {
        "uid" : "c3702e1f48ac78c0",
        "status" : "passed",
        "time" : {
          "start" : 1604445320149,
          "stop" : 1604445396819,
          "duration" : 76670
        }
      }, {
        "uid" : "c3daac300ef355e9",
        "status" : "passed",
        "time" : {
          "start" : 1601907756942,
          "stop" : 1601907845849,
          "duration" : 88907
        }
      } ]
    },
    "tags" : [ "CHANGEHISTORY.2" ]
  },
  "source" : "d3ce930301765f8e.json",
  "parameterValues" : [ ]
}