{
  "uid" : "e0bb165c8a5a7bc7",
  "name" : "InventoryLockedAddLeaseAccessDenied",
  "fullName" : "BOEM_Tests.Tests.AccessRightSecurity.InventoryLockedAddLeaseAccessDenied",
  "historyId" : "BOEM_Tests.Tests.AccessRightSecurity.InventoryLockedAddLeaseAccessDenied",
  "time" : {
    "start" : 1617841970949,
    "stop" : 1617842018505,
    "duration" : 47556
  },
  "description" : "Inventory Locked, Add Lease should give 'access denied' message\n",
  "descriptionHtml" : "<p>Inventory Locked, Add Lease should give 'access denied' message</p>\n",
  "status" : "failed",
  "statusMessage" : "System.Exception : (TEST FAILED) The 'Add Lease' button could NOT be found in current page. Please check the test's screenshot",
  "statusTrace" : "   at BOEM_Tests.Tests.AccessRightSecurity.InventoryLockedAddLeaseAccessDenied() in C:\\Users\\galen\\OneDrive\\Documentos\\GitHub\\Lakes\\BOEM_Tests\\BOEM\\BOEM_Tests\\Tests\\AccessRightSecurity.cs:line 1076",
  "flaky" : false,
  "newFailed" : false,
  "beforeStages" : [ {
    "name" : "PrepareResultsDir",
    "time" : {
      "start" : 1617842018504,
      "stop" : 1617842018504,
      "duration" : 0
    },
    "status" : "passed",
    "steps" : [ ],
    "attachments" : [ ],
    "parameters" : [ ],
    "shouldDisplayMessage" : false,
    "attachmentsCount" : 0,
    "hasContent" : false,
    "stepsCount" : 0
  }, {
    "name" : "Setup_Test",
    "time" : {
      "start" : 1617842018504,
      "stop" : 1617842018504,
      "duration" : 0
    },
    "status" : "passed",
    "steps" : [ ],
    "attachments" : [ ],
    "parameters" : [ ],
    "shouldDisplayMessage" : false,
    "attachmentsCount" : 0,
    "hasContent" : false,
    "stepsCount" : 0
  } ],
  "testStage" : {
    "description" : "Inventory Locked, Add Lease should give 'access denied' message\n",
    "status" : "failed",
    "statusMessage" : "System.Exception : (TEST FAILED) The 'Add Lease' button could NOT be found in current page. Please check the test's screenshot",
    "statusTrace" : "   at BOEM_Tests.Tests.AccessRightSecurity.InventoryLockedAddLeaseAccessDenied() in C:\\Users\\galen\\OneDrive\\Documentos\\GitHub\\Lakes\\BOEM_Tests\\BOEM\\BOEM_Tests\\Tests\\AccessRightSecurity.cs:line 1076",
    "steps" : [ {
      "name" : "InventoryLockedAddLeaseAccessDenied",
      "time" : {
        "start" : 1617841970949,
        "stop" : 1617842018505,
        "duration" : 47556
      },
      "status" : "failed",
      "statusMessage" : "System.Exception : (TEST FAILED) The 'Add Lease' button could NOT be found in current page. Please check the test's screenshot",
      "statusTrace" : "   at BOEM_Tests.Tests.AccessRightSecurity.InventoryLockedAddLeaseAccessDenied() in C:\\Users\\galen\\OneDrive\\Documentos\\GitHub\\Lakes\\BOEM_Tests\\BOEM\\BOEM_Tests\\Tests\\AccessRightSecurity.cs:line 1076",
      "steps" : [ {
        "name" : "Log in using QA Not Edit user",
        "time" : {
          "start" : 1617841972788,
          "stop" : 1617841994059,
          "duration" : 21271
        },
        "status" : "passed",
        "steps" : [ {
          "name" : "Open login page",
          "time" : {
            "start" : 1617841972788,
            "stop" : 1617841977332,
            "duration" : 4544
          },
          "status" : "passed",
          "steps" : [ ],
          "attachments" : [ ],
          "parameters" : [ ],
          "shouldDisplayMessage" : false,
          "attachmentsCount" : 0,
          "hasContent" : false,
          "stepsCount" : 0
        }, {
          "name" : "Set username to QA_BOEMNotEdit@weblakes.com",
          "time" : {
            "start" : 1617841977332,
            "stop" : 1617841977514,
            "duration" : 182
          },
          "status" : "passed",
          "steps" : [ ],
          "attachments" : [ ],
          "parameters" : [ ],
          "shouldDisplayMessage" : false,
          "attachmentsCount" : 0,
          "hasContent" : false,
          "stepsCount" : 0
        }, {
          "name" : "Set password to ETQvv0Rc5QGf6#125",
          "time" : {
            "start" : 1617841977514,
            "stop" : 1617841977684,
            "duration" : 170
          },
          "status" : "passed",
          "steps" : [ ],
          "attachments" : [ ],
          "parameters" : [ ],
          "shouldDisplayMessage" : false,
          "attachmentsCount" : 0,
          "hasContent" : false,
          "stepsCount" : 0
        }, {
          "name" : "Click on login button",
          "time" : {
            "start" : 1617841977684,
            "stop" : 1617841984057,
            "duration" : 6373
          },
          "status" : "passed",
          "steps" : [ ],
          "attachments" : [ ],
          "parameters" : [ ],
          "shouldDisplayMessage" : false,
          "attachmentsCount" : 0,
          "hasContent" : false,
          "stepsCount" : 0
        } ],
        "attachments" : [ ],
        "parameters" : [ ],
        "shouldDisplayMessage" : false,
        "attachmentsCount" : 0,
        "hasContent" : true,
        "stepsCount" : 4
      }, {
        "name" : "Check and select correct project FAT_BOEM_GOM",
        "time" : {
          "start" : 1617841994072,
          "stop" : 1617841998207,
          "duration" : 4135
        },
        "status" : "passed",
        "steps" : [ ],
        "attachments" : [ ],
        "parameters" : [ ],
        "shouldDisplayMessage" : false,
        "attachmentsCount" : 0,
        "hasContent" : false,
        "stepsCount" : 0
      }, {
        "name" : "Check inventory 2017 - 2017 Complete Inventory",
        "time" : {
          "start" : 1617841998207,
          "stop" : 1617842002704,
          "duration" : 4497
        },
        "status" : "passed",
        "steps" : [ ],
        "attachments" : [ ],
        "parameters" : [ ],
        "shouldDisplayMessage" : false,
        "attachmentsCount" : 0,
        "hasContent" : false,
        "stepsCount" : 0
      }, {
        "name" : "Select inventory icon",
        "time" : {
          "start" : 1617842002705,
          "stop" : 1617842005961,
          "duration" : 3256
        },
        "status" : "passed",
        "steps" : [ ],
        "attachments" : [ ],
        "parameters" : [ ],
        "shouldDisplayMessage" : false,
        "attachmentsCount" : 0,
        "hasContent" : false,
        "stepsCount" : 0
      }, {
        "name" : "Access relative URL /Input/NavNPLOEmissionsManager/NploLease",
        "time" : {
          "start" : 1617842005961,
          "stop" : 1617842012894,
          "duration" : 6933
        },
        "status" : "passed",
        "steps" : [ ],
        "attachments" : [ ],
        "parameters" : [ ],
        "shouldDisplayMessage" : false,
        "attachmentsCount" : 0,
        "hasContent" : false,
        "stepsCount" : 0
      }, {
        "name" : "Click on add lease button",
        "time" : {
          "start" : 1617842012894,
          "stop" : 1617842017934,
          "duration" : 5040
        },
        "status" : "failed",
        "statusMessage" : "(TEST FAILED) The 'Add Lease' button could NOT be found in current page. Please check the test's screenshot",
        "statusTrace" : "   at BOEM_Tests.PageObjects.AdminSecurityPage.__a$_around_ClickAddLease_100665900_o() in C:\\Users\\galen\\OneDrive\\Documentos\\GitHub\\Lakes\\BOEM_Tests\\BOEM\\BOEM_Tests\\PageObjects\\AdminSecurity\\AdminSecurityPage.cs:line 491\r\n   at BOEM_Tests.PageObjects.AdminSecurityPage.__a$_around_ClickAddLease_100665900_u(Object[] )\r\n   at NUnit.Allure.Steps.AllureStepAspect.WrapStep(String name, MethodBase methodBase, Object[] arguments, Func`2 method)",
        "steps" : [ ],
        "attachments" : [ ],
        "parameters" : [ ],
        "shouldDisplayMessage" : true,
        "attachmentsCount" : 0,
        "hasContent" : true,
        "stepsCount" : 0
      }, {
        "name" : "Taking Screenshot",
        "time" : {
          "start" : 1617842017935,
          "stop" : 1617842018249,
          "duration" : 314
        },
        "status" : "passed",
        "steps" : [ ],
        "attachments" : [ {
          "uid" : "a463b2cff2fdbc1c",
          "name" : "Attachment Title",
          "source" : "a463b2cff2fdbc1c.png",
          "type" : "image/png",
          "size" : 64858
        } ],
        "parameters" : [ ],
        "shouldDisplayMessage" : false,
        "attachmentsCount" : 1,
        "hasContent" : true,
        "stepsCount" : 0
      } ],
      "attachments" : [ {
        "uid" : "a583c1df45227bfa",
        "name" : "Console Output",
        "source" : "a583c1df45227bfa.txt",
        "type" : "text/plain",
        "size" : 0
      } ],
      "parameters" : [ ],
      "shouldDisplayMessage" : true,
      "attachmentsCount" : 2,
      "hasContent" : true,
      "stepsCount" : 11
    } ],
    "attachments" : [ ],
    "parameters" : [ ],
    "shouldDisplayMessage" : false,
    "attachmentsCount" : 2,
    "hasContent" : true,
    "stepsCount" : 12
  },
  "afterStages" : [ {
    "name" : "TearDown_Test",
    "time" : {
      "start" : 1617842018504,
      "stop" : 1617842018504,
      "duration" : 0
    },
    "status" : "passed",
    "steps" : [ ],
    "attachments" : [ ],
    "parameters" : [ ],
    "shouldDisplayMessage" : false,
    "attachmentsCount" : 0,
    "hasContent" : false,
    "stepsCount" : 0
  } ],
  "labels" : [ {
    "name" : "thread",
    "value" : "NonParallelWorker"
  }, {
    "name" : "host",
    "value" : "SPEEDBYTES-HP"
  }, {
    "name" : "testClass",
    "value" : "BOEM_Tests.Tests.AccessRightSecurity"
  }, {
    "name" : "testMethod",
    "value" : "InventoryLockedAddLeaseAccessDenied"
  }, {
    "name" : "package",
    "value" : "BOEM_Tests.Tests.AccessRightSecurity"
  }, {
    "name" : "tag",
    "value" : "ACCESSRIGHTSECURITY.31"
  }, {
    "name" : "suite",
    "value" : "AccessRightSecurity"
  }, {
    "name" : "severity",
    "value" : "normal"
  }, {
    "name" : "resultFormat",
    "value" : "allure2"
  } ],
  "parameters" : [ ],
  "links" : [ ],
  "hidden" : false,
  "retry" : false,
  "extra" : {
    "severity" : "normal",
    "retries" : [ {
      "uid" : "3e207e8991cceed6",
      "status" : "failed",
      "statusDetails" : "System.Exception : (TEST FAILED) The 'Add Lease' button could NOT be found in current page. Please check the test's screenshot",
      "time" : {
        "start" : 1617746639694,
        "stop" : 1617746689082,
        "duration" : 49388
      }
    } ],
    "categories" : [ {
      "name" : "Product defects",
      "matchedStatuses" : [ ],
      "flaky" : false
    } ],
    "history" : {
      "statistic" : {
        "failed" : 7,
        "broken" : 0,
        "skipped" : 0,
        "passed" : 0,
        "unknown" : 0,
        "total" : 7
      },
      "items" : [ {
        "uid" : "6c9d66545a152d62",
        "status" : "failed",
        "statusDetails" : "System.Exception : (TEST FAILED) The 'Add Lease' button could NOT be found in current page. Please check the test's screenshot",
        "time" : {
          "start" : 1617167186308,
          "stop" : 1617167264160,
          "duration" : 77852
        }
      }, {
        "uid" : "aa56d86dc2b3879",
        "status" : "failed",
        "statusDetails" : "System.Exception : (TEST FAILED) The 'Add Lease' button could NOT be found in current page. Please check the test's screenshot",
        "time" : {
          "start" : 1617059210887,
          "stop" : 1617059295018,
          "duration" : 84131
        }
      }, {
        "uid" : "80c9f4f2f1d0e8a7",
        "status" : "failed",
        "statusDetails" : "System.Exception : (TEST FAILED) The 'Add Lease' button could NOT be found in current page. Please check the test's screenshot",
        "time" : {
          "start" : 1616621591384,
          "stop" : 1616621659521,
          "duration" : 68137
        }
      }, {
        "uid" : "bd59c2fa45abf93a",
        "status" : "failed",
        "statusDetails" : "OpenQA.Selenium.NoSuchElementException : Could not find element by: By.Id: btnAddEntry",
        "time" : {
          "start" : 1616037813468,
          "stop" : 1616037892181,
          "duration" : 78713
        }
      }, {
        "uid" : "c3abc265fdc2ae15",
        "status" : "failed",
        "statusDetails" : "OpenQA.Selenium.NoSuchElementException : Could not find element by: By.Id: btnAddEntry",
        "time" : {
          "start" : 1615328303443,
          "stop" : 1615328357088,
          "duration" : 53645
        }
      }, {
        "uid" : "3a640b339c798597",
        "status" : "failed",
        "statusDetails" : "OpenQA.Selenium.NoSuchElementException : Could not find element by: By.Id: btnAddEntry",
        "time" : {
          "start" : 1614729798716,
          "stop" : 1614729836344,
          "duration" : 37628
        }
      } ]
    },
    "tags" : [ "ACCESSRIGHTSECURITY.31" ]
  },
  "source" : "e0bb165c8a5a7bc7.json",
  "parameterValues" : [ ]
}