{
  "uid" : "f071000fe2baeef8",
  "name" : "AccessURL9_EISQuestionnaire_Details",
  "fullName" : "BOEM_Tests.Tests.Url.AccessURL9_EISQuestionnaire_Details",
  "historyId" : "BOEM_Tests.Tests.Url.AccessURL9_EISQuestionnaire_Details",
  "time" : {
    "start" : 1617982172100,
    "stop" : 1617982225717,
    "duration" : 53617
  },
  "description" : "Try to access the url: '/EISQuestionnaire/Details'. Should be fail if page doesn't load\n",
  "descriptionHtml" : "<p>Try to access the url: '/EISQuestionnaire/Details'. Should be fail if page doesn't load</p>\n",
  "status" : "failed",
  "statusMessage" : "System.Exception : (TEST FAILED) It was displayed an error. Please check the screenshot.",
  "statusTrace" : "   at BOEM_Tests.Tests.Url.AccessURL9_EISQuestionnaire_Details() in C:\\Users\\galen\\OneDrive\\Documentos\\GitHub\\Lakes\\BOEM_Tests\\BOEM\\BOEM_Tests\\Tests\\Url.cs:line 263",
  "flaky" : false,
  "newFailed" : false,
  "beforeStages" : [ {
    "name" : "PrepareResultsDir",
    "time" : {
      "start" : 1617982225716,
      "stop" : 1617982225716,
      "duration" : 0
    },
    "status" : "passed",
    "steps" : [ ],
    "attachments" : [ ],
    "parameters" : [ ],
    "shouldDisplayMessage" : false,
    "attachmentsCount" : 0,
    "hasContent" : false,
    "stepsCount" : 0
  }, {
    "name" : "SetUp_Test",
    "time" : {
      "start" : 1617982225716,
      "stop" : 1617982225716,
      "duration" : 0
    },
    "status" : "passed",
    "steps" : [ ],
    "attachments" : [ ],
    "parameters" : [ ],
    "shouldDisplayMessage" : false,
    "attachmentsCount" : 0,
    "hasContent" : false,
    "stepsCount" : 0
  } ],
  "testStage" : {
    "description" : "Try to access the url: '/EISQuestionnaire/Details'. Should be fail if page doesn't load\n",
    "status" : "failed",
    "statusMessage" : "System.Exception : (TEST FAILED) It was displayed an error. Please check the screenshot.",
    "statusTrace" : "   at BOEM_Tests.Tests.Url.AccessURL9_EISQuestionnaire_Details() in C:\\Users\\galen\\OneDrive\\Documentos\\GitHub\\Lakes\\BOEM_Tests\\BOEM\\BOEM_Tests\\Tests\\Url.cs:line 263",
    "steps" : [ {
      "name" : "AccessURL9_EISQuestionnaire_Details",
      "time" : {
        "start" : 1617982172100,
        "stop" : 1617982225716,
        "duration" : 53616
      },
      "status" : "failed",
      "statusMessage" : "System.Exception : (TEST FAILED) It was displayed an error. Please check the screenshot.",
      "statusTrace" : "   at BOEM_Tests.Tests.Url.AccessURL9_EISQuestionnaire_Details() in C:\\Users\\galen\\OneDrive\\Documentos\\GitHub\\Lakes\\BOEM_Tests\\BOEM\\BOEM_Tests\\Tests\\Url.cs:line 263",
      "steps" : [ {
        "name" : "Log in using QA user",
        "time" : {
          "start" : 1617982174159,
          "stop" : 1617982201765,
          "duration" : 27606
        },
        "status" : "passed",
        "steps" : [ {
          "name" : "Open login page",
          "time" : {
            "start" : 1617982174159,
            "stop" : 1617982178924,
            "duration" : 4765
          },
          "status" : "passed",
          "steps" : [ ],
          "attachments" : [ ],
          "parameters" : [ ],
          "shouldDisplayMessage" : false,
          "attachmentsCount" : 0,
          "hasContent" : false,
          "stepsCount" : 0
        }, {
          "name" : "Set username to qa_boem@weblakes.com",
          "time" : {
            "start" : 1617982178924,
            "stop" : 1617982179141,
            "duration" : 217
          },
          "status" : "passed",
          "steps" : [ ],
          "attachments" : [ ],
          "parameters" : [ ],
          "shouldDisplayMessage" : false,
          "attachmentsCount" : 0,
          "hasContent" : false,
          "stepsCount" : 0
        }, {
          "name" : "Set password to e45eT%0n^SpXdsb2",
          "time" : {
            "start" : 1617982179141,
            "stop" : 1617982179340,
            "duration" : 199
          },
          "status" : "passed",
          "steps" : [ ],
          "attachments" : [ ],
          "parameters" : [ ],
          "shouldDisplayMessage" : false,
          "attachmentsCount" : 0,
          "hasContent" : false,
          "stepsCount" : 0
        }, {
          "name" : "Click on login button",
          "time" : {
            "start" : 1617982179340,
            "stop" : 1617982191749,
            "duration" : 12409
          },
          "status" : "passed",
          "steps" : [ ],
          "attachments" : [ ],
          "parameters" : [ ],
          "shouldDisplayMessage" : false,
          "attachmentsCount" : 0,
          "hasContent" : false,
          "stepsCount" : 0
        } ],
        "attachments" : [ ],
        "parameters" : [ ],
        "shouldDisplayMessage" : false,
        "attachmentsCount" : 0,
        "hasContent" : true,
        "stepsCount" : 4
      }, {
        "name" : "Access relative url /EISQuestionnaire/Details",
        "time" : {
          "start" : 1617982201765,
          "stop" : 1617982214903,
          "duration" : 13138
        },
        "status" : "passed",
        "steps" : [ ],
        "attachments" : [ ],
        "parameters" : [ ],
        "shouldDisplayMessage" : false,
        "attachmentsCount" : 0,
        "hasContent" : false,
        "stepsCount" : 0
      }, {
        "name" : "Check if page loaded correctly",
        "time" : {
          "start" : 1617982214903,
          "stop" : 1617982224980,
          "duration" : 10077
        },
        "status" : "failed",
        "statusMessage" : "(TEST FAILED) It was displayed an error. Please check the screenshot.",
        "statusTrace" : "   at BOEM_Tests.PageObjects.UrlPage.__a$_around_DidPageLoad_100666049_o(String titleText, By uniqueElement) in C:\\Users\\galen\\OneDrive\\Documentos\\GitHub\\Lakes\\BOEM_Tests\\BOEM\\BOEM_Tests\\PageObjects\\Url\\UrlPage.cs:line 88\r\n   at BOEM_Tests.PageObjects.UrlPage.__a$_around_DidPageLoad_100666049_u(Object[] )\r\n   at NUnit.Allure.Steps.AllureStepAspect.WrapStep(String name, MethodBase methodBase, Object[] arguments, Func`2 method)",
        "steps" : [ {
          "name" : "Check if got server error message",
          "time" : {
            "start" : 1617982224912,
            "stop" : 1617982224979,
            "duration" : 67
          },
          "status" : "passed",
          "steps" : [ ],
          "attachments" : [ ],
          "parameters" : [ ],
          "shouldDisplayMessage" : false,
          "attachmentsCount" : 0,
          "hasContent" : false,
          "stepsCount" : 0
        } ],
        "attachments" : [ ],
        "parameters" : [ ],
        "shouldDisplayMessage" : true,
        "attachmentsCount" : 0,
        "hasContent" : true,
        "stepsCount" : 1
      }, {
        "name" : "Taking Screenshot",
        "time" : {
          "start" : 1617982224981,
          "stop" : 1617982225337,
          "duration" : 356
        },
        "status" : "passed",
        "steps" : [ ],
        "attachments" : [ {
          "uid" : "64749da65c3489df",
          "name" : "Attachment Title",
          "source" : "64749da65c3489df.png",
          "type" : "image/png",
          "size" : 95800
        } ],
        "parameters" : [ ],
        "shouldDisplayMessage" : false,
        "attachmentsCount" : 1,
        "hasContent" : true,
        "stepsCount" : 0
      } ],
      "attachments" : [ {
        "uid" : "6dd2e17a33ee12b8",
        "name" : "Console Output",
        "source" : "6dd2e17a33ee12b8.txt",
        "type" : "text/plain",
        "size" : 0
      } ],
      "parameters" : [ ],
      "shouldDisplayMessage" : true,
      "attachmentsCount" : 2,
      "hasContent" : true,
      "stepsCount" : 9
    } ],
    "attachments" : [ ],
    "parameters" : [ ],
    "shouldDisplayMessage" : false,
    "attachmentsCount" : 2,
    "hasContent" : true,
    "stepsCount" : 10
  },
  "afterStages" : [ {
    "name" : "TearDown_Test",
    "time" : {
      "start" : 1617982225716,
      "stop" : 1617982225716,
      "duration" : 0
    },
    "status" : "passed",
    "steps" : [ ],
    "attachments" : [ ],
    "parameters" : [ ],
    "shouldDisplayMessage" : false,
    "attachmentsCount" : 0,
    "hasContent" : false,
    "stepsCount" : 0
  } ],
  "labels" : [ {
    "name" : "thread",
    "value" : "NonParallelWorker"
  }, {
    "name" : "host",
    "value" : "SPEEDBYTES-HP"
  }, {
    "name" : "testClass",
    "value" : "BOEM_Tests.Tests.Url"
  }, {
    "name" : "testMethod",
    "value" : "AccessURL9_EISQuestionnaire_Details"
  }, {
    "name" : "package",
    "value" : "BOEM_Tests.Tests.Url"
  }, {
    "name" : "tag",
    "value" : "URL.9"
  }, {
    "name" : "suite",
    "value" : "Url"
  }, {
    "name" : "severity",
    "value" : "normal"
  }, {
    "name" : "resultFormat",
    "value" : "allure2"
  } ],
  "parameters" : [ ],
  "links" : [ ],
  "hidden" : false,
  "retry" : false,
  "extra" : {
    "severity" : "normal",
    "retries" : [ {
      "uid" : "9f4efbd9497be09d",
      "status" : "failed",
      "statusDetails" : "OpenQA.Selenium.WebDriverException : unknown error: net::ERR_CONNECTION_TIMED_OUT\n  (Session info: chrome=89.0.4389.114)",
      "time" : {
        "start" : 1617955833382,
        "stop" : 1617955879057,
        "duration" : 45675
      }
    } ],
    "categories" : [ {
      "name" : "Product defects",
      "matchedStatuses" : [ ],
      "flaky" : false
    } ],
    "history" : {
      "statistic" : {
        "failed" : 16,
        "broken" : 0,
        "skipped" : 0,
        "passed" : 0,
        "unknown" : 0,
        "total" : 16
      },
      "items" : [ {
        "uid" : "bbb8f1d4c6f9bbcd",
        "status" : "failed",
        "statusDetails" : "System.Exception : (TEST FAILED) It was displayed an error. Please check the screenshot.",
        "time" : {
          "start" : 1617882670907,
          "stop" : 1617882720326,
          "duration" : 49419
        }
      }, {
        "uid" : "244c48cf174cb8fb",
        "status" : "failed",
        "statusDetails" : "System.Exception : It was displayed an error. Please check the screenshot.",
        "time" : {
          "start" : 1617215362116,
          "stop" : 1617215425263,
          "duration" : 63147
        }
      }, {
        "uid" : "e017012682abc6ae",
        "status" : "failed",
        "statusDetails" : "System.Exception : It was displayed an error. Please check the screenshot.",
        "time" : {
          "start" : 1617105729079,
          "stop" : 1617105793529,
          "duration" : 64450
        }
      }, {
        "uid" : "3eb2b1e3973fa71b",
        "status" : "failed",
        "statusDetails" : "System.Exception : It was displayed an error. Please check the screenshot.",
        "time" : {
          "start" : 1616591685716,
          "stop" : 1616591764304,
          "duration" : 78588
        }
      }, {
        "uid" : "8897ec2de0c6772b",
        "status" : "failed",
        "statusDetails" : "System.Exception : It was displayed an error. Please check the screenshot.",
        "time" : {
          "start" : 1616102520101,
          "stop" : 1616102585795,
          "duration" : 65694
        }
      }, {
        "uid" : "1d3e5dba7a9b5ffc",
        "status" : "failed",
        "statusDetails" : "  Expected: True\r\n  But was:  False\r\n",
        "time" : {
          "start" : 1615314714840,
          "stop" : 1615314771290,
          "duration" : 56450
        }
      }, {
        "uid" : "578e1a1fa088f16f",
        "status" : "failed",
        "statusDetails" : "  Expected: True\r\n  But was:  False\r\n",
        "time" : {
          "start" : 1614762037643,
          "stop" : 1614762079643,
          "duration" : 42000
        }
      }, {
        "uid" : "15f0dfc9ed51bcbb",
        "status" : "failed",
        "statusDetails" : "  Expected: True\r\n  But was:  False\r\n",
        "time" : {
          "start" : 1613649599586,
          "stop" : 1613649641866,
          "duration" : 42280
        }
      }, {
        "uid" : "fb91c7569d4c373e",
        "status" : "failed",
        "statusDetails" : "  Expected: True\r\n  But was:  False\r\n",
        "time" : {
          "start" : 1611927914555,
          "stop" : 1611927955495,
          "duration" : 40940
        }
      }, {
        "uid" : "babd736015a012e2",
        "status" : "failed",
        "statusDetails" : "  Expected: True\r\n  But was:  False\r\n",
        "time" : {
          "start" : 1609943157479,
          "stop" : 1609943197024,
          "duration" : 39545
        }
      }, {
        "uid" : "e3c0f3ace820801f",
        "status" : "failed",
        "statusDetails" : "  Expected: True\r\n  But was:  False\r\n",
        "time" : {
          "start" : 1606868880714,
          "stop" : 1606868924902,
          "duration" : 44188
        }
      }, {
        "uid" : "ec0b55bb69424c53",
        "status" : "failed",
        "statusDetails" : "  Expected: True\r\n  But was:  False\r\n",
        "time" : {
          "start" : 1606193321237,
          "stop" : 1606193360916,
          "duration" : 39679
        }
      }, {
        "uid" : "fdb54048c5b918fc",
        "status" : "failed",
        "statusDetails" : "  Expected: True\r\n  But was:  False\r\n",
        "time" : {
          "start" : 1605903933113,
          "stop" : 1605903977494,
          "duration" : 44381
        }
      }, {
        "uid" : "3f00409efdb6bcee",
        "status" : "failed",
        "statusDetails" : "  Expected: True\r\n  But was:  False\r\n",
        "time" : {
          "start" : 1604545039840,
          "stop" : 1604545080625,
          "duration" : 40785
        }
      }, {
        "uid" : "8be82730314f9124",
        "status" : "failed",
        "statusDetails" : "  Expected: True\r\n  But was:  False\r\n",
        "time" : {
          "start" : 1601506010812,
          "stop" : 1601506047230,
          "duration" : 36418
        }
      } ]
    },
    "tags" : [ "URL.9" ]
  },
  "source" : "f071000fe2baeef8.json",
  "parameterValues" : [ ]
}