{
  "uid" : "beabd7139803f2a2",
  "name" : "CHANGEHISTORY_02",
  "fullName" : "BOEM_Tests.Tests.ChangeHistory.CHANGEHISTORY_02",
  "historyId" : "BOEM_Tests.Tests.ChangeHistory.CHANGEHISTORY_02",
  "time" : {
    "start" : 1619539878810,
    "stop" : 1619539935212,
    "duration" : 56402
  },
  "description" : "Select '2000 - 2000 Complete Inventory', 'Last Month' and Verify if table does not say 'no data found'\n",
  "descriptionHtml" : "<p>Select '2000 - 2000 Complete Inventory', 'Last Month' and Verify if table does not say 'no data found'</p>\n",
  "status" : "failed",
  "statusMessage" : "OpenQA.Selenium.WebDriverTimeoutException : (TEST FAILED) Page took too long to load. Please, check the failed step and test's screenshot",
  "statusTrace" : "   at BOEM_Tests.Tests.ChangeHistory.CHANGEHISTORY_02() in C:\\Users\\galen\\OneDrive\\Documentos\\GitHub\\Lakes\\BOEM_Tests\\BOEM\\BOEM_Tests\\Tests\\ChangeHistory.cs:line 141",
  "flaky" : false,
  "newFailed" : false,
  "beforeStages" : [ {
    "name" : "PrepareResultsDir",
    "time" : {
      "start" : 1619539935211,
      "stop" : 1619539935211,
      "duration" : 0
    },
    "status" : "passed",
    "steps" : [ ],
    "attachments" : [ ],
    "parameters" : [ ],
    "attachmentsCount" : 0,
    "shouldDisplayMessage" : false,
    "hasContent" : false,
    "stepsCount" : 0
  }, {
    "name" : "Setup_Test",
    "time" : {
      "start" : 1619539935211,
      "stop" : 1619539935211,
      "duration" : 0
    },
    "status" : "passed",
    "steps" : [ ],
    "attachments" : [ ],
    "parameters" : [ ],
    "attachmentsCount" : 0,
    "shouldDisplayMessage" : false,
    "hasContent" : false,
    "stepsCount" : 0
  } ],
  "testStage" : {
    "description" : "Select '2000 - 2000 Complete Inventory', 'Last Month' and Verify if table does not say 'no data found'\n",
    "status" : "failed",
    "statusMessage" : "OpenQA.Selenium.WebDriverTimeoutException : (TEST FAILED) Page took too long to load. Please, check the failed step and test's screenshot",
    "statusTrace" : "   at BOEM_Tests.Tests.ChangeHistory.CHANGEHISTORY_02() in C:\\Users\\galen\\OneDrive\\Documentos\\GitHub\\Lakes\\BOEM_Tests\\BOEM\\BOEM_Tests\\Tests\\ChangeHistory.cs:line 141",
    "steps" : [ {
      "name" : "CHANGEHISTORY_02",
      "time" : {
        "start" : 1619539878810,
        "stop" : 1619539935212,
        "duration" : 56402
      },
      "status" : "failed",
      "statusMessage" : "OpenQA.Selenium.WebDriverTimeoutException : (TEST FAILED) Page took too long to load. Please, check the failed step and test's screenshot",
      "statusTrace" : "   at BOEM_Tests.Tests.ChangeHistory.CHANGEHISTORY_02() in C:\\Users\\galen\\OneDrive\\Documentos\\GitHub\\Lakes\\BOEM_Tests\\BOEM\\BOEM_Tests\\Tests\\ChangeHistory.cs:line 141",
      "steps" : [ {
        "name" : "Click on settings on top menu",
        "time" : {
          "start" : 1619539881942,
          "stop" : 1619539935018,
          "duration" : 53076
        },
        "status" : "failed",
        "statusMessage" : "timeout: Timed out receiving message from renderer: 50.000\n  (Session info: chrome=90.0.4430.93)",
        "statusTrace" : "   at OpenQA.Selenium.Remote.RemoteWebDriver.UnpackAndThrowOnError(Response errorResponse)\r\n   at OpenQA.Selenium.Remote.RemoteWebDriver.Execute(String driverCommandToExecute, Dictionary`2 parameters)\r\n   at OpenQA.Selenium.Remote.RemoteWebDriver.ExecuteScriptCommand(String script, String commandName, Object[] args)\r\n   at OpenQA.Selenium.Remote.RemoteWebDriver.ExecuteScript(String script, Object[] args)\r\n   at BOEM_Tests.PageObjects.SettingsPage.__a$_around_ClickOnSettingsBtn_100666091_o() in C:\\Users\\galen\\OneDrive\\Documentos\\GitHub\\Lakes\\BOEM_Tests\\BOEM\\BOEM_Tests\\PageObjects\\Settings\\SettingsPage.cs:line 134\r\n   at BOEM_Tests.PageObjects.SettingsPage.__a$_around_ClickOnSettingsBtn_100666091_u(Object[] )\r\n   at NUnit.Allure.Steps.AllureStepAspect.WrapStep(String name, MethodBase methodBase, Object[] arguments, Func`2 method)",
        "steps" : [ ],
        "attachments" : [ ],
        "parameters" : [ ],
        "attachmentsCount" : 0,
        "shouldDisplayMessage" : true,
        "hasContent" : true,
        "stepsCount" : 0
      }, {
        "name" : "Taking Screenshot",
        "time" : {
          "start" : 1619539935022,
          "stop" : 1619539935211,
          "duration" : 189
        },
        "status" : "passed",
        "steps" : [ ],
        "attachments" : [ {
          "uid" : "4a55024b5f9fe9c3",
          "name" : "Attachment Title",
          "source" : "4a55024b5f9fe9c3.png",
          "type" : "image/png",
          "size" : 84612
        } ],
        "parameters" : [ ],
        "attachmentsCount" : 1,
        "shouldDisplayMessage" : false,
        "hasContent" : true,
        "stepsCount" : 0
      } ],
      "attachments" : [ {
        "uid" : "aeaec3df53925176",
        "name" : "Console Output",
        "source" : "aeaec3df53925176.txt",
        "type" : "text/plain",
        "size" : 0
      } ],
      "parameters" : [ ],
      "attachmentsCount" : 2,
      "shouldDisplayMessage" : true,
      "hasContent" : true,
      "stepsCount" : 2
    } ],
    "attachments" : [ ],
    "parameters" : [ ],
    "attachmentsCount" : 2,
    "shouldDisplayMessage" : false,
    "hasContent" : true,
    "stepsCount" : 3
  },
  "afterStages" : [ {
    "name" : "TearDown",
    "time" : {
      "start" : 1619539935211,
      "stop" : 1619539935211,
      "duration" : 0
    },
    "status" : "passed",
    "steps" : [ ],
    "attachments" : [ ],
    "parameters" : [ ],
    "attachmentsCount" : 0,
    "shouldDisplayMessage" : false,
    "hasContent" : false,
    "stepsCount" : 0
  }, {
    "name" : "OneTimeTearDown",
    "time" : {
      "start" : 1619539935211,
      "stop" : 1619539935211,
      "duration" : 0
    },
    "status" : "unknown",
    "statusMessage" : "It's not possible to get status of OneTimeTearDown",
    "statusTrace" : "See Allure.NUnit wiki",
    "steps" : [ ],
    "attachments" : [ ],
    "parameters" : [ ],
    "attachmentsCount" : 0,
    "shouldDisplayMessage" : true,
    "hasContent" : true,
    "stepsCount" : 0
  } ],
  "labels" : [ {
    "name" : "thread",
    "value" : "NonParallelWorker"
  }, {
    "name" : "host",
    "value" : "SPEEDBYTES-HP"
  }, {
    "name" : "testClass",
    "value" : "BOEM_Tests.Tests.ChangeHistory"
  }, {
    "name" : "testMethod",
    "value" : "CHANGEHISTORY_02"
  }, {
    "name" : "package",
    "value" : "BOEM_Tests.Tests.ChangeHistory"
  }, {
    "name" : "tag",
    "value" : "CHANGEHISTORY.2"
  }, {
    "name" : "suite",
    "value" : "ChangeHistory"
  }, {
    "name" : "severity",
    "value" : "normal"
  }, {
    "name" : "resultFormat",
    "value" : "allure2"
  } ],
  "parameters" : [ ],
  "links" : [ ],
  "hidden" : true,
  "retry" : true,
  "extra" : {
    "categories" : [ ],
    "tags" : [ "CHANGEHISTORY.2" ]
  },
  "source" : "beabd7139803f2a2.json",
  "parameterValues" : [ ]
}